[0.279s] Invoking command in '/home/misha/Documents/ROS2_Gazebo_tutorials/navigation_ws/build/robot_teleop': CMAKE_PREFIX_PATH=${CMAKE_PREFIX_PATH}:/opt/ros/humble /usr/bin/cmake --build /home/misha/Documents/ROS2_Gazebo_tutorials/navigation_ws/build/robot_teleop -- -j8 -l8
[0.819s] [100%] Built target robot_teleop_node
[1.365s] Invoked command in '/home/misha/Documents/ROS2_Gazebo_tutorials/navigation_ws/build/robot_teleop' returned '0': CMAKE_PREFIX_PATH=${CMAKE_PREFIX_PATH}:/opt/ros/humble /usr/bin/cmake --build /home/misha/Documents/ROS2_Gazebo_tutorials/navigation_ws/build/robot_teleop -- -j8 -l8
[1.380s] Invoking command in '/home/misha/Documents/ROS2_Gazebo_tutorials/navigation_ws/build/robot_teleop': CMAKE_PREFIX_PATH=${CMAKE_PREFIX_PATH}:/opt/ros/humble /usr/bin/cmake --install /home/misha/Documents/ROS2_Gazebo_tutorials/navigation_ws/build/robot_teleop
[1.474s] -- Install configuration: "Debug"
[1.475s] -- Execute custom install script
[1.476s] -- Up-to-date symlink: /home/misha/Documents/ROS2_Gazebo_tutorials/navigation_ws/install/robot_teleop/lib/robot_teleop/robot_teleop_node
[1.476s] -- Up-to-date symlink: /home/misha/Documents/ROS2_Gazebo_tutorials/navigation_ws/install/robot_teleop/share/ament_index/resource_index/package_run_dependencies/robot_teleop
[1.476s] -- Up-to-date symlink: /home/misha/Documents/ROS2_Gazebo_tutorials/navigation_ws/install/robot_teleop/share/ament_index/resource_index/parent_prefix_path/robot_teleop
[1.477s] -- Up-to-date symlink: /home/misha/Documents/ROS2_Gazebo_tutorials/navigation_ws/install/robot_teleop/share/robot_teleop/environment/ament_prefix_path.sh
[1.485s] -- Up-to-date symlink: /home/misha/Documents/ROS2_Gazebo_tutorials/navigation_ws/install/robot_teleop/share/robot_teleop/environment/ament_prefix_path.dsv
[1.489s] -- Up-to-date symlink: /home/misha/Documents/ROS2_Gazebo_tutorials/navigation_ws/install/robot_teleop/share/robot_teleop/environment/path.sh
[1.498s] -- Up-to-date symlink: /home/misha/Documents/ROS2_Gazebo_tutorials/navigation_ws/install/robot_teleop/share/robot_teleop/environment/path.dsv
[1.499s] -- Up-to-date symlink: /home/misha/Documents/ROS2_Gazebo_tutorials/navigation_ws/install/robot_teleop/share/robot_teleop/local_setup.bash
[1.499s] -- Up-to-date symlink: /home/misha/Documents/ROS2_Gazebo_tutorials/navigation_ws/install/robot_teleop/share/robot_teleop/local_setup.sh
[1.516s] -- Up-to-date symlink: /home/misha/Documents/ROS2_Gazebo_tutorials/navigation_ws/install/robot_teleop/share/robot_teleop/local_setup.zsh
[1.517s] -- Up-to-date symlink: /home/misha/Documents/ROS2_Gazebo_tutorials/navigation_ws/install/robot_teleop/share/robot_teleop/local_setup.dsv
[1.519s] -- Symlinking: /home/misha/Documents/ROS2_Gazebo_tutorials/navigation_ws/install/robot_teleop/share/robot_teleop/package.dsv
[1.534s] -- Up-to-date symlink: /home/misha/Documents/ROS2_Gazebo_tutorials/navigation_ws/install/robot_teleop/share/ament_index/resource_index/packages/robot_teleop
[1.535s] -- Up-to-date symlink: /home/misha/Documents/ROS2_Gazebo_tutorials/navigation_ws/install/robot_teleop/share/robot_teleop/cmake/robot_teleopConfig.cmake
[1.535s] -- Up-to-date symlink: /home/misha/Documents/ROS2_Gazebo_tutorials/navigation_ws/install/robot_teleop/share/robot_teleop/cmake/robot_teleopConfig-version.cmake
[1.535s] -- Up-to-date symlink: /home/misha/Documents/ROS2_Gazebo_tutorials/navigation_ws/install/robot_teleop/share/robot_teleop/package.xml
[1.693s] Invoked command in '/home/misha/Documents/ROS2_Gazebo_tutorials/navigation_ws/build/robot_teleop' returned '0': CMAKE_PREFIX_PATH=${CMAKE_PREFIX_PATH}:/opt/ros/humble /usr/bin/cmake --install /home/misha/Documents/ROS2_Gazebo_tutorials/navigation_ws/build/robot_teleop
