[0.133s] DEBUG:colcon:Command line arguments: ['/usr/bin/colcon', 'build']
[0.133s] DEBUG:colcon:Parsed command line arguments: Namespace(log_base=None, log_level=None, verb_name='build', build_base='build', install_base='install', merge_install=False, symlink_install=False, test_result_base=None, continue_on_error=False, executor='parallel', parallel_workers=8, event_handlers=None, ignore_user_meta=False, metas=['./colcon.meta'], base_paths=['.'], packages_ignore=None, packages_ignore_regex=None, paths=None, packages_up_to=None, packages_up_to_regex=None, packages_above=None, packages_above_and_dependencies=None, packages_above_depth=None, packages_select_by_dep=None, packages_skip_by_dep=None, packages_skip_up_to=None, packages_select_build_failed=False, packages_skip_build_finished=False, packages_select_test_failures=False, packages_skip_test_passed=False, packages_select=None, packages_skip=None, packages_select_regex=None, packages_skip_regex=None, packages_start=None, packages_end=None, allow_overriding=[], cmake_args=None, cmake_target=None, cmake_target_skip_unavailable=False, cmake_clean_cache=False, cmake_clean_first=False, cmake_force_configure=False, ament_cmake_args=None, catkin_cmake_args=None, catkin_skip_building_tests=False, mixin_files=None, mixin=None, verb_parser=<colcon_mixin.mixin.mixin_argument.MixinArgumentDecorator object at 0x7f087fdfdb40>, verb_extension=<colcon_core.verb.build.BuildVerb object at 0x7f087fdfd420>, main=<bound method BuildVerb.main of <colcon_core.verb.build.BuildVerb object at 0x7f087fdfd420>>, mixin_verb=('build',))
[0.325s] Level 1:colcon.colcon_core.package_discovery:discover_packages(colcon_meta) check parameters
[0.326s] Level 1:colcon.colcon_core.package_discovery:discover_packages(recursive) check parameters
[0.326s] Level 1:colcon.colcon_core.package_discovery:discover_packages(ignore) check parameters
[0.326s] Level 1:colcon.colcon_core.package_discovery:discover_packages(path) check parameters
[0.326s] Level 1:colcon.colcon_core.package_discovery:discover_packages(colcon_meta) discover
[0.326s] Level 1:colcon.colcon_core.package_discovery:discover_packages(recursive) discover
[0.326s] INFO:colcon.colcon_core.package_discovery:Crawling recursively for packages in '/home/misha/Documents/ROS2_Gazebo_tutorials/navigation_ws'
[0.326s] Level 1:colcon.colcon_core.package_identification:_identify(.) by extensions ['ignore', 'ignore_ament_install']
[0.326s] Level 1:colcon.colcon_core.package_identification:_identify(.) by extension 'ignore'
[0.326s] Level 1:colcon.colcon_core.package_identification:_identify(.) by extension 'ignore_ament_install'
[0.326s] Level 1:colcon.colcon_core.package_identification:_identify(.) by extensions ['colcon_pkg']
[0.326s] Level 1:colcon.colcon_core.package_identification:_identify(.) by extension 'colcon_pkg'
[0.326s] Level 1:colcon.colcon_core.package_identification:_identify(.) by extensions ['colcon_meta']
[0.326s] Level 1:colcon.colcon_core.package_identification:_identify(.) by extension 'colcon_meta'
[0.326s] Level 1:colcon.colcon_core.package_identification:_identify(.) by extensions ['ros']
[0.326s] Level 1:colcon.colcon_core.package_identification:_identify(.) by extension 'ros'
[0.338s] Level 1:colcon.colcon_core.package_identification:_identify(.) by extensions ['cmake', 'python']
[0.338s] Level 1:colcon.colcon_core.package_identification:_identify(.) by extension 'cmake'
[0.338s] Level 1:colcon.colcon_core.package_identification:_identify(.) by extension 'python'
[0.338s] Level 1:colcon.colcon_core.package_identification:_identify(.) by extensions ['python_setup_py']
[0.338s] Level 1:colcon.colcon_core.package_identification:_identify(.) by extension 'python_setup_py'
[0.338s] Level 1:colcon.colcon_core.package_identification:_identify(build) by extensions ['ignore', 'ignore_ament_install']
[0.338s] Level 1:colcon.colcon_core.package_identification:_identify(build) by extension 'ignore'
[0.338s] Level 1:colcon.colcon_core.package_identification:_identify(build) ignored
[0.339s] Level 1:colcon.colcon_core.package_identification:_identify(install) by extensions ['ignore', 'ignore_ament_install']
[0.339s] Level 1:colcon.colcon_core.package_identification:_identify(install) by extension 'ignore'
[0.339s] Level 1:colcon.colcon_core.package_identification:_identify(install) ignored
[0.339s] Level 1:colcon.colcon_core.package_identification:_identify(launch) by extensions ['ignore', 'ignore_ament_install']
[0.339s] Level 1:colcon.colcon_core.package_identification:_identify(launch) by extension 'ignore'
[0.339s] Level 1:colcon.colcon_core.package_identification:_identify(launch) by extension 'ignore_ament_install'
[0.339s] Level 1:colcon.colcon_core.package_identification:_identify(launch) by extensions ['colcon_pkg']
[0.339s] Level 1:colcon.colcon_core.package_identification:_identify(launch) by extension 'colcon_pkg'
[0.339s] Level 1:colcon.colcon_core.package_identification:_identify(launch) by extensions ['colcon_meta']
[0.339s] Level 1:colcon.colcon_core.package_identification:_identify(launch) by extension 'colcon_meta'
[0.339s] Level 1:colcon.colcon_core.package_identification:_identify(launch) by extensions ['ros']
[0.339s] Level 1:colcon.colcon_core.package_identification:_identify(launch) by extension 'ros'
[0.339s] Level 1:colcon.colcon_core.package_identification:_identify(launch) by extensions ['cmake', 'python']
[0.339s] Level 1:colcon.colcon_core.package_identification:_identify(launch) by extension 'cmake'
[0.339s] Level 1:colcon.colcon_core.package_identification:_identify(launch) by extension 'python'
[0.339s] Level 1:colcon.colcon_core.package_identification:_identify(launch) by extensions ['python_setup_py']
[0.340s] Level 1:colcon.colcon_core.package_identification:_identify(launch) by extension 'python_setup_py'
[0.340s] Level 1:colcon.colcon_core.package_identification:_identify(log) by extensions ['ignore', 'ignore_ament_install']
[0.340s] Level 1:colcon.colcon_core.package_identification:_identify(log) by extension 'ignore'
[0.340s] Level 1:colcon.colcon_core.package_identification:_identify(log) ignored
[0.340s] Level 1:colcon.colcon_core.package_identification:_identify(src) by extensions ['ignore', 'ignore_ament_install']
[0.340s] Level 1:colcon.colcon_core.package_identification:_identify(src) by extension 'ignore'
[0.340s] Level 1:colcon.colcon_core.package_identification:_identify(src) by extension 'ignore_ament_install'
[0.340s] Level 1:colcon.colcon_core.package_identification:_identify(src) by extensions ['colcon_pkg']
[0.340s] Level 1:colcon.colcon_core.package_identification:_identify(src) by extension 'colcon_pkg'
[0.340s] Level 1:colcon.colcon_core.package_identification:_identify(src) by extensions ['colcon_meta']
[0.340s] Level 1:colcon.colcon_core.package_identification:_identify(src) by extension 'colcon_meta'
[0.340s] Level 1:colcon.colcon_core.package_identification:_identify(src) by extensions ['ros']
[0.340s] Level 1:colcon.colcon_core.package_identification:_identify(src) by extension 'ros'
[0.340s] Level 1:colcon.colcon_core.package_identification:_identify(src) by extensions ['cmake', 'python']
[0.340s] Level 1:colcon.colcon_core.package_identification:_identify(src) by extension 'cmake'
[0.341s] Level 1:colcon.colcon_core.package_identification:_identify(src) by extension 'python'
[0.341s] Level 1:colcon.colcon_core.package_identification:_identify(src) by extensions ['python_setup_py']
[0.341s] Level 1:colcon.colcon_core.package_identification:_identify(src) by extension 'python_setup_py'
[0.341s] Level 1:colcon.colcon_core.package_identification:_identify(src/global_map_ex) by extensions ['ignore', 'ignore_ament_install']
[0.341s] Level 1:colcon.colcon_core.package_identification:_identify(src/global_map_ex) by extension 'ignore'
[0.341s] Level 1:colcon.colcon_core.package_identification:_identify(src/global_map_ex) by extension 'ignore_ament_install'
[0.341s] Level 1:colcon.colcon_core.package_identification:_identify(src/global_map_ex) by extensions ['colcon_pkg']
[0.341s] Level 1:colcon.colcon_core.package_identification:_identify(src/global_map_ex) by extension 'colcon_pkg'
[0.341s] Level 1:colcon.colcon_core.package_identification:_identify(src/global_map_ex) by extensions ['colcon_meta']
[0.341s] Level 1:colcon.colcon_core.package_identification:_identify(src/global_map_ex) by extension 'colcon_meta'
[0.341s] Level 1:colcon.colcon_core.package_identification:_identify(src/global_map_ex) by extensions ['ros']
[0.341s] Level 1:colcon.colcon_core.package_identification:_identify(src/global_map_ex) by extension 'ros'
[0.344s] DEBUG:colcon.colcon_core.package_identification:Package 'src/global_map_ex' with type 'ros.ament_cmake' and name 'global_map_ex'
[0.344s] Level 1:colcon.colcon_core.package_identification:_identify(src/my_robot_bringup) by extensions ['ignore', 'ignore_ament_install']
[0.344s] Level 1:colcon.colcon_core.package_identification:_identify(src/my_robot_bringup) by extension 'ignore'
[0.344s] Level 1:colcon.colcon_core.package_identification:_identify(src/my_robot_bringup) by extension 'ignore_ament_install'
[0.344s] Level 1:colcon.colcon_core.package_identification:_identify(src/my_robot_bringup) by extensions ['colcon_pkg']
[0.344s] Level 1:colcon.colcon_core.package_identification:_identify(src/my_robot_bringup) by extension 'colcon_pkg'
[0.344s] Level 1:colcon.colcon_core.package_identification:_identify(src/my_robot_bringup) by extensions ['colcon_meta']
[0.344s] Level 1:colcon.colcon_core.package_identification:_identify(src/my_robot_bringup) by extension 'colcon_meta'
[0.344s] Level 1:colcon.colcon_core.package_identification:_identify(src/my_robot_bringup) by extensions ['ros']
[0.344s] Level 1:colcon.colcon_core.package_identification:_identify(src/my_robot_bringup) by extension 'ros'
[0.345s] DEBUG:colcon.colcon_core.package_identification:Package 'src/my_robot_bringup' with type 'ros.ament_cmake' and name 'my_robot_bringup'
[0.345s] Level 1:colcon.colcon_core.package_identification:_identify(src/robot_mapping) by extensions ['ignore', 'ignore_ament_install']
[0.345s] Level 1:colcon.colcon_core.package_identification:_identify(src/robot_mapping) by extension 'ignore'
[0.345s] Level 1:colcon.colcon_core.package_identification:_identify(src/robot_mapping) by extension 'ignore_ament_install'
[0.345s] Level 1:colcon.colcon_core.package_identification:_identify(src/robot_mapping) by extensions ['colcon_pkg']
[0.345s] Level 1:colcon.colcon_core.package_identification:_identify(src/robot_mapping) by extension 'colcon_pkg'
[0.345s] Level 1:colcon.colcon_core.package_identification:_identify(src/robot_mapping) by extensions ['colcon_meta']
[0.345s] Level 1:colcon.colcon_core.package_identification:_identify(src/robot_mapping) by extension 'colcon_meta'
[0.345s] Level 1:colcon.colcon_core.package_identification:_identify(src/robot_mapping) by extensions ['ros']
[0.345s] Level 1:colcon.colcon_core.package_identification:_identify(src/robot_mapping) by extension 'ros'
[0.346s] DEBUG:colcon.colcon_core.package_identification:Package 'src/robot_mapping' with type 'ros.ament_cmake' and name 'robot_mapping'
[0.346s] Level 1:colcon.colcon_core.package_identification:_identify(src/robot_odometry) by extensions ['ignore', 'ignore_ament_install']
[0.346s] Level 1:colcon.colcon_core.package_identification:_identify(src/robot_odometry) by extension 'ignore'
[0.346s] Level 1:colcon.colcon_core.package_identification:_identify(src/robot_odometry) by extension 'ignore_ament_install'
[0.346s] Level 1:colcon.colcon_core.package_identification:_identify(src/robot_odometry) by extensions ['colcon_pkg']
[0.346s] Level 1:colcon.colcon_core.package_identification:_identify(src/robot_odometry) by extension 'colcon_pkg'
[0.346s] Level 1:colcon.colcon_core.package_identification:_identify(src/robot_odometry) by extensions ['colcon_meta']
[0.346s] Level 1:colcon.colcon_core.package_identification:_identify(src/robot_odometry) by extension 'colcon_meta'
[0.346s] Level 1:colcon.colcon_core.package_identification:_identify(src/robot_odometry) by extensions ['ros']
[0.346s] Level 1:colcon.colcon_core.package_identification:_identify(src/robot_odometry) by extension 'ros'
[0.347s] DEBUG:colcon.colcon_core.package_identification:Package 'src/robot_odometry' with type 'ros.ament_cmake' and name 'robot_odometry'
[0.347s] Level 1:colcon.colcon_core.package_identification:_identify(src/robot_slam) by extensions ['ignore', 'ignore_ament_install']
[0.347s] Level 1:colcon.colcon_core.package_identification:_identify(src/robot_slam) by extension 'ignore'
[0.347s] Level 1:colcon.colcon_core.package_identification:_identify(src/robot_slam) by extension 'ignore_ament_install'
[0.347s] Level 1:colcon.colcon_core.package_identification:_identify(src/robot_slam) by extensions ['colcon_pkg']
[0.348s] Level 1:colcon.colcon_core.package_identification:_identify(src/robot_slam) by extension 'colcon_pkg'
[0.348s] Level 1:colcon.colcon_core.package_identification:_identify(src/robot_slam) by extensions ['colcon_meta']
[0.348s] Level 1:colcon.colcon_core.package_identification:_identify(src/robot_slam) by extension 'colcon_meta'
[0.348s] Level 1:colcon.colcon_core.package_identification:_identify(src/robot_slam) by extensions ['ros']
[0.348s] Level 1:colcon.colcon_core.package_identification:_identify(src/robot_slam) by extension 'ros'
[0.349s] DEBUG:colcon.colcon_core.package_identification:Package 'src/robot_slam' with type 'ros.ament_cmake' and name 'robot_slam'
[0.349s] Level 1:colcon.colcon_core.package_identification:_identify(src/robot_teleop) by extensions ['ignore', 'ignore_ament_install']
[0.349s] Level 1:colcon.colcon_core.package_identification:_identify(src/robot_teleop) by extension 'ignore'
[0.349s] Level 1:colcon.colcon_core.package_identification:_identify(src/robot_teleop) by extension 'ignore_ament_install'
[0.349s] Level 1:colcon.colcon_core.package_identification:_identify(src/robot_teleop) by extensions ['colcon_pkg']
[0.349s] Level 1:colcon.colcon_core.package_identification:_identify(src/robot_teleop) by extension 'colcon_pkg'
[0.349s] Level 1:colcon.colcon_core.package_identification:_identify(src/robot_teleop) by extensions ['colcon_meta']
[0.349s] Level 1:colcon.colcon_core.package_identification:_identify(src/robot_teleop) by extension 'colcon_meta'
[0.349s] Level 1:colcon.colcon_core.package_identification:_identify(src/robot_teleop) by extensions ['ros']
[0.349s] Level 1:colcon.colcon_core.package_identification:_identify(src/robot_teleop) by extension 'ros'
[0.350s] DEBUG:colcon.colcon_core.package_identification:Package 'src/robot_teleop' with type 'ros.ament_cmake' and name 'robot_teleop'
[0.350s] Level 1:colcon.colcon_core.package_identification:_identify(src/robot_world) by extensions ['ignore', 'ignore_ament_install']
[0.350s] Level 1:colcon.colcon_core.package_identification:_identify(src/robot_world) by extension 'ignore'
[0.350s] Level 1:colcon.colcon_core.package_identification:_identify(src/robot_world) by extension 'ignore_ament_install'
[0.350s] Level 1:colcon.colcon_core.package_identification:_identify(src/robot_world) by extensions ['colcon_pkg']
[0.350s] Level 1:colcon.colcon_core.package_identification:_identify(src/robot_world) by extension 'colcon_pkg'
[0.350s] Level 1:colcon.colcon_core.package_identification:_identify(src/robot_world) by extensions ['colcon_meta']
[0.350s] Level 1:colcon.colcon_core.package_identification:_identify(src/robot_world) by extension 'colcon_meta'
[0.350s] Level 1:colcon.colcon_core.package_identification:_identify(src/robot_world) by extensions ['ros']
[0.350s] Level 1:colcon.colcon_core.package_identification:_identify(src/robot_world) by extension 'ros'
[0.351s] DEBUG:colcon.colcon_core.package_identification:Package 'src/robot_world' with type 'ros.ament_cmake' and name 'robot_world'
[0.351s] Level 1:colcon.colcon_core.package_identification:_identify(src/test_robot_plugin) by extensions ['ignore', 'ignore_ament_install']
[0.351s] Level 1:colcon.colcon_core.package_identification:_identify(src/test_robot_plugin) by extension 'ignore'
[0.351s] Level 1:colcon.colcon_core.package_identification:_identify(src/test_robot_plugin) by extension 'ignore_ament_install'
[0.351s] Level 1:colcon.colcon_core.package_identification:_identify(src/test_robot_plugin) by extensions ['colcon_pkg']
[0.351s] Level 1:colcon.colcon_core.package_identification:_identify(src/test_robot_plugin) by extension 'colcon_pkg'
[0.351s] Level 1:colcon.colcon_core.package_identification:_identify(src/test_robot_plugin) by extensions ['colcon_meta']
[0.351s] Level 1:colcon.colcon_core.package_identification:_identify(src/test_robot_plugin) by extension 'colcon_meta'
[0.351s] Level 1:colcon.colcon_core.package_identification:_identify(src/test_robot_plugin) by extensions ['ros']
[0.351s] Level 1:colcon.colcon_core.package_identification:_identify(src/test_robot_plugin) by extension 'ros'
[0.352s] DEBUG:colcon.colcon_core.package_identification:Package 'src/test_robot_plugin' with type 'ros.ament_cmake' and name 'test_robot_plugin'
[0.352s] Level 1:colcon.colcon_core.package_discovery:discover_packages(recursive) using defaults
[0.352s] Level 1:colcon.colcon_core.package_discovery:discover_packages(ignore) discover
[0.352s] Level 1:colcon.colcon_core.package_discovery:discover_packages(ignore) using defaults
[0.352s] Level 1:colcon.colcon_core.package_discovery:discover_packages(path) discover
[0.352s] Level 1:colcon.colcon_core.package_discovery:discover_packages(path) using defaults
[0.388s] Level 1:colcon.colcon_core.package_discovery:discover_packages(prefix_path) check parameters
[0.388s] Level 1:colcon.colcon_core.package_discovery:discover_packages(prefix_path) discover
[0.391s] DEBUG:colcon.colcon_installed_package_information.package_discovery:Found 293 installed packages in /opt/ros/humble
[0.393s] Level 1:colcon.colcon_core.package_discovery:discover_packages(prefix_path) using defaults
[0.439s] Level 5:colcon.colcon_core.verb:set package 'global_map_ex' build argument 'cmake_args' from command line to 'None'
[0.439s] Level 5:colcon.colcon_core.verb:set package 'global_map_ex' build argument 'cmake_target' from command line to 'None'
[0.439s] Level 5:colcon.colcon_core.verb:set package 'global_map_ex' build argument 'cmake_target_skip_unavailable' from command line to 'False'
[0.439s] Level 5:colcon.colcon_core.verb:set package 'global_map_ex' build argument 'cmake_clean_cache' from command line to 'False'
[0.439s] Level 5:colcon.colcon_core.verb:set package 'global_map_ex' build argument 'cmake_clean_first' from command line to 'False'
[0.439s] Level 5:colcon.colcon_core.verb:set package 'global_map_ex' build argument 'cmake_force_configure' from command line to 'False'
[0.439s] Level 5:colcon.colcon_core.verb:set package 'global_map_ex' build argument 'ament_cmake_args' from command line to 'None'
[0.439s] Level 5:colcon.colcon_core.verb:set package 'global_map_ex' build argument 'catkin_cmake_args' from command line to 'None'
[0.439s] Level 5:colcon.colcon_core.verb:set package 'global_map_ex' build argument 'catkin_skip_building_tests' from command line to 'False'
[0.439s] DEBUG:colcon.colcon_core.verb:Building package 'global_map_ex' with the following arguments: {'ament_cmake_args': None, 'build_base': '/home/misha/Documents/ROS2_Gazebo_tutorials/navigation_ws/build/global_map_ex', 'catkin_cmake_args': None, 'catkin_skip_building_tests': False, 'cmake_args': None, 'cmake_clean_cache': False, 'cmake_clean_first': False, 'cmake_force_configure': False, 'cmake_target': None, 'cmake_target_skip_unavailable': False, 'install_base': '/home/misha/Documents/ROS2_Gazebo_tutorials/navigation_ws/install/global_map_ex', 'merge_install': False, 'path': '/home/misha/Documents/ROS2_Gazebo_tutorials/navigation_ws/src/global_map_ex', 'symlink_install': False, 'test_result_base': None}
[0.440s] Level 5:colcon.colcon_core.verb:set package 'my_robot_bringup' build argument 'cmake_args' from command line to 'None'
[0.440s] Level 5:colcon.colcon_core.verb:set package 'my_robot_bringup' build argument 'cmake_target' from command line to 'None'
[0.440s] Level 5:colcon.colcon_core.verb:set package 'my_robot_bringup' build argument 'cmake_target_skip_unavailable' from command line to 'False'
[0.440s] Level 5:colcon.colcon_core.verb:set package 'my_robot_bringup' build argument 'cmake_clean_cache' from command line to 'False'
[0.440s] Level 5:colcon.colcon_core.verb:set package 'my_robot_bringup' build argument 'cmake_clean_first' from command line to 'False'
[0.440s] Level 5:colcon.colcon_core.verb:set package 'my_robot_bringup' build argument 'cmake_force_configure' from command line to 'False'
[0.440s] Level 5:colcon.colcon_core.verb:set package 'my_robot_bringup' build argument 'ament_cmake_args' from command line to 'None'
[0.440s] Level 5:colcon.colcon_core.verb:set package 'my_robot_bringup' build argument 'catkin_cmake_args' from command line to 'None'
[0.440s] Level 5:colcon.colcon_core.verb:set package 'my_robot_bringup' build argument 'catkin_skip_building_tests' from command line to 'False'
[0.440s] DEBUG:colcon.colcon_core.verb:Building package 'my_robot_bringup' with the following arguments: {'ament_cmake_args': None, 'build_base': '/home/misha/Documents/ROS2_Gazebo_tutorials/navigation_ws/build/my_robot_bringup', 'catkin_cmake_args': None, 'catkin_skip_building_tests': False, 'cmake_args': None, 'cmake_clean_cache': False, 'cmake_clean_first': False, 'cmake_force_configure': False, 'cmake_target': None, 'cmake_target_skip_unavailable': False, 'install_base': '/home/misha/Documents/ROS2_Gazebo_tutorials/navigation_ws/install/my_robot_bringup', 'merge_install': False, 'path': '/home/misha/Documents/ROS2_Gazebo_tutorials/navigation_ws/src/my_robot_bringup', 'symlink_install': False, 'test_result_base': None}
[0.440s] Level 5:colcon.colcon_core.verb:set package 'robot_mapping' build argument 'cmake_args' from command line to 'None'
[0.440s] Level 5:colcon.colcon_core.verb:set package 'robot_mapping' build argument 'cmake_target' from command line to 'None'
[0.440s] Level 5:colcon.colcon_core.verb:set package 'robot_mapping' build argument 'cmake_target_skip_unavailable' from command line to 'False'
[0.440s] Level 5:colcon.colcon_core.verb:set package 'robot_mapping' build argument 'cmake_clean_cache' from command line to 'False'
[0.441s] Level 5:colcon.colcon_core.verb:set package 'robot_mapping' build argument 'cmake_clean_first' from command line to 'False'
[0.441s] Level 5:colcon.colcon_core.verb:set package 'robot_mapping' build argument 'cmake_force_configure' from command line to 'False'
[0.441s] Level 5:colcon.colcon_core.verb:set package 'robot_mapping' build argument 'ament_cmake_args' from command line to 'None'
[0.441s] Level 5:colcon.colcon_core.verb:set package 'robot_mapping' build argument 'catkin_cmake_args' from command line to 'None'
[0.441s] Level 5:colcon.colcon_core.verb:set package 'robot_mapping' build argument 'catkin_skip_building_tests' from command line to 'False'
[0.441s] DEBUG:colcon.colcon_core.verb:Building package 'robot_mapping' with the following arguments: {'ament_cmake_args': None, 'build_base': '/home/misha/Documents/ROS2_Gazebo_tutorials/navigation_ws/build/robot_mapping', 'catkin_cmake_args': None, 'catkin_skip_building_tests': False, 'cmake_args': None, 'cmake_clean_cache': False, 'cmake_clean_first': False, 'cmake_force_configure': False, 'cmake_target': None, 'cmake_target_skip_unavailable': False, 'install_base': '/home/misha/Documents/ROS2_Gazebo_tutorials/navigation_ws/install/robot_mapping', 'merge_install': False, 'path': '/home/misha/Documents/ROS2_Gazebo_tutorials/navigation_ws/src/robot_mapping', 'symlink_install': False, 'test_result_base': None}
[0.441s] Level 5:colcon.colcon_core.verb:set package 'robot_odometry' build argument 'cmake_args' from command line to 'None'
[0.441s] Level 5:colcon.colcon_core.verb:set package 'robot_odometry' build argument 'cmake_target' from command line to 'None'
[0.441s] Level 5:colcon.colcon_core.verb:set package 'robot_odometry' build argument 'cmake_target_skip_unavailable' from command line to 'False'
[0.441s] Level 5:colcon.colcon_core.verb:set package 'robot_odometry' build argument 'cmake_clean_cache' from command line to 'False'
[0.441s] Level 5:colcon.colcon_core.verb:set package 'robot_odometry' build argument 'cmake_clean_first' from command line to 'False'
[0.441s] Level 5:colcon.colcon_core.verb:set package 'robot_odometry' build argument 'cmake_force_configure' from command line to 'False'
[0.441s] Level 5:colcon.colcon_core.verb:set package 'robot_odometry' build argument 'ament_cmake_args' from command line to 'None'
[0.441s] Level 5:colcon.colcon_core.verb:set package 'robot_odometry' build argument 'catkin_cmake_args' from command line to 'None'
[0.441s] Level 5:colcon.colcon_core.verb:set package 'robot_odometry' build argument 'catkin_skip_building_tests' from command line to 'False'
[0.441s] DEBUG:colcon.colcon_core.verb:Building package 'robot_odometry' with the following arguments: {'ament_cmake_args': None, 'build_base': '/home/misha/Documents/ROS2_Gazebo_tutorials/navigation_ws/build/robot_odometry', 'catkin_cmake_args': None, 'catkin_skip_building_tests': False, 'cmake_args': None, 'cmake_clean_cache': False, 'cmake_clean_first': False, 'cmake_force_configure': False, 'cmake_target': None, 'cmake_target_skip_unavailable': False, 'install_base': '/home/misha/Documents/ROS2_Gazebo_tutorials/navigation_ws/install/robot_odometry', 'merge_install': False, 'path': '/home/misha/Documents/ROS2_Gazebo_tutorials/navigation_ws/src/robot_odometry', 'symlink_install': False, 'test_result_base': None}
[0.442s] Level 5:colcon.colcon_core.verb:set package 'robot_slam' build argument 'cmake_args' from command line to 'None'
[0.442s] Level 5:colcon.colcon_core.verb:set package 'robot_slam' build argument 'cmake_target' from command line to 'None'
[0.442s] Level 5:colcon.colcon_core.verb:set package 'robot_slam' build argument 'cmake_target_skip_unavailable' from command line to 'False'
[0.442s] Level 5:colcon.colcon_core.verb:set package 'robot_slam' build argument 'cmake_clean_cache' from command line to 'False'
[0.442s] Level 5:colcon.colcon_core.verb:set package 'robot_slam' build argument 'cmake_clean_first' from command line to 'False'
[0.442s] Level 5:colcon.colcon_core.verb:set package 'robot_slam' build argument 'cmake_force_configure' from command line to 'False'
[0.442s] Level 5:colcon.colcon_core.verb:set package 'robot_slam' build argument 'ament_cmake_args' from command line to 'None'
[0.442s] Level 5:colcon.colcon_core.verb:set package 'robot_slam' build argument 'catkin_cmake_args' from command line to 'None'
[0.442s] Level 5:colcon.colcon_core.verb:set package 'robot_slam' build argument 'catkin_skip_building_tests' from command line to 'False'
[0.442s] DEBUG:colcon.colcon_core.verb:Building package 'robot_slam' with the following arguments: {'ament_cmake_args': None, 'build_base': '/home/misha/Documents/ROS2_Gazebo_tutorials/navigation_ws/build/robot_slam', 'catkin_cmake_args': None, 'catkin_skip_building_tests': False, 'cmake_args': None, 'cmake_clean_cache': False, 'cmake_clean_first': False, 'cmake_force_configure': False, 'cmake_target': None, 'cmake_target_skip_unavailable': False, 'install_base': '/home/misha/Documents/ROS2_Gazebo_tutorials/navigation_ws/install/robot_slam', 'merge_install': False, 'path': '/home/misha/Documents/ROS2_Gazebo_tutorials/navigation_ws/src/robot_slam', 'symlink_install': False, 'test_result_base': None}
[0.442s] Level 5:colcon.colcon_core.verb:set package 'robot_teleop' build argument 'cmake_args' from command line to 'None'
[0.442s] Level 5:colcon.colcon_core.verb:set package 'robot_teleop' build argument 'cmake_target' from command line to 'None'
[0.442s] Level 5:colcon.colcon_core.verb:set package 'robot_teleop' build argument 'cmake_target_skip_unavailable' from command line to 'False'
[0.443s] Level 5:colcon.colcon_core.verb:set package 'robot_teleop' build argument 'cmake_clean_cache' from command line to 'False'
[0.443s] Level 5:colcon.colcon_core.verb:set package 'robot_teleop' build argument 'cmake_clean_first' from command line to 'False'
[0.443s] Level 5:colcon.colcon_core.verb:set package 'robot_teleop' build argument 'cmake_force_configure' from command line to 'False'
[0.443s] Level 5:colcon.colcon_core.verb:set package 'robot_teleop' build argument 'ament_cmake_args' from command line to 'None'
[0.443s] Level 5:colcon.colcon_core.verb:set package 'robot_teleop' build argument 'catkin_cmake_args' from command line to 'None'
[0.443s] Level 5:colcon.colcon_core.verb:set package 'robot_teleop' build argument 'catkin_skip_building_tests' from command line to 'False'
[0.443s] DEBUG:colcon.colcon_core.verb:Building package 'robot_teleop' with the following arguments: {'ament_cmake_args': None, 'build_base': '/home/misha/Documents/ROS2_Gazebo_tutorials/navigation_ws/build/robot_teleop', 'catkin_cmake_args': None, 'catkin_skip_building_tests': False, 'cmake_args': None, 'cmake_clean_cache': False, 'cmake_clean_first': False, 'cmake_force_configure': False, 'cmake_target': None, 'cmake_target_skip_unavailable': False, 'install_base': '/home/misha/Documents/ROS2_Gazebo_tutorials/navigation_ws/install/robot_teleop', 'merge_install': False, 'path': '/home/misha/Documents/ROS2_Gazebo_tutorials/navigation_ws/src/robot_teleop', 'symlink_install': False, 'test_result_base': None}
[0.443s] Level 5:colcon.colcon_core.verb:set package 'robot_world' build argument 'cmake_args' from command line to 'None'
[0.443s] Level 5:colcon.colcon_core.verb:set package 'robot_world' build argument 'cmake_target' from command line to 'None'
[0.443s] Level 5:colcon.colcon_core.verb:set package 'robot_world' build argument 'cmake_target_skip_unavailable' from command line to 'False'
[0.443s] Level 5:colcon.colcon_core.verb:set package 'robot_world' build argument 'cmake_clean_cache' from command line to 'False'
[0.443s] Level 5:colcon.colcon_core.verb:set package 'robot_world' build argument 'cmake_clean_first' from command line to 'False'
[0.443s] Level 5:colcon.colcon_core.verb:set package 'robot_world' build argument 'cmake_force_configure' from command line to 'False'
[0.443s] Level 5:colcon.colcon_core.verb:set package 'robot_world' build argument 'ament_cmake_args' from command line to 'None'
[0.443s] Level 5:colcon.colcon_core.verb:set package 'robot_world' build argument 'catkin_cmake_args' from command line to 'None'
[0.443s] Level 5:colcon.colcon_core.verb:set package 'robot_world' build argument 'catkin_skip_building_tests' from command line to 'False'
[0.443s] DEBUG:colcon.colcon_core.verb:Building package 'robot_world' with the following arguments: {'ament_cmake_args': None, 'build_base': '/home/misha/Documents/ROS2_Gazebo_tutorials/navigation_ws/build/robot_world', 'catkin_cmake_args': None, 'catkin_skip_building_tests': False, 'cmake_args': None, 'cmake_clean_cache': False, 'cmake_clean_first': False, 'cmake_force_configure': False, 'cmake_target': None, 'cmake_target_skip_unavailable': False, 'install_base': '/home/misha/Documents/ROS2_Gazebo_tutorials/navigation_ws/install/robot_world', 'merge_install': False, 'path': '/home/misha/Documents/ROS2_Gazebo_tutorials/navigation_ws/src/robot_world', 'symlink_install': False, 'test_result_base': None}
[0.444s] Level 5:colcon.colcon_core.verb:set package 'test_robot_plugin' build argument 'cmake_args' from command line to 'None'
[0.444s] Level 5:colcon.colcon_core.verb:set package 'test_robot_plugin' build argument 'cmake_target' from command line to 'None'
[0.444s] Level 5:colcon.colcon_core.verb:set package 'test_robot_plugin' build argument 'cmake_target_skip_unavailable' from command line to 'False'
[0.444s] Level 5:colcon.colcon_core.verb:set package 'test_robot_plugin' build argument 'cmake_clean_cache' from command line to 'False'
[0.444s] Level 5:colcon.colcon_core.verb:set package 'test_robot_plugin' build argument 'cmake_clean_first' from command line to 'False'
[0.444s] Level 5:colcon.colcon_core.verb:set package 'test_robot_plugin' build argument 'cmake_force_configure' from command line to 'False'
[0.444s] Level 5:colcon.colcon_core.verb:set package 'test_robot_plugin' build argument 'ament_cmake_args' from command line to 'None'
[0.444s] Level 5:colcon.colcon_core.verb:set package 'test_robot_plugin' build argument 'catkin_cmake_args' from command line to 'None'
[0.444s] Level 5:colcon.colcon_core.verb:set package 'test_robot_plugin' build argument 'catkin_skip_building_tests' from command line to 'False'
[0.444s] DEBUG:colcon.colcon_core.verb:Building package 'test_robot_plugin' with the following arguments: {'ament_cmake_args': None, 'build_base': '/home/misha/Documents/ROS2_Gazebo_tutorials/navigation_ws/build/test_robot_plugin', 'catkin_cmake_args': None, 'catkin_skip_building_tests': False, 'cmake_args': None, 'cmake_clean_cache': False, 'cmake_clean_first': False, 'cmake_force_configure': False, 'cmake_target': None, 'cmake_target_skip_unavailable': False, 'install_base': '/home/misha/Documents/ROS2_Gazebo_tutorials/navigation_ws/install/test_robot_plugin', 'merge_install': False, 'path': '/home/misha/Documents/ROS2_Gazebo_tutorials/navigation_ws/src/test_robot_plugin', 'symlink_install': False, 'test_result_base': None}
[0.444s] INFO:colcon.colcon_core.executor:Executing jobs using 'parallel' executor
[0.445s] DEBUG:colcon.colcon_parallel_executor.executor.parallel:run_until_complete
[0.446s] INFO:colcon.colcon_ros.task.ament_cmake.build:Building ROS package in '/home/misha/Documents/ROS2_Gazebo_tutorials/navigation_ws/src/global_map_ex' with build type 'ament_cmake'
[0.446s] INFO:colcon.colcon_cmake.task.cmake.build:Building CMake package in '/home/misha/Documents/ROS2_Gazebo_tutorials/navigation_ws/src/global_map_ex'
[0.449s] INFO:colcon.colcon_core.plugin_system:Skipping extension 'colcon_core.shell.bat': Not used on non-Windows systems
[0.449s] INFO:colcon.colcon_core.shell:Skip shell extension 'powershell' for command environment: Not usable outside of PowerShell
[0.449s] DEBUG:colcon.colcon_core.shell:Skip shell extension 'dsv' for command environment
[0.452s] INFO:colcon.colcon_ros.task.ament_cmake.build:Building ROS package in '/home/misha/Documents/ROS2_Gazebo_tutorials/navigation_ws/src/my_robot_bringup' with build type 'ament_cmake'
[0.452s] INFO:colcon.colcon_cmake.task.cmake.build:Building CMake package in '/home/misha/Documents/ROS2_Gazebo_tutorials/navigation_ws/src/my_robot_bringup'
[0.453s] INFO:colcon.colcon_core.shell:Skip shell extension 'powershell' for command environment: Not usable outside of PowerShell
[0.453s] DEBUG:colcon.colcon_core.shell:Skip shell extension 'dsv' for command environment
[0.458s] INFO:colcon.colcon_ros.task.ament_cmake.build:Building ROS package in '/home/misha/Documents/ROS2_Gazebo_tutorials/navigation_ws/src/robot_mapping' with build type 'ament_cmake'
[0.458s] INFO:colcon.colcon_cmake.task.cmake.build:Building CMake package in '/home/misha/Documents/ROS2_Gazebo_tutorials/navigation_ws/src/robot_mapping'
[0.458s] INFO:colcon.colcon_core.shell:Skip shell extension 'powershell' for command environment: Not usable outside of PowerShell
[0.458s] DEBUG:colcon.colcon_core.shell:Skip shell extension 'dsv' for command environment
[0.464s] INFO:colcon.colcon_ros.task.ament_cmake.build:Building ROS package in '/home/misha/Documents/ROS2_Gazebo_tutorials/navigation_ws/src/robot_odometry' with build type 'ament_cmake'
[0.464s] INFO:colcon.colcon_cmake.task.cmake.build:Building CMake package in '/home/misha/Documents/ROS2_Gazebo_tutorials/navigation_ws/src/robot_odometry'
[0.465s] INFO:colcon.colcon_core.shell:Skip shell extension 'powershell' for command environment: Not usable outside of PowerShell
[0.465s] DEBUG:colcon.colcon_core.shell:Skip shell extension 'dsv' for command environment
[0.475s] INFO:colcon.colcon_ros.task.ament_cmake.build:Building ROS package in '/home/misha/Documents/ROS2_Gazebo_tutorials/navigation_ws/src/robot_slam' with build type 'ament_cmake'
[0.476s] INFO:colcon.colcon_cmake.task.cmake.build:Building CMake package in '/home/misha/Documents/ROS2_Gazebo_tutorials/navigation_ws/src/robot_slam'
[0.477s] INFO:colcon.colcon_core.shell:Skip shell extension 'powershell' for command environment: Not usable outside of PowerShell
[0.477s] DEBUG:colcon.colcon_core.shell:Skip shell extension 'dsv' for command environment
[0.483s] INFO:colcon.colcon_ros.task.ament_cmake.build:Building ROS package in '/home/misha/Documents/ROS2_Gazebo_tutorials/navigation_ws/src/robot_teleop' with build type 'ament_cmake'
[0.483s] INFO:colcon.colcon_cmake.task.cmake.build:Building CMake package in '/home/misha/Documents/ROS2_Gazebo_tutorials/navigation_ws/src/robot_teleop'
[0.484s] INFO:colcon.colcon_core.shell:Skip shell extension 'powershell' for command environment: Not usable outside of PowerShell
[0.484s] DEBUG:colcon.colcon_core.shell:Skip shell extension 'dsv' for command environment
[0.489s] INFO:colcon.colcon_ros.task.ament_cmake.build:Building ROS package in '/home/misha/Documents/ROS2_Gazebo_tutorials/navigation_ws/src/robot_world' with build type 'ament_cmake'
[0.490s] INFO:colcon.colcon_cmake.task.cmake.build:Building CMake package in '/home/misha/Documents/ROS2_Gazebo_tutorials/navigation_ws/src/robot_world'
[0.490s] INFO:colcon.colcon_core.shell:Skip shell extension 'powershell' for command environment: Not usable outside of PowerShell
[0.491s] DEBUG:colcon.colcon_core.shell:Skip shell extension 'dsv' for command environment
[0.499s] INFO:colcon.colcon_ros.task.ament_cmake.build:Building ROS package in '/home/misha/Documents/ROS2_Gazebo_tutorials/navigation_ws/src/test_robot_plugin' with build type 'ament_cmake'
[0.500s] INFO:colcon.colcon_cmake.task.cmake.build:Building CMake package in '/home/misha/Documents/ROS2_Gazebo_tutorials/navigation_ws/src/test_robot_plugin'
[0.500s] INFO:colcon.colcon_core.shell:Skip shell extension 'powershell' for command environment: Not usable outside of PowerShell
[0.501s] DEBUG:colcon.colcon_core.shell:Skip shell extension 'dsv' for command environment
[0.525s] DEBUG:colcon.colcon_core.event_handler.log_command:Invoking command in '/home/misha/Documents/ROS2_Gazebo_tutorials/navigation_ws/build/global_map_ex': CMAKE_PREFIX_PATH=/opt/ros/humble /usr/bin/cmake /home/misha/Documents/ROS2_Gazebo_tutorials/navigation_ws/src/global_map_ex -DCMAKE_INSTALL_PREFIX=/home/misha/Documents/ROS2_Gazebo_tutorials/navigation_ws/install/global_map_ex
[0.535s] DEBUG:colcon.colcon_core.event_handler.log_command:Invoking command in '/home/misha/Documents/ROS2_Gazebo_tutorials/navigation_ws/build/my_robot_bringup': CMAKE_PREFIX_PATH=/opt/ros/humble /usr/bin/cmake --build /home/misha/Documents/ROS2_Gazebo_tutorials/navigation_ws/build/my_robot_bringup -- -j8 -l8
[0.557s] DEBUG:colcon.colcon_core.event_handler.log_command:Invoking command in '/home/misha/Documents/ROS2_Gazebo_tutorials/navigation_ws/build/robot_mapping': CMAKE_PREFIX_PATH=/opt/ros/humble /usr/bin/cmake --build /home/misha/Documents/ROS2_Gazebo_tutorials/navigation_ws/build/robot_mapping -- -j8 -l8
[0.560s] DEBUG:colcon.colcon_core.event_handler.log_command:Invoking command in '/home/misha/Documents/ROS2_Gazebo_tutorials/navigation_ws/build/robot_odometry': CMAKE_PREFIX_PATH=/opt/ros/humble /usr/bin/cmake --build /home/misha/Documents/ROS2_Gazebo_tutorials/navigation_ws/build/robot_odometry -- -j8 -l8
[0.562s] DEBUG:colcon.colcon_core.event_handler.log_command:Invoking command in '/home/misha/Documents/ROS2_Gazebo_tutorials/navigation_ws/build/robot_slam': CMAKE_PREFIX_PATH=/opt/ros/humble /usr/bin/cmake --build /home/misha/Documents/ROS2_Gazebo_tutorials/navigation_ws/build/robot_slam -- -j8 -l8
[0.571s] DEBUG:colcon.colcon_core.event_handler.log_command:Invoking command in '/home/misha/Documents/ROS2_Gazebo_tutorials/navigation_ws/build/robot_teleop': CMAKE_PREFIX_PATH=/opt/ros/humble /usr/bin/cmake --build /home/misha/Documents/ROS2_Gazebo_tutorials/navigation_ws/build/robot_teleop -- -j8 -l8
[0.577s] DEBUG:colcon.colcon_core.event_handler.log_command:Invoking command in '/home/misha/Documents/ROS2_Gazebo_tutorials/navigation_ws/build/robot_world': CMAKE_PREFIX_PATH=/opt/ros/humble /usr/bin/cmake --build /home/misha/Documents/ROS2_Gazebo_tutorials/navigation_ws/build/robot_world -- -j8 -l8
[0.605s] DEBUG:colcon.colcon_core.event_handler.log_command:Invoking command in '/home/misha/Documents/ROS2_Gazebo_tutorials/navigation_ws/build/test_robot_plugin': CMAKE_PREFIX_PATH=/opt/ros/humble /usr/bin/cmake --build /home/misha/Documents/ROS2_Gazebo_tutorials/navigation_ws/build/test_robot_plugin -- -j8 -l8
[0.645s] DEBUG:colcon.colcon_core.event_handler.log_command:Invoked command in '/home/misha/Documents/ROS2_Gazebo_tutorials/navigation_ws/build/my_robot_bringup' returned '0': CMAKE_PREFIX_PATH=/opt/ros/humble /usr/bin/cmake --build /home/misha/Documents/ROS2_Gazebo_tutorials/navigation_ws/build/my_robot_bringup -- -j8 -l8
[0.676s] DEBUG:colcon.colcon_core.event_handler.log_command:Invoking command in '/home/misha/Documents/ROS2_Gazebo_tutorials/navigation_ws/build/my_robot_bringup': CMAKE_PREFIX_PATH=/opt/ros/humble /usr/bin/cmake --install /home/misha/Documents/ROS2_Gazebo_tutorials/navigation_ws/build/my_robot_bringup
[0.691s] DEBUG:colcon.colcon_core.event_handler.log_command:Invoked command in '/home/misha/Documents/ROS2_Gazebo_tutorials/navigation_ws/build/robot_world' returned '0': CMAKE_PREFIX_PATH=/opt/ros/humble /usr/bin/cmake --build /home/misha/Documents/ROS2_Gazebo_tutorials/navigation_ws/build/robot_world -- -j8 -l8
[0.692s] DEBUG:colcon.colcon_core.event_handler.log_command:Invoking command in '/home/misha/Documents/ROS2_Gazebo_tutorials/navigation_ws/build/robot_world': CMAKE_PREFIX_PATH=/opt/ros/humble /usr/bin/cmake --install /home/misha/Documents/ROS2_Gazebo_tutorials/navigation_ws/build/robot_world
[0.760s] DEBUG:colcon.colcon_core.event_handler.log_command:Invoked command in '/home/misha/Documents/ROS2_Gazebo_tutorials/navigation_ws/build/robot_mapping' returned '0': CMAKE_PREFIX_PATH=/opt/ros/humble /usr/bin/cmake --build /home/misha/Documents/ROS2_Gazebo_tutorials/navigation_ws/build/robot_mapping -- -j8 -l8
[0.762s] DEBUG:colcon.colcon_core.event_handler.log_command:Invoking command in '/home/misha/Documents/ROS2_Gazebo_tutorials/navigation_ws/build/robot_mapping': CMAKE_PREFIX_PATH=/opt/ros/humble /usr/bin/cmake --install /home/misha/Documents/ROS2_Gazebo_tutorials/navigation_ws/build/robot_mapping
[0.766s] Level 1:colcon.colcon_core.environment:create_environment_scripts_only(my_robot_bringup)
[0.771s] Level 1:colcon.colcon_core.environment:checking '/home/misha/Documents/ROS2_Gazebo_tutorials/navigation_ws/install/my_robot_bringup' for CMake module files
[0.775s] DEBUG:colcon.colcon_core.event_handler.log_command:Invoked command in '/home/misha/Documents/ROS2_Gazebo_tutorials/navigation_ws/build/my_robot_bringup' returned '0': CMAKE_PREFIX_PATH=/opt/ros/humble /usr/bin/cmake --install /home/misha/Documents/ROS2_Gazebo_tutorials/navigation_ws/build/my_robot_bringup
[0.777s] Level 1:colcon.colcon_core.environment:checking '/home/misha/Documents/ROS2_Gazebo_tutorials/navigation_ws/install/my_robot_bringup' for CMake config files
[0.778s] Level 1:colcon.colcon_core.shell:create_environment_hook('my_robot_bringup', 'cmake_prefix_path')
[0.779s] INFO:colcon.colcon_core.shell:Creating environment hook '/home/misha/Documents/ROS2_Gazebo_tutorials/navigation_ws/install/my_robot_bringup/share/my_robot_bringup/hook/cmake_prefix_path.ps1'
[0.785s] INFO:colcon.colcon_core.shell:Creating environment descriptor '/home/misha/Documents/ROS2_Gazebo_tutorials/navigation_ws/install/my_robot_bringup/share/my_robot_bringup/hook/cmake_prefix_path.dsv'
[0.791s] INFO:colcon.colcon_core.shell:Creating environment hook '/home/misha/Documents/ROS2_Gazebo_tutorials/navigation_ws/install/my_robot_bringup/share/my_robot_bringup/hook/cmake_prefix_path.sh'
[0.800s] Level 1:colcon.colcon_core.environment:checking '/home/misha/Documents/ROS2_Gazebo_tutorials/navigation_ws/install/my_robot_bringup/bin'
[0.801s] Level 1:colcon.colcon_core.environment:checking '/home/misha/Documents/ROS2_Gazebo_tutorials/navigation_ws/install/my_robot_bringup/lib/pkgconfig/my_robot_bringup.pc'
[0.803s] Level 1:colcon.colcon_core.environment:checking '/home/misha/Documents/ROS2_Gazebo_tutorials/navigation_ws/install/my_robot_bringup/lib/python3.10/site-packages'
[0.804s] Level 1:colcon.colcon_core.environment:checking '/home/misha/Documents/ROS2_Gazebo_tutorials/navigation_ws/install/my_robot_bringup/bin'
[0.805s] INFO:colcon.colcon_core.shell:Creating package script '/home/misha/Documents/ROS2_Gazebo_tutorials/navigation_ws/install/my_robot_bringup/share/my_robot_bringup/package.ps1'
[0.808s] INFO:colcon.colcon_core.shell:Creating package descriptor '/home/misha/Documents/ROS2_Gazebo_tutorials/navigation_ws/install/my_robot_bringup/share/my_robot_bringup/package.dsv'
[0.809s] INFO:colcon.colcon_core.shell:Creating package script '/home/misha/Documents/ROS2_Gazebo_tutorials/navigation_ws/install/my_robot_bringup/share/my_robot_bringup/package.sh'
[0.812s] INFO:colcon.colcon_core.shell:Creating package script '/home/misha/Documents/ROS2_Gazebo_tutorials/navigation_ws/install/my_robot_bringup/share/my_robot_bringup/package.bash'
[0.816s] INFO:colcon.colcon_core.shell:Creating package script '/home/misha/Documents/ROS2_Gazebo_tutorials/navigation_ws/install/my_robot_bringup/share/my_robot_bringup/package.zsh'
[0.822s] Level 1:colcon.colcon_core.environment:create_file_with_runtime_dependencies(/home/misha/Documents/ROS2_Gazebo_tutorials/navigation_ws/install/my_robot_bringup/share/colcon-core/packages/my_robot_bringup)
[0.824s] Level 1:colcon.colcon_core.environment:create_environment_scripts_only(my_robot_bringup)
[0.825s] Level 1:colcon.colcon_core.environment:checking '/home/misha/Documents/ROS2_Gazebo_tutorials/navigation_ws/install/my_robot_bringup' for CMake module files
[0.826s] Level 1:colcon.colcon_core.environment:checking '/home/misha/Documents/ROS2_Gazebo_tutorials/navigation_ws/install/my_robot_bringup' for CMake config files
[0.827s] Level 1:colcon.colcon_core.shell:create_environment_hook('my_robot_bringup', 'cmake_prefix_path')
[0.828s] INFO:colcon.colcon_core.shell:Creating environment hook '/home/misha/Documents/ROS2_Gazebo_tutorials/navigation_ws/install/my_robot_bringup/share/my_robot_bringup/hook/cmake_prefix_path.ps1'
[0.831s] INFO:colcon.colcon_core.shell:Creating environment descriptor '/home/misha/Documents/ROS2_Gazebo_tutorials/navigation_ws/install/my_robot_bringup/share/my_robot_bringup/hook/cmake_prefix_path.dsv'
[0.832s] INFO:colcon.colcon_core.shell:Creating environment hook '/home/misha/Documents/ROS2_Gazebo_tutorials/navigation_ws/install/my_robot_bringup/share/my_robot_bringup/hook/cmake_prefix_path.sh'
[0.836s] Level 1:colcon.colcon_core.environment:checking '/home/misha/Documents/ROS2_Gazebo_tutorials/navigation_ws/install/my_robot_bringup/bin'
[0.836s] Level 1:colcon.colcon_core.environment:checking '/home/misha/Documents/ROS2_Gazebo_tutorials/navigation_ws/install/my_robot_bringup/lib/pkgconfig/my_robot_bringup.pc'
[0.837s] Level 1:colcon.colcon_core.environment:checking '/home/misha/Documents/ROS2_Gazebo_tutorials/navigation_ws/install/my_robot_bringup/lib/python3.10/site-packages'
[0.838s] Level 1:colcon.colcon_core.environment:checking '/home/misha/Documents/ROS2_Gazebo_tutorials/navigation_ws/install/my_robot_bringup/bin'
[0.839s] INFO:colcon.colcon_core.shell:Creating package script '/home/misha/Documents/ROS2_Gazebo_tutorials/navigation_ws/install/my_robot_bringup/share/my_robot_bringup/package.ps1'
[0.840s] INFO:colcon.colcon_core.shell:Creating package descriptor '/home/misha/Documents/ROS2_Gazebo_tutorials/navigation_ws/install/my_robot_bringup/share/my_robot_bringup/package.dsv'
[0.842s] INFO:colcon.colcon_core.shell:Creating package script '/home/misha/Documents/ROS2_Gazebo_tutorials/navigation_ws/install/my_robot_bringup/share/my_robot_bringup/package.sh'
[0.843s] INFO:colcon.colcon_core.shell:Creating package script '/home/misha/Documents/ROS2_Gazebo_tutorials/navigation_ws/install/my_robot_bringup/share/my_robot_bringup/package.bash'
[0.845s] INFO:colcon.colcon_core.shell:Creating package script '/home/misha/Documents/ROS2_Gazebo_tutorials/navigation_ws/install/my_robot_bringup/share/my_robot_bringup/package.zsh'
[0.847s] Level 1:colcon.colcon_core.environment:create_file_with_runtime_dependencies(/home/misha/Documents/ROS2_Gazebo_tutorials/navigation_ws/install/my_robot_bringup/share/colcon-core/packages/my_robot_bringup)
[0.849s] Level 1:colcon.colcon_core.environment:create_environment_scripts_only(robot_world)
[0.851s] DEBUG:colcon.colcon_core.event_handler.log_command:Invoked command in '/home/misha/Documents/ROS2_Gazebo_tutorials/navigation_ws/build/robot_world' returned '0': CMAKE_PREFIX_PATH=/opt/ros/humble /usr/bin/cmake --install /home/misha/Documents/ROS2_Gazebo_tutorials/navigation_ws/build/robot_world
[0.853s] Level 1:colcon.colcon_core.environment:checking '/home/misha/Documents/ROS2_Gazebo_tutorials/navigation_ws/install/robot_world' for CMake module files
[0.855s] Level 1:colcon.colcon_core.environment:checking '/home/misha/Documents/ROS2_Gazebo_tutorials/navigation_ws/install/robot_world' for CMake config files
[0.856s] Level 1:colcon.colcon_core.shell:create_environment_hook('robot_world', 'cmake_prefix_path')
[0.857s] INFO:colcon.colcon_core.shell:Creating environment hook '/home/misha/Documents/ROS2_Gazebo_tutorials/navigation_ws/install/robot_world/share/robot_world/hook/cmake_prefix_path.ps1'
[0.859s] INFO:colcon.colcon_core.shell:Creating environment descriptor '/home/misha/Documents/ROS2_Gazebo_tutorials/navigation_ws/install/robot_world/share/robot_world/hook/cmake_prefix_path.dsv'
[0.860s] INFO:colcon.colcon_core.shell:Creating environment hook '/home/misha/Documents/ROS2_Gazebo_tutorials/navigation_ws/install/robot_world/share/robot_world/hook/cmake_prefix_path.sh'
[0.863s] Level 1:colcon.colcon_core.environment:checking '/home/misha/Documents/ROS2_Gazebo_tutorials/navigation_ws/install/robot_world/bin'
[0.864s] Level 1:colcon.colcon_core.environment:checking '/home/misha/Documents/ROS2_Gazebo_tutorials/navigation_ws/install/robot_world/lib/pkgconfig/robot_world.pc'
[0.865s] Level 1:colcon.colcon_core.environment:checking '/home/misha/Documents/ROS2_Gazebo_tutorials/navigation_ws/install/robot_world/lib/python3.10/site-packages'
[0.866s] Level 1:colcon.colcon_core.environment:checking '/home/misha/Documents/ROS2_Gazebo_tutorials/navigation_ws/install/robot_world/bin'
[0.868s] INFO:colcon.colcon_core.shell:Creating package script '/home/misha/Documents/ROS2_Gazebo_tutorials/navigation_ws/install/robot_world/share/robot_world/package.ps1'
[0.870s] INFO:colcon.colcon_core.shell:Creating package descriptor '/home/misha/Documents/ROS2_Gazebo_tutorials/navigation_ws/install/robot_world/share/robot_world/package.dsv'
[0.872s] INFO:colcon.colcon_core.shell:Creating package script '/home/misha/Documents/ROS2_Gazebo_tutorials/navigation_ws/install/robot_world/share/robot_world/package.sh'
[0.873s] INFO:colcon.colcon_core.shell:Creating package script '/home/misha/Documents/ROS2_Gazebo_tutorials/navigation_ws/install/robot_world/share/robot_world/package.bash'
[0.875s] INFO:colcon.colcon_core.shell:Creating package script '/home/misha/Documents/ROS2_Gazebo_tutorials/navigation_ws/install/robot_world/share/robot_world/package.zsh'
[0.876s] Level 1:colcon.colcon_core.environment:create_file_with_runtime_dependencies(/home/misha/Documents/ROS2_Gazebo_tutorials/navigation_ws/install/robot_world/share/colcon-core/packages/robot_world)
[0.878s] Level 1:colcon.colcon_core.environment:create_environment_scripts_only(robot_world)
[0.880s] Level 1:colcon.colcon_core.environment:checking '/home/misha/Documents/ROS2_Gazebo_tutorials/navigation_ws/install/robot_world' for CMake module files
[0.881s] Level 1:colcon.colcon_core.environment:checking '/home/misha/Documents/ROS2_Gazebo_tutorials/navigation_ws/install/robot_world' for CMake config files
[0.882s] Level 1:colcon.colcon_core.shell:create_environment_hook('robot_world', 'cmake_prefix_path')
[0.883s] INFO:colcon.colcon_core.shell:Creating environment hook '/home/misha/Documents/ROS2_Gazebo_tutorials/navigation_ws/install/robot_world/share/robot_world/hook/cmake_prefix_path.ps1'
[0.884s] INFO:colcon.colcon_core.shell:Creating environment descriptor '/home/misha/Documents/ROS2_Gazebo_tutorials/navigation_ws/install/robot_world/share/robot_world/hook/cmake_prefix_path.dsv'
[0.886s] INFO:colcon.colcon_core.shell:Creating environment hook '/home/misha/Documents/ROS2_Gazebo_tutorials/navigation_ws/install/robot_world/share/robot_world/hook/cmake_prefix_path.sh'
[0.889s] Level 1:colcon.colcon_core.environment:checking '/home/misha/Documents/ROS2_Gazebo_tutorials/navigation_ws/install/robot_world/bin'
[0.889s] Level 1:colcon.colcon_core.environment:checking '/home/misha/Documents/ROS2_Gazebo_tutorials/navigation_ws/install/robot_world/lib/pkgconfig/robot_world.pc'
[0.890s] Level 1:colcon.colcon_core.environment:checking '/home/misha/Documents/ROS2_Gazebo_tutorials/navigation_ws/install/robot_world/lib/python3.10/site-packages'
[0.891s] Level 1:colcon.colcon_core.environment:checking '/home/misha/Documents/ROS2_Gazebo_tutorials/navigation_ws/install/robot_world/bin'
[0.892s] INFO:colcon.colcon_core.shell:Creating package script '/home/misha/Documents/ROS2_Gazebo_tutorials/navigation_ws/install/robot_world/share/robot_world/package.ps1'
[0.893s] INFO:colcon.colcon_core.shell:Creating package descriptor '/home/misha/Documents/ROS2_Gazebo_tutorials/navigation_ws/install/robot_world/share/robot_world/package.dsv'
[0.895s] INFO:colcon.colcon_core.shell:Creating package script '/home/misha/Documents/ROS2_Gazebo_tutorials/navigation_ws/install/robot_world/share/robot_world/package.sh'
[0.898s] INFO:colcon.colcon_core.shell:Creating package script '/home/misha/Documents/ROS2_Gazebo_tutorials/navigation_ws/install/robot_world/share/robot_world/package.bash'
[0.900s] INFO:colcon.colcon_core.shell:Creating package script '/home/misha/Documents/ROS2_Gazebo_tutorials/navigation_ws/install/robot_world/share/robot_world/package.zsh'
[0.903s] Level 1:colcon.colcon_core.environment:create_file_with_runtime_dependencies(/home/misha/Documents/ROS2_Gazebo_tutorials/navigation_ws/install/robot_world/share/colcon-core/packages/robot_world)
[0.910s] DEBUG:colcon.colcon_core.event_handler.log_command:Invoked command in '/home/misha/Documents/ROS2_Gazebo_tutorials/navigation_ws/build/robot_odometry' returned '0': CMAKE_PREFIX_PATH=/opt/ros/humble /usr/bin/cmake --build /home/misha/Documents/ROS2_Gazebo_tutorials/navigation_ws/build/robot_odometry -- -j8 -l8
[0.917s] DEBUG:colcon.colcon_core.event_handler.log_command:Invoking command in '/home/misha/Documents/ROS2_Gazebo_tutorials/navigation_ws/build/robot_odometry': CMAKE_PREFIX_PATH=/opt/ros/humble /usr/bin/cmake --install /home/misha/Documents/ROS2_Gazebo_tutorials/navigation_ws/build/robot_odometry
[0.921s] Level 1:colcon.colcon_core.environment:create_environment_scripts_only(robot_mapping)
[0.922s] Level 1:colcon.colcon_core.environment:checking '/home/misha/Documents/ROS2_Gazebo_tutorials/navigation_ws/install/robot_mapping' for CMake module files
[0.924s] DEBUG:colcon.colcon_core.event_handler.log_command:Invoked command in '/home/misha/Documents/ROS2_Gazebo_tutorials/navigation_ws/build/robot_mapping' returned '0': CMAKE_PREFIX_PATH=/opt/ros/humble /usr/bin/cmake --install /home/misha/Documents/ROS2_Gazebo_tutorials/navigation_ws/build/robot_mapping
[0.927s] Level 1:colcon.colcon_core.environment:checking '/home/misha/Documents/ROS2_Gazebo_tutorials/navigation_ws/install/robot_mapping' for CMake config files
[0.928s] Level 1:colcon.colcon_core.shell:create_environment_hook('robot_mapping', 'cmake_prefix_path')
[0.930s] INFO:colcon.colcon_core.shell:Creating environment hook '/home/misha/Documents/ROS2_Gazebo_tutorials/navigation_ws/install/robot_mapping/share/robot_mapping/hook/cmake_prefix_path.ps1'
[0.931s] INFO:colcon.colcon_core.shell:Creating environment descriptor '/home/misha/Documents/ROS2_Gazebo_tutorials/navigation_ws/install/robot_mapping/share/robot_mapping/hook/cmake_prefix_path.dsv'
[0.932s] INFO:colcon.colcon_core.shell:Creating environment hook '/home/misha/Documents/ROS2_Gazebo_tutorials/navigation_ws/install/robot_mapping/share/robot_mapping/hook/cmake_prefix_path.sh'
[0.934s] Level 1:colcon.colcon_core.environment:checking '/home/misha/Documents/ROS2_Gazebo_tutorials/navigation_ws/install/robot_mapping/lib'
[0.935s] Level 1:colcon.colcon_core.environment:checking '/home/misha/Documents/ROS2_Gazebo_tutorials/navigation_ws/install/robot_mapping/bin'
[0.935s] Level 1:colcon.colcon_core.environment:checking '/home/misha/Documents/ROS2_Gazebo_tutorials/navigation_ws/install/robot_mapping/lib/pkgconfig/robot_mapping.pc'
[0.936s] Level 1:colcon.colcon_core.environment:checking '/home/misha/Documents/ROS2_Gazebo_tutorials/navigation_ws/install/robot_mapping/lib/python3.10/site-packages'
[0.937s] Level 1:colcon.colcon_core.environment:checking '/home/misha/Documents/ROS2_Gazebo_tutorials/navigation_ws/install/robot_mapping/bin'
[0.939s] INFO:colcon.colcon_core.shell:Creating package script '/home/misha/Documents/ROS2_Gazebo_tutorials/navigation_ws/install/robot_mapping/share/robot_mapping/package.ps1'
[0.941s] INFO:colcon.colcon_core.shell:Creating package descriptor '/home/misha/Documents/ROS2_Gazebo_tutorials/navigation_ws/install/robot_mapping/share/robot_mapping/package.dsv'
[0.943s] INFO:colcon.colcon_core.shell:Creating package script '/home/misha/Documents/ROS2_Gazebo_tutorials/navigation_ws/install/robot_mapping/share/robot_mapping/package.sh'
[0.945s] INFO:colcon.colcon_core.shell:Creating package script '/home/misha/Documents/ROS2_Gazebo_tutorials/navigation_ws/install/robot_mapping/share/robot_mapping/package.bash'
[0.947s] INFO:colcon.colcon_core.shell:Creating package script '/home/misha/Documents/ROS2_Gazebo_tutorials/navigation_ws/install/robot_mapping/share/robot_mapping/package.zsh'
[0.949s] Level 1:colcon.colcon_core.environment:create_file_with_runtime_dependencies(/home/misha/Documents/ROS2_Gazebo_tutorials/navigation_ws/install/robot_mapping/share/colcon-core/packages/robot_mapping)
[0.952s] Level 1:colcon.colcon_core.environment:create_environment_scripts_only(robot_mapping)
[0.954s] Level 1:colcon.colcon_core.environment:checking '/home/misha/Documents/ROS2_Gazebo_tutorials/navigation_ws/install/robot_mapping' for CMake module files
[0.956s] Level 1:colcon.colcon_core.environment:checking '/home/misha/Documents/ROS2_Gazebo_tutorials/navigation_ws/install/robot_mapping' for CMake config files
[0.957s] Level 1:colcon.colcon_core.shell:create_environment_hook('robot_mapping', 'cmake_prefix_path')
[0.957s] INFO:colcon.colcon_core.shell:Creating environment hook '/home/misha/Documents/ROS2_Gazebo_tutorials/navigation_ws/install/robot_mapping/share/robot_mapping/hook/cmake_prefix_path.ps1'
[0.959s] INFO:colcon.colcon_core.shell:Creating environment descriptor '/home/misha/Documents/ROS2_Gazebo_tutorials/navigation_ws/install/robot_mapping/share/robot_mapping/hook/cmake_prefix_path.dsv'
[0.965s] INFO:colcon.colcon_core.shell:Creating environment hook '/home/misha/Documents/ROS2_Gazebo_tutorials/navigation_ws/install/robot_mapping/share/robot_mapping/hook/cmake_prefix_path.sh'
[0.975s] Level 1:colcon.colcon_core.environment:checking '/home/misha/Documents/ROS2_Gazebo_tutorials/navigation_ws/install/robot_mapping/lib'
[0.975s] Level 1:colcon.colcon_core.environment:checking '/home/misha/Documents/ROS2_Gazebo_tutorials/navigation_ws/install/robot_mapping/bin'
[0.976s] Level 1:colcon.colcon_core.environment:checking '/home/misha/Documents/ROS2_Gazebo_tutorials/navigation_ws/install/robot_mapping/lib/pkgconfig/robot_mapping.pc'
[0.977s] Level 1:colcon.colcon_core.environment:checking '/home/misha/Documents/ROS2_Gazebo_tutorials/navigation_ws/install/robot_mapping/lib/python3.10/site-packages'
[0.979s] Level 1:colcon.colcon_core.environment:checking '/home/misha/Documents/ROS2_Gazebo_tutorials/navigation_ws/install/robot_mapping/bin'
[0.981s] INFO:colcon.colcon_core.shell:Creating package script '/home/misha/Documents/ROS2_Gazebo_tutorials/navigation_ws/install/robot_mapping/share/robot_mapping/package.ps1'
[0.987s] INFO:colcon.colcon_core.shell:Creating package descriptor '/home/misha/Documents/ROS2_Gazebo_tutorials/navigation_ws/install/robot_mapping/share/robot_mapping/package.dsv'
[0.992s] INFO:colcon.colcon_core.shell:Creating package script '/home/misha/Documents/ROS2_Gazebo_tutorials/navigation_ws/install/robot_mapping/share/robot_mapping/package.sh'
[0.994s] INFO:colcon.colcon_core.shell:Creating package script '/home/misha/Documents/ROS2_Gazebo_tutorials/navigation_ws/install/robot_mapping/share/robot_mapping/package.bash'
[0.997s] INFO:colcon.colcon_core.shell:Creating package script '/home/misha/Documents/ROS2_Gazebo_tutorials/navigation_ws/install/robot_mapping/share/robot_mapping/package.zsh'
[1.000s] Level 1:colcon.colcon_core.environment:create_file_with_runtime_dependencies(/home/misha/Documents/ROS2_Gazebo_tutorials/navigation_ws/install/robot_mapping/share/colcon-core/packages/robot_mapping)
[1.012s] DEBUG:colcon.colcon_core.event_handler.log_command:Invoked command in '/home/misha/Documents/ROS2_Gazebo_tutorials/navigation_ws/build/robot_teleop' returned '0': CMAKE_PREFIX_PATH=/opt/ros/humble /usr/bin/cmake --build /home/misha/Documents/ROS2_Gazebo_tutorials/navigation_ws/build/robot_teleop -- -j8 -l8
[1.016s] DEBUG:colcon.colcon_core.event_handler.log_command:Invoking command in '/home/misha/Documents/ROS2_Gazebo_tutorials/navigation_ws/build/robot_teleop': CMAKE_PREFIX_PATH=/opt/ros/humble /usr/bin/cmake --install /home/misha/Documents/ROS2_Gazebo_tutorials/navigation_ws/build/robot_teleop
[1.022s] DEBUG:colcon.colcon_core.event_handler.log_command:Invoked command in '/home/misha/Documents/ROS2_Gazebo_tutorials/navigation_ws/build/robot_slam' returned '0': CMAKE_PREFIX_PATH=/opt/ros/humble /usr/bin/cmake --build /home/misha/Documents/ROS2_Gazebo_tutorials/navigation_ws/build/robot_slam -- -j8 -l8
[1.040s] DEBUG:colcon.colcon_core.event_handler.log_command:Invoking command in '/home/misha/Documents/ROS2_Gazebo_tutorials/navigation_ws/build/robot_slam': CMAKE_PREFIX_PATH=/opt/ros/humble /usr/bin/cmake --install /home/misha/Documents/ROS2_Gazebo_tutorials/navigation_ws/build/robot_slam
[1.042s] DEBUG:colcon.colcon_core.event_handler.log_command:Invoked command in '/home/misha/Documents/ROS2_Gazebo_tutorials/navigation_ws/build/test_robot_plugin' returned '0': CMAKE_PREFIX_PATH=/opt/ros/humble /usr/bin/cmake --build /home/misha/Documents/ROS2_Gazebo_tutorials/navigation_ws/build/test_robot_plugin -- -j8 -l8
[1.068s] DEBUG:colcon.colcon_core.event_handler.log_command:Invoking command in '/home/misha/Documents/ROS2_Gazebo_tutorials/navigation_ws/build/test_robot_plugin': CMAKE_PREFIX_PATH=/opt/ros/humble /usr/bin/cmake --install /home/misha/Documents/ROS2_Gazebo_tutorials/navigation_ws/build/test_robot_plugin
[1.077s] Level 1:colcon.colcon_core.environment:create_environment_scripts_only(robot_odometry)
[1.079s] Level 1:colcon.colcon_core.environment:checking '/home/misha/Documents/ROS2_Gazebo_tutorials/navigation_ws/install/robot_odometry' for CMake module files
[1.083s] Level 1:colcon.colcon_core.environment:checking '/home/misha/Documents/ROS2_Gazebo_tutorials/navigation_ws/install/robot_odometry' for CMake config files
[1.084s] Level 1:colcon.colcon_core.shell:create_environment_hook('robot_odometry', 'cmake_prefix_path')
[1.085s] INFO:colcon.colcon_core.shell:Creating environment hook '/home/misha/Documents/ROS2_Gazebo_tutorials/navigation_ws/install/robot_odometry/share/robot_odometry/hook/cmake_prefix_path.ps1'
[1.087s] INFO:colcon.colcon_core.shell:Creating environment descriptor '/home/misha/Documents/ROS2_Gazebo_tutorials/navigation_ws/install/robot_odometry/share/robot_odometry/hook/cmake_prefix_path.dsv'
[1.101s] INFO:colcon.colcon_core.shell:Creating environment hook '/home/misha/Documents/ROS2_Gazebo_tutorials/navigation_ws/install/robot_odometry/share/robot_odometry/hook/cmake_prefix_path.sh'
[1.097s] DEBUG:colcon.colcon_core.event_handler.log_command:Invoked command in '/home/misha/Documents/ROS2_Gazebo_tutorials/navigation_ws/build/robot_odometry' returned '0': CMAKE_PREFIX_PATH=/opt/ros/humble /usr/bin/cmake --install /home/misha/Documents/ROS2_Gazebo_tutorials/navigation_ws/build/robot_odometry
[1.106s] Level 1:colcon.colcon_core.environment:checking '/home/misha/Documents/ROS2_Gazebo_tutorials/navigation_ws/install/robot_odometry/lib'
[1.107s] Level 1:colcon.colcon_core.environment:checking '/home/misha/Documents/ROS2_Gazebo_tutorials/navigation_ws/install/robot_odometry/bin'
[1.108s] Level 1:colcon.colcon_core.environment:checking '/home/misha/Documents/ROS2_Gazebo_tutorials/navigation_ws/install/robot_odometry/lib/pkgconfig/robot_odometry.pc'
[1.109s] Level 1:colcon.colcon_core.environment:checking '/home/misha/Documents/ROS2_Gazebo_tutorials/navigation_ws/install/robot_odometry/lib/python3.10/site-packages'
[1.119s] Level 1:colcon.colcon_core.environment:checking '/home/misha/Documents/ROS2_Gazebo_tutorials/navigation_ws/install/robot_odometry/bin'
[1.120s] INFO:colcon.colcon_core.shell:Creating package script '/home/misha/Documents/ROS2_Gazebo_tutorials/navigation_ws/install/robot_odometry/share/robot_odometry/package.ps1'
[1.124s] INFO:colcon.colcon_core.shell:Creating package descriptor '/home/misha/Documents/ROS2_Gazebo_tutorials/navigation_ws/install/robot_odometry/share/robot_odometry/package.dsv'
[1.129s] INFO:colcon.colcon_core.shell:Creating package script '/home/misha/Documents/ROS2_Gazebo_tutorials/navigation_ws/install/robot_odometry/share/robot_odometry/package.sh'
[1.131s] INFO:colcon.colcon_core.shell:Creating package script '/home/misha/Documents/ROS2_Gazebo_tutorials/navigation_ws/install/robot_odometry/share/robot_odometry/package.bash'
[1.133s] INFO:colcon.colcon_core.shell:Creating package script '/home/misha/Documents/ROS2_Gazebo_tutorials/navigation_ws/install/robot_odometry/share/robot_odometry/package.zsh'
[1.134s] Level 1:colcon.colcon_core.environment:create_file_with_runtime_dependencies(/home/misha/Documents/ROS2_Gazebo_tutorials/navigation_ws/install/robot_odometry/share/colcon-core/packages/robot_odometry)
[1.136s] Level 1:colcon.colcon_core.environment:create_environment_scripts_only(robot_odometry)
[1.137s] Level 1:colcon.colcon_core.environment:checking '/home/misha/Documents/ROS2_Gazebo_tutorials/navigation_ws/install/robot_odometry' for CMake module files
[1.137s] Level 1:colcon.colcon_core.environment:checking '/home/misha/Documents/ROS2_Gazebo_tutorials/navigation_ws/install/robot_odometry' for CMake config files
[1.138s] Level 1:colcon.colcon_core.shell:create_environment_hook('robot_odometry', 'cmake_prefix_path')
[1.138s] INFO:colcon.colcon_core.shell:Creating environment hook '/home/misha/Documents/ROS2_Gazebo_tutorials/navigation_ws/install/robot_odometry/share/robot_odometry/hook/cmake_prefix_path.ps1'
[1.139s] INFO:colcon.colcon_core.shell:Creating environment descriptor '/home/misha/Documents/ROS2_Gazebo_tutorials/navigation_ws/install/robot_odometry/share/robot_odometry/hook/cmake_prefix_path.dsv'
[1.140s] INFO:colcon.colcon_core.shell:Creating environment hook '/home/misha/Documents/ROS2_Gazebo_tutorials/navigation_ws/install/robot_odometry/share/robot_odometry/hook/cmake_prefix_path.sh'
[1.142s] Level 1:colcon.colcon_core.environment:checking '/home/misha/Documents/ROS2_Gazebo_tutorials/navigation_ws/install/robot_odometry/lib'
[1.142s] Level 1:colcon.colcon_core.environment:checking '/home/misha/Documents/ROS2_Gazebo_tutorials/navigation_ws/install/robot_odometry/bin'
[1.142s] Level 1:colcon.colcon_core.environment:checking '/home/misha/Documents/ROS2_Gazebo_tutorials/navigation_ws/install/robot_odometry/lib/pkgconfig/robot_odometry.pc'
[1.143s] Level 1:colcon.colcon_core.environment:checking '/home/misha/Documents/ROS2_Gazebo_tutorials/navigation_ws/install/robot_odometry/lib/python3.10/site-packages'
[1.145s] Level 1:colcon.colcon_core.environment:checking '/home/misha/Documents/ROS2_Gazebo_tutorials/navigation_ws/install/robot_odometry/bin'
[1.147s] INFO:colcon.colcon_core.shell:Creating package script '/home/misha/Documents/ROS2_Gazebo_tutorials/navigation_ws/install/robot_odometry/share/robot_odometry/package.ps1'
[1.150s] INFO:colcon.colcon_core.shell:Creating package descriptor '/home/misha/Documents/ROS2_Gazebo_tutorials/navigation_ws/install/robot_odometry/share/robot_odometry/package.dsv'
[1.152s] INFO:colcon.colcon_core.shell:Creating package script '/home/misha/Documents/ROS2_Gazebo_tutorials/navigation_ws/install/robot_odometry/share/robot_odometry/package.sh'
[1.156s] INFO:colcon.colcon_core.shell:Creating package script '/home/misha/Documents/ROS2_Gazebo_tutorials/navigation_ws/install/robot_odometry/share/robot_odometry/package.bash'
[1.158s] INFO:colcon.colcon_core.shell:Creating package script '/home/misha/Documents/ROS2_Gazebo_tutorials/navigation_ws/install/robot_odometry/share/robot_odometry/package.zsh'
[1.159s] Level 1:colcon.colcon_core.environment:create_file_with_runtime_dependencies(/home/misha/Documents/ROS2_Gazebo_tutorials/navigation_ws/install/robot_odometry/share/colcon-core/packages/robot_odometry)
[1.162s] Level 1:colcon.colcon_core.environment:create_environment_scripts_only(robot_slam)
[1.163s] Level 1:colcon.colcon_core.environment:checking '/home/misha/Documents/ROS2_Gazebo_tutorials/navigation_ws/install/robot_slam' for CMake module files
[1.165s] DEBUG:colcon.colcon_core.event_handler.log_command:Invoked command in '/home/misha/Documents/ROS2_Gazebo_tutorials/navigation_ws/build/robot_slam' returned '0': CMAKE_PREFIX_PATH=/opt/ros/humble /usr/bin/cmake --install /home/misha/Documents/ROS2_Gazebo_tutorials/navigation_ws/build/robot_slam
[1.166s] Level 1:colcon.colcon_core.environment:checking '/home/misha/Documents/ROS2_Gazebo_tutorials/navigation_ws/install/robot_slam' for CMake config files
[1.167s] Level 1:colcon.colcon_core.shell:create_environment_hook('robot_slam', 'cmake_prefix_path')
[1.168s] INFO:colcon.colcon_core.shell:Creating environment hook '/home/misha/Documents/ROS2_Gazebo_tutorials/navigation_ws/install/robot_slam/share/robot_slam/hook/cmake_prefix_path.ps1'
[1.171s] INFO:colcon.colcon_core.shell:Creating environment descriptor '/home/misha/Documents/ROS2_Gazebo_tutorials/navigation_ws/install/robot_slam/share/robot_slam/hook/cmake_prefix_path.dsv'
[1.172s] INFO:colcon.colcon_core.shell:Creating environment hook '/home/misha/Documents/ROS2_Gazebo_tutorials/navigation_ws/install/robot_slam/share/robot_slam/hook/cmake_prefix_path.sh'
[1.174s] Level 1:colcon.colcon_core.environment:checking '/home/misha/Documents/ROS2_Gazebo_tutorials/navigation_ws/install/robot_slam/lib'
[1.174s] Level 1:colcon.colcon_core.environment:checking '/home/misha/Documents/ROS2_Gazebo_tutorials/navigation_ws/install/robot_slam/bin'
[1.175s] Level 1:colcon.colcon_core.environment:checking '/home/misha/Documents/ROS2_Gazebo_tutorials/navigation_ws/install/robot_slam/lib/pkgconfig/robot_slam.pc'
[1.176s] Level 1:colcon.colcon_core.environment:checking '/home/misha/Documents/ROS2_Gazebo_tutorials/navigation_ws/install/robot_slam/lib/python3.10/site-packages'
[1.178s] Level 1:colcon.colcon_core.environment:checking '/home/misha/Documents/ROS2_Gazebo_tutorials/navigation_ws/install/robot_slam/bin'
[1.180s] INFO:colcon.colcon_core.shell:Creating package script '/home/misha/Documents/ROS2_Gazebo_tutorials/navigation_ws/install/robot_slam/share/robot_slam/package.ps1'
[1.183s] INFO:colcon.colcon_core.shell:Creating package descriptor '/home/misha/Documents/ROS2_Gazebo_tutorials/navigation_ws/install/robot_slam/share/robot_slam/package.dsv'
[1.186s] INFO:colcon.colcon_core.shell:Creating package script '/home/misha/Documents/ROS2_Gazebo_tutorials/navigation_ws/install/robot_slam/share/robot_slam/package.sh'
[1.189s] INFO:colcon.colcon_core.shell:Creating package script '/home/misha/Documents/ROS2_Gazebo_tutorials/navigation_ws/install/robot_slam/share/robot_slam/package.bash'
[1.191s] INFO:colcon.colcon_core.shell:Creating package script '/home/misha/Documents/ROS2_Gazebo_tutorials/navigation_ws/install/robot_slam/share/robot_slam/package.zsh'
[1.193s] Level 1:colcon.colcon_core.environment:create_file_with_runtime_dependencies(/home/misha/Documents/ROS2_Gazebo_tutorials/navigation_ws/install/robot_slam/share/colcon-core/packages/robot_slam)
[1.196s] Level 1:colcon.colcon_core.environment:create_environment_scripts_only(robot_slam)
[1.197s] Level 1:colcon.colcon_core.environment:checking '/home/misha/Documents/ROS2_Gazebo_tutorials/navigation_ws/install/robot_slam' for CMake module files
[1.199s] Level 1:colcon.colcon_core.environment:checking '/home/misha/Documents/ROS2_Gazebo_tutorials/navigation_ws/install/robot_slam' for CMake config files
[1.201s] Level 1:colcon.colcon_core.shell:create_environment_hook('robot_slam', 'cmake_prefix_path')
[1.202s] INFO:colcon.colcon_core.shell:Creating environment hook '/home/misha/Documents/ROS2_Gazebo_tutorials/navigation_ws/install/robot_slam/share/robot_slam/hook/cmake_prefix_path.ps1'
[1.205s] INFO:colcon.colcon_core.shell:Creating environment descriptor '/home/misha/Documents/ROS2_Gazebo_tutorials/navigation_ws/install/robot_slam/share/robot_slam/hook/cmake_prefix_path.dsv'
[1.207s] INFO:colcon.colcon_core.shell:Creating environment hook '/home/misha/Documents/ROS2_Gazebo_tutorials/navigation_ws/install/robot_slam/share/robot_slam/hook/cmake_prefix_path.sh'
[1.211s] Level 1:colcon.colcon_core.environment:checking '/home/misha/Documents/ROS2_Gazebo_tutorials/navigation_ws/install/robot_slam/lib'
[1.211s] Level 1:colcon.colcon_core.environment:checking '/home/misha/Documents/ROS2_Gazebo_tutorials/navigation_ws/install/robot_slam/bin'
[1.211s] Level 1:colcon.colcon_core.environment:checking '/home/misha/Documents/ROS2_Gazebo_tutorials/navigation_ws/install/robot_slam/lib/pkgconfig/robot_slam.pc'
[1.212s] Level 1:colcon.colcon_core.environment:checking '/home/misha/Documents/ROS2_Gazebo_tutorials/navigation_ws/install/robot_slam/lib/python3.10/site-packages'
[1.215s] Level 1:colcon.colcon_core.environment:checking '/home/misha/Documents/ROS2_Gazebo_tutorials/navigation_ws/install/robot_slam/bin'
[1.217s] INFO:colcon.colcon_core.shell:Creating package script '/home/misha/Documents/ROS2_Gazebo_tutorials/navigation_ws/install/robot_slam/share/robot_slam/package.ps1'
[1.219s] INFO:colcon.colcon_core.shell:Creating package descriptor '/home/misha/Documents/ROS2_Gazebo_tutorials/navigation_ws/install/robot_slam/share/robot_slam/package.dsv'
[1.222s] INFO:colcon.colcon_core.shell:Creating package script '/home/misha/Documents/ROS2_Gazebo_tutorials/navigation_ws/install/robot_slam/share/robot_slam/package.sh'
[1.225s] INFO:colcon.colcon_core.shell:Creating package script '/home/misha/Documents/ROS2_Gazebo_tutorials/navigation_ws/install/robot_slam/share/robot_slam/package.bash'
[1.227s] INFO:colcon.colcon_core.shell:Creating package script '/home/misha/Documents/ROS2_Gazebo_tutorials/navigation_ws/install/robot_slam/share/robot_slam/package.zsh'
[1.231s] Level 1:colcon.colcon_core.environment:create_file_with_runtime_dependencies(/home/misha/Documents/ROS2_Gazebo_tutorials/navigation_ws/install/robot_slam/share/colcon-core/packages/robot_slam)
[1.232s] Level 1:colcon.colcon_core.environment:create_environment_scripts_only(robot_teleop)
[1.234s] Level 1:colcon.colcon_core.environment:checking '/home/misha/Documents/ROS2_Gazebo_tutorials/navigation_ws/install/robot_teleop' for CMake module files
[1.236s] DEBUG:colcon.colcon_core.event_handler.log_command:Invoked command in '/home/misha/Documents/ROS2_Gazebo_tutorials/navigation_ws/build/robot_teleop' returned '0': CMAKE_PREFIX_PATH=/opt/ros/humble /usr/bin/cmake --install /home/misha/Documents/ROS2_Gazebo_tutorials/navigation_ws/build/robot_teleop
[1.237s] Level 1:colcon.colcon_core.environment:checking '/home/misha/Documents/ROS2_Gazebo_tutorials/navigation_ws/install/robot_teleop' for CMake config files
[1.238s] Level 1:colcon.colcon_core.shell:create_environment_hook('robot_teleop', 'cmake_prefix_path')
[1.239s] INFO:colcon.colcon_core.shell:Creating environment hook '/home/misha/Documents/ROS2_Gazebo_tutorials/navigation_ws/install/robot_teleop/share/robot_teleop/hook/cmake_prefix_path.ps1'
[1.240s] INFO:colcon.colcon_core.shell:Creating environment descriptor '/home/misha/Documents/ROS2_Gazebo_tutorials/navigation_ws/install/robot_teleop/share/robot_teleop/hook/cmake_prefix_path.dsv'
[1.242s] INFO:colcon.colcon_core.shell:Creating environment hook '/home/misha/Documents/ROS2_Gazebo_tutorials/navigation_ws/install/robot_teleop/share/robot_teleop/hook/cmake_prefix_path.sh'
[1.244s] Level 1:colcon.colcon_core.environment:checking '/home/misha/Documents/ROS2_Gazebo_tutorials/navigation_ws/install/robot_teleop/lib'
[1.245s] Level 1:colcon.colcon_core.environment:checking '/home/misha/Documents/ROS2_Gazebo_tutorials/navigation_ws/install/robot_teleop/bin'
[1.245s] Level 1:colcon.colcon_core.environment:checking '/home/misha/Documents/ROS2_Gazebo_tutorials/navigation_ws/install/robot_teleop/lib/pkgconfig/robot_teleop.pc'
[1.245s] Level 1:colcon.colcon_core.environment:checking '/home/misha/Documents/ROS2_Gazebo_tutorials/navigation_ws/install/robot_teleop/lib/python3.10/site-packages'
[1.246s] Level 1:colcon.colcon_core.environment:checking '/home/misha/Documents/ROS2_Gazebo_tutorials/navigation_ws/install/robot_teleop/bin'
[1.247s] INFO:colcon.colcon_core.shell:Creating package script '/home/misha/Documents/ROS2_Gazebo_tutorials/navigation_ws/install/robot_teleop/share/robot_teleop/package.ps1'
[1.248s] INFO:colcon.colcon_core.shell:Creating package descriptor '/home/misha/Documents/ROS2_Gazebo_tutorials/navigation_ws/install/robot_teleop/share/robot_teleop/package.dsv'
[1.249s] INFO:colcon.colcon_core.shell:Creating package script '/home/misha/Documents/ROS2_Gazebo_tutorials/navigation_ws/install/robot_teleop/share/robot_teleop/package.sh'
[1.251s] INFO:colcon.colcon_core.shell:Creating package script '/home/misha/Documents/ROS2_Gazebo_tutorials/navigation_ws/install/robot_teleop/share/robot_teleop/package.bash'
[1.252s] INFO:colcon.colcon_core.shell:Creating package script '/home/misha/Documents/ROS2_Gazebo_tutorials/navigation_ws/install/robot_teleop/share/robot_teleop/package.zsh'
[1.253s] Level 1:colcon.colcon_core.environment:create_file_with_runtime_dependencies(/home/misha/Documents/ROS2_Gazebo_tutorials/navigation_ws/install/robot_teleop/share/colcon-core/packages/robot_teleop)
[1.255s] Level 1:colcon.colcon_core.environment:create_environment_scripts_only(robot_teleop)
[1.255s] Level 1:colcon.colcon_core.environment:checking '/home/misha/Documents/ROS2_Gazebo_tutorials/navigation_ws/install/robot_teleop' for CMake module files
[1.257s] Level 1:colcon.colcon_core.environment:checking '/home/misha/Documents/ROS2_Gazebo_tutorials/navigation_ws/install/robot_teleop' for CMake config files
[1.257s] Level 1:colcon.colcon_core.shell:create_environment_hook('robot_teleop', 'cmake_prefix_path')
[1.258s] INFO:colcon.colcon_core.shell:Creating environment hook '/home/misha/Documents/ROS2_Gazebo_tutorials/navigation_ws/install/robot_teleop/share/robot_teleop/hook/cmake_prefix_path.ps1'
[1.259s] INFO:colcon.colcon_core.shell:Creating environment descriptor '/home/misha/Documents/ROS2_Gazebo_tutorials/navigation_ws/install/robot_teleop/share/robot_teleop/hook/cmake_prefix_path.dsv'
[1.262s] INFO:colcon.colcon_core.shell:Creating environment hook '/home/misha/Documents/ROS2_Gazebo_tutorials/navigation_ws/install/robot_teleop/share/robot_teleop/hook/cmake_prefix_path.sh'
[1.264s] Level 1:colcon.colcon_core.environment:checking '/home/misha/Documents/ROS2_Gazebo_tutorials/navigation_ws/install/robot_teleop/lib'
[1.264s] Level 1:colcon.colcon_core.environment:checking '/home/misha/Documents/ROS2_Gazebo_tutorials/navigation_ws/install/robot_teleop/bin'
[1.264s] Level 1:colcon.colcon_core.environment:checking '/home/misha/Documents/ROS2_Gazebo_tutorials/navigation_ws/install/robot_teleop/lib/pkgconfig/robot_teleop.pc'
[1.265s] Level 1:colcon.colcon_core.environment:checking '/home/misha/Documents/ROS2_Gazebo_tutorials/navigation_ws/install/robot_teleop/lib/python3.10/site-packages'
[1.265s] Level 1:colcon.colcon_core.environment:checking '/home/misha/Documents/ROS2_Gazebo_tutorials/navigation_ws/install/robot_teleop/bin'
[1.266s] INFO:colcon.colcon_core.shell:Creating package script '/home/misha/Documents/ROS2_Gazebo_tutorials/navigation_ws/install/robot_teleop/share/robot_teleop/package.ps1'
[1.267s] INFO:colcon.colcon_core.shell:Creating package descriptor '/home/misha/Documents/ROS2_Gazebo_tutorials/navigation_ws/install/robot_teleop/share/robot_teleop/package.dsv'
[1.268s] INFO:colcon.colcon_core.shell:Creating package script '/home/misha/Documents/ROS2_Gazebo_tutorials/navigation_ws/install/robot_teleop/share/robot_teleop/package.sh'
[1.269s] INFO:colcon.colcon_core.shell:Creating package script '/home/misha/Documents/ROS2_Gazebo_tutorials/navigation_ws/install/robot_teleop/share/robot_teleop/package.bash'
[1.269s] INFO:colcon.colcon_core.shell:Creating package script '/home/misha/Documents/ROS2_Gazebo_tutorials/navigation_ws/install/robot_teleop/share/robot_teleop/package.zsh'
[1.270s] Level 1:colcon.colcon_core.environment:create_file_with_runtime_dependencies(/home/misha/Documents/ROS2_Gazebo_tutorials/navigation_ws/install/robot_teleop/share/colcon-core/packages/robot_teleop)
[1.271s] Level 1:colcon.colcon_core.environment:create_environment_scripts_only(test_robot_plugin)
[1.272s] Level 1:colcon.colcon_core.environment:checking '/home/misha/Documents/ROS2_Gazebo_tutorials/navigation_ws/install/test_robot_plugin' for CMake module files
[1.274s] Level 1:colcon.colcon_core.environment:checking '/home/misha/Documents/ROS2_Gazebo_tutorials/navigation_ws/install/test_robot_plugin' for CMake config files
[1.275s] DEBUG:colcon.colcon_core.event_handler.log_command:Invoked command in '/home/misha/Documents/ROS2_Gazebo_tutorials/navigation_ws/build/test_robot_plugin' returned '0': CMAKE_PREFIX_PATH=/opt/ros/humble /usr/bin/cmake --install /home/misha/Documents/ROS2_Gazebo_tutorials/navigation_ws/build/test_robot_plugin
[1.276s] Level 1:colcon.colcon_core.shell:create_environment_hook('test_robot_plugin', 'cmake_prefix_path')
[1.277s] INFO:colcon.colcon_core.shell:Creating environment hook '/home/misha/Documents/ROS2_Gazebo_tutorials/navigation_ws/install/test_robot_plugin/share/test_robot_plugin/hook/cmake_prefix_path.ps1'
[1.278s] INFO:colcon.colcon_core.shell:Creating environment descriptor '/home/misha/Documents/ROS2_Gazebo_tutorials/navigation_ws/install/test_robot_plugin/share/test_robot_plugin/hook/cmake_prefix_path.dsv'
[1.280s] INFO:colcon.colcon_core.shell:Creating environment hook '/home/misha/Documents/ROS2_Gazebo_tutorials/navigation_ws/install/test_robot_plugin/share/test_robot_plugin/hook/cmake_prefix_path.sh'
[1.283s] Level 1:colcon.colcon_core.environment:checking '/home/misha/Documents/ROS2_Gazebo_tutorials/navigation_ws/install/test_robot_plugin/lib'
[1.283s] Level 1:colcon.colcon_core.shell:create_environment_hook('test_robot_plugin', 'ld_library_path_lib')
[1.284s] INFO:colcon.colcon_core.shell:Creating environment hook '/home/misha/Documents/ROS2_Gazebo_tutorials/navigation_ws/install/test_robot_plugin/share/test_robot_plugin/hook/ld_library_path_lib.ps1'
[1.286s] INFO:colcon.colcon_core.shell:Creating environment descriptor '/home/misha/Documents/ROS2_Gazebo_tutorials/navigation_ws/install/test_robot_plugin/share/test_robot_plugin/hook/ld_library_path_lib.dsv'
[1.287s] INFO:colcon.colcon_core.shell:Creating environment hook '/home/misha/Documents/ROS2_Gazebo_tutorials/navigation_ws/install/test_robot_plugin/share/test_robot_plugin/hook/ld_library_path_lib.sh'
[1.288s] Level 1:colcon.colcon_core.environment:checking '/home/misha/Documents/ROS2_Gazebo_tutorials/navigation_ws/install/test_robot_plugin/bin'
[1.289s] Level 1:colcon.colcon_core.environment:checking '/home/misha/Documents/ROS2_Gazebo_tutorials/navigation_ws/install/test_robot_plugin/lib/pkgconfig/test_robot_plugin.pc'
[1.290s] Level 1:colcon.colcon_core.environment:checking '/home/misha/Documents/ROS2_Gazebo_tutorials/navigation_ws/install/test_robot_plugin/lib/python3.10/site-packages'
[1.291s] Level 1:colcon.colcon_core.environment:checking '/home/misha/Documents/ROS2_Gazebo_tutorials/navigation_ws/install/test_robot_plugin/bin'
[1.293s] INFO:colcon.colcon_core.shell:Creating package script '/home/misha/Documents/ROS2_Gazebo_tutorials/navigation_ws/install/test_robot_plugin/share/test_robot_plugin/package.ps1'
[1.295s] INFO:colcon.colcon_core.shell:Creating package descriptor '/home/misha/Documents/ROS2_Gazebo_tutorials/navigation_ws/install/test_robot_plugin/share/test_robot_plugin/package.dsv'
[1.297s] INFO:colcon.colcon_core.shell:Creating package script '/home/misha/Documents/ROS2_Gazebo_tutorials/navigation_ws/install/test_robot_plugin/share/test_robot_plugin/package.sh'
[1.298s] INFO:colcon.colcon_core.shell:Creating package script '/home/misha/Documents/ROS2_Gazebo_tutorials/navigation_ws/install/test_robot_plugin/share/test_robot_plugin/package.bash'
[1.299s] INFO:colcon.colcon_core.shell:Creating package script '/home/misha/Documents/ROS2_Gazebo_tutorials/navigation_ws/install/test_robot_plugin/share/test_robot_plugin/package.zsh'
[1.300s] Level 1:colcon.colcon_core.environment:create_file_with_runtime_dependencies(/home/misha/Documents/ROS2_Gazebo_tutorials/navigation_ws/install/test_robot_plugin/share/colcon-core/packages/test_robot_plugin)
[1.301s] Level 1:colcon.colcon_core.environment:create_environment_scripts_only(test_robot_plugin)
[1.302s] Level 1:colcon.colcon_core.environment:checking '/home/misha/Documents/ROS2_Gazebo_tutorials/navigation_ws/install/test_robot_plugin' for CMake module files
[1.302s] Level 1:colcon.colcon_core.environment:checking '/home/misha/Documents/ROS2_Gazebo_tutorials/navigation_ws/install/test_robot_plugin' for CMake config files
[1.303s] Level 1:colcon.colcon_core.shell:create_environment_hook('test_robot_plugin', 'cmake_prefix_path')
[1.303s] INFO:colcon.colcon_core.shell:Creating environment hook '/home/misha/Documents/ROS2_Gazebo_tutorials/navigation_ws/install/test_robot_plugin/share/test_robot_plugin/hook/cmake_prefix_path.ps1'
[1.304s] INFO:colcon.colcon_core.shell:Creating environment descriptor '/home/misha/Documents/ROS2_Gazebo_tutorials/navigation_ws/install/test_robot_plugin/share/test_robot_plugin/hook/cmake_prefix_path.dsv'
[1.305s] INFO:colcon.colcon_core.shell:Creating environment hook '/home/misha/Documents/ROS2_Gazebo_tutorials/navigation_ws/install/test_robot_plugin/share/test_robot_plugin/hook/cmake_prefix_path.sh'
[1.306s] Level 1:colcon.colcon_core.environment:checking '/home/misha/Documents/ROS2_Gazebo_tutorials/navigation_ws/install/test_robot_plugin/lib'
[1.306s] Level 1:colcon.colcon_core.shell:create_environment_hook('test_robot_plugin', 'ld_library_path_lib')
[1.307s] INFO:colcon.colcon_core.shell:Creating environment hook '/home/misha/Documents/ROS2_Gazebo_tutorials/navigation_ws/install/test_robot_plugin/share/test_robot_plugin/hook/ld_library_path_lib.ps1'
[1.308s] INFO:colcon.colcon_core.shell:Creating environment descriptor '/home/misha/Documents/ROS2_Gazebo_tutorials/navigation_ws/install/test_robot_plugin/share/test_robot_plugin/hook/ld_library_path_lib.dsv'
[1.309s] INFO:colcon.colcon_core.shell:Creating environment hook '/home/misha/Documents/ROS2_Gazebo_tutorials/navigation_ws/install/test_robot_plugin/share/test_robot_plugin/hook/ld_library_path_lib.sh'
[1.310s] Level 1:colcon.colcon_core.environment:checking '/home/misha/Documents/ROS2_Gazebo_tutorials/navigation_ws/install/test_robot_plugin/bin'
[1.311s] Level 1:colcon.colcon_core.environment:checking '/home/misha/Documents/ROS2_Gazebo_tutorials/navigation_ws/install/test_robot_plugin/lib/pkgconfig/test_robot_plugin.pc'
[1.311s] Level 1:colcon.colcon_core.environment:checking '/home/misha/Documents/ROS2_Gazebo_tutorials/navigation_ws/install/test_robot_plugin/lib/python3.10/site-packages'
[1.313s] Level 1:colcon.colcon_core.environment:checking '/home/misha/Documents/ROS2_Gazebo_tutorials/navigation_ws/install/test_robot_plugin/bin'
[1.314s] INFO:colcon.colcon_core.shell:Creating package script '/home/misha/Documents/ROS2_Gazebo_tutorials/navigation_ws/install/test_robot_plugin/share/test_robot_plugin/package.ps1'
[1.315s] INFO:colcon.colcon_core.shell:Creating package descriptor '/home/misha/Documents/ROS2_Gazebo_tutorials/navigation_ws/install/test_robot_plugin/share/test_robot_plugin/package.dsv'
[1.317s] INFO:colcon.colcon_core.shell:Creating package script '/home/misha/Documents/ROS2_Gazebo_tutorials/navigation_ws/install/test_robot_plugin/share/test_robot_plugin/package.sh'
[1.318s] INFO:colcon.colcon_core.shell:Creating package script '/home/misha/Documents/ROS2_Gazebo_tutorials/navigation_ws/install/test_robot_plugin/share/test_robot_plugin/package.bash'
[1.320s] INFO:colcon.colcon_core.shell:Creating package script '/home/misha/Documents/ROS2_Gazebo_tutorials/navigation_ws/install/test_robot_plugin/share/test_robot_plugin/package.zsh'
[1.321s] Level 1:colcon.colcon_core.environment:create_file_with_runtime_dependencies(/home/misha/Documents/ROS2_Gazebo_tutorials/navigation_ws/install/test_robot_plugin/share/colcon-core/packages/test_robot_plugin)
[6.377s] DEBUG:colcon.colcon_core.event_handler.log_command:Invoked command in '/home/misha/Documents/ROS2_Gazebo_tutorials/navigation_ws/build/global_map_ex' returned '0': CMAKE_PREFIX_PATH=/opt/ros/humble /usr/bin/cmake /home/misha/Documents/ROS2_Gazebo_tutorials/navigation_ws/src/global_map_ex -DCMAKE_INSTALL_PREFIX=/home/misha/Documents/ROS2_Gazebo_tutorials/navigation_ws/install/global_map_ex
[6.381s] DEBUG:colcon.colcon_core.event_handler.log_command:Invoking command in '/home/misha/Documents/ROS2_Gazebo_tutorials/navigation_ws/build/global_map_ex': CMAKE_PREFIX_PATH=/opt/ros/humble /usr/bin/cmake --build /home/misha/Documents/ROS2_Gazebo_tutorials/navigation_ws/build/global_map_ex -- -j8 -l8
[38.227s] DEBUG:colcon.colcon_core.event_handler.log_command:Invoked command in '/home/misha/Documents/ROS2_Gazebo_tutorials/navigation_ws/build/global_map_ex' returned '0': CMAKE_PREFIX_PATH=/opt/ros/humble /usr/bin/cmake --build /home/misha/Documents/ROS2_Gazebo_tutorials/navigation_ws/build/global_map_ex -- -j8 -l8
[38.230s] DEBUG:colcon.colcon_core.event_handler.log_command:Invoking command in '/home/misha/Documents/ROS2_Gazebo_tutorials/navigation_ws/build/global_map_ex': CMAKE_PREFIX_PATH=/opt/ros/humble /usr/bin/cmake --install /home/misha/Documents/ROS2_Gazebo_tutorials/navigation_ws/build/global_map_ex
[38.251s] Level 1:colcon.colcon_core.environment:create_environment_scripts_only(global_map_ex)
[38.253s] Level 1:colcon.colcon_core.environment:checking '/home/misha/Documents/ROS2_Gazebo_tutorials/navigation_ws/install/global_map_ex' for CMake module files
[38.253s] DEBUG:colcon.colcon_core.event_handler.log_command:Invoked command in '/home/misha/Documents/ROS2_Gazebo_tutorials/navigation_ws/build/global_map_ex' returned '0': CMAKE_PREFIX_PATH=/opt/ros/humble /usr/bin/cmake --install /home/misha/Documents/ROS2_Gazebo_tutorials/navigation_ws/build/global_map_ex
[38.254s] Level 1:colcon.colcon_core.environment:checking '/home/misha/Documents/ROS2_Gazebo_tutorials/navigation_ws/install/global_map_ex' for CMake config files
[38.254s] Level 1:colcon.colcon_core.shell:create_environment_hook('global_map_ex', 'cmake_prefix_path')
[38.254s] INFO:colcon.colcon_core.shell:Creating environment hook '/home/misha/Documents/ROS2_Gazebo_tutorials/navigation_ws/install/global_map_ex/share/global_map_ex/hook/cmake_prefix_path.ps1'
[38.255s] INFO:colcon.colcon_core.shell:Creating environment descriptor '/home/misha/Documents/ROS2_Gazebo_tutorials/navigation_ws/install/global_map_ex/share/global_map_ex/hook/cmake_prefix_path.dsv'
[38.255s] INFO:colcon.colcon_core.shell:Creating environment hook '/home/misha/Documents/ROS2_Gazebo_tutorials/navigation_ws/install/global_map_ex/share/global_map_ex/hook/cmake_prefix_path.sh'
[38.256s] Level 1:colcon.colcon_core.environment:checking '/home/misha/Documents/ROS2_Gazebo_tutorials/navigation_ws/install/global_map_ex/lib'
[38.256s] Level 1:colcon.colcon_core.environment:checking '/home/misha/Documents/ROS2_Gazebo_tutorials/navigation_ws/install/global_map_ex/bin'
[38.256s] Level 1:colcon.colcon_core.environment:checking '/home/misha/Documents/ROS2_Gazebo_tutorials/navigation_ws/install/global_map_ex/lib/pkgconfig/global_map_ex.pc'
[38.256s] Level 1:colcon.colcon_core.environment:checking '/home/misha/Documents/ROS2_Gazebo_tutorials/navigation_ws/install/global_map_ex/lib/python3.10/site-packages'
[38.256s] Level 1:colcon.colcon_core.environment:checking '/home/misha/Documents/ROS2_Gazebo_tutorials/navigation_ws/install/global_map_ex/bin'
[38.257s] INFO:colcon.colcon_core.shell:Creating package script '/home/misha/Documents/ROS2_Gazebo_tutorials/navigation_ws/install/global_map_ex/share/global_map_ex/package.ps1'
[38.257s] INFO:colcon.colcon_core.shell:Creating package descriptor '/home/misha/Documents/ROS2_Gazebo_tutorials/navigation_ws/install/global_map_ex/share/global_map_ex/package.dsv'
[38.258s] INFO:colcon.colcon_core.shell:Creating package script '/home/misha/Documents/ROS2_Gazebo_tutorials/navigation_ws/install/global_map_ex/share/global_map_ex/package.sh'
[38.258s] INFO:colcon.colcon_core.shell:Creating package script '/home/misha/Documents/ROS2_Gazebo_tutorials/navigation_ws/install/global_map_ex/share/global_map_ex/package.bash'
[38.259s] INFO:colcon.colcon_core.shell:Creating package script '/home/misha/Documents/ROS2_Gazebo_tutorials/navigation_ws/install/global_map_ex/share/global_map_ex/package.zsh'
[38.259s] Level 1:colcon.colcon_core.environment:create_file_with_runtime_dependencies(/home/misha/Documents/ROS2_Gazebo_tutorials/navigation_ws/install/global_map_ex/share/colcon-core/packages/global_map_ex)
[38.260s] Level 1:colcon.colcon_core.environment:create_environment_scripts_only(global_map_ex)
[38.260s] Level 1:colcon.colcon_core.environment:checking '/home/misha/Documents/ROS2_Gazebo_tutorials/navigation_ws/install/global_map_ex' for CMake module files
[38.261s] Level 1:colcon.colcon_core.environment:checking '/home/misha/Documents/ROS2_Gazebo_tutorials/navigation_ws/install/global_map_ex' for CMake config files
[38.261s] Level 1:colcon.colcon_core.shell:create_environment_hook('global_map_ex', 'cmake_prefix_path')
[38.261s] INFO:colcon.colcon_core.shell:Creating environment hook '/home/misha/Documents/ROS2_Gazebo_tutorials/navigation_ws/install/global_map_ex/share/global_map_ex/hook/cmake_prefix_path.ps1'
[38.262s] INFO:colcon.colcon_core.shell:Creating environment descriptor '/home/misha/Documents/ROS2_Gazebo_tutorials/navigation_ws/install/global_map_ex/share/global_map_ex/hook/cmake_prefix_path.dsv'
[38.263s] INFO:colcon.colcon_core.shell:Creating environment hook '/home/misha/Documents/ROS2_Gazebo_tutorials/navigation_ws/install/global_map_ex/share/global_map_ex/hook/cmake_prefix_path.sh'
[38.264s] Level 1:colcon.colcon_core.environment:checking '/home/misha/Documents/ROS2_Gazebo_tutorials/navigation_ws/install/global_map_ex/lib'
[38.264s] Level 1:colcon.colcon_core.environment:checking '/home/misha/Documents/ROS2_Gazebo_tutorials/navigation_ws/install/global_map_ex/bin'
[38.264s] Level 1:colcon.colcon_core.environment:checking '/home/misha/Documents/ROS2_Gazebo_tutorials/navigation_ws/install/global_map_ex/lib/pkgconfig/global_map_ex.pc'
[38.265s] Level 1:colcon.colcon_core.environment:checking '/home/misha/Documents/ROS2_Gazebo_tutorials/navigation_ws/install/global_map_ex/lib/python3.10/site-packages'
[38.265s] Level 1:colcon.colcon_core.environment:checking '/home/misha/Documents/ROS2_Gazebo_tutorials/navigation_ws/install/global_map_ex/bin'
[38.266s] INFO:colcon.colcon_core.shell:Creating package script '/home/misha/Documents/ROS2_Gazebo_tutorials/navigation_ws/install/global_map_ex/share/global_map_ex/package.ps1'
[38.267s] INFO:colcon.colcon_core.shell:Creating package descriptor '/home/misha/Documents/ROS2_Gazebo_tutorials/navigation_ws/install/global_map_ex/share/global_map_ex/package.dsv'
[38.267s] INFO:colcon.colcon_core.shell:Creating package script '/home/misha/Documents/ROS2_Gazebo_tutorials/navigation_ws/install/global_map_ex/share/global_map_ex/package.sh'
[38.268s] INFO:colcon.colcon_core.shell:Creating package script '/home/misha/Documents/ROS2_Gazebo_tutorials/navigation_ws/install/global_map_ex/share/global_map_ex/package.bash'
[38.269s] INFO:colcon.colcon_core.shell:Creating package script '/home/misha/Documents/ROS2_Gazebo_tutorials/navigation_ws/install/global_map_ex/share/global_map_ex/package.zsh'
[38.269s] Level 1:colcon.colcon_core.environment:create_file_with_runtime_dependencies(/home/misha/Documents/ROS2_Gazebo_tutorials/navigation_ws/install/global_map_ex/share/colcon-core/packages/global_map_ex)
[38.270s] DEBUG:colcon.colcon_parallel_executor.executor.parallel:closing loop
[38.270s] DEBUG:colcon.colcon_parallel_executor.executor.parallel:loop closed
[38.270s] DEBUG:colcon.colcon_parallel_executor.executor.parallel:run_until_complete finished with '0'
[38.270s] DEBUG:colcon.colcon_core.event_reactor:joining thread
[38.280s] INFO:colcon.colcon_core.plugin_system:Skipping extension 'colcon_notification.desktop_notification.terminal_notifier': Not used on non-Darwin systems
[38.280s] INFO:colcon.colcon_core.plugin_system:Skipping extension 'colcon_notification.desktop_notification.win32': Not used on non-Windows systems
[38.280s] INFO:colcon.colcon_notification.desktop_notification:Sending desktop notification using 'notify2'
[38.287s] DEBUG:colcon.colcon_core.event_reactor:joined thread
[38.289s] INFO:colcon.colcon_core.shell:Creating prefix script '/home/misha/Documents/ROS2_Gazebo_tutorials/navigation_ws/install/local_setup.ps1'
[38.291s] INFO:colcon.colcon_core.shell:Creating prefix util module '/home/misha/Documents/ROS2_Gazebo_tutorials/navigation_ws/install/_local_setup_util_ps1.py'
[38.295s] INFO:colcon.colcon_core.shell:Creating prefix chain script '/home/misha/Documents/ROS2_Gazebo_tutorials/navigation_ws/install/setup.ps1'
[38.297s] INFO:colcon.colcon_core.shell:Creating prefix script '/home/misha/Documents/ROS2_Gazebo_tutorials/navigation_ws/install/local_setup.sh'
[38.299s] INFO:colcon.colcon_core.shell:Creating prefix util module '/home/misha/Documents/ROS2_Gazebo_tutorials/navigation_ws/install/_local_setup_util_sh.py'
[38.300s] INFO:colcon.colcon_core.shell:Creating prefix chain script '/home/misha/Documents/ROS2_Gazebo_tutorials/navigation_ws/install/setup.sh'
[38.303s] INFO:colcon.colcon_core.shell:Creating prefix script '/home/misha/Documents/ROS2_Gazebo_tutorials/navigation_ws/install/local_setup.bash'
[38.304s] INFO:colcon.colcon_core.shell:Creating prefix chain script '/home/misha/Documents/ROS2_Gazebo_tutorials/navigation_ws/install/setup.bash'
[38.306s] INFO:colcon.colcon_core.shell:Creating prefix script '/home/misha/Documents/ROS2_Gazebo_tutorials/navigation_ws/install/local_setup.zsh'
[38.308s] INFO:colcon.colcon_core.shell:Creating prefix chain script '/home/misha/Documents/ROS2_Gazebo_tutorials/navigation_ws/install/setup.zsh'
