[0.069s] Invoking command in '/home/misha/Documents/ROS2_Gazebo_tutorials/my_ws/build/robot_teleop': CMAKE_PREFIX_PATH=${CMAKE_PREFIX_PATH}:/opt/ros/humble /usr/bin/cmake --build /home/misha/Documents/ROS2_Gazebo_tutorials/my_ws/build/robot_teleop -- -j8 -l8
[0.298s] [100%] Built target robot_teleop_node
[0.442s] Invoked command in '/home/misha/Documents/ROS2_Gazebo_tutorials/my_ws/build/robot_teleop' returned '0': CMAKE_PREFIX_PATH=${CMAKE_PREFIX_PATH}:/opt/ros/humble /usr/bin/cmake --build /home/misha/Documents/ROS2_Gazebo_tutorials/my_ws/build/robot_teleop -- -j8 -l8
[0.450s] Invoking command in '/home/misha/Documents/ROS2_Gazebo_tutorials/my_ws/build/robot_teleop': CMAKE_PREFIX_PATH=${CMAKE_PREFIX_PATH}:/opt/ros/humble /usr/bin/cmake --install /home/misha/Documents/ROS2_Gazebo_tutorials/my_ws/build/robot_teleop
[0.479s] -- Install configuration: ""
[0.482s] -- Up-to-date: /home/misha/Documents/ROS2_Gazebo_tutorials/my_ws/install/robot_teleop/lib/robot_teleop/robot_teleop_node
[0.485s] -- Up-to-date: /home/misha/Documents/ROS2_Gazebo_tutorials/my_ws/install/robot_teleop/share/ament_index/resource_index/package_run_dependencies/robot_teleop
[0.487s] -- Up-to-date: /home/misha/Documents/ROS2_Gazebo_tutorials/my_ws/install/robot_teleop/share/ament_index/resource_index/parent_prefix_path/robot_teleop
[0.487s] -- Up-to-date: /home/misha/Documents/ROS2_Gazebo_tutorials/my_ws/install/robot_teleop/share/robot_teleop/environment/ament_prefix_path.sh
[0.487s] -- Up-to-date: /home/misha/Documents/ROS2_Gazebo_tutorials/my_ws/install/robot_teleop/share/robot_teleop/environment/ament_prefix_path.dsv
[0.488s] -- Up-to-date: /home/misha/Documents/ROS2_Gazebo_tutorials/my_ws/install/robot_teleop/share/robot_teleop/environment/path.sh
[0.488s] -- Up-to-date: /home/misha/Documents/ROS2_Gazebo_tutorials/my_ws/install/robot_teleop/share/robot_teleop/environment/path.dsv
[0.488s] -- Up-to-date: /home/misha/Documents/ROS2_Gazebo_tutorials/my_ws/install/robot_teleop/share/robot_teleop/local_setup.bash
[0.488s] -- Up-to-date: /home/misha/Documents/ROS2_Gazebo_tutorials/my_ws/install/robot_teleop/share/robot_teleop/local_setup.sh
[0.488s] -- Up-to-date: /home/misha/Documents/ROS2_Gazebo_tutorials/my_ws/install/robot_teleop/share/robot_teleop/local_setup.zsh
[0.489s] -- Up-to-date: /home/misha/Documents/ROS2_Gazebo_tutorials/my_ws/install/robot_teleop/share/robot_teleop/local_setup.dsv
[0.489s] -- Installing: /home/misha/Documents/ROS2_Gazebo_tutorials/my_ws/install/robot_teleop/share/robot_teleop/package.dsv
[0.489s] -- Up-to-date: /home/misha/Documents/ROS2_Gazebo_tutorials/my_ws/install/robot_teleop/share/ament_index/resource_index/packages/robot_teleop
[0.490s] -- Up-to-date: /home/misha/Documents/ROS2_Gazebo_tutorials/my_ws/install/robot_teleop/share/robot_teleop/cmake/robot_teleopConfig.cmake
[0.491s] -- Up-to-date: /home/misha/Documents/ROS2_Gazebo_tutorials/my_ws/install/robot_teleop/share/robot_teleop/cmake/robot_teleopConfig-version.cmake
[0.491s] -- Up-to-date: /home/misha/Documents/ROS2_Gazebo_tutorials/my_ws/install/robot_teleop/share/robot_teleop/package.xml
[0.520s] Invoked command in '/home/misha/Documents/ROS2_Gazebo_tutorials/my_ws/build/robot_teleop' returned '0': CMAKE_PREFIX_PATH=${CMAKE_PREFIX_PATH}:/opt/ros/humble /usr/bin/cmake --install /home/misha/Documents/ROS2_Gazebo_tutorials/my_ws/build/robot_teleop
