[0.021s] Invoking command in '/home/misha/Documents/navigation_ws/build/robot_teleop': CMAKE_PREFIX_PATH=${CMAKE_PREFIX_PATH}:/opt/ros/humble /usr/bin/cmake --build /home/misha/Documents/navigation_ws/build/robot_teleop -- -j8 -l8
[0.065s] -- Found ament_cmake: 1.3.13 (/opt/ros/humble/share/ament_cmake/cmake)
[0.279s] -- Found rclcpp: 16.0.18 (/opt/ros/humble/share/rclcpp/cmake)
[0.324s] -- Found rosidl_generator_c: 3.1.8 (/opt/ros/humble/share/rosidl_generator_c/cmake)
[0.327s] -- Found rosidl_adapter: 3.1.8 (/opt/ros/humble/share/rosidl_adapter/cmake)
[0.335s] -- Found rosidl_generator_cpp: 3.1.8 (/opt/ros/humble/share/rosidl_generator_cpp/cmake)
[0.351s] -- Using all available rosidl_typesupport_c: rosidl_typesupport_fastrtps_c;rosidl_typesupport_introspection_c
[0.370s] -- Using all available rosidl_typesupport_cpp: rosidl_typesupport_fastrtps_cpp;rosidl_typesupport_introspection_cpp
[0.451s] -- Found rmw_implementation_cmake: 6.1.2 (/opt/ros/humble/share/rmw_implementation_cmake/cmake)
[0.454s] -- Found rmw_fastrtps_cpp: 6.2.10 (/opt/ros/humble/share/rmw_fastrtps_cpp/cmake)
[0.657s] -- Using RMW implementation 'rmw_fastrtps_cpp' as default
[0.817s] -- Found geometry_msgs: 4.9.1 (/opt/ros/humble/share/geometry_msgs/cmake)
[0.865s] -- Found PkgConfig: /usr/bin/pkg-config (found version "0.29.2") 
[0.868s] -- Checking for module 'libevdev'
[0.889s] --   Found libevdev, version 1.12.1
[0.938s] -- Found ament_lint_auto: 0.12.15 (/opt/ros/humble/share/ament_lint_auto/cmake)
[1.038s] -- Added test 'cppcheck' to perform static code analysis on C / C++ code
[1.038s] -- Configured cppcheck include dirs: 
[1.038s] -- Configured cppcheck exclude dirs and/or files: 
[1.038s] -- Added test 'lint_cmake' to check CMake code style
[1.039s] -- Added test 'uncrustify' to check C / C++ code style
[1.039s] -- Configured uncrustify additional arguments: 
[1.040s] -- Added test 'xmllint' to check XML markup files
[1.041s] -- Configuring done
[1.055s] -- Generating done
[1.061s] -- Build files have been written to: /home/misha/Documents/navigation_ws/build/robot_teleop
[1.102s] Consolidate compiler generated dependencies of target robot_teleop_node
[1.120s] [ 50%] Building CXX object CMakeFiles/robot_teleop_node.dir/src/robot_teleop_node.cpp.o
[7.140s] [100%] Linking CXX executable robot_teleop_node
[7.330s] [100%] Built target robot_teleop_node
[7.344s] Invoked command in '/home/misha/Documents/navigation_ws/build/robot_teleop' returned '0': CMAKE_PREFIX_PATH=${CMAKE_PREFIX_PATH}:/opt/ros/humble /usr/bin/cmake --build /home/misha/Documents/navigation_ws/build/robot_teleop -- -j8 -l8
[7.346s] Invoking command in '/home/misha/Documents/navigation_ws/build/robot_teleop': CMAKE_PREFIX_PATH=${CMAKE_PREFIX_PATH}:/opt/ros/humble /usr/bin/cmake --install /home/misha/Documents/navigation_ws/build/robot_teleop
[7.356s] -- Install configuration: "Debug"
[7.356s] -- Installing: /home/misha/Documents/navigation_ws/install/robot_teleop/lib/robot_teleop/robot_teleop_node
[7.360s] -- Set runtime path of "/home/misha/Documents/navigation_ws/install/robot_teleop/lib/robot_teleop/robot_teleop_node" to ""
[7.360s] -- Up-to-date: /home/misha/Documents/navigation_ws/install/robot_teleop/share/ament_index/resource_index/package_run_dependencies/robot_teleop
[7.361s] -- Installing: /home/misha/Documents/navigation_ws/install/robot_teleop/share/ament_index/resource_index/parent_prefix_path/robot_teleop
[7.362s] -- Up-to-date: /home/misha/Documents/navigation_ws/install/robot_teleop/share/robot_teleop/environment/ament_prefix_path.sh
[7.362s] -- Installing: /home/misha/Documents/navigation_ws/install/robot_teleop/share/robot_teleop/environment/ament_prefix_path.dsv
[7.362s] -- Up-to-date: /home/misha/Documents/navigation_ws/install/robot_teleop/share/robot_teleop/environment/path.sh
[7.362s] -- Installing: /home/misha/Documents/navigation_ws/install/robot_teleop/share/robot_teleop/environment/path.dsv
[7.363s] -- Up-to-date: /home/misha/Documents/navigation_ws/install/robot_teleop/share/robot_teleop/local_setup.bash
[7.363s] -- Up-to-date: /home/misha/Documents/navigation_ws/install/robot_teleop/share/robot_teleop/local_setup.sh
[7.363s] -- Up-to-date: /home/misha/Documents/navigation_ws/install/robot_teleop/share/robot_teleop/local_setup.zsh
[7.363s] -- Installing: /home/misha/Documents/navigation_ws/install/robot_teleop/share/robot_teleop/local_setup.dsv
[7.363s] -- Installing: /home/misha/Documents/navigation_ws/install/robot_teleop/share/robot_teleop/package.dsv
[7.363s] -- Up-to-date: /home/misha/Documents/navigation_ws/install/robot_teleop/share/ament_index/resource_index/packages/robot_teleop
[7.363s] -- Up-to-date: /home/misha/Documents/navigation_ws/install/robot_teleop/share/robot_teleop/cmake/robot_teleopConfig.cmake
[7.364s] -- Up-to-date: /home/misha/Documents/navigation_ws/install/robot_teleop/share/robot_teleop/cmake/robot_teleopConfig-version.cmake
[7.364s] -- Up-to-date: /home/misha/Documents/navigation_ws/install/robot_teleop/share/robot_teleop/package.xml
[7.367s] Invoked command in '/home/misha/Documents/navigation_ws/build/robot_teleop' returned '0': CMAKE_PREFIX_PATH=${CMAKE_PREFIX_PATH}:/opt/ros/humble /usr/bin/cmake --install /home/misha/Documents/navigation_ws/build/robot_teleop
