[0.101s] Invoking command in '/home/misha/Documents/ROS2_Gazebo_tutorials/navigation_ws/build/global_map_ex': CMAKE_PREFIX_PATH=${CMAKE_PREFIX_PATH}:/opt/ros/humble /usr/bin/cmake --build /home/misha/Documents/ROS2_Gazebo_tutorials/navigation_ws/build/global_map_ex -- -j8 -l8
[0.428s] [ 50%] [32mBuilding CXX object CMakeFiles/global_map_ex_node.dir/src/global_map_ex_node.cpp.o[0m
[12.450s] [01m[K/home/misha/Documents/ROS2_Gazebo_tutorials/navigation_ws/src/global_map_ex/src/global_map_ex_node.cpp:[m[K In member function ‘[01m[Kvoid GlobalMap::scanCallback(sensor_msgs::msg::LaserScan_<std::allocator<void> >::SharedPtr)[m[K’:
[12.450s] [01m[K/home/misha/Documents/ROS2_Gazebo_tutorials/navigation_ws/src/global_map_ex/src/global_map_ex_node.cpp:95:27:[m[K [01;35m[Kwarning: [m[Kcomparison of integer expressions of different signedness: ‘[01m[Kint[m[K’ and ‘[01m[Kstd::vector<float>::size_type[m[K’ {aka ‘[01m[Klong unsigned int[m[K’} [[01;35m[K]8;;https://gcc.gnu.org/onlinedocs/gcc/Warning-Options.html#index-Wsign-compare-Wsign-compare]8;;[m[K]
[12.451s]    95 |         for (int i = 0; [01;35m[Ki < msg->ranges.size()[m[K; ++i) {
[12.451s]       |                         [01;35m[K~~^~~~~~~~~~~~~~~~~~~~[m[K
[26.391s] [100%] [32m[1mLinking CXX executable global_map_ex_node[0m
[28.426s] [100%] Built target global_map_ex_node
[28.442s] Invoked command in '/home/misha/Documents/ROS2_Gazebo_tutorials/navigation_ws/build/global_map_ex' returned '0': CMAKE_PREFIX_PATH=${CMAKE_PREFIX_PATH}:/opt/ros/humble /usr/bin/cmake --build /home/misha/Documents/ROS2_Gazebo_tutorials/navigation_ws/build/global_map_ex -- -j8 -l8
[28.445s] Invoking command in '/home/misha/Documents/ROS2_Gazebo_tutorials/navigation_ws/build/global_map_ex': CMAKE_PREFIX_PATH=${CMAKE_PREFIX_PATH}:/opt/ros/humble /usr/bin/cmake --install /home/misha/Documents/ROS2_Gazebo_tutorials/navigation_ws/build/global_map_ex
[28.455s] -- Install configuration: ""
[28.456s] -- Installing: /home/misha/Documents/ROS2_Gazebo_tutorials/navigation_ws/install/global_map_ex/lib/global_map_ex/global_map_ex_node
[28.465s] -- Set runtime path of "/home/misha/Documents/ROS2_Gazebo_tutorials/navigation_ws/install/global_map_ex/lib/global_map_ex/global_map_ex_node" to ""
[28.465s] -- Up-to-date: /home/misha/Documents/ROS2_Gazebo_tutorials/navigation_ws/install/global_map_ex/share/global_map_ex/launch
[28.466s] -- Up-to-date: /home/misha/Documents/ROS2_Gazebo_tutorials/navigation_ws/install/global_map_ex/share/global_map_ex/launch/global_map_launch.py
[28.466s] -- Up-to-date: /home/misha/Documents/ROS2_Gazebo_tutorials/navigation_ws/install/global_map_ex/share/ament_index/resource_index/package_run_dependencies/global_map_ex
[28.466s] -- Up-to-date: /home/misha/Documents/ROS2_Gazebo_tutorials/navigation_ws/install/global_map_ex/share/ament_index/resource_index/parent_prefix_path/global_map_ex
[28.466s] -- Up-to-date: /home/misha/Documents/ROS2_Gazebo_tutorials/navigation_ws/install/global_map_ex/share/global_map_ex/environment/ament_prefix_path.sh
[28.466s] -- Up-to-date: /home/misha/Documents/ROS2_Gazebo_tutorials/navigation_ws/install/global_map_ex/share/global_map_ex/environment/ament_prefix_path.dsv
[28.467s] -- Up-to-date: /home/misha/Documents/ROS2_Gazebo_tutorials/navigation_ws/install/global_map_ex/share/global_map_ex/environment/path.sh
[28.467s] -- Up-to-date: /home/misha/Documents/ROS2_Gazebo_tutorials/navigation_ws/install/global_map_ex/share/global_map_ex/environment/path.dsv
[28.467s] -- Up-to-date: /home/misha/Documents/ROS2_Gazebo_tutorials/navigation_ws/install/global_map_ex/share/global_map_ex/local_setup.bash
[28.467s] -- Up-to-date: /home/misha/Documents/ROS2_Gazebo_tutorials/navigation_ws/install/global_map_ex/share/global_map_ex/local_setup.sh
[28.467s] -- Up-to-date: /home/misha/Documents/ROS2_Gazebo_tutorials/navigation_ws/install/global_map_ex/share/global_map_ex/local_setup.zsh
[28.467s] -- Up-to-date: /home/misha/Documents/ROS2_Gazebo_tutorials/navigation_ws/install/global_map_ex/share/global_map_ex/local_setup.dsv
[28.467s] -- Installing: /home/misha/Documents/ROS2_Gazebo_tutorials/navigation_ws/install/global_map_ex/share/global_map_ex/package.dsv
[28.468s] -- Up-to-date: /home/misha/Documents/ROS2_Gazebo_tutorials/navigation_ws/install/global_map_ex/share/ament_index/resource_index/packages/global_map_ex
[28.468s] -- Up-to-date: /home/misha/Documents/ROS2_Gazebo_tutorials/navigation_ws/install/global_map_ex/share/global_map_ex/cmake/global_map_exConfig.cmake
[28.468s] -- Up-to-date: /home/misha/Documents/ROS2_Gazebo_tutorials/navigation_ws/install/global_map_ex/share/global_map_ex/cmake/global_map_exConfig-version.cmake
[28.468s] -- Up-to-date: /home/misha/Documents/ROS2_Gazebo_tutorials/navigation_ws/install/global_map_ex/share/global_map_ex/package.xml
[28.470s] Invoked command in '/home/misha/Documents/ROS2_Gazebo_tutorials/navigation_ws/build/global_map_ex' returned '0': CMAKE_PREFIX_PATH=${CMAKE_PREFIX_PATH}:/opt/ros/humble /usr/bin/cmake --install /home/misha/Documents/ROS2_Gazebo_tutorials/navigation_ws/build/global_map_ex
