-- Found ament_cmake: 1.3.13 (/opt/ros/humble/share/ament_cmake/cmake)
-- Found rclcpp: 16.0.18 (/opt/ros/humble/share/rclcpp/cmake)
-- Found rosidl_generator_c: 3.1.8 (/opt/ros/humble/share/rosidl_generator_c/cmake)
-- Found rosidl_adapter: 3.1.8 (/opt/ros/humble/share/rosidl_adapter/cmake)
-- Found rosidl_generator_cpp: 3.1.8 (/opt/ros/humble/share/rosidl_generator_cpp/cmake)
-- Using all available rosidl_typesupport_c: rosidl_typesupport_fastrtps_c;rosidl_typesupport_introspection_c
-- Using all available rosidl_typesupport_cpp: rosidl_typesupport_fastrtps_cpp;rosidl_typesupport_introspection_cpp
-- Found rmw_implementation_cmake: 6.1.2 (/opt/ros/humble/share/rmw_implementation_cmake/cmake)
-- Found rmw_fastrtps_cpp: 6.2.10 (/opt/ros/humble/share/rmw_fastrtps_cpp/cmake)
-- Using RMW implementation 'rmw_fastrtps_cpp' as default
-- Found nav_msgs: 4.9.1 (/opt/ros/humble/share/nav_msgs/cmake)
-- Found sensor_msgs: 4.9.1 (/opt/ros/humble/share/sensor_msgs/cmake)
-- Found ament_lint_auto: 0.12.15 (/opt/ros/humble/share/ament_lint_auto/cmake)
-- Added test 'cppcheck' to perform static code analysis on C / C++ code
-- Configured cppcheck include dirs: 
-- Configured cppcheck exclude dirs and/or files: 
-- Added test 'lint_cmake' to check CMake code style
-- Added test 'uncrustify' to check C / C++ code style
-- Configured uncrustify additional arguments: 
-- Added test 'xmllint' to check XML markup files
-- Configuring done
-- Generating done
-- Build files have been written to: /home/misha/Documents/ROS2_Gazebo_tutorials/navigation_ws/build/robot_mapping
[35m[1mConsolidate compiler generated dependencies of target robot_mapping_node[0m
[ 50%] [32mBuilding CXX object CMakeFiles/robot_mapping_node.dir/src/robot_mapping_node.cpp.o[0m
[100%] [32m[1mLinking CXX executable robot_mapping_node[0m
[100%] Built target robot_mapping_node
-- Install configuration: ""
-- Installing: /home/misha/Documents/ROS2_Gazebo_tutorials/navigation_ws/install/robot_mapping/lib/robot_mapping/robot_mapping_node
-- Set runtime path of "/home/misha/Documents/ROS2_Gazebo_tutorials/navigation_ws/install/robot_mapping/lib/robot_mapping/robot_mapping_node" to ""
-- Up-to-date: /home/misha/Documents/ROS2_Gazebo_tutorials/navigation_ws/install/robot_mapping/share/ament_index/resource_index/package_run_dependencies/robot_mapping
-- Installing: /home/misha/Documents/ROS2_Gazebo_tutorials/navigation_ws/install/robot_mapping/share/ament_index/resource_index/parent_prefix_path/robot_mapping
-- Up-to-date: /home/misha/Documents/ROS2_Gazebo_tutorials/navigation_ws/install/robot_mapping/share/robot_mapping/environment/ament_prefix_path.sh
-- Installing: /home/misha/Documents/ROS2_Gazebo_tutorials/navigation_ws/install/robot_mapping/share/robot_mapping/environment/ament_prefix_path.dsv
-- Up-to-date: /home/misha/Documents/ROS2_Gazebo_tutorials/navigation_ws/install/robot_mapping/share/robot_mapping/environment/path.sh
-- Installing: /home/misha/Documents/ROS2_Gazebo_tutorials/navigation_ws/install/robot_mapping/share/robot_mapping/environment/path.dsv
-- Up-to-date: /home/misha/Documents/ROS2_Gazebo_tutorials/navigation_ws/install/robot_mapping/share/robot_mapping/local_setup.bash
-- Up-to-date: /home/misha/Documents/ROS2_Gazebo_tutorials/navigation_ws/install/robot_mapping/share/robot_mapping/local_setup.sh
-- Up-to-date: /home/misha/Documents/ROS2_Gazebo_tutorials/navigation_ws/install/robot_mapping/share/robot_mapping/local_setup.zsh
-- Installing: /home/misha/Documents/ROS2_Gazebo_tutorials/navigation_ws/install/robot_mapping/share/robot_mapping/local_setup.dsv
-- Installing: /home/misha/Documents/ROS2_Gazebo_tutorials/navigation_ws/install/robot_mapping/share/robot_mapping/package.dsv
-- Up-to-date: /home/misha/Documents/ROS2_Gazebo_tutorials/navigation_ws/install/robot_mapping/share/ament_index/resource_index/packages/robot_mapping
-- Up-to-date: /home/misha/Documents/ROS2_Gazebo_tutorials/navigation_ws/install/robot_mapping/share/robot_mapping/cmake/robot_mappingConfig.cmake
-- Up-to-date: /home/misha/Documents/ROS2_Gazebo_tutorials/navigation_ws/install/robot_mapping/share/robot_mapping/cmake/robot_mappingConfig-version.cmake
-- Installing: /home/misha/Documents/ROS2_Gazebo_tutorials/navigation_ws/install/robot_mapping/share/robot_mapping/package.xml
