[0.029s] Invoking command in '/home/misha/Documents/ROS2_Gazebo_tutorials/navigation_ws/build/robot_teleop': CMAKE_PREFIX_PATH=${CMAKE_PREFIX_PATH}:/opt/ros/humble /usr/bin/cmake /home/misha/Documents/ROS2_Gazebo_tutorials/navigation_ws/src/robot_teleop -DCMAKE_INSTALL_PREFIX=/home/misha/Documents/ROS2_Gazebo_tutorials/navigation_ws/install/robot_teleop
[0.050s] -- Found ament_cmake: 1.3.13 (/opt/ros/humble/share/ament_cmake/cmake)
[0.326s] -- Found rclcpp: 16.0.18 (/opt/ros/humble/share/rclcpp/cmake)
[0.409s] -- Found rosidl_generator_c: 3.1.8 (/opt/ros/humble/share/rosidl_generator_c/cmake)
[0.415s] -- Found rosidl_adapter: 3.1.8 (/opt/ros/humble/share/rosidl_adapter/cmake)
[0.433s] -- Found rosidl_generator_cpp: 3.1.8 (/opt/ros/humble/share/rosidl_generator_cpp/cmake)
[0.455s] -- Using all available rosidl_typesupport_c: rosidl_typesupport_fastrtps_c;rosidl_typesupport_introspection_c
[0.472s] -- Using all available rosidl_typesupport_cpp: rosidl_typesupport_fastrtps_cpp;rosidl_typesupport_introspection_cpp
[0.535s] -- Found rmw_implementation_cmake: 6.1.2 (/opt/ros/humble/share/rmw_implementation_cmake/cmake)
[0.537s] -- Found rmw_fastrtps_cpp: 6.2.10 (/opt/ros/humble/share/rmw_fastrtps_cpp/cmake)
[0.676s] -- Using RMW implementation 'rmw_fastrtps_cpp' as default
[0.742s] -- Found geometry_msgs: 4.9.1 (/opt/ros/humble/share/geometry_msgs/cmake)
[0.767s] -- Found ament_lint_auto: 0.12.15 (/opt/ros/humble/share/ament_lint_auto/cmake)
[0.858s] -- Added test 'cppcheck' to perform static code analysis on C / C++ code
[0.858s] -- Configured cppcheck include dirs: 
[0.858s] -- Configured cppcheck exclude dirs and/or files: 
[0.859s] -- Added test 'lint_cmake' to check CMake code style
[0.861s] -- Added test 'uncrustify' to check C / C++ code style
[0.861s] -- Configured uncrustify additional arguments: 
[0.861s] -- Added test 'xmllint' to check XML markup files
[0.864s] -- Configuring done
[0.882s] -- Generating done
[0.888s] -- Build files have been written to: /home/misha/Documents/ROS2_Gazebo_tutorials/navigation_ws/build/robot_teleop
[0.896s] Invoked command in '/home/misha/Documents/ROS2_Gazebo_tutorials/navigation_ws/build/robot_teleop' returned '0': CMAKE_PREFIX_PATH=${CMAKE_PREFIX_PATH}:/opt/ros/humble /usr/bin/cmake /home/misha/Documents/ROS2_Gazebo_tutorials/navigation_ws/src/robot_teleop -DCMAKE_INSTALL_PREFIX=/home/misha/Documents/ROS2_Gazebo_tutorials/navigation_ws/install/robot_teleop
[0.898s] Invoking command in '/home/misha/Documents/ROS2_Gazebo_tutorials/navigation_ws/build/robot_teleop': CMAKE_PREFIX_PATH=${CMAKE_PREFIX_PATH}:/opt/ros/humble /usr/bin/cmake --build /home/misha/Documents/ROS2_Gazebo_tutorials/navigation_ws/build/robot_teleop -- -j8 -l8
[0.945s] [35m[1mConsolidate compiler generated dependencies of target robot_teleop_node[0m
[0.968s] [100%] Built target robot_teleop_node
[0.980s] Invoked command in '/home/misha/Documents/ROS2_Gazebo_tutorials/navigation_ws/build/robot_teleop' returned '0': CMAKE_PREFIX_PATH=${CMAKE_PREFIX_PATH}:/opt/ros/humble /usr/bin/cmake --build /home/misha/Documents/ROS2_Gazebo_tutorials/navigation_ws/build/robot_teleop -- -j8 -l8
[0.982s] Invoking command in '/home/misha/Documents/ROS2_Gazebo_tutorials/navigation_ws/build/robot_teleop': CMAKE_PREFIX_PATH=${CMAKE_PREFIX_PATH}:/opt/ros/humble /usr/bin/cmake --install /home/misha/Documents/ROS2_Gazebo_tutorials/navigation_ws/build/robot_teleop
[0.990s] -- Install configuration: "Debug"
[0.991s] -- Up-to-date: /home/misha/Documents/ROS2_Gazebo_tutorials/navigation_ws/install/robot_teleop/lib/robot_teleop/robot_teleop_node
[0.991s] -- Up-to-date: /home/misha/Documents/ROS2_Gazebo_tutorials/navigation_ws/install/robot_teleop/share/ament_index/resource_index/package_run_dependencies/robot_teleop
[0.991s] -- Up-to-date: /home/misha/Documents/ROS2_Gazebo_tutorials/navigation_ws/install/robot_teleop/share/ament_index/resource_index/parent_prefix_path/robot_teleop
[0.992s] -- Up-to-date: /home/misha/Documents/ROS2_Gazebo_tutorials/navigation_ws/install/robot_teleop/share/robot_teleop/environment/ament_prefix_path.sh
[0.992s] -- Installing: /home/misha/Documents/ROS2_Gazebo_tutorials/navigation_ws/install/robot_teleop/share/robot_teleop/environment/ament_prefix_path.dsv
[0.992s] -- Up-to-date: /home/misha/Documents/ROS2_Gazebo_tutorials/navigation_ws/install/robot_teleop/share/robot_teleop/environment/path.sh
[0.992s] -- Installing: /home/misha/Documents/ROS2_Gazebo_tutorials/navigation_ws/install/robot_teleop/share/robot_teleop/environment/path.dsv
[0.992s] -- Up-to-date: /home/misha/Documents/ROS2_Gazebo_tutorials/navigation_ws/install/robot_teleop/share/robot_teleop/local_setup.bash
[0.992s] -- Up-to-date: /home/misha/Documents/ROS2_Gazebo_tutorials/navigation_ws/install/robot_teleop/share/robot_teleop/local_setup.sh
[0.993s] -- Up-to-date: /home/misha/Documents/ROS2_Gazebo_tutorials/navigation_ws/install/robot_teleop/share/robot_teleop/local_setup.zsh
[0.993s] -- Installing: /home/misha/Documents/ROS2_Gazebo_tutorials/navigation_ws/install/robot_teleop/share/robot_teleop/local_setup.dsv
[0.993s] -- Installing: /home/misha/Documents/ROS2_Gazebo_tutorials/navigation_ws/install/robot_teleop/share/robot_teleop/package.dsv
[0.993s] -- Up-to-date: /home/misha/Documents/ROS2_Gazebo_tutorials/navigation_ws/install/robot_teleop/share/ament_index/resource_index/packages/robot_teleop
[0.993s] -- Up-to-date: /home/misha/Documents/ROS2_Gazebo_tutorials/navigation_ws/install/robot_teleop/share/robot_teleop/cmake/robot_teleopConfig.cmake
[0.994s] -- Up-to-date: /home/misha/Documents/ROS2_Gazebo_tutorials/navigation_ws/install/robot_teleop/share/robot_teleop/cmake/robot_teleopConfig-version.cmake
[0.994s] -- Up-to-date: /home/misha/Documents/ROS2_Gazebo_tutorials/navigation_ws/install/robot_teleop/share/robot_teleop/package.xml
[0.996s] Invoked command in '/home/misha/Documents/ROS2_Gazebo_tutorials/navigation_ws/build/robot_teleop' returned '0': CMAKE_PREFIX_PATH=${CMAKE_PREFIX_PATH}:/opt/ros/humble /usr/bin/cmake --install /home/misha/Documents/ROS2_Gazebo_tutorials/navigation_ws/build/robot_teleop
