[0.118s] DEBUG:colcon:Command line arguments: ['/usr/bin/colcon', 'build', '--event-handlers', 'status+', 'console_start_end+', '--cmake-args', '-DCMAKE_BUILD_TYPE=Debug']
[0.118s] DEBUG:colcon:Parsed command line arguments: Namespace(log_base=None, log_level=None, verb_name='build', build_base='build', install_base='install', merge_install=False, symlink_install=False, test_result_base=None, continue_on_error=False, executor='parallel', parallel_workers=8, event_handlers=['status+', 'console_start_end+'], ignore_user_meta=False, metas=['./colcon.meta'], base_paths=['.'], packages_ignore=None, packages_ignore_regex=None, paths=None, packages_up_to=None, packages_up_to_regex=None, packages_above=None, packages_above_and_dependencies=None, packages_above_depth=None, packages_select_by_dep=None, packages_skip_by_dep=None, packages_skip_up_to=None, packages_select_build_failed=False, packages_skip_build_finished=False, packages_select_test_failures=False, packages_skip_test_passed=False, packages_select=None, packages_skip=None, packages_select_regex=None, packages_skip_regex=None, packages_start=None, packages_end=None, allow_overriding=[], cmake_args=['-DCMAKE_BUILD_TYPE=Debug'], cmake_target=None, cmake_target_skip_unavailable=False, cmake_clean_cache=False, cmake_clean_first=False, cmake_force_configure=False, ament_cmake_args=None, catkin_cmake_args=None, catkin_skip_building_tests=False, mixin_files=None, mixin=None, verb_parser=<colcon_mixin.mixin.mixin_argument.MixinArgumentDecorator object at 0x7fe4d84492d0>, verb_extension=<colcon_core.verb.build.BuildVerb object at 0x7fe4d8448bb0>, main=<bound method BuildVerb.main of <colcon_core.verb.build.BuildVerb object at 0x7fe4d8448bb0>>, mixin_verb=('build',))
[0.308s] Level 1:colcon.colcon_core.package_discovery:discover_packages(colcon_meta) check parameters
[0.308s] Level 1:colcon.colcon_core.package_discovery:discover_packages(recursive) check parameters
[0.308s] Level 1:colcon.colcon_core.package_discovery:discover_packages(ignore) check parameters
[0.309s] Level 1:colcon.colcon_core.package_discovery:discover_packages(path) check parameters
[0.309s] Level 1:colcon.colcon_core.package_discovery:discover_packages(colcon_meta) discover
[0.309s] Level 1:colcon.colcon_core.package_discovery:discover_packages(recursive) discover
[0.309s] INFO:colcon.colcon_core.package_discovery:Crawling recursively for packages in '/home/misha/Documents/ROS2_Gazebo_tutorials/navigation_ws'
[0.309s] Level 1:colcon.colcon_core.package_identification:_identify(.) by extensions ['ignore', 'ignore_ament_install']
[0.309s] Level 1:colcon.colcon_core.package_identification:_identify(.) by extension 'ignore'
[0.309s] Level 1:colcon.colcon_core.package_identification:_identify(.) by extension 'ignore_ament_install'
[0.309s] Level 1:colcon.colcon_core.package_identification:_identify(.) by extensions ['colcon_pkg']
[0.309s] Level 1:colcon.colcon_core.package_identification:_identify(.) by extension 'colcon_pkg'
[0.309s] Level 1:colcon.colcon_core.package_identification:_identify(.) by extensions ['colcon_meta']
[0.309s] Level 1:colcon.colcon_core.package_identification:_identify(.) by extension 'colcon_meta'
[0.309s] Level 1:colcon.colcon_core.package_identification:_identify(.) by extensions ['ros']
[0.309s] Level 1:colcon.colcon_core.package_identification:_identify(.) by extension 'ros'
[0.321s] Level 1:colcon.colcon_core.package_identification:_identify(.) by extensions ['cmake', 'python']
[0.321s] Level 1:colcon.colcon_core.package_identification:_identify(.) by extension 'cmake'
[0.321s] Level 1:colcon.colcon_core.package_identification:_identify(.) by extension 'python'
[0.321s] Level 1:colcon.colcon_core.package_identification:_identify(.) by extensions ['python_setup_py']
[0.321s] Level 1:colcon.colcon_core.package_identification:_identify(.) by extension 'python_setup_py'
[0.321s] Level 1:colcon.colcon_core.package_identification:_identify(build) by extensions ['ignore', 'ignore_ament_install']
[0.321s] Level 1:colcon.colcon_core.package_identification:_identify(build) by extension 'ignore'
[0.321s] Level 1:colcon.colcon_core.package_identification:_identify(build) ignored
[0.321s] Level 1:colcon.colcon_core.package_identification:_identify(install) by extensions ['ignore', 'ignore_ament_install']
[0.321s] Level 1:colcon.colcon_core.package_identification:_identify(install) by extension 'ignore'
[0.321s] Level 1:colcon.colcon_core.package_identification:_identify(install) ignored
[0.322s] Level 1:colcon.colcon_core.package_identification:_identify(launch) by extensions ['ignore', 'ignore_ament_install']
[0.322s] Level 1:colcon.colcon_core.package_identification:_identify(launch) by extension 'ignore'
[0.322s] Level 1:colcon.colcon_core.package_identification:_identify(launch) by extension 'ignore_ament_install'
[0.322s] Level 1:colcon.colcon_core.package_identification:_identify(launch) by extensions ['colcon_pkg']
[0.322s] Level 1:colcon.colcon_core.package_identification:_identify(launch) by extension 'colcon_pkg'
[0.322s] Level 1:colcon.colcon_core.package_identification:_identify(launch) by extensions ['colcon_meta']
[0.322s] Level 1:colcon.colcon_core.package_identification:_identify(launch) by extension 'colcon_meta'
[0.322s] Level 1:colcon.colcon_core.package_identification:_identify(launch) by extensions ['ros']
[0.322s] Level 1:colcon.colcon_core.package_identification:_identify(launch) by extension 'ros'
[0.322s] Level 1:colcon.colcon_core.package_identification:_identify(launch) by extensions ['cmake', 'python']
[0.322s] Level 1:colcon.colcon_core.package_identification:_identify(launch) by extension 'cmake'
[0.322s] Level 1:colcon.colcon_core.package_identification:_identify(launch) by extension 'python'
[0.322s] Level 1:colcon.colcon_core.package_identification:_identify(launch) by extensions ['python_setup_py']
[0.322s] Level 1:colcon.colcon_core.package_identification:_identify(launch) by extension 'python_setup_py'
[0.322s] Level 1:colcon.colcon_core.package_identification:_identify(log) by extensions ['ignore', 'ignore_ament_install']
[0.322s] Level 1:colcon.colcon_core.package_identification:_identify(log) by extension 'ignore'
[0.322s] Level 1:colcon.colcon_core.package_identification:_identify(log) ignored
[0.323s] Level 1:colcon.colcon_core.package_identification:_identify(src) by extensions ['ignore', 'ignore_ament_install']
[0.323s] Level 1:colcon.colcon_core.package_identification:_identify(src) by extension 'ignore'
[0.323s] Level 1:colcon.colcon_core.package_identification:_identify(src) by extension 'ignore_ament_install'
[0.323s] Level 1:colcon.colcon_core.package_identification:_identify(src) by extensions ['colcon_pkg']
[0.323s] Level 1:colcon.colcon_core.package_identification:_identify(src) by extension 'colcon_pkg'
[0.323s] Level 1:colcon.colcon_core.package_identification:_identify(src) by extensions ['colcon_meta']
[0.323s] Level 1:colcon.colcon_core.package_identification:_identify(src) by extension 'colcon_meta'
[0.323s] Level 1:colcon.colcon_core.package_identification:_identify(src) by extensions ['ros']
[0.323s] Level 1:colcon.colcon_core.package_identification:_identify(src) by extension 'ros'
[0.323s] Level 1:colcon.colcon_core.package_identification:_identify(src) by extensions ['cmake', 'python']
[0.323s] Level 1:colcon.colcon_core.package_identification:_identify(src) by extension 'cmake'
[0.323s] Level 1:colcon.colcon_core.package_identification:_identify(src) by extension 'python'
[0.323s] Level 1:colcon.colcon_core.package_identification:_identify(src) by extensions ['python_setup_py']
[0.323s] Level 1:colcon.colcon_core.package_identification:_identify(src) by extension 'python_setup_py'
[0.323s] Level 1:colcon.colcon_core.package_identification:_identify(src/my_robot_bringup) by extensions ['ignore', 'ignore_ament_install']
[0.323s] Level 1:colcon.colcon_core.package_identification:_identify(src/my_robot_bringup) by extension 'ignore'
[0.323s] Level 1:colcon.colcon_core.package_identification:_identify(src/my_robot_bringup) by extension 'ignore_ament_install'
[0.324s] Level 1:colcon.colcon_core.package_identification:_identify(src/my_robot_bringup) by extensions ['colcon_pkg']
[0.324s] Level 1:colcon.colcon_core.package_identification:_identify(src/my_robot_bringup) by extension 'colcon_pkg'
[0.324s] Level 1:colcon.colcon_core.package_identification:_identify(src/my_robot_bringup) by extensions ['colcon_meta']
[0.324s] Level 1:colcon.colcon_core.package_identification:_identify(src/my_robot_bringup) by extension 'colcon_meta'
[0.324s] Level 1:colcon.colcon_core.package_identification:_identify(src/my_robot_bringup) by extensions ['ros']
[0.324s] Level 1:colcon.colcon_core.package_identification:_identify(src/my_robot_bringup) by extension 'ros'
[0.326s] DEBUG:colcon.colcon_core.package_identification:Package 'src/my_robot_bringup' with type 'ros.ament_cmake' and name 'my_robot_bringup'
[0.326s] Level 1:colcon.colcon_core.package_identification:_identify(src/robot_odometry) by extensions ['ignore', 'ignore_ament_install']
[0.326s] Level 1:colcon.colcon_core.package_identification:_identify(src/robot_odometry) by extension 'ignore'
[0.326s] Level 1:colcon.colcon_core.package_identification:_identify(src/robot_odometry) by extension 'ignore_ament_install'
[0.326s] Level 1:colcon.colcon_core.package_identification:_identify(src/robot_odometry) by extensions ['colcon_pkg']
[0.326s] Level 1:colcon.colcon_core.package_identification:_identify(src/robot_odometry) by extension 'colcon_pkg'
[0.327s] Level 1:colcon.colcon_core.package_identification:_identify(src/robot_odometry) by extensions ['colcon_meta']
[0.327s] Level 1:colcon.colcon_core.package_identification:_identify(src/robot_odometry) by extension 'colcon_meta'
[0.327s] Level 1:colcon.colcon_core.package_identification:_identify(src/robot_odometry) by extensions ['ros']
[0.327s] Level 1:colcon.colcon_core.package_identification:_identify(src/robot_odometry) by extension 'ros'
[0.327s] DEBUG:colcon.colcon_core.package_identification:Package 'src/robot_odometry' with type 'ros.ament_cmake' and name 'robot_odometry'
[0.327s] Level 1:colcon.colcon_core.package_identification:_identify(src/robot_teleop) by extensions ['ignore', 'ignore_ament_install']
[0.327s] Level 1:colcon.colcon_core.package_identification:_identify(src/robot_teleop) by extension 'ignore'
[0.327s] Level 1:colcon.colcon_core.package_identification:_identify(src/robot_teleop) by extension 'ignore_ament_install'
[0.328s] Level 1:colcon.colcon_core.package_identification:_identify(src/robot_teleop) by extensions ['colcon_pkg']
[0.328s] Level 1:colcon.colcon_core.package_identification:_identify(src/robot_teleop) by extension 'colcon_pkg'
[0.328s] Level 1:colcon.colcon_core.package_identification:_identify(src/robot_teleop) by extensions ['colcon_meta']
[0.328s] Level 1:colcon.colcon_core.package_identification:_identify(src/robot_teleop) by extension 'colcon_meta'
[0.328s] Level 1:colcon.colcon_core.package_identification:_identify(src/robot_teleop) by extensions ['ros']
[0.328s] Level 1:colcon.colcon_core.package_identification:_identify(src/robot_teleop) by extension 'ros'
[0.328s] DEBUG:colcon.colcon_core.package_identification:Package 'src/robot_teleop' with type 'ros.ament_cmake' and name 'robot_teleop'
[0.328s] Level 1:colcon.colcon_core.package_identification:_identify(src/robot_world) by extensions ['ignore', 'ignore_ament_install']
[0.329s] Level 1:colcon.colcon_core.package_identification:_identify(src/robot_world) by extension 'ignore'
[0.329s] Level 1:colcon.colcon_core.package_identification:_identify(src/robot_world) by extension 'ignore_ament_install'
[0.329s] Level 1:colcon.colcon_core.package_identification:_identify(src/robot_world) by extensions ['colcon_pkg']
[0.329s] Level 1:colcon.colcon_core.package_identification:_identify(src/robot_world) by extension 'colcon_pkg'
[0.329s] Level 1:colcon.colcon_core.package_identification:_identify(src/robot_world) by extensions ['colcon_meta']
[0.329s] Level 1:colcon.colcon_core.package_identification:_identify(src/robot_world) by extension 'colcon_meta'
[0.329s] Level 1:colcon.colcon_core.package_identification:_identify(src/robot_world) by extensions ['ros']
[0.329s] Level 1:colcon.colcon_core.package_identification:_identify(src/robot_world) by extension 'ros'
[0.329s] DEBUG:colcon.colcon_core.package_identification:Package 'src/robot_world' with type 'ros.ament_cmake' and name 'robot_world'
[0.329s] Level 1:colcon.colcon_core.package_identification:_identify(src/test_robot_plugin) by extensions ['ignore', 'ignore_ament_install']
[0.330s] Level 1:colcon.colcon_core.package_identification:_identify(src/test_robot_plugin) by extension 'ignore'
[0.330s] Level 1:colcon.colcon_core.package_identification:_identify(src/test_robot_plugin) by extension 'ignore_ament_install'
[0.330s] Level 1:colcon.colcon_core.package_identification:_identify(src/test_robot_plugin) by extensions ['colcon_pkg']
[0.330s] Level 1:colcon.colcon_core.package_identification:_identify(src/test_robot_plugin) by extension 'colcon_pkg'
[0.330s] Level 1:colcon.colcon_core.package_identification:_identify(src/test_robot_plugin) by extensions ['colcon_meta']
[0.330s] Level 1:colcon.colcon_core.package_identification:_identify(src/test_robot_plugin) by extension 'colcon_meta'
[0.330s] Level 1:colcon.colcon_core.package_identification:_identify(src/test_robot_plugin) by extensions ['ros']
[0.330s] Level 1:colcon.colcon_core.package_identification:_identify(src/test_robot_plugin) by extension 'ros'
[0.330s] DEBUG:colcon.colcon_core.package_identification:Package 'src/test_robot_plugin' with type 'ros.ament_cmake' and name 'test_robot_plugin'
[0.330s] Level 1:colcon.colcon_core.package_discovery:discover_packages(recursive) using defaults
[0.331s] Level 1:colcon.colcon_core.package_discovery:discover_packages(ignore) discover
[0.331s] Level 1:colcon.colcon_core.package_discovery:discover_packages(ignore) using defaults
[0.331s] Level 1:colcon.colcon_core.package_discovery:discover_packages(path) discover
[0.331s] Level 1:colcon.colcon_core.package_discovery:discover_packages(path) using defaults
[0.366s] Level 1:colcon.colcon_core.package_discovery:discover_packages(prefix_path) check parameters
[0.366s] Level 1:colcon.colcon_core.package_discovery:discover_packages(prefix_path) discover
[0.369s] DEBUG:colcon.colcon_installed_package_information.package_discovery:Found 5 installed packages in /home/misha/Documents/ROS2_Gazebo_tutorials/navigation_ws/install
[0.370s] DEBUG:colcon.colcon_installed_package_information.package_discovery:Found 275 installed packages in /opt/ros/humble
[0.372s] Level 1:colcon.colcon_core.package_discovery:discover_packages(prefix_path) using defaults
[0.415s] Level 5:colcon.colcon_core.verb:set package 'my_robot_bringup' build argument 'cmake_args' from command line to '['-DCMAKE_BUILD_TYPE=Debug']'
[0.415s] Level 5:colcon.colcon_core.verb:set package 'my_robot_bringup' build argument 'cmake_target' from command line to 'None'
[0.415s] Level 5:colcon.colcon_core.verb:set package 'my_robot_bringup' build argument 'cmake_target_skip_unavailable' from command line to 'False'
[0.415s] Level 5:colcon.colcon_core.verb:set package 'my_robot_bringup' build argument 'cmake_clean_cache' from command line to 'False'
[0.415s] Level 5:colcon.colcon_core.verb:set package 'my_robot_bringup' build argument 'cmake_clean_first' from command line to 'False'
[0.415s] Level 5:colcon.colcon_core.verb:set package 'my_robot_bringup' build argument 'cmake_force_configure' from command line to 'False'
[0.416s] Level 5:colcon.colcon_core.verb:set package 'my_robot_bringup' build argument 'ament_cmake_args' from command line to 'None'
[0.416s] Level 5:colcon.colcon_core.verb:set package 'my_robot_bringup' build argument 'catkin_cmake_args' from command line to 'None'
[0.416s] Level 5:colcon.colcon_core.verb:set package 'my_robot_bringup' build argument 'catkin_skip_building_tests' from command line to 'False'
[0.416s] DEBUG:colcon.colcon_core.verb:Building package 'my_robot_bringup' with the following arguments: {'ament_cmake_args': None, 'build_base': '/home/misha/Documents/ROS2_Gazebo_tutorials/navigation_ws/build/my_robot_bringup', 'catkin_cmake_args': None, 'catkin_skip_building_tests': False, 'cmake_args': ['-DCMAKE_BUILD_TYPE=Debug'], 'cmake_clean_cache': False, 'cmake_clean_first': False, 'cmake_force_configure': False, 'cmake_target': None, 'cmake_target_skip_unavailable': False, 'install_base': '/home/misha/Documents/ROS2_Gazebo_tutorials/navigation_ws/install/my_robot_bringup', 'merge_install': False, 'path': '/home/misha/Documents/ROS2_Gazebo_tutorials/navigation_ws/src/my_robot_bringup', 'symlink_install': False, 'test_result_base': None}
[0.416s] Level 5:colcon.colcon_core.verb:set package 'robot_odometry' build argument 'cmake_args' from command line to '['-DCMAKE_BUILD_TYPE=Debug']'
[0.416s] Level 5:colcon.colcon_core.verb:set package 'robot_odometry' build argument 'cmake_target' from command line to 'None'
[0.416s] Level 5:colcon.colcon_core.verb:set package 'robot_odometry' build argument 'cmake_target_skip_unavailable' from command line to 'False'
[0.416s] Level 5:colcon.colcon_core.verb:set package 'robot_odometry' build argument 'cmake_clean_cache' from command line to 'False'
[0.416s] Level 5:colcon.colcon_core.verb:set package 'robot_odometry' build argument 'cmake_clean_first' from command line to 'False'
[0.416s] Level 5:colcon.colcon_core.verb:set package 'robot_odometry' build argument 'cmake_force_configure' from command line to 'False'
[0.416s] Level 5:colcon.colcon_core.verb:set package 'robot_odometry' build argument 'ament_cmake_args' from command line to 'None'
[0.416s] Level 5:colcon.colcon_core.verb:set package 'robot_odometry' build argument 'catkin_cmake_args' from command line to 'None'
[0.416s] Level 5:colcon.colcon_core.verb:set package 'robot_odometry' build argument 'catkin_skip_building_tests' from command line to 'False'
[0.416s] DEBUG:colcon.colcon_core.verb:Building package 'robot_odometry' with the following arguments: {'ament_cmake_args': None, 'build_base': '/home/misha/Documents/ROS2_Gazebo_tutorials/navigation_ws/build/robot_odometry', 'catkin_cmake_args': None, 'catkin_skip_building_tests': False, 'cmake_args': ['-DCMAKE_BUILD_TYPE=Debug'], 'cmake_clean_cache': False, 'cmake_clean_first': False, 'cmake_force_configure': False, 'cmake_target': None, 'cmake_target_skip_unavailable': False, 'install_base': '/home/misha/Documents/ROS2_Gazebo_tutorials/navigation_ws/install/robot_odometry', 'merge_install': False, 'path': '/home/misha/Documents/ROS2_Gazebo_tutorials/navigation_ws/src/robot_odometry', 'symlink_install': False, 'test_result_base': None}
[0.417s] Level 5:colcon.colcon_core.verb:set package 'robot_teleop' build argument 'cmake_args' from command line to '['-DCMAKE_BUILD_TYPE=Debug']'
[0.417s] Level 5:colcon.colcon_core.verb:set package 'robot_teleop' build argument 'cmake_target' from command line to 'None'
[0.417s] Level 5:colcon.colcon_core.verb:set package 'robot_teleop' build argument 'cmake_target_skip_unavailable' from command line to 'False'
[0.417s] Level 5:colcon.colcon_core.verb:set package 'robot_teleop' build argument 'cmake_clean_cache' from command line to 'False'
[0.417s] Level 5:colcon.colcon_core.verb:set package 'robot_teleop' build argument 'cmake_clean_first' from command line to 'False'
[0.417s] Level 5:colcon.colcon_core.verb:set package 'robot_teleop' build argument 'cmake_force_configure' from command line to 'False'
[0.417s] Level 5:colcon.colcon_core.verb:set package 'robot_teleop' build argument 'ament_cmake_args' from command line to 'None'
[0.417s] Level 5:colcon.colcon_core.verb:set package 'robot_teleop' build argument 'catkin_cmake_args' from command line to 'None'
[0.417s] Level 5:colcon.colcon_core.verb:set package 'robot_teleop' build argument 'catkin_skip_building_tests' from command line to 'False'
[0.417s] DEBUG:colcon.colcon_core.verb:Building package 'robot_teleop' with the following arguments: {'ament_cmake_args': None, 'build_base': '/home/misha/Documents/ROS2_Gazebo_tutorials/navigation_ws/build/robot_teleop', 'catkin_cmake_args': None, 'catkin_skip_building_tests': False, 'cmake_args': ['-DCMAKE_BUILD_TYPE=Debug'], 'cmake_clean_cache': False, 'cmake_clean_first': False, 'cmake_force_configure': False, 'cmake_target': None, 'cmake_target_skip_unavailable': False, 'install_base': '/home/misha/Documents/ROS2_Gazebo_tutorials/navigation_ws/install/robot_teleop', 'merge_install': False, 'path': '/home/misha/Documents/ROS2_Gazebo_tutorials/navigation_ws/src/robot_teleop', 'symlink_install': False, 'test_result_base': None}
[0.417s] Level 5:colcon.colcon_core.verb:set package 'robot_world' build argument 'cmake_args' from command line to '['-DCMAKE_BUILD_TYPE=Debug']'
[0.417s] Level 5:colcon.colcon_core.verb:set package 'robot_world' build argument 'cmake_target' from command line to 'None'
[0.417s] Level 5:colcon.colcon_core.verb:set package 'robot_world' build argument 'cmake_target_skip_unavailable' from command line to 'False'
[0.417s] Level 5:colcon.colcon_core.verb:set package 'robot_world' build argument 'cmake_clean_cache' from command line to 'False'
[0.417s] Level 5:colcon.colcon_core.verb:set package 'robot_world' build argument 'cmake_clean_first' from command line to 'False'
[0.417s] Level 5:colcon.colcon_core.verb:set package 'robot_world' build argument 'cmake_force_configure' from command line to 'False'
[0.417s] Level 5:colcon.colcon_core.verb:set package 'robot_world' build argument 'ament_cmake_args' from command line to 'None'
[0.418s] Level 5:colcon.colcon_core.verb:set package 'robot_world' build argument 'catkin_cmake_args' from command line to 'None'
[0.418s] Level 5:colcon.colcon_core.verb:set package 'robot_world' build argument 'catkin_skip_building_tests' from command line to 'False'
[0.418s] DEBUG:colcon.colcon_core.verb:Building package 'robot_world' with the following arguments: {'ament_cmake_args': None, 'build_base': '/home/misha/Documents/ROS2_Gazebo_tutorials/navigation_ws/build/robot_world', 'catkin_cmake_args': None, 'catkin_skip_building_tests': False, 'cmake_args': ['-DCMAKE_BUILD_TYPE=Debug'], 'cmake_clean_cache': False, 'cmake_clean_first': False, 'cmake_force_configure': False, 'cmake_target': None, 'cmake_target_skip_unavailable': False, 'install_base': '/home/misha/Documents/ROS2_Gazebo_tutorials/navigation_ws/install/robot_world', 'merge_install': False, 'path': '/home/misha/Documents/ROS2_Gazebo_tutorials/navigation_ws/src/robot_world', 'symlink_install': False, 'test_result_base': None}
[0.418s] Level 5:colcon.colcon_core.verb:set package 'test_robot_plugin' build argument 'cmake_args' from command line to '['-DCMAKE_BUILD_TYPE=Debug']'
[0.418s] Level 5:colcon.colcon_core.verb:set package 'test_robot_plugin' build argument 'cmake_target' from command line to 'None'
[0.418s] Level 5:colcon.colcon_core.verb:set package 'test_robot_plugin' build argument 'cmake_target_skip_unavailable' from command line to 'False'
[0.418s] Level 5:colcon.colcon_core.verb:set package 'test_robot_plugin' build argument 'cmake_clean_cache' from command line to 'False'
[0.418s] Level 5:colcon.colcon_core.verb:set package 'test_robot_plugin' build argument 'cmake_clean_first' from command line to 'False'
[0.418s] Level 5:colcon.colcon_core.verb:set package 'test_robot_plugin' build argument 'cmake_force_configure' from command line to 'False'
[0.418s] Level 5:colcon.colcon_core.verb:set package 'test_robot_plugin' build argument 'ament_cmake_args' from command line to 'None'
[0.418s] Level 5:colcon.colcon_core.verb:set package 'test_robot_plugin' build argument 'catkin_cmake_args' from command line to 'None'
[0.418s] Level 5:colcon.colcon_core.verb:set package 'test_robot_plugin' build argument 'catkin_skip_building_tests' from command line to 'False'
[0.418s] DEBUG:colcon.colcon_core.verb:Building package 'test_robot_plugin' with the following arguments: {'ament_cmake_args': None, 'build_base': '/home/misha/Documents/ROS2_Gazebo_tutorials/navigation_ws/build/test_robot_plugin', 'catkin_cmake_args': None, 'catkin_skip_building_tests': False, 'cmake_args': ['-DCMAKE_BUILD_TYPE=Debug'], 'cmake_clean_cache': False, 'cmake_clean_first': False, 'cmake_force_configure': False, 'cmake_target': None, 'cmake_target_skip_unavailable': False, 'install_base': '/home/misha/Documents/ROS2_Gazebo_tutorials/navigation_ws/install/test_robot_plugin', 'merge_install': False, 'path': '/home/misha/Documents/ROS2_Gazebo_tutorials/navigation_ws/src/test_robot_plugin', 'symlink_install': False, 'test_result_base': None}
[0.418s] INFO:colcon.colcon_core.executor:Executing jobs using 'parallel' executor
[0.419s] DEBUG:colcon.colcon_parallel_executor.executor.parallel:run_until_complete
[0.420s] INFO:colcon.colcon_ros.task.ament_cmake.build:Building ROS package in '/home/misha/Documents/ROS2_Gazebo_tutorials/navigation_ws/src/my_robot_bringup' with build type 'ament_cmake'
[0.420s] INFO:colcon.colcon_cmake.task.cmake.build:Building CMake package in '/home/misha/Documents/ROS2_Gazebo_tutorials/navigation_ws/src/my_robot_bringup'
[0.422s] INFO:colcon.colcon_core.plugin_system:Skipping extension 'colcon_core.shell.bat': Not used on non-Windows systems
[0.422s] INFO:colcon.colcon_core.shell:Skip shell extension 'powershell' for command environment: Not usable outside of PowerShell
[0.422s] DEBUG:colcon.colcon_core.shell:Skip shell extension 'dsv' for command environment
[0.426s] INFO:colcon.colcon_ros.task.ament_cmake.build:Building ROS package in '/home/misha/Documents/ROS2_Gazebo_tutorials/navigation_ws/src/robot_odometry' with build type 'ament_cmake'
[0.426s] INFO:colcon.colcon_cmake.task.cmake.build:Building CMake package in '/home/misha/Documents/ROS2_Gazebo_tutorials/navigation_ws/src/robot_odometry'
[0.426s] INFO:colcon.colcon_core.shell:Skip shell extension 'powershell' for command environment: Not usable outside of PowerShell
[0.426s] DEBUG:colcon.colcon_core.shell:Skip shell extension 'dsv' for command environment
[0.430s] INFO:colcon.colcon_ros.task.ament_cmake.build:Building ROS package in '/home/misha/Documents/ROS2_Gazebo_tutorials/navigation_ws/src/robot_teleop' with build type 'ament_cmake'
[0.430s] INFO:colcon.colcon_cmake.task.cmake.build:Building CMake package in '/home/misha/Documents/ROS2_Gazebo_tutorials/navigation_ws/src/robot_teleop'
[0.430s] INFO:colcon.colcon_core.shell:Skip shell extension 'powershell' for command environment: Not usable outside of PowerShell
[0.430s] DEBUG:colcon.colcon_core.shell:Skip shell extension 'dsv' for command environment
[0.433s] INFO:colcon.colcon_ros.task.ament_cmake.build:Building ROS package in '/home/misha/Documents/ROS2_Gazebo_tutorials/navigation_ws/src/robot_world' with build type 'ament_cmake'
[0.434s] INFO:colcon.colcon_cmake.task.cmake.build:Building CMake package in '/home/misha/Documents/ROS2_Gazebo_tutorials/navigation_ws/src/robot_world'
[0.434s] INFO:colcon.colcon_core.shell:Skip shell extension 'powershell' for command environment: Not usable outside of PowerShell
[0.434s] DEBUG:colcon.colcon_core.shell:Skip shell extension 'dsv' for command environment
[0.438s] INFO:colcon.colcon_ros.task.ament_cmake.build:Building ROS package in '/home/misha/Documents/ROS2_Gazebo_tutorials/navigation_ws/src/test_robot_plugin' with build type 'ament_cmake'
[0.438s] INFO:colcon.colcon_cmake.task.cmake.build:Building CMake package in '/home/misha/Documents/ROS2_Gazebo_tutorials/navigation_ws/src/test_robot_plugin'
[0.439s] INFO:colcon.colcon_core.shell:Skip shell extension 'powershell' for command environment: Not usable outside of PowerShell
[0.439s] DEBUG:colcon.colcon_core.shell:Skip shell extension 'dsv' for command environment
[0.446s] DEBUG:colcon.colcon_core.event_handler.log_command:Invoking command in '/home/misha/Documents/ROS2_Gazebo_tutorials/navigation_ws/build/my_robot_bringup': CMAKE_PREFIX_PATH=${CMAKE_PREFIX_PATH}:/opt/ros/humble /usr/bin/cmake --build /home/misha/Documents/ROS2_Gazebo_tutorials/navigation_ws/build/my_robot_bringup -- -j8 -l8
[0.450s] DEBUG:colcon.colcon_core.event_handler.log_command:Invoking command in '/home/misha/Documents/ROS2_Gazebo_tutorials/navigation_ws/build/robot_odometry': CMAKE_PREFIX_PATH=${CMAKE_PREFIX_PATH}:/opt/ros/humble /usr/bin/cmake --build /home/misha/Documents/ROS2_Gazebo_tutorials/navigation_ws/build/robot_odometry -- -j8 -l8
[0.452s] DEBUG:colcon.colcon_core.event_handler.log_command:Invoking command in '/home/misha/Documents/ROS2_Gazebo_tutorials/navigation_ws/build/robot_teleop': CMAKE_PREFIX_PATH=${CMAKE_PREFIX_PATH}:/opt/ros/humble /usr/bin/cmake --build /home/misha/Documents/ROS2_Gazebo_tutorials/navigation_ws/build/robot_teleop -- -j8 -l8
[0.456s] DEBUG:colcon.colcon_core.event_handler.log_command:Invoking command in '/home/misha/Documents/ROS2_Gazebo_tutorials/navigation_ws/build/robot_world': CMAKE_PREFIX_PATH=${CMAKE_PREFIX_PATH}:/opt/ros/humble /usr/bin/cmake --build /home/misha/Documents/ROS2_Gazebo_tutorials/navigation_ws/build/robot_world -- -j8 -l8
[0.460s] DEBUG:colcon.colcon_core.event_handler.log_command:Invoking command in '/home/misha/Documents/ROS2_Gazebo_tutorials/navigation_ws/build/test_robot_plugin': CMAKE_PREFIX_PATH=${CMAKE_PREFIX_PATH}:/opt/ros/humble /usr/bin/cmake --build /home/misha/Documents/ROS2_Gazebo_tutorials/navigation_ws/build/test_robot_plugin -- -j8 -l8
[0.484s] DEBUG:colcon.colcon_core.event_handler.log_command:Invoked command in '/home/misha/Documents/ROS2_Gazebo_tutorials/navigation_ws/build/my_robot_bringup' returned '0': CMAKE_PREFIX_PATH=${CMAKE_PREFIX_PATH}:/opt/ros/humble /usr/bin/cmake --build /home/misha/Documents/ROS2_Gazebo_tutorials/navigation_ws/build/my_robot_bringup -- -j8 -l8
[0.503s] DEBUG:colcon.colcon_core.event_handler.log_command:Invoking command in '/home/misha/Documents/ROS2_Gazebo_tutorials/navigation_ws/build/my_robot_bringup': CMAKE_PREFIX_PATH=${CMAKE_PREFIX_PATH}:/opt/ros/humble /usr/bin/cmake --install /home/misha/Documents/ROS2_Gazebo_tutorials/navigation_ws/build/my_robot_bringup
[0.505s] DEBUG:colcon.colcon_core.event_handler.log_command:Invoked command in '/home/misha/Documents/ROS2_Gazebo_tutorials/navigation_ws/build/robot_world' returned '0': CMAKE_PREFIX_PATH=${CMAKE_PREFIX_PATH}:/opt/ros/humble /usr/bin/cmake --build /home/misha/Documents/ROS2_Gazebo_tutorials/navigation_ws/build/robot_world -- -j8 -l8
[0.506s] DEBUG:colcon.colcon_core.event_handler.log_command:Invoking command in '/home/misha/Documents/ROS2_Gazebo_tutorials/navigation_ws/build/robot_world': CMAKE_PREFIX_PATH=${CMAKE_PREFIX_PATH}:/opt/ros/humble /usr/bin/cmake --install /home/misha/Documents/ROS2_Gazebo_tutorials/navigation_ws/build/robot_world
[0.515s] Level 1:colcon.colcon_core.environment:create_environment_scripts_only(my_robot_bringup)
[0.518s] DEBUG:colcon.colcon_core.event_handler.log_command:Invoked command in '/home/misha/Documents/ROS2_Gazebo_tutorials/navigation_ws/build/my_robot_bringup' returned '0': CMAKE_PREFIX_PATH=${CMAKE_PREFIX_PATH}:/opt/ros/humble /usr/bin/cmake --install /home/misha/Documents/ROS2_Gazebo_tutorials/navigation_ws/build/my_robot_bringup
[0.527s] Level 1:colcon.colcon_core.environment:checking '/home/misha/Documents/ROS2_Gazebo_tutorials/navigation_ws/install/my_robot_bringup' for CMake module files
[0.528s] Level 1:colcon.colcon_core.environment:checking '/home/misha/Documents/ROS2_Gazebo_tutorials/navigation_ws/install/my_robot_bringup' for CMake config files
[0.528s] Level 1:colcon.colcon_core.shell:create_environment_hook('my_robot_bringup', 'cmake_prefix_path')
[0.529s] INFO:colcon.colcon_core.shell:Creating environment hook '/home/misha/Documents/ROS2_Gazebo_tutorials/navigation_ws/install/my_robot_bringup/share/my_robot_bringup/hook/cmake_prefix_path.ps1'
[0.531s] INFO:colcon.colcon_core.shell:Creating environment descriptor '/home/misha/Documents/ROS2_Gazebo_tutorials/navigation_ws/install/my_robot_bringup/share/my_robot_bringup/hook/cmake_prefix_path.dsv'
[0.531s] INFO:colcon.colcon_core.shell:Creating environment hook '/home/misha/Documents/ROS2_Gazebo_tutorials/navigation_ws/install/my_robot_bringup/share/my_robot_bringup/hook/cmake_prefix_path.sh'
[0.533s] Level 1:colcon.colcon_core.environment:checking '/home/misha/Documents/ROS2_Gazebo_tutorials/navigation_ws/install/my_robot_bringup/bin'
[0.533s] Level 1:colcon.colcon_core.environment:checking '/home/misha/Documents/ROS2_Gazebo_tutorials/navigation_ws/install/my_robot_bringup/lib/pkgconfig/my_robot_bringup.pc'
[0.533s] Level 1:colcon.colcon_core.environment:checking '/home/misha/Documents/ROS2_Gazebo_tutorials/navigation_ws/install/my_robot_bringup/lib/python3.10/site-packages'
[0.534s] Level 1:colcon.colcon_core.environment:checking '/home/misha/Documents/ROS2_Gazebo_tutorials/navigation_ws/install/my_robot_bringup/bin'
[0.535s] INFO:colcon.colcon_core.shell:Creating package script '/home/misha/Documents/ROS2_Gazebo_tutorials/navigation_ws/install/my_robot_bringup/share/my_robot_bringup/package.ps1'
[0.535s] INFO:colcon.colcon_core.shell:Creating package descriptor '/home/misha/Documents/ROS2_Gazebo_tutorials/navigation_ws/install/my_robot_bringup/share/my_robot_bringup/package.dsv'
[0.536s] INFO:colcon.colcon_core.shell:Creating package script '/home/misha/Documents/ROS2_Gazebo_tutorials/navigation_ws/install/my_robot_bringup/share/my_robot_bringup/package.sh'
[0.537s] INFO:colcon.colcon_core.shell:Creating package script '/home/misha/Documents/ROS2_Gazebo_tutorials/navigation_ws/install/my_robot_bringup/share/my_robot_bringup/package.bash'
[0.538s] INFO:colcon.colcon_core.shell:Creating package script '/home/misha/Documents/ROS2_Gazebo_tutorials/navigation_ws/install/my_robot_bringup/share/my_robot_bringup/package.zsh'
[0.539s] Level 1:colcon.colcon_core.environment:create_file_with_runtime_dependencies(/home/misha/Documents/ROS2_Gazebo_tutorials/navigation_ws/install/my_robot_bringup/share/colcon-core/packages/my_robot_bringup)
[0.540s] Level 1:colcon.colcon_core.environment:create_environment_scripts_only(my_robot_bringup)
[0.540s] Level 1:colcon.colcon_core.environment:checking '/home/misha/Documents/ROS2_Gazebo_tutorials/navigation_ws/install/my_robot_bringup' for CMake module files
[0.541s] Level 1:colcon.colcon_core.environment:checking '/home/misha/Documents/ROS2_Gazebo_tutorials/navigation_ws/install/my_robot_bringup' for CMake config files
[0.541s] Level 1:colcon.colcon_core.shell:create_environment_hook('my_robot_bringup', 'cmake_prefix_path')
[0.541s] INFO:colcon.colcon_core.shell:Creating environment hook '/home/misha/Documents/ROS2_Gazebo_tutorials/navigation_ws/install/my_robot_bringup/share/my_robot_bringup/hook/cmake_prefix_path.ps1'
[0.542s] INFO:colcon.colcon_core.shell:Creating environment descriptor '/home/misha/Documents/ROS2_Gazebo_tutorials/navigation_ws/install/my_robot_bringup/share/my_robot_bringup/hook/cmake_prefix_path.dsv'
[0.542s] INFO:colcon.colcon_core.shell:Creating environment hook '/home/misha/Documents/ROS2_Gazebo_tutorials/navigation_ws/install/my_robot_bringup/share/my_robot_bringup/hook/cmake_prefix_path.sh'
[0.543s] Level 1:colcon.colcon_core.environment:checking '/home/misha/Documents/ROS2_Gazebo_tutorials/navigation_ws/install/my_robot_bringup/bin'
[0.543s] Level 1:colcon.colcon_core.environment:checking '/home/misha/Documents/ROS2_Gazebo_tutorials/navigation_ws/install/my_robot_bringup/lib/pkgconfig/my_robot_bringup.pc'
[0.543s] Level 1:colcon.colcon_core.environment:checking '/home/misha/Documents/ROS2_Gazebo_tutorials/navigation_ws/install/my_robot_bringup/lib/python3.10/site-packages'
[0.544s] Level 1:colcon.colcon_core.environment:checking '/home/misha/Documents/ROS2_Gazebo_tutorials/navigation_ws/install/my_robot_bringup/bin'
[0.544s] INFO:colcon.colcon_core.shell:Creating package script '/home/misha/Documents/ROS2_Gazebo_tutorials/navigation_ws/install/my_robot_bringup/share/my_robot_bringup/package.ps1'
[0.544s] INFO:colcon.colcon_core.shell:Creating package descriptor '/home/misha/Documents/ROS2_Gazebo_tutorials/navigation_ws/install/my_robot_bringup/share/my_robot_bringup/package.dsv'
[0.545s] INFO:colcon.colcon_core.shell:Creating package script '/home/misha/Documents/ROS2_Gazebo_tutorials/navigation_ws/install/my_robot_bringup/share/my_robot_bringup/package.sh'
[0.545s] INFO:colcon.colcon_core.shell:Creating package script '/home/misha/Documents/ROS2_Gazebo_tutorials/navigation_ws/install/my_robot_bringup/share/my_robot_bringup/package.bash'
[0.546s] INFO:colcon.colcon_core.shell:Creating package script '/home/misha/Documents/ROS2_Gazebo_tutorials/navigation_ws/install/my_robot_bringup/share/my_robot_bringup/package.zsh'
[0.547s] Level 1:colcon.colcon_core.environment:create_file_with_runtime_dependencies(/home/misha/Documents/ROS2_Gazebo_tutorials/navigation_ws/install/my_robot_bringup/share/colcon-core/packages/my_robot_bringup)
[0.548s] Level 1:colcon.colcon_core.environment:create_environment_scripts_only(robot_world)
[0.548s] Level 1:colcon.colcon_core.environment:checking '/home/misha/Documents/ROS2_Gazebo_tutorials/navigation_ws/install/robot_world' for CMake module files
[0.549s] Level 1:colcon.colcon_core.environment:checking '/home/misha/Documents/ROS2_Gazebo_tutorials/navigation_ws/install/robot_world' for CMake config files
[0.549s] Level 1:colcon.colcon_core.shell:create_environment_hook('robot_world', 'cmake_prefix_path')
[0.550s] INFO:colcon.colcon_core.shell:Creating environment hook '/home/misha/Documents/ROS2_Gazebo_tutorials/navigation_ws/install/robot_world/share/robot_world/hook/cmake_prefix_path.ps1'
[0.551s] INFO:colcon.colcon_core.shell:Creating environment descriptor '/home/misha/Documents/ROS2_Gazebo_tutorials/navigation_ws/install/robot_world/share/robot_world/hook/cmake_prefix_path.dsv'
[0.551s] INFO:colcon.colcon_core.shell:Creating environment hook '/home/misha/Documents/ROS2_Gazebo_tutorials/navigation_ws/install/robot_world/share/robot_world/hook/cmake_prefix_path.sh'
[0.552s] Level 1:colcon.colcon_core.environment:checking '/home/misha/Documents/ROS2_Gazebo_tutorials/navigation_ws/install/robot_world/bin'
[0.552s] Level 1:colcon.colcon_core.environment:checking '/home/misha/Documents/ROS2_Gazebo_tutorials/navigation_ws/install/robot_world/lib/pkgconfig/robot_world.pc'
[0.552s] Level 1:colcon.colcon_core.environment:checking '/home/misha/Documents/ROS2_Gazebo_tutorials/navigation_ws/install/robot_world/lib/python3.10/site-packages'
[0.553s] Level 1:colcon.colcon_core.environment:checking '/home/misha/Documents/ROS2_Gazebo_tutorials/navigation_ws/install/robot_world/bin'
[0.553s] INFO:colcon.colcon_core.shell:Creating package script '/home/misha/Documents/ROS2_Gazebo_tutorials/navigation_ws/install/robot_world/share/robot_world/package.ps1'
[0.554s] INFO:colcon.colcon_core.shell:Creating package descriptor '/home/misha/Documents/ROS2_Gazebo_tutorials/navigation_ws/install/robot_world/share/robot_world/package.dsv'
[0.555s] INFO:colcon.colcon_core.shell:Creating package script '/home/misha/Documents/ROS2_Gazebo_tutorials/navigation_ws/install/robot_world/share/robot_world/package.sh'
[0.555s] INFO:colcon.colcon_core.shell:Creating package script '/home/misha/Documents/ROS2_Gazebo_tutorials/navigation_ws/install/robot_world/share/robot_world/package.bash'
[0.556s] DEBUG:colcon.colcon_core.event_handler.log_command:Invoked command in '/home/misha/Documents/ROS2_Gazebo_tutorials/navigation_ws/build/robot_world' returned '0': CMAKE_PREFIX_PATH=${CMAKE_PREFIX_PATH}:/opt/ros/humble /usr/bin/cmake --install /home/misha/Documents/ROS2_Gazebo_tutorials/navigation_ws/build/robot_world
[0.556s] INFO:colcon.colcon_core.shell:Creating package script '/home/misha/Documents/ROS2_Gazebo_tutorials/navigation_ws/install/robot_world/share/robot_world/package.zsh'
[0.556s] Level 1:colcon.colcon_core.environment:create_file_with_runtime_dependencies(/home/misha/Documents/ROS2_Gazebo_tutorials/navigation_ws/install/robot_world/share/colcon-core/packages/robot_world)
[0.557s] Level 1:colcon.colcon_core.environment:create_environment_scripts_only(robot_world)
[0.557s] Level 1:colcon.colcon_core.environment:checking '/home/misha/Documents/ROS2_Gazebo_tutorials/navigation_ws/install/robot_world' for CMake module files
[0.558s] Level 1:colcon.colcon_core.environment:checking '/home/misha/Documents/ROS2_Gazebo_tutorials/navigation_ws/install/robot_world' for CMake config files
[0.558s] Level 1:colcon.colcon_core.shell:create_environment_hook('robot_world', 'cmake_prefix_path')
[0.558s] INFO:colcon.colcon_core.shell:Creating environment hook '/home/misha/Documents/ROS2_Gazebo_tutorials/navigation_ws/install/robot_world/share/robot_world/hook/cmake_prefix_path.ps1'
[0.558s] INFO:colcon.colcon_core.shell:Creating environment descriptor '/home/misha/Documents/ROS2_Gazebo_tutorials/navigation_ws/install/robot_world/share/robot_world/hook/cmake_prefix_path.dsv'
[0.559s] INFO:colcon.colcon_core.shell:Creating environment hook '/home/misha/Documents/ROS2_Gazebo_tutorials/navigation_ws/install/robot_world/share/robot_world/hook/cmake_prefix_path.sh'
[0.559s] Level 1:colcon.colcon_core.environment:checking '/home/misha/Documents/ROS2_Gazebo_tutorials/navigation_ws/install/robot_world/bin'
[0.559s] Level 1:colcon.colcon_core.environment:checking '/home/misha/Documents/ROS2_Gazebo_tutorials/navigation_ws/install/robot_world/lib/pkgconfig/robot_world.pc'
[0.560s] Level 1:colcon.colcon_core.environment:checking '/home/misha/Documents/ROS2_Gazebo_tutorials/navigation_ws/install/robot_world/lib/python3.10/site-packages'
[0.560s] Level 1:colcon.colcon_core.environment:checking '/home/misha/Documents/ROS2_Gazebo_tutorials/navigation_ws/install/robot_world/bin'
[0.561s] INFO:colcon.colcon_core.shell:Creating package script '/home/misha/Documents/ROS2_Gazebo_tutorials/navigation_ws/install/robot_world/share/robot_world/package.ps1'
[0.561s] INFO:colcon.colcon_core.shell:Creating package descriptor '/home/misha/Documents/ROS2_Gazebo_tutorials/navigation_ws/install/robot_world/share/robot_world/package.dsv'
[0.562s] INFO:colcon.colcon_core.shell:Creating package script '/home/misha/Documents/ROS2_Gazebo_tutorials/navigation_ws/install/robot_world/share/robot_world/package.sh'
[0.562s] INFO:colcon.colcon_core.shell:Creating package script '/home/misha/Documents/ROS2_Gazebo_tutorials/navigation_ws/install/robot_world/share/robot_world/package.bash'
[0.563s] INFO:colcon.colcon_core.shell:Creating package script '/home/misha/Documents/ROS2_Gazebo_tutorials/navigation_ws/install/robot_world/share/robot_world/package.zsh'
[0.563s] Level 1:colcon.colcon_core.environment:create_file_with_runtime_dependencies(/home/misha/Documents/ROS2_Gazebo_tutorials/navigation_ws/install/robot_world/share/colcon-core/packages/robot_world)
[0.566s] DEBUG:colcon.colcon_core.event_handler.log_command:Invoked command in '/home/misha/Documents/ROS2_Gazebo_tutorials/navigation_ws/build/robot_teleop' returned '0': CMAKE_PREFIX_PATH=${CMAKE_PREFIX_PATH}:/opt/ros/humble /usr/bin/cmake --build /home/misha/Documents/ROS2_Gazebo_tutorials/navigation_ws/build/robot_teleop -- -j8 -l8
[0.567s] DEBUG:colcon.colcon_core.event_handler.log_command:Invoking command in '/home/misha/Documents/ROS2_Gazebo_tutorials/navigation_ws/build/robot_teleop': CMAKE_PREFIX_PATH=${CMAKE_PREFIX_PATH}:/opt/ros/humble /usr/bin/cmake --install /home/misha/Documents/ROS2_Gazebo_tutorials/navigation_ws/build/robot_teleop
[0.567s] DEBUG:colcon.colcon_core.event_handler.log_command:Invoked command in '/home/misha/Documents/ROS2_Gazebo_tutorials/navigation_ws/build/robot_odometry' returned '0': CMAKE_PREFIX_PATH=${CMAKE_PREFIX_PATH}:/opt/ros/humble /usr/bin/cmake --build /home/misha/Documents/ROS2_Gazebo_tutorials/navigation_ws/build/robot_odometry -- -j8 -l8
[0.568s] DEBUG:colcon.colcon_core.event_handler.log_command:Invoking command in '/home/misha/Documents/ROS2_Gazebo_tutorials/navigation_ws/build/robot_odometry': CMAKE_PREFIX_PATH=${CMAKE_PREFIX_PATH}:/opt/ros/humble /usr/bin/cmake --install /home/misha/Documents/ROS2_Gazebo_tutorials/navigation_ws/build/robot_odometry
[0.569s] DEBUG:colcon.colcon_core.event_handler.log_command:Invoked command in '/home/misha/Documents/ROS2_Gazebo_tutorials/navigation_ws/build/test_robot_plugin' returned '0': CMAKE_PREFIX_PATH=${CMAKE_PREFIX_PATH}:/opt/ros/humble /usr/bin/cmake --build /home/misha/Documents/ROS2_Gazebo_tutorials/navigation_ws/build/test_robot_plugin -- -j8 -l8
[0.570s] DEBUG:colcon.colcon_core.event_handler.log_command:Invoking command in '/home/misha/Documents/ROS2_Gazebo_tutorials/navigation_ws/build/test_robot_plugin': CMAKE_PREFIX_PATH=${CMAKE_PREFIX_PATH}:/opt/ros/humble /usr/bin/cmake --install /home/misha/Documents/ROS2_Gazebo_tutorials/navigation_ws/build/test_robot_plugin
[0.578s] Level 1:colcon.colcon_core.environment:create_environment_scripts_only(robot_odometry)
[0.579s] Level 1:colcon.colcon_core.environment:checking '/home/misha/Documents/ROS2_Gazebo_tutorials/navigation_ws/install/robot_odometry' for CMake module files
[0.580s] Level 1:colcon.colcon_core.environment:checking '/home/misha/Documents/ROS2_Gazebo_tutorials/navigation_ws/install/robot_odometry' for CMake config files
[0.582s] Level 1:colcon.colcon_core.shell:create_environment_hook('robot_odometry', 'cmake_prefix_path')
[0.582s] INFO:colcon.colcon_core.shell:Creating environment hook '/home/misha/Documents/ROS2_Gazebo_tutorials/navigation_ws/install/robot_odometry/share/robot_odometry/hook/cmake_prefix_path.ps1'
[0.583s] INFO:colcon.colcon_core.shell:Creating environment descriptor '/home/misha/Documents/ROS2_Gazebo_tutorials/navigation_ws/install/robot_odometry/share/robot_odometry/hook/cmake_prefix_path.dsv'
[0.584s] INFO:colcon.colcon_core.shell:Creating environment hook '/home/misha/Documents/ROS2_Gazebo_tutorials/navigation_ws/install/robot_odometry/share/robot_odometry/hook/cmake_prefix_path.sh'
[0.586s] Level 1:colcon.colcon_core.environment:checking '/home/misha/Documents/ROS2_Gazebo_tutorials/navigation_ws/install/robot_odometry/lib'
[0.586s] Level 1:colcon.colcon_core.environment:checking '/home/misha/Documents/ROS2_Gazebo_tutorials/navigation_ws/install/robot_odometry/bin'
[0.586s] Level 1:colcon.colcon_core.environment:checking '/home/misha/Documents/ROS2_Gazebo_tutorials/navigation_ws/install/robot_odometry/lib/pkgconfig/robot_odometry.pc'
[0.587s] Level 1:colcon.colcon_core.environment:checking '/home/misha/Documents/ROS2_Gazebo_tutorials/navigation_ws/install/robot_odometry/lib/python3.10/site-packages'
[0.587s] DEBUG:colcon.colcon_core.event_handler.log_command:Invoked command in '/home/misha/Documents/ROS2_Gazebo_tutorials/navigation_ws/build/robot_odometry' returned '0': CMAKE_PREFIX_PATH=${CMAKE_PREFIX_PATH}:/opt/ros/humble /usr/bin/cmake --install /home/misha/Documents/ROS2_Gazebo_tutorials/navigation_ws/build/robot_odometry
[0.587s] Level 1:colcon.colcon_core.environment:checking '/home/misha/Documents/ROS2_Gazebo_tutorials/navigation_ws/install/robot_odometry/bin'
[0.588s] INFO:colcon.colcon_core.shell:Creating package script '/home/misha/Documents/ROS2_Gazebo_tutorials/navigation_ws/install/robot_odometry/share/robot_odometry/package.ps1'
[0.588s] INFO:colcon.colcon_core.shell:Creating package descriptor '/home/misha/Documents/ROS2_Gazebo_tutorials/navigation_ws/install/robot_odometry/share/robot_odometry/package.dsv'
[0.589s] INFO:colcon.colcon_core.shell:Creating package script '/home/misha/Documents/ROS2_Gazebo_tutorials/navigation_ws/install/robot_odometry/share/robot_odometry/package.sh'
[0.589s] INFO:colcon.colcon_core.shell:Creating package script '/home/misha/Documents/ROS2_Gazebo_tutorials/navigation_ws/install/robot_odometry/share/robot_odometry/package.bash'
[0.590s] INFO:colcon.colcon_core.shell:Creating package script '/home/misha/Documents/ROS2_Gazebo_tutorials/navigation_ws/install/robot_odometry/share/robot_odometry/package.zsh'
[0.590s] Level 1:colcon.colcon_core.environment:create_file_with_runtime_dependencies(/home/misha/Documents/ROS2_Gazebo_tutorials/navigation_ws/install/robot_odometry/share/colcon-core/packages/robot_odometry)
[0.591s] Level 1:colcon.colcon_core.environment:create_environment_scripts_only(robot_odometry)
[0.591s] Level 1:colcon.colcon_core.environment:checking '/home/misha/Documents/ROS2_Gazebo_tutorials/navigation_ws/install/robot_odometry' for CMake module files
[0.592s] Level 1:colcon.colcon_core.environment:checking '/home/misha/Documents/ROS2_Gazebo_tutorials/navigation_ws/install/robot_odometry' for CMake config files
[0.592s] Level 1:colcon.colcon_core.shell:create_environment_hook('robot_odometry', 'cmake_prefix_path')
[0.592s] INFO:colcon.colcon_core.shell:Creating environment hook '/home/misha/Documents/ROS2_Gazebo_tutorials/navigation_ws/install/robot_odometry/share/robot_odometry/hook/cmake_prefix_path.ps1'
[0.593s] INFO:colcon.colcon_core.shell:Creating environment descriptor '/home/misha/Documents/ROS2_Gazebo_tutorials/navigation_ws/install/robot_odometry/share/robot_odometry/hook/cmake_prefix_path.dsv'
[0.593s] INFO:colcon.colcon_core.shell:Creating environment hook '/home/misha/Documents/ROS2_Gazebo_tutorials/navigation_ws/install/robot_odometry/share/robot_odometry/hook/cmake_prefix_path.sh'
[0.594s] Level 1:colcon.colcon_core.environment:checking '/home/misha/Documents/ROS2_Gazebo_tutorials/navigation_ws/install/robot_odometry/lib'
[0.594s] Level 1:colcon.colcon_core.environment:checking '/home/misha/Documents/ROS2_Gazebo_tutorials/navigation_ws/install/robot_odometry/bin'
[0.594s] Level 1:colcon.colcon_core.environment:checking '/home/misha/Documents/ROS2_Gazebo_tutorials/navigation_ws/install/robot_odometry/lib/pkgconfig/robot_odometry.pc'
[0.594s] Level 1:colcon.colcon_core.environment:checking '/home/misha/Documents/ROS2_Gazebo_tutorials/navigation_ws/install/robot_odometry/lib/python3.10/site-packages'
[0.594s] Level 1:colcon.colcon_core.environment:checking '/home/misha/Documents/ROS2_Gazebo_tutorials/navigation_ws/install/robot_odometry/bin'
[0.595s] INFO:colcon.colcon_core.shell:Creating package script '/home/misha/Documents/ROS2_Gazebo_tutorials/navigation_ws/install/robot_odometry/share/robot_odometry/package.ps1'
[0.595s] INFO:colcon.colcon_core.shell:Creating package descriptor '/home/misha/Documents/ROS2_Gazebo_tutorials/navigation_ws/install/robot_odometry/share/robot_odometry/package.dsv'
[0.596s] INFO:colcon.colcon_core.shell:Creating package script '/home/misha/Documents/ROS2_Gazebo_tutorials/navigation_ws/install/robot_odometry/share/robot_odometry/package.sh'
[0.596s] INFO:colcon.colcon_core.shell:Creating package script '/home/misha/Documents/ROS2_Gazebo_tutorials/navigation_ws/install/robot_odometry/share/robot_odometry/package.bash'
[0.597s] INFO:colcon.colcon_core.shell:Creating package script '/home/misha/Documents/ROS2_Gazebo_tutorials/navigation_ws/install/robot_odometry/share/robot_odometry/package.zsh'
[0.597s] Level 1:colcon.colcon_core.environment:create_file_with_runtime_dependencies(/home/misha/Documents/ROS2_Gazebo_tutorials/navigation_ws/install/robot_odometry/share/colcon-core/packages/robot_odometry)
[0.597s] Level 1:colcon.colcon_core.environment:create_environment_scripts_only(robot_teleop)
[0.598s] Level 1:colcon.colcon_core.environment:checking '/home/misha/Documents/ROS2_Gazebo_tutorials/navigation_ws/install/robot_teleop' for CMake module files
[0.599s] DEBUG:colcon.colcon_core.event_handler.log_command:Invoked command in '/home/misha/Documents/ROS2_Gazebo_tutorials/navigation_ws/build/robot_teleop' returned '0': CMAKE_PREFIX_PATH=${CMAKE_PREFIX_PATH}:/opt/ros/humble /usr/bin/cmake --install /home/misha/Documents/ROS2_Gazebo_tutorials/navigation_ws/build/robot_teleop
[0.599s] Level 1:colcon.colcon_core.environment:checking '/home/misha/Documents/ROS2_Gazebo_tutorials/navigation_ws/install/robot_teleop' for CMake config files
[0.599s] Level 1:colcon.colcon_core.shell:create_environment_hook('robot_teleop', 'cmake_prefix_path')
[0.599s] INFO:colcon.colcon_core.shell:Creating environment hook '/home/misha/Documents/ROS2_Gazebo_tutorials/navigation_ws/install/robot_teleop/share/robot_teleop/hook/cmake_prefix_path.ps1'
[0.600s] INFO:colcon.colcon_core.shell:Creating environment descriptor '/home/misha/Documents/ROS2_Gazebo_tutorials/navigation_ws/install/robot_teleop/share/robot_teleop/hook/cmake_prefix_path.dsv'
[0.600s] INFO:colcon.colcon_core.shell:Creating environment hook '/home/misha/Documents/ROS2_Gazebo_tutorials/navigation_ws/install/robot_teleop/share/robot_teleop/hook/cmake_prefix_path.sh'
[0.601s] Level 1:colcon.colcon_core.environment:checking '/home/misha/Documents/ROS2_Gazebo_tutorials/navigation_ws/install/robot_teleop/lib'
[0.601s] Level 1:colcon.colcon_core.environment:checking '/home/misha/Documents/ROS2_Gazebo_tutorials/navigation_ws/install/robot_teleop/bin'
[0.601s] Level 1:colcon.colcon_core.environment:checking '/home/misha/Documents/ROS2_Gazebo_tutorials/navigation_ws/install/robot_teleop/lib/pkgconfig/robot_teleop.pc'
[0.601s] Level 1:colcon.colcon_core.environment:checking '/home/misha/Documents/ROS2_Gazebo_tutorials/navigation_ws/install/robot_teleop/lib/python3.10/site-packages'
[0.602s] Level 1:colcon.colcon_core.environment:checking '/home/misha/Documents/ROS2_Gazebo_tutorials/navigation_ws/install/robot_teleop/bin'
[0.602s] INFO:colcon.colcon_core.shell:Creating package script '/home/misha/Documents/ROS2_Gazebo_tutorials/navigation_ws/install/robot_teleop/share/robot_teleop/package.ps1'
[0.602s] INFO:colcon.colcon_core.shell:Creating package descriptor '/home/misha/Documents/ROS2_Gazebo_tutorials/navigation_ws/install/robot_teleop/share/robot_teleop/package.dsv'
[0.603s] INFO:colcon.colcon_core.shell:Creating package script '/home/misha/Documents/ROS2_Gazebo_tutorials/navigation_ws/install/robot_teleop/share/robot_teleop/package.sh'
[0.603s] INFO:colcon.colcon_core.shell:Creating package script '/home/misha/Documents/ROS2_Gazebo_tutorials/navigation_ws/install/robot_teleop/share/robot_teleop/package.bash'
[0.604s] INFO:colcon.colcon_core.shell:Creating package script '/home/misha/Documents/ROS2_Gazebo_tutorials/navigation_ws/install/robot_teleop/share/robot_teleop/package.zsh'
[0.604s] Level 1:colcon.colcon_core.environment:create_file_with_runtime_dependencies(/home/misha/Documents/ROS2_Gazebo_tutorials/navigation_ws/install/robot_teleop/share/colcon-core/packages/robot_teleop)
[0.605s] Level 1:colcon.colcon_core.environment:create_environment_scripts_only(robot_teleop)
[0.605s] Level 1:colcon.colcon_core.environment:checking '/home/misha/Documents/ROS2_Gazebo_tutorials/navigation_ws/install/robot_teleop' for CMake module files
[0.605s] Level 1:colcon.colcon_core.environment:checking '/home/misha/Documents/ROS2_Gazebo_tutorials/navigation_ws/install/robot_teleop' for CMake config files
[0.606s] Level 1:colcon.colcon_core.shell:create_environment_hook('robot_teleop', 'cmake_prefix_path')
[0.606s] INFO:colcon.colcon_core.shell:Creating environment hook '/home/misha/Documents/ROS2_Gazebo_tutorials/navigation_ws/install/robot_teleop/share/robot_teleop/hook/cmake_prefix_path.ps1'
[0.606s] INFO:colcon.colcon_core.shell:Creating environment descriptor '/home/misha/Documents/ROS2_Gazebo_tutorials/navigation_ws/install/robot_teleop/share/robot_teleop/hook/cmake_prefix_path.dsv'
[0.607s] INFO:colcon.colcon_core.shell:Creating environment hook '/home/misha/Documents/ROS2_Gazebo_tutorials/navigation_ws/install/robot_teleop/share/robot_teleop/hook/cmake_prefix_path.sh'
[0.607s] Level 1:colcon.colcon_core.environment:checking '/home/misha/Documents/ROS2_Gazebo_tutorials/navigation_ws/install/robot_teleop/lib'
[0.607s] Level 1:colcon.colcon_core.environment:checking '/home/misha/Documents/ROS2_Gazebo_tutorials/navigation_ws/install/robot_teleop/bin'
[0.607s] Level 1:colcon.colcon_core.environment:checking '/home/misha/Documents/ROS2_Gazebo_tutorials/navigation_ws/install/robot_teleop/lib/pkgconfig/robot_teleop.pc'
[0.608s] Level 1:colcon.colcon_core.environment:checking '/home/misha/Documents/ROS2_Gazebo_tutorials/navigation_ws/install/robot_teleop/lib/python3.10/site-packages'
[0.608s] Level 1:colcon.colcon_core.environment:checking '/home/misha/Documents/ROS2_Gazebo_tutorials/navigation_ws/install/robot_teleop/bin'
[0.608s] INFO:colcon.colcon_core.shell:Creating package script '/home/misha/Documents/ROS2_Gazebo_tutorials/navigation_ws/install/robot_teleop/share/robot_teleop/package.ps1'
[0.609s] INFO:colcon.colcon_core.shell:Creating package descriptor '/home/misha/Documents/ROS2_Gazebo_tutorials/navigation_ws/install/robot_teleop/share/robot_teleop/package.dsv'
[0.609s] INFO:colcon.colcon_core.shell:Creating package script '/home/misha/Documents/ROS2_Gazebo_tutorials/navigation_ws/install/robot_teleop/share/robot_teleop/package.sh'
[0.610s] INFO:colcon.colcon_core.shell:Creating package script '/home/misha/Documents/ROS2_Gazebo_tutorials/navigation_ws/install/robot_teleop/share/robot_teleop/package.bash'
[0.610s] INFO:colcon.colcon_core.shell:Creating package script '/home/misha/Documents/ROS2_Gazebo_tutorials/navigation_ws/install/robot_teleop/share/robot_teleop/package.zsh'
[0.611s] Level 1:colcon.colcon_core.environment:create_file_with_runtime_dependencies(/home/misha/Documents/ROS2_Gazebo_tutorials/navigation_ws/install/robot_teleop/share/colcon-core/packages/robot_teleop)
[0.611s] Level 1:colcon.colcon_core.environment:create_environment_scripts_only(test_robot_plugin)
[0.612s] Level 1:colcon.colcon_core.environment:checking '/home/misha/Documents/ROS2_Gazebo_tutorials/navigation_ws/install/test_robot_plugin' for CMake module files
[0.613s] Level 1:colcon.colcon_core.environment:checking '/home/misha/Documents/ROS2_Gazebo_tutorials/navigation_ws/install/test_robot_plugin' for CMake config files
[0.614s] Level 1:colcon.colcon_core.shell:create_environment_hook('test_robot_plugin', 'cmake_prefix_path')
[0.614s] INFO:colcon.colcon_core.shell:Creating environment hook '/home/misha/Documents/ROS2_Gazebo_tutorials/navigation_ws/install/test_robot_plugin/share/test_robot_plugin/hook/cmake_prefix_path.ps1'
[0.615s] INFO:colcon.colcon_core.shell:Creating environment descriptor '/home/misha/Documents/ROS2_Gazebo_tutorials/navigation_ws/install/test_robot_plugin/share/test_robot_plugin/hook/cmake_prefix_path.dsv'
[0.616s] DEBUG:colcon.colcon_core.event_handler.log_command:Invoked command in '/home/misha/Documents/ROS2_Gazebo_tutorials/navigation_ws/build/test_robot_plugin' returned '0': CMAKE_PREFIX_PATH=${CMAKE_PREFIX_PATH}:/opt/ros/humble /usr/bin/cmake --install /home/misha/Documents/ROS2_Gazebo_tutorials/navigation_ws/build/test_robot_plugin
[0.616s] INFO:colcon.colcon_core.shell:Creating environment hook '/home/misha/Documents/ROS2_Gazebo_tutorials/navigation_ws/install/test_robot_plugin/share/test_robot_plugin/hook/cmake_prefix_path.sh'
[0.616s] Level 1:colcon.colcon_core.environment:checking '/home/misha/Documents/ROS2_Gazebo_tutorials/navigation_ws/install/test_robot_plugin/lib'
[0.616s] Level 1:colcon.colcon_core.shell:create_environment_hook('test_robot_plugin', 'ld_library_path_lib')
[0.617s] INFO:colcon.colcon_core.shell:Creating environment hook '/home/misha/Documents/ROS2_Gazebo_tutorials/navigation_ws/install/test_robot_plugin/share/test_robot_plugin/hook/ld_library_path_lib.ps1'
[0.617s] INFO:colcon.colcon_core.shell:Creating environment descriptor '/home/misha/Documents/ROS2_Gazebo_tutorials/navigation_ws/install/test_robot_plugin/share/test_robot_plugin/hook/ld_library_path_lib.dsv'
[0.617s] INFO:colcon.colcon_core.shell:Creating environment hook '/home/misha/Documents/ROS2_Gazebo_tutorials/navigation_ws/install/test_robot_plugin/share/test_robot_plugin/hook/ld_library_path_lib.sh'
[0.618s] Level 1:colcon.colcon_core.environment:checking '/home/misha/Documents/ROS2_Gazebo_tutorials/navigation_ws/install/test_robot_plugin/bin'
[0.618s] Level 1:colcon.colcon_core.environment:checking '/home/misha/Documents/ROS2_Gazebo_tutorials/navigation_ws/install/test_robot_plugin/lib/pkgconfig/test_robot_plugin.pc'
[0.618s] Level 1:colcon.colcon_core.environment:checking '/home/misha/Documents/ROS2_Gazebo_tutorials/navigation_ws/install/test_robot_plugin/lib/python3.10/site-packages'
[0.619s] Level 1:colcon.colcon_core.environment:checking '/home/misha/Documents/ROS2_Gazebo_tutorials/navigation_ws/install/test_robot_plugin/bin'
[0.619s] INFO:colcon.colcon_core.shell:Creating package script '/home/misha/Documents/ROS2_Gazebo_tutorials/navigation_ws/install/test_robot_plugin/share/test_robot_plugin/package.ps1'
[0.620s] INFO:colcon.colcon_core.shell:Creating package descriptor '/home/misha/Documents/ROS2_Gazebo_tutorials/navigation_ws/install/test_robot_plugin/share/test_robot_plugin/package.dsv'
[0.620s] INFO:colcon.colcon_core.shell:Creating package script '/home/misha/Documents/ROS2_Gazebo_tutorials/navigation_ws/install/test_robot_plugin/share/test_robot_plugin/package.sh'
[0.620s] INFO:colcon.colcon_core.shell:Creating package script '/home/misha/Documents/ROS2_Gazebo_tutorials/navigation_ws/install/test_robot_plugin/share/test_robot_plugin/package.bash'
[0.621s] INFO:colcon.colcon_core.shell:Creating package script '/home/misha/Documents/ROS2_Gazebo_tutorials/navigation_ws/install/test_robot_plugin/share/test_robot_plugin/package.zsh'
[0.621s] Level 1:colcon.colcon_core.environment:create_file_with_runtime_dependencies(/home/misha/Documents/ROS2_Gazebo_tutorials/navigation_ws/install/test_robot_plugin/share/colcon-core/packages/test_robot_plugin)
[0.622s] Level 1:colcon.colcon_core.environment:create_environment_scripts_only(test_robot_plugin)
[0.622s] Level 1:colcon.colcon_core.environment:checking '/home/misha/Documents/ROS2_Gazebo_tutorials/navigation_ws/install/test_robot_plugin' for CMake module files
[0.622s] Level 1:colcon.colcon_core.environment:checking '/home/misha/Documents/ROS2_Gazebo_tutorials/navigation_ws/install/test_robot_plugin' for CMake config files
[0.623s] Level 1:colcon.colcon_core.shell:create_environment_hook('test_robot_plugin', 'cmake_prefix_path')
[0.623s] INFO:colcon.colcon_core.shell:Creating environment hook '/home/misha/Documents/ROS2_Gazebo_tutorials/navigation_ws/install/test_robot_plugin/share/test_robot_plugin/hook/cmake_prefix_path.ps1'
[0.623s] INFO:colcon.colcon_core.shell:Creating environment descriptor '/home/misha/Documents/ROS2_Gazebo_tutorials/navigation_ws/install/test_robot_plugin/share/test_robot_plugin/hook/cmake_prefix_path.dsv'
[0.624s] INFO:colcon.colcon_core.shell:Creating environment hook '/home/misha/Documents/ROS2_Gazebo_tutorials/navigation_ws/install/test_robot_plugin/share/test_robot_plugin/hook/cmake_prefix_path.sh'
[0.625s] Level 1:colcon.colcon_core.environment:checking '/home/misha/Documents/ROS2_Gazebo_tutorials/navigation_ws/install/test_robot_plugin/lib'
[0.625s] Level 1:colcon.colcon_core.shell:create_environment_hook('test_robot_plugin', 'ld_library_path_lib')
[0.625s] INFO:colcon.colcon_core.shell:Creating environment hook '/home/misha/Documents/ROS2_Gazebo_tutorials/navigation_ws/install/test_robot_plugin/share/test_robot_plugin/hook/ld_library_path_lib.ps1'
[0.625s] INFO:colcon.colcon_core.shell:Creating environment descriptor '/home/misha/Documents/ROS2_Gazebo_tutorials/navigation_ws/install/test_robot_plugin/share/test_robot_plugin/hook/ld_library_path_lib.dsv'
[0.626s] INFO:colcon.colcon_core.shell:Creating environment hook '/home/misha/Documents/ROS2_Gazebo_tutorials/navigation_ws/install/test_robot_plugin/share/test_robot_plugin/hook/ld_library_path_lib.sh'
[0.626s] Level 1:colcon.colcon_core.environment:checking '/home/misha/Documents/ROS2_Gazebo_tutorials/navigation_ws/install/test_robot_plugin/bin'
[0.626s] Level 1:colcon.colcon_core.environment:checking '/home/misha/Documents/ROS2_Gazebo_tutorials/navigation_ws/install/test_robot_plugin/lib/pkgconfig/test_robot_plugin.pc'
[0.626s] Level 1:colcon.colcon_core.environment:checking '/home/misha/Documents/ROS2_Gazebo_tutorials/navigation_ws/install/test_robot_plugin/lib/python3.10/site-packages'
[0.627s] Level 1:colcon.colcon_core.environment:checking '/home/misha/Documents/ROS2_Gazebo_tutorials/navigation_ws/install/test_robot_plugin/bin'
[0.627s] INFO:colcon.colcon_core.shell:Creating package script '/home/misha/Documents/ROS2_Gazebo_tutorials/navigation_ws/install/test_robot_plugin/share/test_robot_plugin/package.ps1'
[0.628s] INFO:colcon.colcon_core.shell:Creating package descriptor '/home/misha/Documents/ROS2_Gazebo_tutorials/navigation_ws/install/test_robot_plugin/share/test_robot_plugin/package.dsv'
[0.628s] INFO:colcon.colcon_core.shell:Creating package script '/home/misha/Documents/ROS2_Gazebo_tutorials/navigation_ws/install/test_robot_plugin/share/test_robot_plugin/package.sh'
[0.629s] INFO:colcon.colcon_core.shell:Creating package script '/home/misha/Documents/ROS2_Gazebo_tutorials/navigation_ws/install/test_robot_plugin/share/test_robot_plugin/package.bash'
[0.629s] INFO:colcon.colcon_core.shell:Creating package script '/home/misha/Documents/ROS2_Gazebo_tutorials/navigation_ws/install/test_robot_plugin/share/test_robot_plugin/package.zsh'
[0.629s] Level 1:colcon.colcon_core.environment:create_file_with_runtime_dependencies(/home/misha/Documents/ROS2_Gazebo_tutorials/navigation_ws/install/test_robot_plugin/share/colcon-core/packages/test_robot_plugin)
[0.630s] DEBUG:colcon.colcon_parallel_executor.executor.parallel:closing loop
[0.630s] DEBUG:colcon.colcon_parallel_executor.executor.parallel:loop closed
[0.630s] DEBUG:colcon.colcon_parallel_executor.executor.parallel:run_until_complete finished with '0'
[0.630s] DEBUG:colcon.colcon_core.event_reactor:joining thread
[0.636s] INFO:colcon.colcon_core.plugin_system:Skipping extension 'colcon_notification.desktop_notification.terminal_notifier': Not used on non-Darwin systems
[0.636s] INFO:colcon.colcon_core.plugin_system:Skipping extension 'colcon_notification.desktop_notification.win32': Not used on non-Windows systems
[0.637s] INFO:colcon.colcon_notification.desktop_notification:Sending desktop notification using 'notify2'
[0.641s] DEBUG:colcon.colcon_core.event_reactor:joined thread
[0.641s] INFO:colcon.colcon_core.shell:Creating prefix script '/home/misha/Documents/ROS2_Gazebo_tutorials/navigation_ws/install/local_setup.ps1'
[0.643s] INFO:colcon.colcon_core.shell:Creating prefix util module '/home/misha/Documents/ROS2_Gazebo_tutorials/navigation_ws/install/_local_setup_util_ps1.py'
[0.645s] INFO:colcon.colcon_core.shell:Creating prefix chain script '/home/misha/Documents/ROS2_Gazebo_tutorials/navigation_ws/install/setup.ps1'
[0.646s] INFO:colcon.colcon_core.shell:Creating prefix script '/home/misha/Documents/ROS2_Gazebo_tutorials/navigation_ws/install/local_setup.sh'
[0.647s] INFO:colcon.colcon_core.shell:Creating prefix util module '/home/misha/Documents/ROS2_Gazebo_tutorials/navigation_ws/install/_local_setup_util_sh.py'
[0.647s] INFO:colcon.colcon_core.shell:Creating prefix chain script '/home/misha/Documents/ROS2_Gazebo_tutorials/navigation_ws/install/setup.sh'
[0.649s] INFO:colcon.colcon_core.shell:Creating prefix script '/home/misha/Documents/ROS2_Gazebo_tutorials/navigation_ws/install/local_setup.bash'
[0.650s] INFO:colcon.colcon_core.shell:Creating prefix chain script '/home/misha/Documents/ROS2_Gazebo_tutorials/navigation_ws/install/setup.bash'
[0.651s] INFO:colcon.colcon_core.shell:Creating prefix script '/home/misha/Documents/ROS2_Gazebo_tutorials/navigation_ws/install/local_setup.zsh'
[0.652s] INFO:colcon.colcon_core.shell:Creating prefix chain script '/home/misha/Documents/ROS2_Gazebo_tutorials/navigation_ws/install/setup.zsh'
