[0.081s] Invoking command in '/home/misha/Documents/ROS2_Gazebo_tutorials/navigation_ws/build/robot_slam': CMAKE_PREFIX_PATH=${CMAKE_PREFIX_PATH}:/opt/ros/humble /usr/bin/cmake --build /home/misha/Documents/ROS2_Gazebo_tutorials/navigation_ws/build/robot_slam -- -j8 -l8
[0.379s] [ 50%] [32mBuilding CXX object CMakeFiles/robot_slam_node.dir/src/robot_slam_node.cpp.o[0m
[14.962s] [01m[K/home/misha/Documents/ROS2_Gazebo_tutorials/navigation_ws/src/robot_slam/src/robot_slam_node.cpp:[m[K In member function ‘[01m[Kvoid RobotSlam::timer_callback()[m[K’:
[14.962s] [01m[K/home/misha/Documents/ROS2_Gazebo_tutorials/navigation_ws/src/robot_slam/src/robot_slam_node.cpp:202:29:[m[K [01;35m[Kwarning: [m[Kvariable ‘[01m[Kicp_transformation[m[K’ set but not used [[01;35m[K]8;;https://gcc.gnu.org/onlinedocs/gcc/Warning-Options.html#index-Wunused-but-set-variable-Wunused-but-set-variable]8;;[m[K]
[14.962s]   202 |             Eigen::Matrix4f [01;35m[Kicp_transformation[m[K = sm.addAndMatchScan(current_scan);
[14.963s]       |                             [01;35m[K^~~~~~~~~~~~~~~~~~[m[K
[51.700s] [100%] [32m[1mLinking CXX executable robot_slam_node[0m
[56.757s] [100%] Built target robot_slam_node
[56.774s] Invoked command in '/home/misha/Documents/ROS2_Gazebo_tutorials/navigation_ws/build/robot_slam' returned '0': CMAKE_PREFIX_PATH=${CMAKE_PREFIX_PATH}:/opt/ros/humble /usr/bin/cmake --build /home/misha/Documents/ROS2_Gazebo_tutorials/navigation_ws/build/robot_slam -- -j8 -l8
[56.776s] Invoking command in '/home/misha/Documents/ROS2_Gazebo_tutorials/navigation_ws/build/robot_slam': CMAKE_PREFIX_PATH=${CMAKE_PREFIX_PATH}:/opt/ros/humble /usr/bin/cmake --install /home/misha/Documents/ROS2_Gazebo_tutorials/navigation_ws/build/robot_slam
[56.788s] -- Install configuration: "Debug"
[56.789s] -- Installing: /home/misha/Documents/ROS2_Gazebo_tutorials/navigation_ws/install/robot_slam/lib/robot_slam/robot_slam_node
[56.871s] -- Set runtime path of "/home/misha/Documents/ROS2_Gazebo_tutorials/navigation_ws/install/robot_slam/lib/robot_slam/robot_slam_node" to ""
[56.872s] -- Up-to-date: /home/misha/Documents/ROS2_Gazebo_tutorials/navigation_ws/install/robot_slam/share/robot_slam/launch
[56.872s] -- Up-to-date: /home/misha/Documents/ROS2_Gazebo_tutorials/navigation_ws/install/robot_slam/share/robot_slam/launch/robot_slam_launch.py
[56.872s] -- Up-to-date: /home/misha/Documents/ROS2_Gazebo_tutorials/navigation_ws/install/robot_slam/share/ament_index/resource_index/package_run_dependencies/robot_slam
[56.873s] -- Up-to-date: /home/misha/Documents/ROS2_Gazebo_tutorials/navigation_ws/install/robot_slam/share/ament_index/resource_index/parent_prefix_path/robot_slam
[56.873s] -- Up-to-date: /home/misha/Documents/ROS2_Gazebo_tutorials/navigation_ws/install/robot_slam/share/robot_slam/environment/ament_prefix_path.sh
[56.873s] -- Up-to-date: /home/misha/Documents/ROS2_Gazebo_tutorials/navigation_ws/install/robot_slam/share/robot_slam/environment/ament_prefix_path.dsv
[56.874s] -- Up-to-date: /home/misha/Documents/ROS2_Gazebo_tutorials/navigation_ws/install/robot_slam/share/robot_slam/environment/path.sh
[56.874s] -- Up-to-date: /home/misha/Documents/ROS2_Gazebo_tutorials/navigation_ws/install/robot_slam/share/robot_slam/environment/path.dsv
[56.874s] -- Up-to-date: /home/misha/Documents/ROS2_Gazebo_tutorials/navigation_ws/install/robot_slam/share/robot_slam/local_setup.bash
[56.874s] -- Up-to-date: /home/misha/Documents/ROS2_Gazebo_tutorials/navigation_ws/install/robot_slam/share/robot_slam/local_setup.sh
[56.874s] -- Up-to-date: /home/misha/Documents/ROS2_Gazebo_tutorials/navigation_ws/install/robot_slam/share/robot_slam/local_setup.zsh
[56.874s] -- Up-to-date: /home/misha/Documents/ROS2_Gazebo_tutorials/navigation_ws/install/robot_slam/share/robot_slam/local_setup.dsv
[56.875s] -- Installing: /home/misha/Documents/ROS2_Gazebo_tutorials/navigation_ws/install/robot_slam/share/robot_slam/package.dsv
[56.875s] -- Up-to-date: /home/misha/Documents/ROS2_Gazebo_tutorials/navigation_ws/install/robot_slam/share/ament_index/resource_index/packages/robot_slam
[56.875s] -- Up-to-date: /home/misha/Documents/ROS2_Gazebo_tutorials/navigation_ws/install/robot_slam/share/robot_slam/cmake/robot_slamConfig.cmake
[56.875s] -- Up-to-date: /home/misha/Documents/ROS2_Gazebo_tutorials/navigation_ws/install/robot_slam/share/robot_slam/cmake/robot_slamConfig-version.cmake
[56.875s] -- Up-to-date: /home/misha/Documents/ROS2_Gazebo_tutorials/navigation_ws/install/robot_slam/share/robot_slam/package.xml
[56.877s] Invoked command in '/home/misha/Documents/ROS2_Gazebo_tutorials/navigation_ws/build/robot_slam' returned '0': CMAKE_PREFIX_PATH=${CMAKE_PREFIX_PATH}:/opt/ros/humble /usr/bin/cmake --install /home/misha/Documents/ROS2_Gazebo_tutorials/navigation_ws/build/robot_slam
