[0.302s] Invoking command in '/home/misha/Documents/ROS2_Gazebo_tutorials/navigation_ws/build/robot_odometry': CMAKE_PREFIX_PATH=${CMAKE_PREFIX_PATH}:/opt/ros/humble /usr/bin/cmake --build /home/misha/Documents/ROS2_Gazebo_tutorials/navigation_ws/build/robot_odometry -- -j8 -l8
[0.817s] [100%] Built target robot_odometry_node
[0.940s] Invoked command in '/home/misha/Documents/ROS2_Gazebo_tutorials/navigation_ws/build/robot_odometry' returned '0': CMAKE_PREFIX_PATH=${CMAKE_PREFIX_PATH}:/opt/ros/humble /usr/bin/cmake --build /home/misha/Documents/ROS2_Gazebo_tutorials/navigation_ws/build/robot_odometry -- -j8 -l8
[0.980s] Invoking command in '/home/misha/Documents/ROS2_Gazebo_tutorials/navigation_ws/build/robot_odometry': CMAKE_PREFIX_PATH=${CMAKE_PREFIX_PATH}:/opt/ros/humble /usr/bin/cmake --install /home/misha/Documents/ROS2_Gazebo_tutorials/navigation_ws/build/robot_odometry
[1.229s] -- Install configuration: "Debug"
[1.229s] -- Execute custom install script
[1.230s] -- Up-to-date symlink: /home/misha/Documents/ROS2_Gazebo_tutorials/navigation_ws/install/robot_odometry/lib/robot_odometry/robot_odometry_node
[1.241s] -- Up-to-date symlink: /home/misha/Documents/ROS2_Gazebo_tutorials/navigation_ws/install/robot_odometry/share/ament_index/resource_index/package_run_dependencies/robot_odometry
[1.247s] -- Up-to-date symlink: /home/misha/Documents/ROS2_Gazebo_tutorials/navigation_ws/install/robot_odometry/share/ament_index/resource_index/parent_prefix_path/robot_odometry
[1.254s] -- Up-to-date symlink: /home/misha/Documents/ROS2_Gazebo_tutorials/navigation_ws/install/robot_odometry/share/robot_odometry/environment/ament_prefix_path.sh
[1.255s] -- Up-to-date symlink: /home/misha/Documents/ROS2_Gazebo_tutorials/navigation_ws/install/robot_odometry/share/robot_odometry/environment/ament_prefix_path.dsv
[1.258s] -- Up-to-date symlink: /home/misha/Documents/ROS2_Gazebo_tutorials/navigation_ws/install/robot_odometry/share/robot_odometry/environment/path.sh
[1.259s] -- Up-to-date symlink: /home/misha/Documents/ROS2_Gazebo_tutorials/navigation_ws/install/robot_odometry/share/robot_odometry/environment/path.dsv
[1.259s] -- Up-to-date symlink: /home/misha/Documents/ROS2_Gazebo_tutorials/navigation_ws/install/robot_odometry/share/robot_odometry/local_setup.bash
[1.260s] -- Up-to-date symlink: /home/misha/Documents/ROS2_Gazebo_tutorials/navigation_ws/install/robot_odometry/share/robot_odometry/local_setup.sh
[1.260s] -- Up-to-date symlink: /home/misha/Documents/ROS2_Gazebo_tutorials/navigation_ws/install/robot_odometry/share/robot_odometry/local_setup.zsh
[1.261s] -- Up-to-date symlink: /home/misha/Documents/ROS2_Gazebo_tutorials/navigation_ws/install/robot_odometry/share/robot_odometry/local_setup.dsv
[1.261s] -- Symlinking: /home/misha/Documents/ROS2_Gazebo_tutorials/navigation_ws/install/robot_odometry/share/robot_odometry/package.dsv
[1.261s] -- Up-to-date symlink: /home/misha/Documents/ROS2_Gazebo_tutorials/navigation_ws/install/robot_odometry/share/ament_index/resource_index/packages/robot_odometry
[1.265s] -- Up-to-date symlink: /home/misha/Documents/ROS2_Gazebo_tutorials/navigation_ws/install/robot_odometry/share/robot_odometry/cmake/robot_odometryConfig.cmake
[1.267s] -- Up-to-date symlink: /home/misha/Documents/ROS2_Gazebo_tutorials/navigation_ws/install/robot_odometry/share/robot_odometry/cmake/robot_odometryConfig-version.cmake
[1.268s] -- Up-to-date symlink: /home/misha/Documents/ROS2_Gazebo_tutorials/navigation_ws/install/robot_odometry/share/robot_odometry/package.xml
[1.505s] Invoked command in '/home/misha/Documents/ROS2_Gazebo_tutorials/navigation_ws/build/robot_odometry' returned '0': CMAKE_PREFIX_PATH=${CMAKE_PREFIX_PATH}:/opt/ros/humble /usr/bin/cmake --install /home/misha/Documents/ROS2_Gazebo_tutorials/navigation_ws/build/robot_odometry
