[0.000000] (-) TimerEvent: {}
[0.000927] (robot_teleop) JobQueued: {'identifier': 'robot_teleop', 'dependencies': OrderedDict()}
[0.000963] (test_robot_plugin) JobQueued: {'identifier': 'test_robot_plugin', 'dependencies': OrderedDict()}
[0.000985] (robot_teleop) JobStarted: {'identifier': 'robot_teleop'}
[0.007047] (test_robot_plugin) JobStarted: {'identifier': 'test_robot_plugin'}
[0.010806] (robot_teleop) JobProgress: {'identifier': 'robot_teleop', 'progress': 'cmake'}
[0.011928] (robot_teleop) Command: {'cmd': ['/usr/bin/cmake', '/home/misha/Documents/navigation_ws/src/robot_teleop', '-DCMAKE_BUILD_TYPE=Debug', '-DCMAKE_INSTALL_PREFIX=/home/misha/Documents/navigation_ws/install/robot_teleop'], 'cwd': '/home/misha/Documents/navigation_ws/build/robot_teleop', 'env': OrderedDict([('GJS_DEBUG_TOPICS', 'JS ERROR;JS LOG'), ('LANGUAGE', 'en_US'), ('USER', 'misha'), ('XDG_SEAT', 'seat0'), ('XDG_SESSION_TYPE', 'x11'), ('LD_LIBRARY_PATH', '/home/misha/Documents/navigation_ws/install/test_robot_plugin/lib:/opt/ros/humble/opt/rviz_ogre_vendor/lib:/opt/ros/humble/lib/x86_64-linux-gnu:/opt/ros/humble/lib'), ('SHLVL', '1'), ('HOME', '/home/misha'), ('DESKTOP_SESSION', 'cinnamon'), ('QTDIR', '/usr/lib/x86_64-linux-gnu/qt5'), ('GIO_LAUNCHED_DESKTOP_FILE', '/home/misha/.local/share/applications/org.qt-project.qtcreator.desktop'), ('GTK_MODULES', 'gail:atk-bridge'), ('ROS_PYTHON_VERSION', '3'), ('XDG_SEAT_PATH', '/org/freedesktop/DisplayManager/Seat0'), ('CINNAMON_VERSION', '5.4.12'), ('DBUS_SESSION_BUS_ADDRESS', 'unix:path=/run/user/1000/bus'), ('GIO_LAUNCHED_DESKTOP_FILE_PID', '3813'), ('INSIDE_NEMO_PYTHON', ''), ('COLCON_PREFIX_PATH', '/home/misha/Documents/navigation_ws/install'), ('QT_QPA_PLATFORMTHEME', 'qt5ct'), ('ROS_DISTRO', 'humble'), ('LOGNAME', 'misha'), ('_', '/usr/bin/env'), ('ROS_VERSION', '2'), ('XDG_SESSION_CLASS', 'user'), ('GTK_OVERLAY_SCROLLING', '1'), ('XDG_SESSION_ID', 'c2'), ('GNOME_DESKTOP_SESSION_ID', 'this-is-deprecated'), ('ROS_LOCALHOST_ONLY', '0'), ('PATH', '/opt/ros/humble/bin:/usr/local/sbin:/usr/local/bin:/usr/sbin:/usr/bin:/sbin:/bin:/usr/games:/usr/local/games:/snap/bin'), ('GDM_LANG', 'en_US'), ('GTK3_MODULES', 'xapp-gtk3-module'), ('SESSION_MANAGER', 'local/misha-ThinkPad-T480:@/tmp/.ICE-unix/1221,unix/misha-ThinkPad-T480:/tmp/.ICE-unix/1221'), ('XDG_RUNTIME_DIR', '/run/user/1000'), ('XDG_SESSION_PATH', '/org/freedesktop/DisplayManager/Session0'), ('DISPLAY', ':0'), ('LANG', 'en_US.UTF-8'), ('XDG_CURRENT_DESKTOP', 'X-Cinnamon'), ('XAUTHORITY', '/home/misha/.Xauthority'), ('XDG_SESSION_DESKTOP', 'cinnamon'), ('AMENT_PREFIX_PATH', '/home/misha/Documents/navigation_ws/install/test_robot_plugin:/opt/ros/humble'), ('SSH_AUTH_SOCK', '/run/user/1000/keyring/ssh'), ('XDG_GREETER_DATA_DIR', '/var/lib/lightdm-data/misha'), ('SHELL', '/bin/bash'), ('GDMSESSION', 'cinnamon'), ('QT_ACCESSIBILITY', '1'), ('GJS_DEBUG_OUTPUT', 'stderr'), ('GPG_AGENT_INFO', '/run/user/1000/gnupg/S.gpg-agent:0:1'), ('XDG_VTNR', '7'), ('LC_ALL', 'en_US.UTF-8'), ('PWD', '/home/misha/Documents/navigation_ws/build/robot_teleop'), ('XDG_CONFIG_DIRS', '/etc/xdg/xdg-cinnamon:/etc/xdg'), ('XDG_DATA_DIRS', '/usr/share/cinnamon:/usr/share/gnome:/home/misha/.local/share/flatpak/exports/share:/var/lib/flatpak/exports/share:/usr/local/share:/usr/share'), ('PYTHONPATH', '/opt/ros/humble/lib/python3.10/site-packages:/opt/ros/humble/local/lib/python3.10/dist-packages'), ('COLCON', '1'), ('CMAKE_PREFIX_PATH', '/home/misha/Documents/navigation_ws/install/test_robot_plugin:/opt/ros/humble')]), 'shell': False}
[0.014310] (test_robot_plugin) JobProgress: {'identifier': 'test_robot_plugin', 'progress': 'cmake'}
[0.015666] (test_robot_plugin) JobProgress: {'identifier': 'test_robot_plugin', 'progress': 'build'}
[0.017142] (test_robot_plugin) Command: {'cmd': ['/usr/bin/cmake', '--build', '/home/misha/Documents/navigation_ws/build/test_robot_plugin', '--', '-j8', '-l8'], 'cwd': '/home/misha/Documents/navigation_ws/build/test_robot_plugin', 'env': OrderedDict([('GJS_DEBUG_TOPICS', 'JS ERROR;JS LOG'), ('LANGUAGE', 'en_US'), ('USER', 'misha'), ('XDG_SEAT', 'seat0'), ('XDG_SESSION_TYPE', 'x11'), ('LD_LIBRARY_PATH', '/home/misha/Documents/navigation_ws/install/test_robot_plugin/lib:/opt/ros/humble/opt/rviz_ogre_vendor/lib:/opt/ros/humble/lib/x86_64-linux-gnu:/opt/ros/humble/lib'), ('SHLVL', '1'), ('HOME', '/home/misha'), ('DESKTOP_SESSION', 'cinnamon'), ('QTDIR', '/usr/lib/x86_64-linux-gnu/qt5'), ('GIO_LAUNCHED_DESKTOP_FILE', '/home/misha/.local/share/applications/org.qt-project.qtcreator.desktop'), ('GTK_MODULES', 'gail:atk-bridge'), ('ROS_PYTHON_VERSION', '3'), ('XDG_SEAT_PATH', '/org/freedesktop/DisplayManager/Seat0'), ('CINNAMON_VERSION', '5.4.12'), ('DBUS_SESSION_BUS_ADDRESS', 'unix:path=/run/user/1000/bus'), ('GIO_LAUNCHED_DESKTOP_FILE_PID', '3813'), ('INSIDE_NEMO_PYTHON', ''), ('COLCON_PREFIX_PATH', '/home/misha/Documents/navigation_ws/install'), ('QT_QPA_PLATFORMTHEME', 'qt5ct'), ('ROS_DISTRO', 'humble'), ('LOGNAME', 'misha'), ('_', '/usr/bin/env'), ('ROS_VERSION', '2'), ('XDG_SESSION_CLASS', 'user'), ('GTK_OVERLAY_SCROLLING', '1'), ('XDG_SESSION_ID', 'c2'), ('GNOME_DESKTOP_SESSION_ID', 'this-is-deprecated'), ('ROS_LOCALHOST_ONLY', '0'), ('PATH', '/opt/ros/humble/bin:/usr/local/sbin:/usr/local/bin:/usr/sbin:/usr/bin:/sbin:/bin:/usr/games:/usr/local/games:/snap/bin'), ('GDM_LANG', 'en_US'), ('GTK3_MODULES', 'xapp-gtk3-module'), ('SESSION_MANAGER', 'local/misha-ThinkPad-T480:@/tmp/.ICE-unix/1221,unix/misha-ThinkPad-T480:/tmp/.ICE-unix/1221'), ('XDG_RUNTIME_DIR', '/run/user/1000'), ('XDG_SESSION_PATH', '/org/freedesktop/DisplayManager/Session0'), ('DISPLAY', ':0'), ('LANG', 'en_US.UTF-8'), ('XDG_CURRENT_DESKTOP', 'X-Cinnamon'), ('XAUTHORITY', '/home/misha/.Xauthority'), ('XDG_SESSION_DESKTOP', 'cinnamon'), ('AMENT_PREFIX_PATH', '/home/misha/Documents/navigation_ws/install/test_robot_plugin:/opt/ros/humble'), ('SSH_AUTH_SOCK', '/run/user/1000/keyring/ssh'), ('XDG_GREETER_DATA_DIR', '/var/lib/lightdm-data/misha'), ('SHELL', '/bin/bash'), ('GDMSESSION', 'cinnamon'), ('QT_ACCESSIBILITY', '1'), ('GJS_DEBUG_OUTPUT', 'stderr'), ('GPG_AGENT_INFO', '/run/user/1000/gnupg/S.gpg-agent:0:1'), ('XDG_VTNR', '7'), ('LC_ALL', 'en_US.UTF-8'), ('PWD', '/home/misha/Documents/navigation_ws/build/test_robot_plugin'), ('XDG_CONFIG_DIRS', '/etc/xdg/xdg-cinnamon:/etc/xdg'), ('XDG_DATA_DIRS', '/usr/share/cinnamon:/usr/share/gnome:/home/misha/.local/share/flatpak/exports/share:/var/lib/flatpak/exports/share:/usr/local/share:/usr/share'), ('PYTHONPATH', '/opt/ros/humble/lib/python3.10/site-packages:/opt/ros/humble/local/lib/python3.10/dist-packages'), ('COLCON', '1'), ('CMAKE_PREFIX_PATH', '/home/misha/Documents/navigation_ws/install/test_robot_plugin:/opt/ros/humble')]), 'shell': False}
[0.029552] (robot_teleop) StdoutLine: {'line': b'-- Found ament_cmake: 1.3.13 (/opt/ros/humble/share/ament_cmake/cmake)\n'}
[0.095399] (test_robot_plugin) StdoutLine: {'line': b'[100%] Built target wheel_robot_controller\n'}
[0.100023] (-) TimerEvent: {}
[0.106371] (test_robot_plugin) CommandEnded: {'returncode': 0}
[0.107059] (test_robot_plugin) JobProgress: {'identifier': 'test_robot_plugin', 'progress': 'install'}
[0.116298] (test_robot_plugin) Command: {'cmd': ['/usr/bin/cmake', '--install', '/home/misha/Documents/navigation_ws/build/test_robot_plugin'], 'cwd': '/home/misha/Documents/navigation_ws/build/test_robot_plugin', 'env': OrderedDict([('GJS_DEBUG_TOPICS', 'JS ERROR;JS LOG'), ('LANGUAGE', 'en_US'), ('USER', 'misha'), ('XDG_SEAT', 'seat0'), ('XDG_SESSION_TYPE', 'x11'), ('LD_LIBRARY_PATH', '/home/misha/Documents/navigation_ws/install/test_robot_plugin/lib:/opt/ros/humble/opt/rviz_ogre_vendor/lib:/opt/ros/humble/lib/x86_64-linux-gnu:/opt/ros/humble/lib'), ('SHLVL', '1'), ('HOME', '/home/misha'), ('DESKTOP_SESSION', 'cinnamon'), ('QTDIR', '/usr/lib/x86_64-linux-gnu/qt5'), ('GIO_LAUNCHED_DESKTOP_FILE', '/home/misha/.local/share/applications/org.qt-project.qtcreator.desktop'), ('GTK_MODULES', 'gail:atk-bridge'), ('ROS_PYTHON_VERSION', '3'), ('XDG_SEAT_PATH', '/org/freedesktop/DisplayManager/Seat0'), ('CINNAMON_VERSION', '5.4.12'), ('DBUS_SESSION_BUS_ADDRESS', 'unix:path=/run/user/1000/bus'), ('GIO_LAUNCHED_DESKTOP_FILE_PID', '3813'), ('INSIDE_NEMO_PYTHON', ''), ('COLCON_PREFIX_PATH', '/home/misha/Documents/navigation_ws/install'), ('QT_QPA_PLATFORMTHEME', 'qt5ct'), ('ROS_DISTRO', 'humble'), ('LOGNAME', 'misha'), ('_', '/usr/bin/env'), ('ROS_VERSION', '2'), ('XDG_SESSION_CLASS', 'user'), ('GTK_OVERLAY_SCROLLING', '1'), ('XDG_SESSION_ID', 'c2'), ('GNOME_DESKTOP_SESSION_ID', 'this-is-deprecated'), ('ROS_LOCALHOST_ONLY', '0'), ('PATH', '/opt/ros/humble/bin:/usr/local/sbin:/usr/local/bin:/usr/sbin:/usr/bin:/sbin:/bin:/usr/games:/usr/local/games:/snap/bin'), ('GDM_LANG', 'en_US'), ('GTK3_MODULES', 'xapp-gtk3-module'), ('SESSION_MANAGER', 'local/misha-ThinkPad-T480:@/tmp/.ICE-unix/1221,unix/misha-ThinkPad-T480:/tmp/.ICE-unix/1221'), ('XDG_RUNTIME_DIR', '/run/user/1000'), ('XDG_SESSION_PATH', '/org/freedesktop/DisplayManager/Session0'), ('DISPLAY', ':0'), ('LANG', 'en_US.UTF-8'), ('XDG_CURRENT_DESKTOP', 'X-Cinnamon'), ('XAUTHORITY', '/home/misha/.Xauthority'), ('XDG_SESSION_DESKTOP', 'cinnamon'), ('AMENT_PREFIX_PATH', '/home/misha/Documents/navigation_ws/install/test_robot_plugin:/opt/ros/humble'), ('SSH_AUTH_SOCK', '/run/user/1000/keyring/ssh'), ('XDG_GREETER_DATA_DIR', '/var/lib/lightdm-data/misha'), ('SHELL', '/bin/bash'), ('GDMSESSION', 'cinnamon'), ('QT_ACCESSIBILITY', '1'), ('GJS_DEBUG_OUTPUT', 'stderr'), ('GPG_AGENT_INFO', '/run/user/1000/gnupg/S.gpg-agent:0:1'), ('XDG_VTNR', '7'), ('LC_ALL', 'en_US.UTF-8'), ('PWD', '/home/misha/Documents/navigation_ws/build/test_robot_plugin'), ('XDG_CONFIG_DIRS', '/etc/xdg/xdg-cinnamon:/etc/xdg'), ('XDG_DATA_DIRS', '/usr/share/cinnamon:/usr/share/gnome:/home/misha/.local/share/flatpak/exports/share:/var/lib/flatpak/exports/share:/usr/local/share:/usr/share'), ('PYTHONPATH', '/opt/ros/humble/lib/python3.10/site-packages:/opt/ros/humble/local/lib/python3.10/dist-packages'), ('COLCON', '1'), ('CMAKE_PREFIX_PATH', '/home/misha/Documents/navigation_ws/install/test_robot_plugin:/opt/ros/humble')]), 'shell': False}
[0.124119] (test_robot_plugin) StdoutLine: {'line': b'-- Install configuration: "Debug"\n'}
[0.124424] (test_robot_plugin) StdoutLine: {'line': b'-- Up-to-date: /home/misha/Documents/navigation_ws/install/test_robot_plugin/lib/libwheel_robot_controller.so\n'}
[0.124749] (test_robot_plugin) StdoutLine: {'line': b'-- Up-to-date: /home/misha/Documents/navigation_ws/install/test_robot_plugin/share/ament_index/resource_index/package_run_dependencies/test_robot_plugin\n'}
[0.125119] (test_robot_plugin) StdoutLine: {'line': b'-- Up-to-date: /home/misha/Documents/navigation_ws/install/test_robot_plugin/share/ament_index/resource_index/parent_prefix_path/test_robot_plugin\n'}
[0.125203] (test_robot_plugin) StdoutLine: {'line': b'-- Up-to-date: /home/misha/Documents/navigation_ws/install/test_robot_plugin/share/test_robot_plugin/environment/ament_prefix_path.sh\n'}
[0.125279] (test_robot_plugin) StdoutLine: {'line': b'-- Up-to-date: /home/misha/Documents/navigation_ws/install/test_robot_plugin/share/test_robot_plugin/environment/ament_prefix_path.dsv\n'}
[0.125350] (test_robot_plugin) StdoutLine: {'line': b'-- Up-to-date: /home/misha/Documents/navigation_ws/install/test_robot_plugin/share/test_robot_plugin/environment/path.sh\n'}
[0.125421] (test_robot_plugin) StdoutLine: {'line': b'-- Up-to-date: /home/misha/Documents/navigation_ws/install/test_robot_plugin/share/test_robot_plugin/environment/path.dsv\n'}
[0.125490] (test_robot_plugin) StdoutLine: {'line': b'-- Up-to-date: /home/misha/Documents/navigation_ws/install/test_robot_plugin/share/test_robot_plugin/local_setup.bash\n'}
[0.125559] (test_robot_plugin) StdoutLine: {'line': b'-- Up-to-date: /home/misha/Documents/navigation_ws/install/test_robot_plugin/share/test_robot_plugin/local_setup.sh\n'}
[0.125629] (test_robot_plugin) StdoutLine: {'line': b'-- Up-to-date: /home/misha/Documents/navigation_ws/install/test_robot_plugin/share/test_robot_plugin/local_setup.zsh\n'}
[0.125698] (test_robot_plugin) StdoutLine: {'line': b'-- Up-to-date: /home/misha/Documents/navigation_ws/install/test_robot_plugin/share/test_robot_plugin/local_setup.dsv\n'}
[0.125767] (test_robot_plugin) StdoutLine: {'line': b'-- Installing: /home/misha/Documents/navigation_ws/install/test_robot_plugin/share/test_robot_plugin/package.dsv\n'}
[0.126038] (test_robot_plugin) StdoutLine: {'line': b'-- Up-to-date: /home/misha/Documents/navigation_ws/install/test_robot_plugin/share/ament_index/resource_index/packages/test_robot_plugin\n'}
[0.126133] (test_robot_plugin) StdoutLine: {'line': b'-- Up-to-date: /home/misha/Documents/navigation_ws/install/test_robot_plugin/share/test_robot_plugin/cmake/test_robot_pluginConfig.cmake\n'}
[0.126200] (test_robot_plugin) StdoutLine: {'line': b'-- Up-to-date: /home/misha/Documents/navigation_ws/install/test_robot_plugin/share/test_robot_plugin/cmake/test_robot_pluginConfig-version.cmake\n'}
[0.126273] (test_robot_plugin) StdoutLine: {'line': b'-- Up-to-date: /home/misha/Documents/navigation_ws/install/test_robot_plugin/share/test_robot_plugin/package.xml\n'}
[0.126942] (test_robot_plugin) CommandEnded: {'returncode': 0}
[0.151390] (test_robot_plugin) JobEnded: {'identifier': 'test_robot_plugin', 'rc': 0}
[0.184282] (robot_teleop) StdoutLine: {'line': b'-- Found rclcpp: 16.0.18 (/opt/ros/humble/share/rclcpp/cmake)\n'}
[0.200114] (-) TimerEvent: {}
[0.219799] (robot_teleop) StdoutLine: {'line': b'-- Found rosidl_generator_c: 3.1.8 (/opt/ros/humble/share/rosidl_generator_c/cmake)\n'}
[0.222742] (robot_teleop) StdoutLine: {'line': b'-- Found rosidl_adapter: 3.1.8 (/opt/ros/humble/share/rosidl_adapter/cmake)\n'}
[0.229609] (robot_teleop) StdoutLine: {'line': b'-- Found rosidl_generator_cpp: 3.1.8 (/opt/ros/humble/share/rosidl_generator_cpp/cmake)\n'}
[0.240279] (robot_teleop) StdoutLine: {'line': b'-- Using all available rosidl_typesupport_c: rosidl_typesupport_fastrtps_c;rosidl_typesupport_introspection_c\n'}
[0.253904] (robot_teleop) StdoutLine: {'line': b'-- Using all available rosidl_typesupport_cpp: rosidl_typesupport_fastrtps_cpp;rosidl_typesupport_introspection_cpp\n'}
[0.288055] (robot_teleop) StdoutLine: {'line': b'-- Found rmw_implementation_cmake: 6.1.2 (/opt/ros/humble/share/rmw_implementation_cmake/cmake)\n'}
[0.289548] (robot_teleop) StdoutLine: {'line': b'-- Found rmw_fastrtps_cpp: 6.2.10 (/opt/ros/humble/share/rmw_fastrtps_cpp/cmake)\n'}
[0.300189] (-) TimerEvent: {}
[0.395994] (robot_teleop) StdoutLine: {'line': b"-- Using RMW implementation 'rmw_fastrtps_cpp' as default\n"}
[0.400272] (-) TimerEvent: {}
[0.452712] (robot_teleop) StdoutLine: {'line': b'-- Found ament_lint_auto: 0.12.15 (/opt/ros/humble/share/ament_lint_auto/cmake)\n'}
[0.500400] (-) TimerEvent: {}
[0.525645] (robot_teleop) StdoutLine: {'line': b"-- Added test 'cppcheck' to perform static code analysis on C / C++ code\n"}
[0.525885] (robot_teleop) StdoutLine: {'line': b'-- Configured cppcheck include dirs: \n'}
[0.526028] (robot_teleop) StdoutLine: {'line': b'-- Configured cppcheck exclude dirs and/or files: \n'}
[0.526779] (robot_teleop) StdoutLine: {'line': b"-- Added test 'lint_cmake' to check CMake code style\n"}
[0.528062] (robot_teleop) StdoutLine: {'line': b"-- Added test 'uncrustify' to check C / C++ code style\n"}
[0.528234] (robot_teleop) StdoutLine: {'line': b'-- Configured uncrustify additional arguments: \n'}
[0.528790] (robot_teleop) StdoutLine: {'line': b"-- Added test 'xmllint' to check XML markup files\n"}
[0.530285] (robot_teleop) StdoutLine: {'line': b'-- Configuring done\n'}
[0.539872] (robot_teleop) StdoutLine: {'line': b'-- Generating done\n'}
[0.543424] (robot_teleop) StdoutLine: {'line': b'-- Build files have been written to: /home/misha/Documents/navigation_ws/build/robot_teleop\n'}
[0.550505] (robot_teleop) CommandEnded: {'returncode': 0}
[0.551252] (robot_teleop) JobProgress: {'identifier': 'robot_teleop', 'progress': 'build'}
[0.551597] (robot_teleop) Command: {'cmd': ['/usr/bin/cmake', '--build', '/home/misha/Documents/navigation_ws/build/robot_teleop', '--', '-j8', '-l8'], 'cwd': '/home/misha/Documents/navigation_ws/build/robot_teleop', 'env': OrderedDict([('GJS_DEBUG_TOPICS', 'JS ERROR;JS LOG'), ('LANGUAGE', 'en_US'), ('USER', 'misha'), ('XDG_SEAT', 'seat0'), ('XDG_SESSION_TYPE', 'x11'), ('LD_LIBRARY_PATH', '/home/misha/Documents/navigation_ws/install/test_robot_plugin/lib:/opt/ros/humble/opt/rviz_ogre_vendor/lib:/opt/ros/humble/lib/x86_64-linux-gnu:/opt/ros/humble/lib'), ('SHLVL', '1'), ('HOME', '/home/misha'), ('DESKTOP_SESSION', 'cinnamon'), ('QTDIR', '/usr/lib/x86_64-linux-gnu/qt5'), ('GIO_LAUNCHED_DESKTOP_FILE', '/home/misha/.local/share/applications/org.qt-project.qtcreator.desktop'), ('GTK_MODULES', 'gail:atk-bridge'), ('ROS_PYTHON_VERSION', '3'), ('XDG_SEAT_PATH', '/org/freedesktop/DisplayManager/Seat0'), ('CINNAMON_VERSION', '5.4.12'), ('DBUS_SESSION_BUS_ADDRESS', 'unix:path=/run/user/1000/bus'), ('GIO_LAUNCHED_DESKTOP_FILE_PID', '3813'), ('INSIDE_NEMO_PYTHON', ''), ('COLCON_PREFIX_PATH', '/home/misha/Documents/navigation_ws/install'), ('QT_QPA_PLATFORMTHEME', 'qt5ct'), ('ROS_DISTRO', 'humble'), ('LOGNAME', 'misha'), ('_', '/usr/bin/env'), ('ROS_VERSION', '2'), ('XDG_SESSION_CLASS', 'user'), ('GTK_OVERLAY_SCROLLING', '1'), ('XDG_SESSION_ID', 'c2'), ('GNOME_DESKTOP_SESSION_ID', 'this-is-deprecated'), ('ROS_LOCALHOST_ONLY', '0'), ('PATH', '/opt/ros/humble/bin:/usr/local/sbin:/usr/local/bin:/usr/sbin:/usr/bin:/sbin:/bin:/usr/games:/usr/local/games:/snap/bin'), ('GDM_LANG', 'en_US'), ('GTK3_MODULES', 'xapp-gtk3-module'), ('SESSION_MANAGER', 'local/misha-ThinkPad-T480:@/tmp/.ICE-unix/1221,unix/misha-ThinkPad-T480:/tmp/.ICE-unix/1221'), ('XDG_RUNTIME_DIR', '/run/user/1000'), ('XDG_SESSION_PATH', '/org/freedesktop/DisplayManager/Session0'), ('DISPLAY', ':0'), ('LANG', 'en_US.UTF-8'), ('XDG_CURRENT_DESKTOP', 'X-Cinnamon'), ('XAUTHORITY', '/home/misha/.Xauthority'), ('XDG_SESSION_DESKTOP', 'cinnamon'), ('AMENT_PREFIX_PATH', '/home/misha/Documents/navigation_ws/install/test_robot_plugin:/opt/ros/humble'), ('SSH_AUTH_SOCK', '/run/user/1000/keyring/ssh'), ('XDG_GREETER_DATA_DIR', '/var/lib/lightdm-data/misha'), ('SHELL', '/bin/bash'), ('GDMSESSION', 'cinnamon'), ('QT_ACCESSIBILITY', '1'), ('GJS_DEBUG_OUTPUT', 'stderr'), ('GPG_AGENT_INFO', '/run/user/1000/gnupg/S.gpg-agent:0:1'), ('XDG_VTNR', '7'), ('LC_ALL', 'en_US.UTF-8'), ('PWD', '/home/misha/Documents/navigation_ws/build/robot_teleop'), ('XDG_CONFIG_DIRS', '/etc/xdg/xdg-cinnamon:/etc/xdg'), ('XDG_DATA_DIRS', '/usr/share/cinnamon:/usr/share/gnome:/home/misha/.local/share/flatpak/exports/share:/var/lib/flatpak/exports/share:/usr/local/share:/usr/share'), ('PYTHONPATH', '/opt/ros/humble/lib/python3.10/site-packages:/opt/ros/humble/local/lib/python3.10/dist-packages'), ('COLCON', '1'), ('CMAKE_PREFIX_PATH', '/home/misha/Documents/navigation_ws/install/test_robot_plugin:/opt/ros/humble')]), 'shell': False}
[0.599898] (robot_teleop) StdoutLine: {'line': b'[ 50%] Building CXX object CMakeFiles/robot_teleop_node.dir/src/robot_teleop_node.cpp.o\n'}
[0.600471] (-) TimerEvent: {}
[0.700696] (-) TimerEvent: {}
[0.800964] (-) TimerEvent: {}
[0.901233] (-) TimerEvent: {}
[1.001554] (-) TimerEvent: {}
[1.101959] (-) TimerEvent: {}
[1.202540] (-) TimerEvent: {}
[1.302810] (-) TimerEvent: {}
[1.403093] (-) TimerEvent: {}
[1.503369] (-) TimerEvent: {}
[1.603645] (-) TimerEvent: {}
[1.703933] (-) TimerEvent: {}
[1.804206] (-) TimerEvent: {}
[1.904481] (-) TimerEvent: {}
[2.004765] (-) TimerEvent: {}
[2.105058] (-) TimerEvent: {}
[2.205372] (-) TimerEvent: {}
[2.305644] (-) TimerEvent: {}
[2.405941] (-) TimerEvent: {}
[2.506227] (-) TimerEvent: {}
[2.606531] (-) TimerEvent: {}
[2.706825] (-) TimerEvent: {}
[2.807109] (-) TimerEvent: {}
[2.907422] (-) TimerEvent: {}
[3.007702] (-) TimerEvent: {}
[3.107996] (-) TimerEvent: {}
[3.208280] (-) TimerEvent: {}
[3.308554] (-) TimerEvent: {}
[3.408846] (-) TimerEvent: {}
[3.509125] (-) TimerEvent: {}
[3.609402] (-) TimerEvent: {}
[3.709687] (-) TimerEvent: {}
[3.809972] (-) TimerEvent: {}
[3.910290] (-) TimerEvent: {}
[4.010571] (-) TimerEvent: {}
[4.110906] (-) TimerEvent: {}
[4.211243] (-) TimerEvent: {}
[4.311570] (-) TimerEvent: {}
[4.411913] (-) TimerEvent: {}
[4.512266] (-) TimerEvent: {}
[4.612584] (-) TimerEvent: {}
[4.712883] (-) TimerEvent: {}
[4.813158] (-) TimerEvent: {}
[4.826708] (robot_teleop) StdoutLine: {'line': b'[100%] Linking CXX executable robot_teleop_node\n'}
[4.913297] (-) TimerEvent: {}
[4.985496] (robot_teleop) StdoutLine: {'line': b'[100%] Built target robot_teleop_node\n'}
[4.998486] (robot_teleop) CommandEnded: {'returncode': 0}
[4.999285] (robot_teleop) JobProgress: {'identifier': 'robot_teleop', 'progress': 'install'}
[5.000189] (robot_teleop) Command: {'cmd': ['/usr/bin/cmake', '--install', '/home/misha/Documents/navigation_ws/build/robot_teleop'], 'cwd': '/home/misha/Documents/navigation_ws/build/robot_teleop', 'env': OrderedDict([('GJS_DEBUG_TOPICS', 'JS ERROR;JS LOG'), ('LANGUAGE', 'en_US'), ('USER', 'misha'), ('XDG_SEAT', 'seat0'), ('XDG_SESSION_TYPE', 'x11'), ('LD_LIBRARY_PATH', '/home/misha/Documents/navigation_ws/install/test_robot_plugin/lib:/opt/ros/humble/opt/rviz_ogre_vendor/lib:/opt/ros/humble/lib/x86_64-linux-gnu:/opt/ros/humble/lib'), ('SHLVL', '1'), ('HOME', '/home/misha'), ('DESKTOP_SESSION', 'cinnamon'), ('QTDIR', '/usr/lib/x86_64-linux-gnu/qt5'), ('GIO_LAUNCHED_DESKTOP_FILE', '/home/misha/.local/share/applications/org.qt-project.qtcreator.desktop'), ('GTK_MODULES', 'gail:atk-bridge'), ('ROS_PYTHON_VERSION', '3'), ('XDG_SEAT_PATH', '/org/freedesktop/DisplayManager/Seat0'), ('CINNAMON_VERSION', '5.4.12'), ('DBUS_SESSION_BUS_ADDRESS', 'unix:path=/run/user/1000/bus'), ('GIO_LAUNCHED_DESKTOP_FILE_PID', '3813'), ('INSIDE_NEMO_PYTHON', ''), ('COLCON_PREFIX_PATH', '/home/misha/Documents/navigation_ws/install'), ('QT_QPA_PLATFORMTHEME', 'qt5ct'), ('ROS_DISTRO', 'humble'), ('LOGNAME', 'misha'), ('_', '/usr/bin/env'), ('ROS_VERSION', '2'), ('XDG_SESSION_CLASS', 'user'), ('GTK_OVERLAY_SCROLLING', '1'), ('XDG_SESSION_ID', 'c2'), ('GNOME_DESKTOP_SESSION_ID', 'this-is-deprecated'), ('ROS_LOCALHOST_ONLY', '0'), ('PATH', '/opt/ros/humble/bin:/usr/local/sbin:/usr/local/bin:/usr/sbin:/usr/bin:/sbin:/bin:/usr/games:/usr/local/games:/snap/bin'), ('GDM_LANG', 'en_US'), ('GTK3_MODULES', 'xapp-gtk3-module'), ('SESSION_MANAGER', 'local/misha-ThinkPad-T480:@/tmp/.ICE-unix/1221,unix/misha-ThinkPad-T480:/tmp/.ICE-unix/1221'), ('XDG_RUNTIME_DIR', '/run/user/1000'), ('XDG_SESSION_PATH', '/org/freedesktop/DisplayManager/Session0'), ('DISPLAY', ':0'), ('LANG', 'en_US.UTF-8'), ('XDG_CURRENT_DESKTOP', 'X-Cinnamon'), ('XAUTHORITY', '/home/misha/.Xauthority'), ('XDG_SESSION_DESKTOP', 'cinnamon'), ('AMENT_PREFIX_PATH', '/home/misha/Documents/navigation_ws/install/test_robot_plugin:/opt/ros/humble'), ('SSH_AUTH_SOCK', '/run/user/1000/keyring/ssh'), ('XDG_GREETER_DATA_DIR', '/var/lib/lightdm-data/misha'), ('SHELL', '/bin/bash'), ('GDMSESSION', 'cinnamon'), ('QT_ACCESSIBILITY', '1'), ('GJS_DEBUG_OUTPUT', 'stderr'), ('GPG_AGENT_INFO', '/run/user/1000/gnupg/S.gpg-agent:0:1'), ('XDG_VTNR', '7'), ('LC_ALL', 'en_US.UTF-8'), ('PWD', '/home/misha/Documents/navigation_ws/build/robot_teleop'), ('XDG_CONFIG_DIRS', '/etc/xdg/xdg-cinnamon:/etc/xdg'), ('XDG_DATA_DIRS', '/usr/share/cinnamon:/usr/share/gnome:/home/misha/.local/share/flatpak/exports/share:/var/lib/flatpak/exports/share:/usr/local/share:/usr/share'), ('PYTHONPATH', '/opt/ros/humble/lib/python3.10/site-packages:/opt/ros/humble/local/lib/python3.10/dist-packages'), ('COLCON', '1'), ('CMAKE_PREFIX_PATH', '/home/misha/Documents/navigation_ws/install/test_robot_plugin:/opt/ros/humble')]), 'shell': False}
[5.009446] (robot_teleop) StdoutLine: {'line': b'-- Install configuration: "Debug"\n'}
[5.009802] (robot_teleop) StdoutLine: {'line': b'-- Installing: /home/misha/Documents/navigation_ws/install/robot_teleop/lib/robot_teleop/robot_teleop_node\n'}
[5.011264] (robot_teleop) StdoutLine: {'line': b'-- Set runtime path of "/home/misha/Documents/navigation_ws/install/robot_teleop/lib/robot_teleop/robot_teleop_node" to ""\n'}
[5.011674] (robot_teleop) StdoutLine: {'line': b'-- Installing: /home/misha/Documents/navigation_ws/install/robot_teleop/share/ament_index/resource_index/package_run_dependencies/robot_teleop\n'}
[5.011926] (robot_teleop) StdoutLine: {'line': b'-- Installing: /home/misha/Documents/navigation_ws/install/robot_teleop/share/ament_index/resource_index/parent_prefix_path/robot_teleop\n'}
[5.012277] (robot_teleop) StdoutLine: {'line': b'-- Installing: /home/misha/Documents/navigation_ws/install/robot_teleop/share/robot_teleop/environment/ament_prefix_path.sh\n'}
[5.012453] (robot_teleop) StdoutLine: {'line': b'-- Installing: /home/misha/Documents/navigation_ws/install/robot_teleop/share/robot_teleop/environment/ament_prefix_path.dsv\n'}
[5.012615] (robot_teleop) StdoutLine: {'line': b'-- Installing: /home/misha/Documents/navigation_ws/install/robot_teleop/share/robot_teleop/environment/path.sh\n'}
[5.012833] (robot_teleop) StdoutLine: {'line': b'-- Installing: /home/misha/Documents/navigation_ws/install/robot_teleop/share/robot_teleop/environment/path.dsv\n'}
[5.012925] (robot_teleop) StdoutLine: {'line': b'-- Installing: /home/misha/Documents/navigation_ws/install/robot_teleop/share/robot_teleop/local_setup.bash\n'}
[5.013013] (robot_teleop) StdoutLine: {'line': b'-- Installing: /home/misha/Documents/navigation_ws/install/robot_teleop/share/robot_teleop/local_setup.sh\n'}
[5.013268] (robot_teleop) StdoutLine: {'line': b'-- Installing: /home/misha/Documents/navigation_ws/install/robot_teleop/share/robot_teleop/local_setup.zsh\n'}
[5.013354] (-) TimerEvent: {}
[5.013455] (robot_teleop) StdoutLine: {'line': b'-- Installing: /home/misha/Documents/navigation_ws/install/robot_teleop/share/robot_teleop/local_setup.dsv\n'}
[5.013624] (robot_teleop) StdoutLine: {'line': b'-- Installing: /home/misha/Documents/navigation_ws/install/robot_teleop/share/robot_teleop/package.dsv\n'}
[5.013880] (robot_teleop) StdoutLine: {'line': b'-- Installing: /home/misha/Documents/navigation_ws/install/robot_teleop/share/ament_index/resource_index/packages/robot_teleop\n'}
[5.014070] (robot_teleop) StdoutLine: {'line': b'-- Installing: /home/misha/Documents/navigation_ws/install/robot_teleop/share/robot_teleop/cmake/robot_teleopConfig.cmake\n'}
[5.014163] (robot_teleop) StdoutLine: {'line': b'-- Installing: /home/misha/Documents/navigation_ws/install/robot_teleop/share/robot_teleop/cmake/robot_teleopConfig-version.cmake\n'}
[5.014247] (robot_teleop) StdoutLine: {'line': b'-- Installing: /home/misha/Documents/navigation_ws/install/robot_teleop/share/robot_teleop/package.xml\n'}
[5.016022] (robot_teleop) CommandEnded: {'returncode': 0}
[5.034937] (robot_teleop) JobEnded: {'identifier': 'robot_teleop', 'rc': 0}
[5.035739] (-) EventReactorShutdown: {}
