[0.123s] DEBUG:colcon:Command line arguments: ['/usr/bin/colcon', 'build', '--event-handlers', 'status+', 'console_start_end+', '--cmake-args', '-DCMAKE_BUILD_TYPE=Debug']
[0.123s] DEBUG:colcon:Parsed command line arguments: Namespace(log_base=None, log_level=None, verb_name='build', build_base='build', install_base='install', merge_install=False, symlink_install=False, test_result_base=None, continue_on_error=False, executor='parallel', parallel_workers=8, event_handlers=['status+', 'console_start_end+'], ignore_user_meta=False, metas=['./colcon.meta'], base_paths=['.'], packages_ignore=None, packages_ignore_regex=None, paths=None, packages_up_to=None, packages_up_to_regex=None, packages_above=None, packages_above_and_dependencies=None, packages_above_depth=None, packages_select_by_dep=None, packages_skip_by_dep=None, packages_skip_up_to=None, packages_select_build_failed=False, packages_skip_build_finished=False, packages_select_test_failures=False, packages_skip_test_passed=False, packages_select=None, packages_skip=None, packages_select_regex=None, packages_skip_regex=None, packages_start=None, packages_end=None, allow_overriding=[], cmake_args=['-DCMAKE_BUILD_TYPE=Debug'], cmake_target=None, cmake_target_skip_unavailable=False, cmake_clean_cache=False, cmake_clean_first=False, cmake_force_configure=False, ament_cmake_args=None, catkin_cmake_args=None, catkin_skip_building_tests=False, mixin_files=None, mixin=None, verb_parser=<colcon_mixin.mixin.mixin_argument.MixinArgumentDecorator object at 0x7f4ff0e3d2d0>, verb_extension=<colcon_core.verb.build.BuildVerb object at 0x7f4ff0e3cbb0>, main=<bound method BuildVerb.main of <colcon_core.verb.build.BuildVerb object at 0x7f4ff0e3cbb0>>, mixin_verb=('build',))
[0.304s] Level 1:colcon.colcon_core.package_discovery:discover_packages(colcon_meta) check parameters
[0.305s] Level 1:colcon.colcon_core.package_discovery:discover_packages(recursive) check parameters
[0.305s] Level 1:colcon.colcon_core.package_discovery:discover_packages(ignore) check parameters
[0.305s] Level 1:colcon.colcon_core.package_discovery:discover_packages(path) check parameters
[0.305s] Level 1:colcon.colcon_core.package_discovery:discover_packages(colcon_meta) discover
[0.305s] Level 1:colcon.colcon_core.package_discovery:discover_packages(recursive) discover
[0.305s] INFO:colcon.colcon_core.package_discovery:Crawling recursively for packages in '/home/misha/Documents/navigation_ws'
[0.305s] Level 1:colcon.colcon_core.package_identification:_identify(.) by extensions ['ignore', 'ignore_ament_install']
[0.305s] Level 1:colcon.colcon_core.package_identification:_identify(.) by extension 'ignore'
[0.305s] Level 1:colcon.colcon_core.package_identification:_identify(.) by extension 'ignore_ament_install'
[0.305s] Level 1:colcon.colcon_core.package_identification:_identify(.) by extensions ['colcon_pkg']
[0.305s] Level 1:colcon.colcon_core.package_identification:_identify(.) by extension 'colcon_pkg'
[0.305s] Level 1:colcon.colcon_core.package_identification:_identify(.) by extensions ['colcon_meta']
[0.305s] Level 1:colcon.colcon_core.package_identification:_identify(.) by extension 'colcon_meta'
[0.305s] Level 1:colcon.colcon_core.package_identification:_identify(.) by extensions ['ros']
[0.305s] Level 1:colcon.colcon_core.package_identification:_identify(.) by extension 'ros'
[0.316s] Level 1:colcon.colcon_core.package_identification:_identify(.) by extensions ['cmake', 'python']
[0.317s] Level 1:colcon.colcon_core.package_identification:_identify(.) by extension 'cmake'
[0.317s] Level 1:colcon.colcon_core.package_identification:_identify(.) by extension 'python'
[0.317s] Level 1:colcon.colcon_core.package_identification:_identify(.) by extensions ['python_setup_py']
[0.317s] Level 1:colcon.colcon_core.package_identification:_identify(.) by extension 'python_setup_py'
[0.317s] Level 1:colcon.colcon_core.package_identification:_identify(build) by extensions ['ignore', 'ignore_ament_install']
[0.317s] Level 1:colcon.colcon_core.package_identification:_identify(build) by extension 'ignore'
[0.317s] Level 1:colcon.colcon_core.package_identification:_identify(build) ignored
[0.317s] Level 1:colcon.colcon_core.package_identification:_identify(install) by extensions ['ignore', 'ignore_ament_install']
[0.317s] Level 1:colcon.colcon_core.package_identification:_identify(install) by extension 'ignore'
[0.317s] Level 1:colcon.colcon_core.package_identification:_identify(install) ignored
[0.317s] Level 1:colcon.colcon_core.package_identification:_identify(log) by extensions ['ignore', 'ignore_ament_install']
[0.317s] Level 1:colcon.colcon_core.package_identification:_identify(log) by extension 'ignore'
[0.317s] Level 1:colcon.colcon_core.package_identification:_identify(log) ignored
[0.318s] Level 1:colcon.colcon_core.package_identification:_identify(src) by extensions ['ignore', 'ignore_ament_install']
[0.318s] Level 1:colcon.colcon_core.package_identification:_identify(src) by extension 'ignore'
[0.318s] Level 1:colcon.colcon_core.package_identification:_identify(src) by extension 'ignore_ament_install'
[0.318s] Level 1:colcon.colcon_core.package_identification:_identify(src) by extensions ['colcon_pkg']
[0.318s] Level 1:colcon.colcon_core.package_identification:_identify(src) by extension 'colcon_pkg'
[0.318s] Level 1:colcon.colcon_core.package_identification:_identify(src) by extensions ['colcon_meta']
[0.318s] Level 1:colcon.colcon_core.package_identification:_identify(src) by extension 'colcon_meta'
[0.318s] Level 1:colcon.colcon_core.package_identification:_identify(src) by extensions ['ros']
[0.318s] Level 1:colcon.colcon_core.package_identification:_identify(src) by extension 'ros'
[0.318s] Level 1:colcon.colcon_core.package_identification:_identify(src) by extensions ['cmake', 'python']
[0.318s] Level 1:colcon.colcon_core.package_identification:_identify(src) by extension 'cmake'
[0.318s] Level 1:colcon.colcon_core.package_identification:_identify(src) by extension 'python'
[0.318s] Level 1:colcon.colcon_core.package_identification:_identify(src) by extensions ['python_setup_py']
[0.318s] Level 1:colcon.colcon_core.package_identification:_identify(src) by extension 'python_setup_py'
[0.318s] Level 1:colcon.colcon_core.package_identification:_identify(src/robot_teleop) by extensions ['ignore', 'ignore_ament_install']
[0.318s] Level 1:colcon.colcon_core.package_identification:_identify(src/robot_teleop) by extension 'ignore'
[0.318s] Level 1:colcon.colcon_core.package_identification:_identify(src/robot_teleop) by extension 'ignore_ament_install'
[0.318s] Level 1:colcon.colcon_core.package_identification:_identify(src/robot_teleop) by extensions ['colcon_pkg']
[0.319s] Level 1:colcon.colcon_core.package_identification:_identify(src/robot_teleop) by extension 'colcon_pkg'
[0.319s] Level 1:colcon.colcon_core.package_identification:_identify(src/robot_teleop) by extensions ['colcon_meta']
[0.319s] Level 1:colcon.colcon_core.package_identification:_identify(src/robot_teleop) by extension 'colcon_meta'
[0.319s] Level 1:colcon.colcon_core.package_identification:_identify(src/robot_teleop) by extensions ['ros']
[0.319s] Level 1:colcon.colcon_core.package_identification:_identify(src/robot_teleop) by extension 'ros'
[0.321s] DEBUG:colcon.colcon_core.package_identification:Package 'src/robot_teleop' with type 'ros.ament_cmake' and name 'robot_teleop'
[0.321s] Level 1:colcon.colcon_core.package_identification:_identify(src/test_robot_plugin) by extensions ['ignore', 'ignore_ament_install']
[0.321s] Level 1:colcon.colcon_core.package_identification:_identify(src/test_robot_plugin) by extension 'ignore'
[0.321s] Level 1:colcon.colcon_core.package_identification:_identify(src/test_robot_plugin) by extension 'ignore_ament_install'
[0.321s] Level 1:colcon.colcon_core.package_identification:_identify(src/test_robot_plugin) by extensions ['colcon_pkg']
[0.321s] Level 1:colcon.colcon_core.package_identification:_identify(src/test_robot_plugin) by extension 'colcon_pkg'
[0.321s] Level 1:colcon.colcon_core.package_identification:_identify(src/test_robot_plugin) by extensions ['colcon_meta']
[0.321s] Level 1:colcon.colcon_core.package_identification:_identify(src/test_robot_plugin) by extension 'colcon_meta'
[0.321s] Level 1:colcon.colcon_core.package_identification:_identify(src/test_robot_plugin) by extensions ['ros']
[0.321s] Level 1:colcon.colcon_core.package_identification:_identify(src/test_robot_plugin) by extension 'ros'
[0.322s] DEBUG:colcon.colcon_core.package_identification:Package 'src/test_robot_plugin' with type 'ros.ament_cmake' and name 'test_robot_plugin'
[0.322s] Level 1:colcon.colcon_core.package_discovery:discover_packages(recursive) using defaults
[0.322s] Level 1:colcon.colcon_core.package_discovery:discover_packages(ignore) discover
[0.322s] Level 1:colcon.colcon_core.package_discovery:discover_packages(ignore) using defaults
[0.322s] Level 1:colcon.colcon_core.package_discovery:discover_packages(path) discover
[0.322s] Level 1:colcon.colcon_core.package_discovery:discover_packages(path) using defaults
[0.354s] Level 1:colcon.colcon_core.package_discovery:discover_packages(prefix_path) check parameters
[0.354s] Level 1:colcon.colcon_core.package_discovery:discover_packages(prefix_path) discover
[0.356s] DEBUG:colcon.colcon_installed_package_information.package_discovery:Found 2 installed packages in /home/misha/Documents/navigation_ws/install
[0.358s] DEBUG:colcon.colcon_installed_package_information.package_discovery:Found 275 installed packages in /opt/ros/humble
[0.359s] Level 1:colcon.colcon_core.package_discovery:discover_packages(prefix_path) using defaults
[0.403s] Level 5:colcon.colcon_core.verb:set package 'robot_teleop' build argument 'cmake_args' from command line to '['-DCMAKE_BUILD_TYPE=Debug']'
[0.403s] Level 5:colcon.colcon_core.verb:set package 'robot_teleop' build argument 'cmake_target' from command line to 'None'
[0.403s] Level 5:colcon.colcon_core.verb:set package 'robot_teleop' build argument 'cmake_target_skip_unavailable' from command line to 'False'
[0.403s] Level 5:colcon.colcon_core.verb:set package 'robot_teleop' build argument 'cmake_clean_cache' from command line to 'False'
[0.403s] Level 5:colcon.colcon_core.verb:set package 'robot_teleop' build argument 'cmake_clean_first' from command line to 'False'
[0.403s] Level 5:colcon.colcon_core.verb:set package 'robot_teleop' build argument 'cmake_force_configure' from command line to 'False'
[0.403s] Level 5:colcon.colcon_core.verb:set package 'robot_teleop' build argument 'ament_cmake_args' from command line to 'None'
[0.403s] Level 5:colcon.colcon_core.verb:set package 'robot_teleop' build argument 'catkin_cmake_args' from command line to 'None'
[0.403s] Level 5:colcon.colcon_core.verb:set package 'robot_teleop' build argument 'catkin_skip_building_tests' from command line to 'False'
[0.404s] DEBUG:colcon.colcon_core.verb:Building package 'robot_teleop' with the following arguments: {'ament_cmake_args': None, 'build_base': '/home/misha/Documents/navigation_ws/build/robot_teleop', 'catkin_cmake_args': None, 'catkin_skip_building_tests': False, 'cmake_args': ['-DCMAKE_BUILD_TYPE=Debug'], 'cmake_clean_cache': False, 'cmake_clean_first': False, 'cmake_force_configure': False, 'cmake_target': None, 'cmake_target_skip_unavailable': False, 'install_base': '/home/misha/Documents/navigation_ws/install/robot_teleop', 'merge_install': False, 'path': '/home/misha/Documents/navigation_ws/src/robot_teleop', 'symlink_install': False, 'test_result_base': None}
[0.404s] Level 5:colcon.colcon_core.verb:set package 'test_robot_plugin' build argument 'cmake_args' from command line to '['-DCMAKE_BUILD_TYPE=Debug']'
[0.404s] Level 5:colcon.colcon_core.verb:set package 'test_robot_plugin' build argument 'cmake_target' from command line to 'None'
[0.404s] Level 5:colcon.colcon_core.verb:set package 'test_robot_plugin' build argument 'cmake_target_skip_unavailable' from command line to 'False'
[0.404s] Level 5:colcon.colcon_core.verb:set package 'test_robot_plugin' build argument 'cmake_clean_cache' from command line to 'False'
[0.404s] Level 5:colcon.colcon_core.verb:set package 'test_robot_plugin' build argument 'cmake_clean_first' from command line to 'False'
[0.404s] Level 5:colcon.colcon_core.verb:set package 'test_robot_plugin' build argument 'cmake_force_configure' from command line to 'False'
[0.404s] Level 5:colcon.colcon_core.verb:set package 'test_robot_plugin' build argument 'ament_cmake_args' from command line to 'None'
[0.404s] Level 5:colcon.colcon_core.verb:set package 'test_robot_plugin' build argument 'catkin_cmake_args' from command line to 'None'
[0.404s] Level 5:colcon.colcon_core.verb:set package 'test_robot_plugin' build argument 'catkin_skip_building_tests' from command line to 'False'
[0.404s] DEBUG:colcon.colcon_core.verb:Building package 'test_robot_plugin' with the following arguments: {'ament_cmake_args': None, 'build_base': '/home/misha/Documents/navigation_ws/build/test_robot_plugin', 'catkin_cmake_args': None, 'catkin_skip_building_tests': False, 'cmake_args': ['-DCMAKE_BUILD_TYPE=Debug'], 'cmake_clean_cache': False, 'cmake_clean_first': False, 'cmake_force_configure': False, 'cmake_target': None, 'cmake_target_skip_unavailable': False, 'install_base': '/home/misha/Documents/navigation_ws/install/test_robot_plugin', 'merge_install': False, 'path': '/home/misha/Documents/navigation_ws/src/test_robot_plugin', 'symlink_install': False, 'test_result_base': None}
[0.404s] INFO:colcon.colcon_core.executor:Executing jobs using 'parallel' executor
[0.405s] DEBUG:colcon.colcon_parallel_executor.executor.parallel:run_until_complete
[0.406s] INFO:colcon.colcon_ros.task.ament_cmake.build:Building ROS package in '/home/misha/Documents/navigation_ws/src/robot_teleop' with build type 'ament_cmake'
[0.406s] INFO:colcon.colcon_cmake.task.cmake.build:Building CMake package in '/home/misha/Documents/navigation_ws/src/robot_teleop'
[0.408s] INFO:colcon.colcon_core.plugin_system:Skipping extension 'colcon_core.shell.bat': Not used on non-Windows systems
[0.408s] INFO:colcon.colcon_core.shell:Skip shell extension 'powershell' for command environment: Not usable outside of PowerShell
[0.408s] DEBUG:colcon.colcon_core.shell:Skip shell extension 'dsv' for command environment
[0.411s] INFO:colcon.colcon_ros.task.ament_cmake.build:Building ROS package in '/home/misha/Documents/navigation_ws/src/test_robot_plugin' with build type 'ament_cmake'
[0.412s] INFO:colcon.colcon_cmake.task.cmake.build:Building CMake package in '/home/misha/Documents/navigation_ws/src/test_robot_plugin'
[0.412s] INFO:colcon.colcon_core.shell:Skip shell extension 'powershell' for command environment: Not usable outside of PowerShell
[0.412s] DEBUG:colcon.colcon_core.shell:Skip shell extension 'dsv' for command environment
[0.420s] DEBUG:colcon.colcon_core.event_handler.log_command:Invoking command in '/home/misha/Documents/navigation_ws/build/robot_teleop': CMAKE_PREFIX_PATH=${CMAKE_PREFIX_PATH}:/opt/ros/humble /usr/bin/cmake --build /home/misha/Documents/navigation_ws/build/robot_teleop -- -j8 -l8
[0.422s] DEBUG:colcon.colcon_core.event_handler.log_command:Invoking command in '/home/misha/Documents/navigation_ws/build/test_robot_plugin': CMAKE_PREFIX_PATH=${CMAKE_PREFIX_PATH}:/opt/ros/humble /usr/bin/cmake --build /home/misha/Documents/navigation_ws/build/test_robot_plugin -- -j8 -l8
[0.503s] DEBUG:colcon.colcon_core.event_handler.log_command:Invoked command in '/home/misha/Documents/navigation_ws/build/test_robot_plugin' returned '0': CMAKE_PREFIX_PATH=${CMAKE_PREFIX_PATH}:/opt/ros/humble /usr/bin/cmake --build /home/misha/Documents/navigation_ws/build/test_robot_plugin -- -j8 -l8
[0.513s] DEBUG:colcon.colcon_core.event_handler.log_command:Invoking command in '/home/misha/Documents/navigation_ws/build/test_robot_plugin': CMAKE_PREFIX_PATH=${CMAKE_PREFIX_PATH}:/opt/ros/humble /usr/bin/cmake --install /home/misha/Documents/navigation_ws/build/test_robot_plugin
[0.523s] Level 1:colcon.colcon_core.environment:create_environment_scripts_only(test_robot_plugin)
[0.523s] DEBUG:colcon.colcon_core.event_handler.log_command:Invoked command in '/home/misha/Documents/navigation_ws/build/test_robot_plugin' returned '0': CMAKE_PREFIX_PATH=${CMAKE_PREFIX_PATH}:/opt/ros/humble /usr/bin/cmake --install /home/misha/Documents/navigation_ws/build/test_robot_plugin
[0.527s] Level 1:colcon.colcon_core.environment:checking '/home/misha/Documents/navigation_ws/install/test_robot_plugin' for CMake module files
[0.529s] Level 1:colcon.colcon_core.environment:checking '/home/misha/Documents/navigation_ws/install/test_robot_plugin' for CMake config files
[0.529s] Level 1:colcon.colcon_core.shell:create_environment_hook('test_robot_plugin', 'cmake_prefix_path')
[0.530s] INFO:colcon.colcon_core.shell:Creating environment hook '/home/misha/Documents/navigation_ws/install/test_robot_plugin/share/test_robot_plugin/hook/cmake_prefix_path.ps1'
[0.531s] INFO:colcon.colcon_core.shell:Creating environment descriptor '/home/misha/Documents/navigation_ws/install/test_robot_plugin/share/test_robot_plugin/hook/cmake_prefix_path.dsv'
[0.532s] INFO:colcon.colcon_core.shell:Creating environment hook '/home/misha/Documents/navigation_ws/install/test_robot_plugin/share/test_robot_plugin/hook/cmake_prefix_path.sh'
[0.534s] Level 1:colcon.colcon_core.environment:checking '/home/misha/Documents/navigation_ws/install/test_robot_plugin/lib'
[0.534s] Level 1:colcon.colcon_core.shell:create_environment_hook('test_robot_plugin', 'ld_library_path_lib')
[0.534s] INFO:colcon.colcon_core.shell:Creating environment hook '/home/misha/Documents/navigation_ws/install/test_robot_plugin/share/test_robot_plugin/hook/ld_library_path_lib.ps1'
[0.535s] INFO:colcon.colcon_core.shell:Creating environment descriptor '/home/misha/Documents/navigation_ws/install/test_robot_plugin/share/test_robot_plugin/hook/ld_library_path_lib.dsv'
[0.535s] INFO:colcon.colcon_core.shell:Creating environment hook '/home/misha/Documents/navigation_ws/install/test_robot_plugin/share/test_robot_plugin/hook/ld_library_path_lib.sh'
[0.536s] Level 1:colcon.colcon_core.environment:checking '/home/misha/Documents/navigation_ws/install/test_robot_plugin/bin'
[0.536s] Level 1:colcon.colcon_core.environment:checking '/home/misha/Documents/navigation_ws/install/test_robot_plugin/lib/pkgconfig/test_robot_plugin.pc'
[0.537s] Level 1:colcon.colcon_core.environment:checking '/home/misha/Documents/navigation_ws/install/test_robot_plugin/lib/python3.10/site-packages'
[0.538s] Level 1:colcon.colcon_core.environment:checking '/home/misha/Documents/navigation_ws/install/test_robot_plugin/bin'
[0.538s] INFO:colcon.colcon_core.shell:Creating package script '/home/misha/Documents/navigation_ws/install/test_robot_plugin/share/test_robot_plugin/package.ps1'
[0.540s] INFO:colcon.colcon_core.shell:Creating package descriptor '/home/misha/Documents/navigation_ws/install/test_robot_plugin/share/test_robot_plugin/package.dsv'
[0.541s] INFO:colcon.colcon_core.shell:Creating package script '/home/misha/Documents/navigation_ws/install/test_robot_plugin/share/test_robot_plugin/package.sh'
[0.542s] INFO:colcon.colcon_core.shell:Creating package script '/home/misha/Documents/navigation_ws/install/test_robot_plugin/share/test_robot_plugin/package.bash'
[0.544s] INFO:colcon.colcon_core.shell:Creating package script '/home/misha/Documents/navigation_ws/install/test_robot_plugin/share/test_robot_plugin/package.zsh'
[0.545s] Level 1:colcon.colcon_core.environment:create_file_with_runtime_dependencies(/home/misha/Documents/navigation_ws/install/test_robot_plugin/share/colcon-core/packages/test_robot_plugin)
[0.546s] Level 1:colcon.colcon_core.environment:create_environment_scripts_only(test_robot_plugin)
[0.547s] Level 1:colcon.colcon_core.environment:checking '/home/misha/Documents/navigation_ws/install/test_robot_plugin' for CMake module files
[0.548s] Level 1:colcon.colcon_core.environment:checking '/home/misha/Documents/navigation_ws/install/test_robot_plugin' for CMake config files
[0.548s] Level 1:colcon.colcon_core.shell:create_environment_hook('test_robot_plugin', 'cmake_prefix_path')
[0.548s] INFO:colcon.colcon_core.shell:Creating environment hook '/home/misha/Documents/navigation_ws/install/test_robot_plugin/share/test_robot_plugin/hook/cmake_prefix_path.ps1'
[0.549s] INFO:colcon.colcon_core.shell:Creating environment descriptor '/home/misha/Documents/navigation_ws/install/test_robot_plugin/share/test_robot_plugin/hook/cmake_prefix_path.dsv'
[0.549s] INFO:colcon.colcon_core.shell:Creating environment hook '/home/misha/Documents/navigation_ws/install/test_robot_plugin/share/test_robot_plugin/hook/cmake_prefix_path.sh'
[0.550s] Level 1:colcon.colcon_core.environment:checking '/home/misha/Documents/navigation_ws/install/test_robot_plugin/lib'
[0.550s] Level 1:colcon.colcon_core.shell:create_environment_hook('test_robot_plugin', 'ld_library_path_lib')
[0.550s] INFO:colcon.colcon_core.shell:Creating environment hook '/home/misha/Documents/navigation_ws/install/test_robot_plugin/share/test_robot_plugin/hook/ld_library_path_lib.ps1'
[0.551s] INFO:colcon.colcon_core.shell:Creating environment descriptor '/home/misha/Documents/navigation_ws/install/test_robot_plugin/share/test_robot_plugin/hook/ld_library_path_lib.dsv'
[0.551s] INFO:colcon.colcon_core.shell:Creating environment hook '/home/misha/Documents/navigation_ws/install/test_robot_plugin/share/test_robot_plugin/hook/ld_library_path_lib.sh'
[0.551s] Level 1:colcon.colcon_core.environment:checking '/home/misha/Documents/navigation_ws/install/test_robot_plugin/bin'
[0.551s] Level 1:colcon.colcon_core.environment:checking '/home/misha/Documents/navigation_ws/install/test_robot_plugin/lib/pkgconfig/test_robot_plugin.pc'
[0.552s] Level 1:colcon.colcon_core.environment:checking '/home/misha/Documents/navigation_ws/install/test_robot_plugin/lib/python3.10/site-packages'
[0.552s] Level 1:colcon.colcon_core.environment:checking '/home/misha/Documents/navigation_ws/install/test_robot_plugin/bin'
[0.552s] INFO:colcon.colcon_core.shell:Creating package script '/home/misha/Documents/navigation_ws/install/test_robot_plugin/share/test_robot_plugin/package.ps1'
[0.553s] INFO:colcon.colcon_core.shell:Creating package descriptor '/home/misha/Documents/navigation_ws/install/test_robot_plugin/share/test_robot_plugin/package.dsv'
[0.553s] INFO:colcon.colcon_core.shell:Creating package script '/home/misha/Documents/navigation_ws/install/test_robot_plugin/share/test_robot_plugin/package.sh'
[0.554s] INFO:colcon.colcon_core.shell:Creating package script '/home/misha/Documents/navigation_ws/install/test_robot_plugin/share/test_robot_plugin/package.bash'
[0.554s] INFO:colcon.colcon_core.shell:Creating package script '/home/misha/Documents/navigation_ws/install/test_robot_plugin/share/test_robot_plugin/package.zsh'
[0.555s] Level 1:colcon.colcon_core.environment:create_file_with_runtime_dependencies(/home/misha/Documents/navigation_ws/install/test_robot_plugin/share/colcon-core/packages/test_robot_plugin)
[6.839s] DEBUG:colcon.colcon_core.event_handler.log_command:Invoked command in '/home/misha/Documents/navigation_ws/build/robot_teleop' returned '0': CMAKE_PREFIX_PATH=${CMAKE_PREFIX_PATH}:/opt/ros/humble /usr/bin/cmake --build /home/misha/Documents/navigation_ws/build/robot_teleop -- -j8 -l8
[6.841s] DEBUG:colcon.colcon_core.event_handler.log_command:Invoking command in '/home/misha/Documents/navigation_ws/build/robot_teleop': CMAKE_PREFIX_PATH=${CMAKE_PREFIX_PATH}:/opt/ros/humble /usr/bin/cmake --install /home/misha/Documents/navigation_ws/build/robot_teleop
[6.857s] Level 1:colcon.colcon_core.environment:create_environment_scripts_only(robot_teleop)
[6.857s] DEBUG:colcon.colcon_core.event_handler.log_command:Invoked command in '/home/misha/Documents/navigation_ws/build/robot_teleop' returned '0': CMAKE_PREFIX_PATH=${CMAKE_PREFIX_PATH}:/opt/ros/humble /usr/bin/cmake --install /home/misha/Documents/navigation_ws/build/robot_teleop
[6.857s] Level 1:colcon.colcon_core.environment:checking '/home/misha/Documents/navigation_ws/install/robot_teleop' for CMake module files
[6.858s] Level 1:colcon.colcon_core.environment:checking '/home/misha/Documents/navigation_ws/install/robot_teleop' for CMake config files
[6.859s] Level 1:colcon.colcon_core.shell:create_environment_hook('robot_teleop', 'cmake_prefix_path')
[6.859s] INFO:colcon.colcon_core.shell:Creating environment hook '/home/misha/Documents/navigation_ws/install/robot_teleop/share/robot_teleop/hook/cmake_prefix_path.ps1'
[6.859s] INFO:colcon.colcon_core.shell:Creating environment descriptor '/home/misha/Documents/navigation_ws/install/robot_teleop/share/robot_teleop/hook/cmake_prefix_path.dsv'
[6.860s] INFO:colcon.colcon_core.shell:Creating environment hook '/home/misha/Documents/navigation_ws/install/robot_teleop/share/robot_teleop/hook/cmake_prefix_path.sh'
[6.861s] Level 1:colcon.colcon_core.environment:checking '/home/misha/Documents/navigation_ws/install/robot_teleop/lib'
[6.861s] Level 1:colcon.colcon_core.environment:checking '/home/misha/Documents/navigation_ws/install/robot_teleop/bin'
[6.861s] Level 1:colcon.colcon_core.environment:checking '/home/misha/Documents/navigation_ws/install/robot_teleop/lib/pkgconfig/robot_teleop.pc'
[6.861s] Level 1:colcon.colcon_core.environment:checking '/home/misha/Documents/navigation_ws/install/robot_teleop/lib/python3.10/site-packages'
[6.861s] Level 1:colcon.colcon_core.environment:checking '/home/misha/Documents/navigation_ws/install/robot_teleop/bin'
[6.862s] INFO:colcon.colcon_core.shell:Creating package script '/home/misha/Documents/navigation_ws/install/robot_teleop/share/robot_teleop/package.ps1'
[6.862s] INFO:colcon.colcon_core.shell:Creating package descriptor '/home/misha/Documents/navigation_ws/install/robot_teleop/share/robot_teleop/package.dsv'
[6.863s] INFO:colcon.colcon_core.shell:Creating package script '/home/misha/Documents/navigation_ws/install/robot_teleop/share/robot_teleop/package.sh'
[6.863s] INFO:colcon.colcon_core.shell:Creating package script '/home/misha/Documents/navigation_ws/install/robot_teleop/share/robot_teleop/package.bash'
[6.864s] INFO:colcon.colcon_core.shell:Creating package script '/home/misha/Documents/navigation_ws/install/robot_teleop/share/robot_teleop/package.zsh'
[6.864s] Level 1:colcon.colcon_core.environment:create_file_with_runtime_dependencies(/home/misha/Documents/navigation_ws/install/robot_teleop/share/colcon-core/packages/robot_teleop)
[6.865s] Level 1:colcon.colcon_core.environment:create_environment_scripts_only(robot_teleop)
[6.865s] Level 1:colcon.colcon_core.environment:checking '/home/misha/Documents/navigation_ws/install/robot_teleop' for CMake module files
[6.865s] Level 1:colcon.colcon_core.environment:checking '/home/misha/Documents/navigation_ws/install/robot_teleop' for CMake config files
[6.866s] Level 1:colcon.colcon_core.shell:create_environment_hook('robot_teleop', 'cmake_prefix_path')
[6.866s] INFO:colcon.colcon_core.shell:Creating environment hook '/home/misha/Documents/navigation_ws/install/robot_teleop/share/robot_teleop/hook/cmake_prefix_path.ps1'
[6.867s] INFO:colcon.colcon_core.shell:Creating environment descriptor '/home/misha/Documents/navigation_ws/install/robot_teleop/share/robot_teleop/hook/cmake_prefix_path.dsv'
[6.867s] INFO:colcon.colcon_core.shell:Creating environment hook '/home/misha/Documents/navigation_ws/install/robot_teleop/share/robot_teleop/hook/cmake_prefix_path.sh'
[6.868s] Level 1:colcon.colcon_core.environment:checking '/home/misha/Documents/navigation_ws/install/robot_teleop/lib'
[6.868s] Level 1:colcon.colcon_core.environment:checking '/home/misha/Documents/navigation_ws/install/robot_teleop/bin'
[6.868s] Level 1:colcon.colcon_core.environment:checking '/home/misha/Documents/navigation_ws/install/robot_teleop/lib/pkgconfig/robot_teleop.pc'
[6.868s] Level 1:colcon.colcon_core.environment:checking '/home/misha/Documents/navigation_ws/install/robot_teleop/lib/python3.10/site-packages'
[6.868s] Level 1:colcon.colcon_core.environment:checking '/home/misha/Documents/navigation_ws/install/robot_teleop/bin'
[6.869s] INFO:colcon.colcon_core.shell:Creating package script '/home/misha/Documents/navigation_ws/install/robot_teleop/share/robot_teleop/package.ps1'
[6.869s] INFO:colcon.colcon_core.shell:Creating package descriptor '/home/misha/Documents/navigation_ws/install/robot_teleop/share/robot_teleop/package.dsv'
[6.870s] INFO:colcon.colcon_core.shell:Creating package script '/home/misha/Documents/navigation_ws/install/robot_teleop/share/robot_teleop/package.sh'
[6.870s] INFO:colcon.colcon_core.shell:Creating package script '/home/misha/Documents/navigation_ws/install/robot_teleop/share/robot_teleop/package.bash'
[6.871s] INFO:colcon.colcon_core.shell:Creating package script '/home/misha/Documents/navigation_ws/install/robot_teleop/share/robot_teleop/package.zsh'
[6.871s] Level 1:colcon.colcon_core.environment:create_file_with_runtime_dependencies(/home/misha/Documents/navigation_ws/install/robot_teleop/share/colcon-core/packages/robot_teleop)
[6.872s] DEBUG:colcon.colcon_parallel_executor.executor.parallel:closing loop
[6.872s] DEBUG:colcon.colcon_parallel_executor.executor.parallel:loop closed
[6.872s] DEBUG:colcon.colcon_parallel_executor.executor.parallel:run_until_complete finished with '0'
[6.872s] DEBUG:colcon.colcon_core.event_reactor:joining thread
[6.878s] INFO:colcon.colcon_core.plugin_system:Skipping extension 'colcon_notification.desktop_notification.terminal_notifier': Not used on non-Darwin systems
[6.878s] INFO:colcon.colcon_core.plugin_system:Skipping extension 'colcon_notification.desktop_notification.win32': Not used on non-Windows systems
[6.878s] INFO:colcon.colcon_notification.desktop_notification:Sending desktop notification using 'notify2'
[6.884s] DEBUG:colcon.colcon_core.event_reactor:joined thread
[6.885s] INFO:colcon.colcon_core.shell:Creating prefix script '/home/misha/Documents/navigation_ws/install/local_setup.ps1'
[6.888s] INFO:colcon.colcon_core.shell:Creating prefix util module '/home/misha/Documents/navigation_ws/install/_local_setup_util_ps1.py'
[6.891s] INFO:colcon.colcon_core.shell:Creating prefix chain script '/home/misha/Documents/navigation_ws/install/setup.ps1'
[6.893s] INFO:colcon.colcon_core.shell:Creating prefix script '/home/misha/Documents/navigation_ws/install/local_setup.sh'
[6.894s] INFO:colcon.colcon_core.shell:Creating prefix util module '/home/misha/Documents/navigation_ws/install/_local_setup_util_sh.py'
[6.896s] INFO:colcon.colcon_core.shell:Creating prefix chain script '/home/misha/Documents/navigation_ws/install/setup.sh'
[6.898s] INFO:colcon.colcon_core.shell:Creating prefix script '/home/misha/Documents/navigation_ws/install/local_setup.bash'
[6.899s] INFO:colcon.colcon_core.shell:Creating prefix chain script '/home/misha/Documents/navigation_ws/install/setup.bash'
[6.900s] INFO:colcon.colcon_core.shell:Creating prefix script '/home/misha/Documents/navigation_ws/install/local_setup.zsh'
[6.900s] INFO:colcon.colcon_core.shell:Creating prefix chain script '/home/misha/Documents/navigation_ws/install/setup.zsh'
