[0.026s] Invoking command in '/home/misha/Documents/navigation_ws/build/robot_teleop': CMAKE_PREFIX_PATH=${CMAKE_PREFIX_PATH}:/opt/ros/humble /usr/bin/cmake /home/misha/Documents/navigation_ws/src/robot_teleop -DCMAKE_BUILD_TYPE=Debug -DCMAKE_INSTALL_PREFIX=/home/misha/Documents/navigation_ws/install/robot_teleop
[0.050s] -- Found ament_cmake: 1.3.13 (/opt/ros/humble/share/ament_cmake/cmake)
[0.443s] -- Found rclcpp: 16.0.18 (/opt/ros/humble/share/rclcpp/cmake)
[0.535s] -- Found rosidl_generator_c: 3.1.8 (/opt/ros/humble/share/rosidl_generator_c/cmake)
[0.539s] -- Found rosidl_adapter: 3.1.8 (/opt/ros/humble/share/rosidl_adapter/cmake)
[0.552s] -- Found rosidl_generator_cpp: 3.1.8 (/opt/ros/humble/share/rosidl_generator_cpp/cmake)
[0.573s] -- Using all available rosidl_typesupport_c: rosidl_typesupport_fastrtps_c;rosidl_typesupport_introspection_c
[0.599s] -- Using all available rosidl_typesupport_cpp: rosidl_typesupport_fastrtps_cpp;rosidl_typesupport_introspection_cpp
[0.664s] -- Found rmw_implementation_cmake: 6.1.2 (/opt/ros/humble/share/rmw_implementation_cmake/cmake)
[0.667s] -- Found rmw_fastrtps_cpp: 6.2.10 (/opt/ros/humble/share/rmw_fastrtps_cpp/cmake)
[0.893s] -- Using RMW implementation 'rmw_fastrtps_cpp' as default
[1.021s] -- Found geometry_msgs: 4.9.1 (/opt/ros/humble/share/geometry_msgs/cmake)
[1.063s] -- Found ament_lint_auto: 0.12.15 (/opt/ros/humble/share/ament_lint_auto/cmake)
[1.356s] -- Added test 'cppcheck' to perform static code analysis on C / C++ code
[1.358s] -- Configured cppcheck include dirs: 
[1.358s] -- Configured cppcheck exclude dirs and/or files: 
[1.359s] -- Added test 'lint_cmake' to check CMake code style
[1.362s] -- Added test 'uncrustify' to check C / C++ code style
[1.365s] -- Configured uncrustify additional arguments: 
[1.367s] -- Added test 'xmllint' to check XML markup files
[1.370s] -- Configuring done
[1.403s] -- Generating done
[1.415s] -- Build files have been written to: /home/misha/Documents/navigation_ws/build/robot_teleop
[1.433s] Invoked command in '/home/misha/Documents/navigation_ws/build/robot_teleop' returned '0': CMAKE_PREFIX_PATH=${CMAKE_PREFIX_PATH}:/opt/ros/humble /usr/bin/cmake /home/misha/Documents/navigation_ws/src/robot_teleop -DCMAKE_BUILD_TYPE=Debug -DCMAKE_INSTALL_PREFIX=/home/misha/Documents/navigation_ws/install/robot_teleop
[1.437s] Invoking command in '/home/misha/Documents/navigation_ws/build/robot_teleop': CMAKE_PREFIX_PATH=${CMAKE_PREFIX_PATH}:/opt/ros/humble /usr/bin/cmake --build /home/misha/Documents/navigation_ws/build/robot_teleop -- -j8 -l8
[1.521s] Consolidate compiler generated dependencies of target robot_teleop_node
[1.553s] [100%] Built target robot_teleop_node
[1.585s] Invoked command in '/home/misha/Documents/navigation_ws/build/robot_teleop' returned '0': CMAKE_PREFIX_PATH=${CMAKE_PREFIX_PATH}:/opt/ros/humble /usr/bin/cmake --build /home/misha/Documents/navigation_ws/build/robot_teleop -- -j8 -l8
[1.608s] Invoking command in '/home/misha/Documents/navigation_ws/build/robot_teleop': CMAKE_PREFIX_PATH=${CMAKE_PREFIX_PATH}:/opt/ros/humble /usr/bin/cmake --install /home/misha/Documents/navigation_ws/build/robot_teleop
[1.624s] -- Install configuration: "Debug"
[1.624s] -- Up-to-date: /home/misha/Documents/navigation_ws/install/robot_teleop/lib/robot_teleop/robot_teleop_node
[1.625s] -- Up-to-date: /home/misha/Documents/navigation_ws/install/robot_teleop/share/ament_index/resource_index/package_run_dependencies/robot_teleop
[1.626s] -- Installing: /home/misha/Documents/navigation_ws/install/robot_teleop/share/ament_index/resource_index/parent_prefix_path/robot_teleop
[1.627s] -- Up-to-date: /home/misha/Documents/navigation_ws/install/robot_teleop/share/robot_teleop/environment/ament_prefix_path.sh
[1.627s] -- Installing: /home/misha/Documents/navigation_ws/install/robot_teleop/share/robot_teleop/environment/ament_prefix_path.dsv
[1.627s] -- Up-to-date: /home/misha/Documents/navigation_ws/install/robot_teleop/share/robot_teleop/environment/path.sh
[1.627s] -- Installing: /home/misha/Documents/navigation_ws/install/robot_teleop/share/robot_teleop/environment/path.dsv
[1.628s] -- Up-to-date: /home/misha/Documents/navigation_ws/install/robot_teleop/share/robot_teleop/local_setup.bash
[1.628s] -- Up-to-date: /home/misha/Documents/navigation_ws/install/robot_teleop/share/robot_teleop/local_setup.sh
[1.628s] -- Up-to-date: /home/misha/Documents/navigation_ws/install/robot_teleop/share/robot_teleop/local_setup.zsh
[1.628s] -- Installing: /home/misha/Documents/navigation_ws/install/robot_teleop/share/robot_teleop/local_setup.dsv
[1.628s] -- Installing: /home/misha/Documents/navigation_ws/install/robot_teleop/share/robot_teleop/package.dsv
[1.629s] -- Up-to-date: /home/misha/Documents/navigation_ws/install/robot_teleop/share/ament_index/resource_index/packages/robot_teleop
[1.629s] -- Up-to-date: /home/misha/Documents/navigation_ws/install/robot_teleop/share/robot_teleop/cmake/robot_teleopConfig.cmake
[1.630s] -- Up-to-date: /home/misha/Documents/navigation_ws/install/robot_teleop/share/robot_teleop/cmake/robot_teleopConfig-version.cmake
[1.631s] -- Up-to-date: /home/misha/Documents/navigation_ws/install/robot_teleop/share/robot_teleop/package.xml
[1.632s] Invoked command in '/home/misha/Documents/navigation_ws/build/robot_teleop' returned '0': CMAKE_PREFIX_PATH=${CMAKE_PREFIX_PATH}:/opt/ros/humble /usr/bin/cmake --install /home/misha/Documents/navigation_ws/build/robot_teleop
