[0.049s] Invoking command in '/home/misha/Documents/ROS2_Gazebo_tutorials/my_ws/build/move_block': CMAKE_PREFIX_PATH=${CMAKE_PREFIX_PATH}:/opt/ros/humble /usr/bin/cmake --build /home/misha/Documents/ROS2_Gazebo_tutorials/my_ws/build/move_block -- -j8 -l8
[0.103s] -- Found ament_cmake: 1.3.13 (/opt/ros/humble/share/ament_cmake/cmake)
[0.494s] -- Found ament_lint_auto: 0.12.15 (/opt/ros/humble/share/ament_lint_auto/cmake)
[0.617s] -- Added test 'flake8' to check Python code syntax and style conventions
[0.617s] -- Added test 'lint_cmake' to check CMake code style
[0.618s] -- Added test 'pep257' to check Python code against some of the docstring style conventions in PEP 257
[0.619s] -- Added test 'xmllint' to check XML markup files
[0.620s] -- Configuring done
[0.627s] -- Generating done
[0.631s] -- Build files have been written to: /home/misha/Documents/ROS2_Gazebo_tutorials/my_ws/build/move_block
[0.664s] Invoked command in '/home/misha/Documents/ROS2_Gazebo_tutorials/my_ws/build/move_block' returned '0': CMAKE_PREFIX_PATH=${CMAKE_PREFIX_PATH}:/opt/ros/humble /usr/bin/cmake --build /home/misha/Documents/ROS2_Gazebo_tutorials/my_ws/build/move_block -- -j8 -l8
[0.669s] Invoking command in '/home/misha/Documents/ROS2_Gazebo_tutorials/my_ws/build/move_block': CMAKE_PREFIX_PATH=${CMAKE_PREFIX_PATH}:/opt/ros/humble /usr/bin/cmake --install /home/misha/Documents/ROS2_Gazebo_tutorials/my_ws/build/move_block
[0.681s] -- Install configuration: ""
[0.681s] -- Up-to-date: /home/misha/Documents/ROS2_Gazebo_tutorials/my_ws/install/move_block/share/move_block/launch
[0.681s] -- Installing: /home/misha/Documents/ROS2_Gazebo_tutorials/my_ws/install/move_block/share/move_block/launch/move_block_launch.py
[0.681s] -- Up-to-date: /home/misha/Documents/ROS2_Gazebo_tutorials/my_ws/install/move_block/share/ament_index/resource_index/package_run_dependencies/move_block
[0.681s] -- Up-to-date: /home/misha/Documents/ROS2_Gazebo_tutorials/my_ws/install/move_block/share/ament_index/resource_index/parent_prefix_path/move_block
[0.682s] -- Up-to-date: /home/misha/Documents/ROS2_Gazebo_tutorials/my_ws/install/move_block/share/move_block/environment/ament_prefix_path.sh
[0.682s] -- Installing: /home/misha/Documents/ROS2_Gazebo_tutorials/my_ws/install/move_block/share/move_block/environment/ament_prefix_path.dsv
[0.682s] -- Up-to-date: /home/misha/Documents/ROS2_Gazebo_tutorials/my_ws/install/move_block/share/move_block/environment/path.sh
[0.682s] -- Installing: /home/misha/Documents/ROS2_Gazebo_tutorials/my_ws/install/move_block/share/move_block/environment/path.dsv
[0.682s] -- Up-to-date: /home/misha/Documents/ROS2_Gazebo_tutorials/my_ws/install/move_block/share/move_block/local_setup.bash
[0.682s] -- Up-to-date: /home/misha/Documents/ROS2_Gazebo_tutorials/my_ws/install/move_block/share/move_block/local_setup.sh
[0.683s] -- Up-to-date: /home/misha/Documents/ROS2_Gazebo_tutorials/my_ws/install/move_block/share/move_block/local_setup.zsh
[0.683s] -- Installing: /home/misha/Documents/ROS2_Gazebo_tutorials/my_ws/install/move_block/share/move_block/local_setup.dsv
[0.683s] -- Installing: /home/misha/Documents/ROS2_Gazebo_tutorials/my_ws/install/move_block/share/move_block/package.dsv
[0.683s] -- Up-to-date: /home/misha/Documents/ROS2_Gazebo_tutorials/my_ws/install/move_block/share/ament_index/resource_index/packages/move_block
[0.683s] -- Up-to-date: /home/misha/Documents/ROS2_Gazebo_tutorials/my_ws/install/move_block/share/move_block/cmake/move_blockConfig.cmake
[0.683s] -- Up-to-date: /home/misha/Documents/ROS2_Gazebo_tutorials/my_ws/install/move_block/share/move_block/cmake/move_blockConfig-version.cmake
[0.683s] -- Up-to-date: /home/misha/Documents/ROS2_Gazebo_tutorials/my_ws/install/move_block/share/move_block/package.xml
[0.686s] Invoked command in '/home/misha/Documents/ROS2_Gazebo_tutorials/my_ws/build/move_block' returned '0': CMAKE_PREFIX_PATH=${CMAKE_PREFIX_PATH}:/opt/ros/humble /usr/bin/cmake --install /home/misha/Documents/ROS2_Gazebo_tutorials/my_ws/build/move_block
