[0.285s] Invoking command in '/home/misha/Documents/ROS2_Gazebo_tutorials/my_ws/build/move_block': CMAKE_PREFIX_PATH=${CMAKE_PREFIX_PATH}:/opt/ros/humble /usr/bin/cmake --build /home/misha/Documents/ROS2_Gazebo_tutorials/my_ws/build/move_block -- -j8 -l8
[0.646s] -- Found ament_cmake: 1.3.13 (/opt/ros/humble/share/ament_cmake/cmake)
[1.901s] -- Found rclpy: 3.3.20 (/opt/ros/humble/share/rclpy/cmake)
[1.903s] -- Found gazebo_msgs: 3.9.0 (/opt/ros/humble/share/gazebo_msgs/cmake)
[2.080s] -- Found rosidl_generator_c: 3.1.8 (/opt/ros/humble/share/rosidl_generator_c/cmake)
[2.096s] -- Found rosidl_adapter: 3.1.8 (/opt/ros/humble/share/rosidl_adapter/cmake)
[2.141s] -- Found rosidl_generator_cpp: 3.1.8 (/opt/ros/humble/share/rosidl_generator_cpp/cmake)
[2.214s] -- Using all available rosidl_typesupport_c: rosidl_typesupport_fastrtps_c;rosidl_typesupport_introspection_c
[2.307s] -- Using all available rosidl_typesupport_cpp: rosidl_typesupport_fastrtps_cpp;rosidl_typesupport_introspection_cpp
[2.645s] -- Found ament_lint_auto: 0.12.15 (/opt/ros/humble/share/ament_lint_auto/cmake)
[2.986s] -- Added test 'flake8' to check Python code syntax and style conventions
[2.991s] -- Added test 'lint_cmake' to check CMake code style
[2.994s] -- Added test 'pep257' to check Python code against some of the docstring style conventions in PEP 257
[2.997s] -- Added test 'xmllint' to check XML markup files
[3.000s] -- Configuring done
[3.015s] -- Generating done
[3.027s] -- Build files have been written to: /home/misha/Documents/ROS2_Gazebo_tutorials/my_ws/build/move_block
[3.079s] Invoked command in '/home/misha/Documents/ROS2_Gazebo_tutorials/my_ws/build/move_block' returned '0': CMAKE_PREFIX_PATH=${CMAKE_PREFIX_PATH}:/opt/ros/humble /usr/bin/cmake --build /home/misha/Documents/ROS2_Gazebo_tutorials/my_ws/build/move_block -- -j8 -l8
[3.090s] Invoking command in '/home/misha/Documents/ROS2_Gazebo_tutorials/my_ws/build/move_block': CMAKE_PREFIX_PATH=${CMAKE_PREFIX_PATH}:/opt/ros/humble /usr/bin/cmake --install /home/misha/Documents/ROS2_Gazebo_tutorials/my_ws/build/move_block
[3.121s] -- Install configuration: ""
[3.121s] -- Installing: /home/misha/Documents/ROS2_Gazebo_tutorials/my_ws/install/move_block/lib/move_block/move_block.py
[3.123s] -- Up-to-date: /home/misha/Documents/ROS2_Gazebo_tutorials/my_ws/install/move_block/share/ament_index/resource_index/package_run_dependencies/move_block
[3.125s] -- Up-to-date: /home/misha/Documents/ROS2_Gazebo_tutorials/my_ws/install/move_block/share/ament_index/resource_index/parent_prefix_path/move_block
[3.125s] -- Up-to-date: /home/misha/Documents/ROS2_Gazebo_tutorials/my_ws/install/move_block/share/move_block/environment/ament_prefix_path.sh
[3.126s] -- Installing: /home/misha/Documents/ROS2_Gazebo_tutorials/my_ws/install/move_block/share/move_block/environment/ament_prefix_path.dsv
[3.126s] -- Up-to-date: /home/misha/Documents/ROS2_Gazebo_tutorials/my_ws/install/move_block/share/move_block/environment/path.sh
[3.127s] -- Installing: /home/misha/Documents/ROS2_Gazebo_tutorials/my_ws/install/move_block/share/move_block/environment/path.dsv
[3.127s] -- Up-to-date: /home/misha/Documents/ROS2_Gazebo_tutorials/my_ws/install/move_block/share/move_block/local_setup.bash
[3.128s] -- Up-to-date: /home/misha/Documents/ROS2_Gazebo_tutorials/my_ws/install/move_block/share/move_block/local_setup.sh
[3.128s] -- Up-to-date: /home/misha/Documents/ROS2_Gazebo_tutorials/my_ws/install/move_block/share/move_block/local_setup.zsh
[3.128s] -- Installing: /home/misha/Documents/ROS2_Gazebo_tutorials/my_ws/install/move_block/share/move_block/local_setup.dsv
[3.129s] -- Installing: /home/misha/Documents/ROS2_Gazebo_tutorials/my_ws/install/move_block/share/move_block/package.dsv
[3.129s] -- Up-to-date: /home/misha/Documents/ROS2_Gazebo_tutorials/my_ws/install/move_block/share/ament_index/resource_index/packages/move_block
[3.129s] -- Up-to-date: /home/misha/Documents/ROS2_Gazebo_tutorials/my_ws/install/move_block/share/move_block/cmake/move_blockConfig.cmake
[3.130s] -- Up-to-date: /home/misha/Documents/ROS2_Gazebo_tutorials/my_ws/install/move_block/share/move_block/cmake/move_blockConfig-version.cmake
[3.130s] -- Up-to-date: /home/misha/Documents/ROS2_Gazebo_tutorials/my_ws/install/move_block/share/move_block/package.xml
[3.137s] Invoked command in '/home/misha/Documents/ROS2_Gazebo_tutorials/my_ws/build/move_block' returned '0': CMAKE_PREFIX_PATH=${CMAKE_PREFIX_PATH}:/opt/ros/humble /usr/bin/cmake --install /home/misha/Documents/ROS2_Gazebo_tutorials/my_ws/build/move_block
