-- Found ament_cmake: 1.3.13 (/opt/ros/humble/share/ament_cmake/cmake)
-- Found rclcpp: 16.0.18 (/opt/ros/humble/share/rclcpp/cmake)
-- Found rosidl_generator_c: 3.1.8 (/opt/ros/humble/share/rosidl_generator_c/cmake)
-- Found rosidl_adapter: 3.1.8 (/opt/ros/humble/share/rosidl_adapter/cmake)
-- Found rosidl_generator_cpp: 3.1.8 (/opt/ros/humble/share/rosidl_generator_cpp/cmake)
-- Using all available rosidl_typesupport_c: rosidl_typesupport_fastrtps_c;rosidl_typesupport_introspection_c
-- Using all available rosidl_typesupport_cpp: rosidl_typesupport_fastrtps_cpp;rosidl_typesupport_introspection_cpp
-- Found rmw_implementation_cmake: 6.1.2 (/opt/ros/humble/share/rmw_implementation_cmake/cmake)
-- Found rmw_fastrtps_cpp: 6.2.10 (/opt/ros/humble/share/rmw_fastrtps_cpp/cmake)
-- Using RMW implementation 'rmw_fastrtps_cpp' as default
-- Found ament_lint_auto: 0.12.15 (/opt/ros/humble/share/ament_lint_auto/cmake)
-- Added test 'cppcheck' to perform static code analysis on C / C++ code
-- Configured cppcheck include dirs: 
-- Configured cppcheck exclude dirs and/or files: 
-- Added test 'lint_cmake' to check CMake code style
-- Added test 'uncrustify' to check C / C++ code style
-- Configured uncrustify additional arguments: 
-- Added test 'xmllint' to check XML markup files
-- Configuring done
-- Generating done
-- Build files have been written to: /home/misha/Documents/navigation_ws/build/robot_teleop
[ 50%] Building CXX object CMakeFiles/robot_teleop_node.dir/src/robot_teleop_node.cpp.o
[100%] Linking CXX executable robot_teleop_node
[100%] Built target robot_teleop_node
-- Install configuration: "Debug"
-- Installing: /home/misha/Documents/navigation_ws/install/robot_teleop/lib/robot_teleop/robot_teleop_node
-- Set runtime path of "/home/misha/Documents/navigation_ws/install/robot_teleop/lib/robot_teleop/robot_teleop_node" to ""
-- Installing: /home/misha/Documents/navigation_ws/install/robot_teleop/share/ament_index/resource_index/package_run_dependencies/robot_teleop
-- Installing: /home/misha/Documents/navigation_ws/install/robot_teleop/share/ament_index/resource_index/parent_prefix_path/robot_teleop
-- Installing: /home/misha/Documents/navigation_ws/install/robot_teleop/share/robot_teleop/environment/ament_prefix_path.sh
-- Installing: /home/misha/Documents/navigation_ws/install/robot_teleop/share/robot_teleop/environment/ament_prefix_path.dsv
-- Installing: /home/misha/Documents/navigation_ws/install/robot_teleop/share/robot_teleop/environment/path.sh
-- Installing: /home/misha/Documents/navigation_ws/install/robot_teleop/share/robot_teleop/environment/path.dsv
-- Installing: /home/misha/Documents/navigation_ws/install/robot_teleop/share/robot_teleop/local_setup.bash
-- Installing: /home/misha/Documents/navigation_ws/install/robot_teleop/share/robot_teleop/local_setup.sh
-- Installing: /home/misha/Documents/navigation_ws/install/robot_teleop/share/robot_teleop/local_setup.zsh
-- Installing: /home/misha/Documents/navigation_ws/install/robot_teleop/share/robot_teleop/local_setup.dsv
-- Installing: /home/misha/Documents/navigation_ws/install/robot_teleop/share/robot_teleop/package.dsv
-- Installing: /home/misha/Documents/navigation_ws/install/robot_teleop/share/ament_index/resource_index/packages/robot_teleop
-- Installing: /home/misha/Documents/navigation_ws/install/robot_teleop/share/robot_teleop/cmake/robot_teleopConfig.cmake
-- Installing: /home/misha/Documents/navigation_ws/install/robot_teleop/share/robot_teleop/cmake/robot_teleopConfig-version.cmake
-- Installing: /home/misha/Documents/navigation_ws/install/robot_teleop/share/robot_teleop/package.xml
