[0.128s] Invoking command in '/home/misha/Documents/navigation_ws/build/robot_teleop': CMAKE_PREFIX_PATH=${CMAKE_PREFIX_PATH}:/opt/ros/humble /usr/bin/cmake --build /home/misha/Documents/navigation_ws/build/robot_teleop -- -j8 -l8
[0.480s] [100%] Built target robot_teleop_node
[0.575s] Invoked command in '/home/misha/Documents/navigation_ws/build/robot_teleop' returned '0': CMAKE_PREFIX_PATH=${CMAKE_PREFIX_PATH}:/opt/ros/humble /usr/bin/cmake --build /home/misha/Documents/navigation_ws/build/robot_teleop -- -j8 -l8
[0.662s] Invoking command in '/home/misha/Documents/navigation_ws/build/robot_teleop': CMAKE_PREFIX_PATH=${CMAKE_PREFIX_PATH}:/opt/ros/humble /usr/bin/cmake --install /home/misha/Documents/navigation_ws/build/robot_teleop
[0.726s] -- Install configuration: "Debug"
[0.730s] -- Up-to-date: /home/misha/Documents/navigation_ws/install/robot_teleop/lib/robot_teleop/robot_teleop_node
[0.735s] -- Up-to-date: /home/misha/Documents/navigation_ws/install/robot_teleop/share/ament_index/resource_index/package_run_dependencies/robot_teleop
[0.737s] -- Up-to-date: /home/misha/Documents/navigation_ws/install/robot_teleop/share/ament_index/resource_index/parent_prefix_path/robot_teleop
[0.738s] -- Up-to-date: /home/misha/Documents/navigation_ws/install/robot_teleop/share/robot_teleop/environment/ament_prefix_path.sh
[0.741s] -- Up-to-date: /home/misha/Documents/navigation_ws/install/robot_teleop/share/robot_teleop/environment/ament_prefix_path.dsv
[0.743s] -- Up-to-date: /home/misha/Documents/navigation_ws/install/robot_teleop/share/robot_teleop/environment/path.sh
[0.749s] -- Up-to-date: /home/misha/Documents/navigation_ws/install/robot_teleop/share/robot_teleop/environment/path.dsv
[0.754s] -- Up-to-date: /home/misha/Documents/navigation_ws/install/robot_teleop/share/robot_teleop/local_setup.bash
[0.756s] -- Up-to-date: /home/misha/Documents/navigation_ws/install/robot_teleop/share/robot_teleop/local_setup.sh
[0.757s] -- Up-to-date: /home/misha/Documents/navigation_ws/install/robot_teleop/share/robot_teleop/local_setup.zsh
[0.762s] -- Up-to-date: /home/misha/Documents/navigation_ws/install/robot_teleop/share/robot_teleop/local_setup.dsv
[0.764s] -- Installing: /home/misha/Documents/navigation_ws/install/robot_teleop/share/robot_teleop/package.dsv
[0.765s] -- Up-to-date: /home/misha/Documents/navigation_ws/install/robot_teleop/share/ament_index/resource_index/packages/robot_teleop
[0.768s] -- Up-to-date: /home/misha/Documents/navigation_ws/install/robot_teleop/share/robot_teleop/cmake/robot_teleopConfig.cmake
[0.769s] -- Up-to-date: /home/misha/Documents/navigation_ws/install/robot_teleop/share/robot_teleop/cmake/robot_teleopConfig-version.cmake
[0.770s] -- Up-to-date: /home/misha/Documents/navigation_ws/install/robot_teleop/share/robot_teleop/package.xml
[0.795s] Invoked command in '/home/misha/Documents/navigation_ws/build/robot_teleop' returned '0': CMAKE_PREFIX_PATH=${CMAKE_PREFIX_PATH}:/opt/ros/humble /usr/bin/cmake --install /home/misha/Documents/navigation_ws/build/robot_teleop
