[0.056s] Invoking command in '/home/misha/Documents/ROS2_Gazebo_tutorials/my_ws/build/robot_teleop': CMAKE_PREFIX_PATH=${CMAKE_PREFIX_PATH}:/opt/ros/humble /usr/bin/cmake --build /home/misha/Documents/ROS2_Gazebo_tutorials/my_ws/build/robot_teleop -- -j8 -l8
[0.224s] [ 50%] [32mBuilding CXX object CMakeFiles/robot_teleop_node.dir/src/robot_teleop_node.cpp.o[0m
[7.449s] [100%] [32m[1mLinking CXX executable robot_teleop_node[0m
[7.834s] [100%] Built target robot_teleop_node
[7.851s] Invoked command in '/home/misha/Documents/ROS2_Gazebo_tutorials/my_ws/build/robot_teleop' returned '0': CMAKE_PREFIX_PATH=${CMAKE_PREFIX_PATH}:/opt/ros/humble /usr/bin/cmake --build /home/misha/Documents/ROS2_Gazebo_tutorials/my_ws/build/robot_teleop -- -j8 -l8
[7.853s] Invoking command in '/home/misha/Documents/ROS2_Gazebo_tutorials/my_ws/build/robot_teleop': CMAKE_PREFIX_PATH=${CMAKE_PREFIX_PATH}:/opt/ros/humble /usr/bin/cmake --install /home/misha/Documents/ROS2_Gazebo_tutorials/my_ws/build/robot_teleop
[7.866s] -- Install configuration: ""
[7.866s] -- Installing: /home/misha/Documents/ROS2_Gazebo_tutorials/my_ws/install/robot_teleop/lib/robot_teleop/robot_teleop_node
[7.870s] -- Set runtime path of "/home/misha/Documents/ROS2_Gazebo_tutorials/my_ws/install/robot_teleop/lib/robot_teleop/robot_teleop_node" to ""
[7.870s] -- Up-to-date: /home/misha/Documents/ROS2_Gazebo_tutorials/my_ws/install/robot_teleop/share/ament_index/resource_index/package_run_dependencies/robot_teleop
[7.870s] -- Up-to-date: /home/misha/Documents/ROS2_Gazebo_tutorials/my_ws/install/robot_teleop/share/ament_index/resource_index/parent_prefix_path/robot_teleop
[7.870s] -- Up-to-date: /home/misha/Documents/ROS2_Gazebo_tutorials/my_ws/install/robot_teleop/share/robot_teleop/environment/ament_prefix_path.sh
[7.871s] -- Up-to-date: /home/misha/Documents/ROS2_Gazebo_tutorials/my_ws/install/robot_teleop/share/robot_teleop/environment/ament_prefix_path.dsv
[7.871s] -- Up-to-date: /home/misha/Documents/ROS2_Gazebo_tutorials/my_ws/install/robot_teleop/share/robot_teleop/environment/path.sh
[7.871s] -- Up-to-date: /home/misha/Documents/ROS2_Gazebo_tutorials/my_ws/install/robot_teleop/share/robot_teleop/environment/path.dsv
[7.871s] -- Up-to-date: /home/misha/Documents/ROS2_Gazebo_tutorials/my_ws/install/robot_teleop/share/robot_teleop/local_setup.bash
[7.871s] -- Up-to-date: /home/misha/Documents/ROS2_Gazebo_tutorials/my_ws/install/robot_teleop/share/robot_teleop/local_setup.sh
[7.871s] -- Up-to-date: /home/misha/Documents/ROS2_Gazebo_tutorials/my_ws/install/robot_teleop/share/robot_teleop/local_setup.zsh
[7.871s] -- Up-to-date: /home/misha/Documents/ROS2_Gazebo_tutorials/my_ws/install/robot_teleop/share/robot_teleop/local_setup.dsv
[7.871s] -- Installing: /home/misha/Documents/ROS2_Gazebo_tutorials/my_ws/install/robot_teleop/share/robot_teleop/package.dsv
[7.871s] -- Up-to-date: /home/misha/Documents/ROS2_Gazebo_tutorials/my_ws/install/robot_teleop/share/ament_index/resource_index/packages/robot_teleop
[7.871s] -- Up-to-date: /home/misha/Documents/ROS2_Gazebo_tutorials/my_ws/install/robot_teleop/share/robot_teleop/cmake/robot_teleopConfig.cmake
[7.872s] -- Up-to-date: /home/misha/Documents/ROS2_Gazebo_tutorials/my_ws/install/robot_teleop/share/robot_teleop/cmake/robot_teleopConfig-version.cmake
[7.872s] -- Up-to-date: /home/misha/Documents/ROS2_Gazebo_tutorials/my_ws/install/robot_teleop/share/robot_teleop/package.xml
[7.875s] Invoked command in '/home/misha/Documents/ROS2_Gazebo_tutorials/my_ws/build/robot_teleop' returned '0': CMAKE_PREFIX_PATH=${CMAKE_PREFIX_PATH}:/opt/ros/humble /usr/bin/cmake --install /home/misha/Documents/ROS2_Gazebo_tutorials/my_ws/build/robot_teleop
