[0.028s] Invoking command in '/home/misha/Documents/navigation_ws/build/robot_teleop': CMAKE_PREFIX_PATH=${CMAKE_PREFIX_PATH}:/opt/ros/humble /usr/bin/cmake --build /home/misha/Documents/navigation_ws/build/robot_teleop -- -j8 -l8
[0.081s] [35m[1mConsolidate compiler generated dependencies of target robot_teleop_node[0m
[0.102s] [ 50%] [32mBuilding CXX object CMakeFiles/robot_teleop_node.dir/src/robot_teleop_node.cpp.o[0m
[7.345s] [100%] [32m[1mLinking CXX executable robot_teleop_node[0m
[7.617s] [100%] Built target robot_teleop_node
[7.629s] Invoked command in '/home/misha/Documents/navigation_ws/build/robot_teleop' returned '0': CMAKE_PREFIX_PATH=${CMAKE_PREFIX_PATH}:/opt/ros/humble /usr/bin/cmake --build /home/misha/Documents/navigation_ws/build/robot_teleop -- -j8 -l8
[7.631s] Invoking command in '/home/misha/Documents/navigation_ws/build/robot_teleop': CMAKE_PREFIX_PATH=${CMAKE_PREFIX_PATH}:/opt/ros/humble /usr/bin/cmake --install /home/misha/Documents/navigation_ws/build/robot_teleop
[7.639s] -- Install configuration: "Debug"
[7.639s] -- Installing: /home/misha/Documents/navigation_ws/install/robot_teleop/lib/robot_teleop/robot_teleop_node
[7.644s] -- Set runtime path of "/home/misha/Documents/navigation_ws/install/robot_teleop/lib/robot_teleop/robot_teleop_node" to ""
[7.644s] -- Up-to-date: /home/misha/Documents/navigation_ws/install/robot_teleop/share/ament_index/resource_index/package_run_dependencies/robot_teleop
[7.645s] -- Up-to-date: /home/misha/Documents/navigation_ws/install/robot_teleop/share/ament_index/resource_index/parent_prefix_path/robot_teleop
[7.645s] -- Up-to-date: /home/misha/Documents/navigation_ws/install/robot_teleop/share/robot_teleop/environment/ament_prefix_path.sh
[7.645s] -- Up-to-date: /home/misha/Documents/navigation_ws/install/robot_teleop/share/robot_teleop/environment/ament_prefix_path.dsv
[7.645s] -- Up-to-date: /home/misha/Documents/navigation_ws/install/robot_teleop/share/robot_teleop/environment/path.sh
[7.645s] -- Up-to-date: /home/misha/Documents/navigation_ws/install/robot_teleop/share/robot_teleop/environment/path.dsv
[7.645s] -- Up-to-date: /home/misha/Documents/navigation_ws/install/robot_teleop/share/robot_teleop/local_setup.bash
[7.645s] -- Up-to-date: /home/misha/Documents/navigation_ws/install/robot_teleop/share/robot_teleop/local_setup.sh
[7.645s] -- Up-to-date: /home/misha/Documents/navigation_ws/install/robot_teleop/share/robot_teleop/local_setup.zsh
[7.645s] -- Up-to-date: /home/misha/Documents/navigation_ws/install/robot_teleop/share/robot_teleop/local_setup.dsv
[7.646s] -- Installing: /home/misha/Documents/navigation_ws/install/robot_teleop/share/robot_teleop/package.dsv
[7.646s] -- Up-to-date: /home/misha/Documents/navigation_ws/install/robot_teleop/share/ament_index/resource_index/packages/robot_teleop
[7.646s] -- Up-to-date: /home/misha/Documents/navigation_ws/install/robot_teleop/share/robot_teleop/cmake/robot_teleopConfig.cmake
[7.646s] -- Up-to-date: /home/misha/Documents/navigation_ws/install/robot_teleop/share/robot_teleop/cmake/robot_teleopConfig-version.cmake
[7.646s] -- Up-to-date: /home/misha/Documents/navigation_ws/install/robot_teleop/share/robot_teleop/package.xml
[7.648s] Invoked command in '/home/misha/Documents/navigation_ws/build/robot_teleop' returned '0': CMAKE_PREFIX_PATH=${CMAKE_PREFIX_PATH}:/opt/ros/humble /usr/bin/cmake --install /home/misha/Documents/navigation_ws/build/robot_teleop
