[0.071s] Invoking command in '/home/misha/Documents/ROS2_Gazebo_tutorials/my_ws/build/move_block': CMAKE_PREFIX_PATH=${CMAKE_PREFIX_PATH}:/opt/ros/humble /usr/bin/cmake --build /home/misha/Documents/ROS2_Gazebo_tutorials/my_ws/build/move_block -- -j8 -l8
[0.195s] Invoked command in '/home/misha/Documents/ROS2_Gazebo_tutorials/my_ws/build/move_block' returned '0': CMAKE_PREFIX_PATH=${CMAKE_PREFIX_PATH}:/opt/ros/humble /usr/bin/cmake --build /home/misha/Documents/ROS2_Gazebo_tutorials/my_ws/build/move_block -- -j8 -l8
[0.233s] Invoking command in '/home/misha/Documents/ROS2_Gazebo_tutorials/my_ws/build/move_block': CMAKE_PREFIX_PATH=${CMAKE_PREFIX_PATH}:/opt/ros/humble /usr/bin/cmake --install /home/misha/Documents/ROS2_Gazebo_tutorials/my_ws/build/move_block
[0.262s] -- Install configuration: ""
[0.266s] -- Up-to-date: /home/misha/Documents/ROS2_Gazebo_tutorials/my_ws/install/move_block/lib/move_block/move_block.py
[0.266s] -- Up-to-date: /home/misha/Documents/ROS2_Gazebo_tutorials/my_ws/install/move_block/share/ament_index/resource_index/package_run_dependencies/move_block
[0.267s] -- Up-to-date: /home/misha/Documents/ROS2_Gazebo_tutorials/my_ws/install/move_block/share/ament_index/resource_index/parent_prefix_path/move_block
[0.267s] -- Up-to-date: /home/misha/Documents/ROS2_Gazebo_tutorials/my_ws/install/move_block/share/move_block/environment/ament_prefix_path.sh
[0.268s] -- Up-to-date: /home/misha/Documents/ROS2_Gazebo_tutorials/my_ws/install/move_block/share/move_block/environment/ament_prefix_path.dsv
[0.268s] -- Up-to-date: /home/misha/Documents/ROS2_Gazebo_tutorials/my_ws/install/move_block/share/move_block/environment/path.sh
[0.269s] -- Up-to-date: /home/misha/Documents/ROS2_Gazebo_tutorials/my_ws/install/move_block/share/move_block/environment/path.dsv
[0.269s] -- Up-to-date: /home/misha/Documents/ROS2_Gazebo_tutorials/my_ws/install/move_block/share/move_block/local_setup.bash
[0.270s] -- Up-to-date: /home/misha/Documents/ROS2_Gazebo_tutorials/my_ws/install/move_block/share/move_block/local_setup.sh
[0.270s] -- Up-to-date: /home/misha/Documents/ROS2_Gazebo_tutorials/my_ws/install/move_block/share/move_block/local_setup.zsh
[0.271s] -- Up-to-date: /home/misha/Documents/ROS2_Gazebo_tutorials/my_ws/install/move_block/share/move_block/local_setup.dsv
[0.271s] -- Installing: /home/misha/Documents/ROS2_Gazebo_tutorials/my_ws/install/move_block/share/move_block/package.dsv
[0.272s] -- Up-to-date: /home/misha/Documents/ROS2_Gazebo_tutorials/my_ws/install/move_block/share/ament_index/resource_index/packages/move_block
[0.274s] -- Up-to-date: /home/misha/Documents/ROS2_Gazebo_tutorials/my_ws/install/move_block/share/move_block/cmake/move_blockConfig.cmake
[0.275s] -- Up-to-date: /home/misha/Documents/ROS2_Gazebo_tutorials/my_ws/install/move_block/share/move_block/cmake/move_blockConfig-version.cmake
[0.277s] -- Up-to-date: /home/misha/Documents/ROS2_Gazebo_tutorials/my_ws/install/move_block/share/move_block/package.xml
[0.300s] Invoked command in '/home/misha/Documents/ROS2_Gazebo_tutorials/my_ws/build/move_block' returned '0': CMAKE_PREFIX_PATH=${CMAKE_PREFIX_PATH}:/opt/ros/humble /usr/bin/cmake --install /home/misha/Documents/ROS2_Gazebo_tutorials/my_ws/build/move_block
