[0.071s] Invoking command in '/home/misha/Documents/ROS2_Gazebo_tutorials/navigation_ws/build/robot_teleop': CMAKE_PREFIX_PATH=${CMAKE_PREFIX_PATH}:/opt/ros/humble /usr/bin/cmake --build /home/misha/Documents/ROS2_Gazebo_tutorials/navigation_ws/build/robot_teleop -- -j8 -l8
[0.213s] [100%] Built target robot_teleop_node
[0.294s] Invoked command in '/home/misha/Documents/ROS2_Gazebo_tutorials/navigation_ws/build/robot_teleop' returned '0': CMAKE_PREFIX_PATH=${CMAKE_PREFIX_PATH}:/opt/ros/humble /usr/bin/cmake --build /home/misha/Documents/ROS2_Gazebo_tutorials/navigation_ws/build/robot_teleop -- -j8 -l8
[0.300s] Invoking command in '/home/misha/Documents/ROS2_Gazebo_tutorials/navigation_ws/build/robot_teleop': CMAKE_PREFIX_PATH=${CMAKE_PREFIX_PATH}:/opt/ros/humble /usr/bin/cmake --install /home/misha/Documents/ROS2_Gazebo_tutorials/navigation_ws/build/robot_teleop
[0.346s] -- Install configuration: "Debug"
[0.347s] -- Up-to-date: /home/misha/Documents/ROS2_Gazebo_tutorials/navigation_ws/install/robot_teleop/lib/robot_teleop/robot_teleop_node
[0.347s] -- Up-to-date: /home/misha/Documents/ROS2_Gazebo_tutorials/navigation_ws/install/robot_teleop/share/ament_index/resource_index/package_run_dependencies/robot_teleop
[0.347s] -- Up-to-date: /home/misha/Documents/ROS2_Gazebo_tutorials/navigation_ws/install/robot_teleop/share/ament_index/resource_index/parent_prefix_path/robot_teleop
[0.348s] -- Up-to-date: /home/misha/Documents/ROS2_Gazebo_tutorials/navigation_ws/install/robot_teleop/share/robot_teleop/environment/ament_prefix_path.sh
[0.349s] -- Up-to-date: /home/misha/Documents/ROS2_Gazebo_tutorials/navigation_ws/install/robot_teleop/share/robot_teleop/environment/ament_prefix_path.dsv
[0.349s] -- Up-to-date: /home/misha/Documents/ROS2_Gazebo_tutorials/navigation_ws/install/robot_teleop/share/robot_teleop/environment/path.sh
[0.349s] -- Up-to-date: /home/misha/Documents/ROS2_Gazebo_tutorials/navigation_ws/install/robot_teleop/share/robot_teleop/environment/path.dsv
[0.351s] -- Up-to-date: /home/misha/Documents/ROS2_Gazebo_tutorials/navigation_ws/install/robot_teleop/share/robot_teleop/local_setup.bash
[0.354s] -- Up-to-date: /home/misha/Documents/ROS2_Gazebo_tutorials/navigation_ws/install/robot_teleop/share/robot_teleop/local_setup.sh
[0.355s] -- Up-to-date: /home/misha/Documents/ROS2_Gazebo_tutorials/navigation_ws/install/robot_teleop/share/robot_teleop/local_setup.zsh
[0.356s] -- Up-to-date: /home/misha/Documents/ROS2_Gazebo_tutorials/navigation_ws/install/robot_teleop/share/robot_teleop/local_setup.dsv
[0.357s] -- Installing: /home/misha/Documents/ROS2_Gazebo_tutorials/navigation_ws/install/robot_teleop/share/robot_teleop/package.dsv
[0.358s] -- Up-to-date: /home/misha/Documents/ROS2_Gazebo_tutorials/navigation_ws/install/robot_teleop/share/ament_index/resource_index/packages/robot_teleop
[0.358s] -- Up-to-date: /home/misha/Documents/ROS2_Gazebo_tutorials/navigation_ws/install/robot_teleop/share/robot_teleop/cmake/robot_teleopConfig.cmake
[0.359s] -- Up-to-date: /home/misha/Documents/ROS2_Gazebo_tutorials/navigation_ws/install/robot_teleop/share/robot_teleop/cmake/robot_teleopConfig-version.cmake
[0.360s] -- Up-to-date: /home/misha/Documents/ROS2_Gazebo_tutorials/navigation_ws/install/robot_teleop/share/robot_teleop/package.xml
[0.384s] Invoked command in '/home/misha/Documents/ROS2_Gazebo_tutorials/navigation_ws/build/robot_teleop' returned '0': CMAKE_PREFIX_PATH=${CMAKE_PREFIX_PATH}:/opt/ros/humble /usr/bin/cmake --install /home/misha/Documents/ROS2_Gazebo_tutorials/navigation_ws/build/robot_teleop
