[0.084s] Invoking command in '/home/misha/Documents/ROS2_Gazebo_tutorials/navigation_ws/build/robot_odometry': CMAKE_PREFIX_PATH=${CMAKE_PREFIX_PATH}:/opt/ros/humble /usr/bin/cmake --build /home/misha/Documents/ROS2_Gazebo_tutorials/navigation_ws/build/robot_odometry -- -j8 -l8
[0.330s] [100%] Built target robot_odometry_node
[0.498s] Invoked command in '/home/misha/Documents/ROS2_Gazebo_tutorials/navigation_ws/build/robot_odometry' returned '0': CMAKE_PREFIX_PATH=${CMAKE_PREFIX_PATH}:/opt/ros/humble /usr/bin/cmake --build /home/misha/Documents/ROS2_Gazebo_tutorials/navigation_ws/build/robot_odometry -- -j8 -l8
[0.498s] Invoking command in '/home/misha/Documents/ROS2_Gazebo_tutorials/navigation_ws/build/robot_odometry': CMAKE_PREFIX_PATH=${CMAKE_PREFIX_PATH}:/opt/ros/humble /usr/bin/cmake --install /home/misha/Documents/ROS2_Gazebo_tutorials/navigation_ws/build/robot_odometry
[0.513s] -- Install configuration: "Debug"
[0.514s] -- Execute custom install script
[0.514s] -- Up-to-date symlink: /home/misha/Documents/ROS2_Gazebo_tutorials/navigation_ws/install/robot_odometry/lib/robot_odometry/robot_odometry_node
[0.515s] -- Up-to-date symlink: /home/misha/Documents/ROS2_Gazebo_tutorials/navigation_ws/install/robot_odometry/share/ament_index/resource_index/package_run_dependencies/robot_odometry
[0.515s] -- Up-to-date symlink: /home/misha/Documents/ROS2_Gazebo_tutorials/navigation_ws/install/robot_odometry/share/ament_index/resource_index/parent_prefix_path/robot_odometry
[0.517s] -- Up-to-date symlink: /home/misha/Documents/ROS2_Gazebo_tutorials/navigation_ws/install/robot_odometry/share/robot_odometry/environment/ament_prefix_path.sh
[0.517s] -- Up-to-date symlink: /home/misha/Documents/ROS2_Gazebo_tutorials/navigation_ws/install/robot_odometry/share/robot_odometry/environment/ament_prefix_path.dsv
[0.517s] -- Up-to-date symlink: /home/misha/Documents/ROS2_Gazebo_tutorials/navigation_ws/install/robot_odometry/share/robot_odometry/environment/path.sh
[0.517s] -- Up-to-date symlink: /home/misha/Documents/ROS2_Gazebo_tutorials/navigation_ws/install/robot_odometry/share/robot_odometry/environment/path.dsv
[0.518s] -- Up-to-date symlink: /home/misha/Documents/ROS2_Gazebo_tutorials/navigation_ws/install/robot_odometry/share/robot_odometry/local_setup.bash
[0.518s] -- Up-to-date symlink: /home/misha/Documents/ROS2_Gazebo_tutorials/navigation_ws/install/robot_odometry/share/robot_odometry/local_setup.sh
[0.518s] -- Up-to-date symlink: /home/misha/Documents/ROS2_Gazebo_tutorials/navigation_ws/install/robot_odometry/share/robot_odometry/local_setup.zsh
[0.518s] -- Up-to-date symlink: /home/misha/Documents/ROS2_Gazebo_tutorials/navigation_ws/install/robot_odometry/share/robot_odometry/local_setup.dsv
[0.518s] -- Symlinking: /home/misha/Documents/ROS2_Gazebo_tutorials/navigation_ws/install/robot_odometry/share/robot_odometry/package.dsv
[0.541s] -- Up-to-date symlink: /home/misha/Documents/ROS2_Gazebo_tutorials/navigation_ws/install/robot_odometry/share/ament_index/resource_index/packages/robot_odometry
[0.542s] -- Up-to-date symlink: /home/misha/Documents/ROS2_Gazebo_tutorials/navigation_ws/install/robot_odometry/share/robot_odometry/cmake/robot_odometryConfig.cmake
[0.542s] -- Up-to-date symlink: /home/misha/Documents/ROS2_Gazebo_tutorials/navigation_ws/install/robot_odometry/share/robot_odometry/cmake/robot_odometryConfig-version.cmake
[0.543s] -- Up-to-date symlink: /home/misha/Documents/ROS2_Gazebo_tutorials/navigation_ws/install/robot_odometry/share/robot_odometry/package.xml
[0.570s] Invoked command in '/home/misha/Documents/ROS2_Gazebo_tutorials/navigation_ws/build/robot_odometry' returned '0': CMAKE_PREFIX_PATH=${CMAKE_PREFIX_PATH}:/opt/ros/humble /usr/bin/cmake --install /home/misha/Documents/ROS2_Gazebo_tutorials/navigation_ws/build/robot_odometry
