[0.138s] DEBUG:colcon:Command line arguments: ['/usr/bin/colcon', 'build']
[0.138s] DEBUG:colcon:Parsed command line arguments: Namespace(log_base=None, log_level=None, verb_name='build', build_base='build', install_base='install', merge_install=False, symlink_install=False, test_result_base=None, continue_on_error=False, executor='parallel', parallel_workers=8, event_handlers=None, ignore_user_meta=False, metas=['./colcon.meta'], base_paths=['.'], packages_ignore=None, packages_ignore_regex=None, paths=None, packages_up_to=None, packages_up_to_regex=None, packages_above=None, packages_above_and_dependencies=None, packages_above_depth=None, packages_select_by_dep=None, packages_skip_by_dep=None, packages_skip_up_to=None, packages_select_build_failed=False, packages_skip_build_finished=False, packages_select_test_failures=False, packages_skip_test_passed=False, packages_select=None, packages_skip=None, packages_select_regex=None, packages_skip_regex=None, packages_start=None, packages_end=None, allow_overriding=[], cmake_args=None, cmake_target=None, cmake_target_skip_unavailable=False, cmake_clean_cache=False, cmake_clean_first=False, cmake_force_configure=False, ament_cmake_args=None, catkin_cmake_args=None, catkin_skip_building_tests=False, mixin_files=None, mixin=None, verb_parser=<colcon_mixin.mixin.mixin_argument.MixinArgumentDecorator object at 0x7f4ce7951b10>, verb_extension=<colcon_core.verb.build.BuildVerb object at 0x7f4ce79513f0>, main=<bound method BuildVerb.main of <colcon_core.verb.build.BuildVerb object at 0x7f4ce79513f0>>, mixin_verb=('build',))
[0.359s] Level 1:colcon.colcon_core.package_discovery:discover_packages(colcon_meta) check parameters
[0.359s] Level 1:colcon.colcon_core.package_discovery:discover_packages(recursive) check parameters
[0.359s] Level 1:colcon.colcon_core.package_discovery:discover_packages(ignore) check parameters
[0.359s] Level 1:colcon.colcon_core.package_discovery:discover_packages(path) check parameters
[0.359s] Level 1:colcon.colcon_core.package_discovery:discover_packages(colcon_meta) discover
[0.359s] Level 1:colcon.colcon_core.package_discovery:discover_packages(recursive) discover
[0.359s] INFO:colcon.colcon_core.package_discovery:Crawling recursively for packages in '/home/misha/Documents/ROS2_Gazebo_tutorials/navigation_ws'
[0.359s] Level 1:colcon.colcon_core.package_identification:_identify(.) by extensions ['ignore', 'ignore_ament_install']
[0.360s] Level 1:colcon.colcon_core.package_identification:_identify(.) by extension 'ignore'
[0.360s] Level 1:colcon.colcon_core.package_identification:_identify(.) by extension 'ignore_ament_install'
[0.360s] Level 1:colcon.colcon_core.package_identification:_identify(.) by extensions ['colcon_pkg']
[0.360s] Level 1:colcon.colcon_core.package_identification:_identify(.) by extension 'colcon_pkg'
[0.360s] Level 1:colcon.colcon_core.package_identification:_identify(.) by extensions ['colcon_meta']
[0.360s] Level 1:colcon.colcon_core.package_identification:_identify(.) by extension 'colcon_meta'
[0.360s] Level 1:colcon.colcon_core.package_identification:_identify(.) by extensions ['ros']
[0.360s] Level 1:colcon.colcon_core.package_identification:_identify(.) by extension 'ros'
[0.373s] Level 1:colcon.colcon_core.package_identification:_identify(.) by extensions ['cmake', 'python']
[0.373s] Level 1:colcon.colcon_core.package_identification:_identify(.) by extension 'cmake'
[0.373s] Level 1:colcon.colcon_core.package_identification:_identify(.) by extension 'python'
[0.373s] Level 1:colcon.colcon_core.package_identification:_identify(.) by extensions ['python_setup_py']
[0.373s] Level 1:colcon.colcon_core.package_identification:_identify(.) by extension 'python_setup_py'
[0.373s] Level 1:colcon.colcon_core.package_identification:_identify(build) by extensions ['ignore', 'ignore_ament_install']
[0.373s] Level 1:colcon.colcon_core.package_identification:_identify(build) by extension 'ignore'
[0.374s] Level 1:colcon.colcon_core.package_identification:_identify(build) ignored
[0.374s] Level 1:colcon.colcon_core.package_identification:_identify(install) by extensions ['ignore', 'ignore_ament_install']
[0.374s] Level 1:colcon.colcon_core.package_identification:_identify(install) by extension 'ignore'
[0.374s] Level 1:colcon.colcon_core.package_identification:_identify(install) ignored
[0.374s] Level 1:colcon.colcon_core.package_identification:_identify(launch) by extensions ['ignore', 'ignore_ament_install']
[0.374s] Level 1:colcon.colcon_core.package_identification:_identify(launch) by extension 'ignore'
[0.375s] Level 1:colcon.colcon_core.package_identification:_identify(launch) by extension 'ignore_ament_install'
[0.375s] Level 1:colcon.colcon_core.package_identification:_identify(launch) by extensions ['colcon_pkg']
[0.375s] Level 1:colcon.colcon_core.package_identification:_identify(launch) by extension 'colcon_pkg'
[0.375s] Level 1:colcon.colcon_core.package_identification:_identify(launch) by extensions ['colcon_meta']
[0.375s] Level 1:colcon.colcon_core.package_identification:_identify(launch) by extension 'colcon_meta'
[0.375s] Level 1:colcon.colcon_core.package_identification:_identify(launch) by extensions ['ros']
[0.375s] Level 1:colcon.colcon_core.package_identification:_identify(launch) by extension 'ros'
[0.376s] Level 1:colcon.colcon_core.package_identification:_identify(launch) by extensions ['cmake', 'python']
[0.376s] Level 1:colcon.colcon_core.package_identification:_identify(launch) by extension 'cmake'
[0.376s] Level 1:colcon.colcon_core.package_identification:_identify(launch) by extension 'python'
[0.376s] Level 1:colcon.colcon_core.package_identification:_identify(launch) by extensions ['python_setup_py']
[0.376s] Level 1:colcon.colcon_core.package_identification:_identify(launch) by extension 'python_setup_py'
[0.376s] Level 1:colcon.colcon_core.package_identification:_identify(log) by extensions ['ignore', 'ignore_ament_install']
[0.377s] Level 1:colcon.colcon_core.package_identification:_identify(log) by extension 'ignore'
[0.377s] Level 1:colcon.colcon_core.package_identification:_identify(log) ignored
[0.377s] Level 1:colcon.colcon_core.package_identification:_identify(src) by extensions ['ignore', 'ignore_ament_install']
[0.377s] Level 1:colcon.colcon_core.package_identification:_identify(src) by extension 'ignore'
[0.377s] Level 1:colcon.colcon_core.package_identification:_identify(src) by extension 'ignore_ament_install'
[0.377s] Level 1:colcon.colcon_core.package_identification:_identify(src) by extensions ['colcon_pkg']
[0.377s] Level 1:colcon.colcon_core.package_identification:_identify(src) by extension 'colcon_pkg'
[0.377s] Level 1:colcon.colcon_core.package_identification:_identify(src) by extensions ['colcon_meta']
[0.377s] Level 1:colcon.colcon_core.package_identification:_identify(src) by extension 'colcon_meta'
[0.377s] Level 1:colcon.colcon_core.package_identification:_identify(src) by extensions ['ros']
[0.377s] Level 1:colcon.colcon_core.package_identification:_identify(src) by extension 'ros'
[0.378s] Level 1:colcon.colcon_core.package_identification:_identify(src) by extensions ['cmake', 'python']
[0.378s] Level 1:colcon.colcon_core.package_identification:_identify(src) by extension 'cmake'
[0.378s] Level 1:colcon.colcon_core.package_identification:_identify(src) by extension 'python'
[0.378s] Level 1:colcon.colcon_core.package_identification:_identify(src) by extensions ['python_setup_py']
[0.378s] Level 1:colcon.colcon_core.package_identification:_identify(src) by extension 'python_setup_py'
[0.378s] Level 1:colcon.colcon_core.package_identification:_identify(src/global_map_ex) by extensions ['ignore', 'ignore_ament_install']
[0.378s] Level 1:colcon.colcon_core.package_identification:_identify(src/global_map_ex) by extension 'ignore'
[0.378s] Level 1:colcon.colcon_core.package_identification:_identify(src/global_map_ex) by extension 'ignore_ament_install'
[0.378s] Level 1:colcon.colcon_core.package_identification:_identify(src/global_map_ex) by extensions ['colcon_pkg']
[0.378s] Level 1:colcon.colcon_core.package_identification:_identify(src/global_map_ex) by extension 'colcon_pkg'
[0.378s] Level 1:colcon.colcon_core.package_identification:_identify(src/global_map_ex) by extensions ['colcon_meta']
[0.378s] Level 1:colcon.colcon_core.package_identification:_identify(src/global_map_ex) by extension 'colcon_meta'
[0.379s] Level 1:colcon.colcon_core.package_identification:_identify(src/global_map_ex) by extensions ['ros']
[0.379s] Level 1:colcon.colcon_core.package_identification:_identify(src/global_map_ex) by extension 'ros'
[0.383s] DEBUG:colcon.colcon_core.package_identification:Package 'src/global_map_ex' with type 'ros.ament_cmake' and name 'global_map_ex'
[0.383s] Level 1:colcon.colcon_core.package_identification:_identify(src/my_robot_bringup) by extensions ['ignore', 'ignore_ament_install']
[0.383s] Level 1:colcon.colcon_core.package_identification:_identify(src/my_robot_bringup) by extension 'ignore'
[0.383s] Level 1:colcon.colcon_core.package_identification:_identify(src/my_robot_bringup) by extension 'ignore_ament_install'
[0.383s] Level 1:colcon.colcon_core.package_identification:_identify(src/my_robot_bringup) by extensions ['colcon_pkg']
[0.383s] Level 1:colcon.colcon_core.package_identification:_identify(src/my_robot_bringup) by extension 'colcon_pkg'
[0.383s] Level 1:colcon.colcon_core.package_identification:_identify(src/my_robot_bringup) by extensions ['colcon_meta']
[0.384s] Level 1:colcon.colcon_core.package_identification:_identify(src/my_robot_bringup) by extension 'colcon_meta'
[0.384s] Level 1:colcon.colcon_core.package_identification:_identify(src/my_robot_bringup) by extensions ['ros']
[0.384s] Level 1:colcon.colcon_core.package_identification:_identify(src/my_robot_bringup) by extension 'ros'
[0.385s] DEBUG:colcon.colcon_core.package_identification:Package 'src/my_robot_bringup' with type 'ros.ament_cmake' and name 'my_robot_bringup'
[0.385s] Level 1:colcon.colcon_core.package_identification:_identify(src/robot_mapping) by extensions ['ignore', 'ignore_ament_install']
[0.385s] Level 1:colcon.colcon_core.package_identification:_identify(src/robot_mapping) by extension 'ignore'
[0.386s] Level 1:colcon.colcon_core.package_identification:_identify(src/robot_mapping) by extension 'ignore_ament_install'
[0.386s] Level 1:colcon.colcon_core.package_identification:_identify(src/robot_mapping) by extensions ['colcon_pkg']
[0.386s] Level 1:colcon.colcon_core.package_identification:_identify(src/robot_mapping) by extension 'colcon_pkg'
[0.386s] Level 1:colcon.colcon_core.package_identification:_identify(src/robot_mapping) by extensions ['colcon_meta']
[0.386s] Level 1:colcon.colcon_core.package_identification:_identify(src/robot_mapping) by extension 'colcon_meta'
[0.386s] Level 1:colcon.colcon_core.package_identification:_identify(src/robot_mapping) by extensions ['ros']
[0.386s] Level 1:colcon.colcon_core.package_identification:_identify(src/robot_mapping) by extension 'ros'
[0.386s] DEBUG:colcon.colcon_core.package_identification:Package 'src/robot_mapping' with type 'ros.ament_cmake' and name 'robot_mapping'
[0.387s] Level 1:colcon.colcon_core.package_identification:_identify(src/robot_odometry) by extensions ['ignore', 'ignore_ament_install']
[0.387s] Level 1:colcon.colcon_core.package_identification:_identify(src/robot_odometry) by extension 'ignore'
[0.387s] Level 1:colcon.colcon_core.package_identification:_identify(src/robot_odometry) by extension 'ignore_ament_install'
[0.387s] Level 1:colcon.colcon_core.package_identification:_identify(src/robot_odometry) by extensions ['colcon_pkg']
[0.387s] Level 1:colcon.colcon_core.package_identification:_identify(src/robot_odometry) by extension 'colcon_pkg'
[0.387s] Level 1:colcon.colcon_core.package_identification:_identify(src/robot_odometry) by extensions ['colcon_meta']
[0.387s] Level 1:colcon.colcon_core.package_identification:_identify(src/robot_odometry) by extension 'colcon_meta'
[0.387s] Level 1:colcon.colcon_core.package_identification:_identify(src/robot_odometry) by extensions ['ros']
[0.387s] Level 1:colcon.colcon_core.package_identification:_identify(src/robot_odometry) by extension 'ros'
[0.388s] DEBUG:colcon.colcon_core.package_identification:Package 'src/robot_odometry' with type 'ros.ament_cmake' and name 'robot_odometry'
[0.388s] Level 1:colcon.colcon_core.package_identification:_identify(src/robot_slam) by extensions ['ignore', 'ignore_ament_install']
[0.388s] Level 1:colcon.colcon_core.package_identification:_identify(src/robot_slam) by extension 'ignore'
[0.388s] Level 1:colcon.colcon_core.package_identification:_identify(src/robot_slam) by extension 'ignore_ament_install'
[0.388s] Level 1:colcon.colcon_core.package_identification:_identify(src/robot_slam) by extensions ['colcon_pkg']
[0.388s] Level 1:colcon.colcon_core.package_identification:_identify(src/robot_slam) by extension 'colcon_pkg'
[0.388s] Level 1:colcon.colcon_core.package_identification:_identify(src/robot_slam) by extensions ['colcon_meta']
[0.388s] Level 1:colcon.colcon_core.package_identification:_identify(src/robot_slam) by extension 'colcon_meta'
[0.388s] Level 1:colcon.colcon_core.package_identification:_identify(src/robot_slam) by extensions ['ros']
[0.389s] Level 1:colcon.colcon_core.package_identification:_identify(src/robot_slam) by extension 'ros'
[0.389s] DEBUG:colcon.colcon_core.package_identification:Package 'src/robot_slam' with type 'ros.ament_cmake' and name 'robot_slam'
[0.389s] Level 1:colcon.colcon_core.package_identification:_identify(src/robot_teleop) by extensions ['ignore', 'ignore_ament_install']
[0.389s] Level 1:colcon.colcon_core.package_identification:_identify(src/robot_teleop) by extension 'ignore'
[0.389s] Level 1:colcon.colcon_core.package_identification:_identify(src/robot_teleop) by extension 'ignore_ament_install'
[0.390s] Level 1:colcon.colcon_core.package_identification:_identify(src/robot_teleop) by extensions ['colcon_pkg']
[0.390s] Level 1:colcon.colcon_core.package_identification:_identify(src/robot_teleop) by extension 'colcon_pkg'
[0.390s] Level 1:colcon.colcon_core.package_identification:_identify(src/robot_teleop) by extensions ['colcon_meta']
[0.390s] Level 1:colcon.colcon_core.package_identification:_identify(src/robot_teleop) by extension 'colcon_meta'
[0.390s] Level 1:colcon.colcon_core.package_identification:_identify(src/robot_teleop) by extensions ['ros']
[0.390s] Level 1:colcon.colcon_core.package_identification:_identify(src/robot_teleop) by extension 'ros'
[0.390s] DEBUG:colcon.colcon_core.package_identification:Package 'src/robot_teleop' with type 'ros.ament_cmake' and name 'robot_teleop'
[0.391s] Level 1:colcon.colcon_core.package_identification:_identify(src/robot_world) by extensions ['ignore', 'ignore_ament_install']
[0.391s] Level 1:colcon.colcon_core.package_identification:_identify(src/robot_world) by extension 'ignore'
[0.391s] Level 1:colcon.colcon_core.package_identification:_identify(src/robot_world) by extension 'ignore_ament_install'
[0.391s] Level 1:colcon.colcon_core.package_identification:_identify(src/robot_world) by extensions ['colcon_pkg']
[0.391s] Level 1:colcon.colcon_core.package_identification:_identify(src/robot_world) by extension 'colcon_pkg'
[0.391s] Level 1:colcon.colcon_core.package_identification:_identify(src/robot_world) by extensions ['colcon_meta']
[0.391s] Level 1:colcon.colcon_core.package_identification:_identify(src/robot_world) by extension 'colcon_meta'
[0.391s] Level 1:colcon.colcon_core.package_identification:_identify(src/robot_world) by extensions ['ros']
[0.391s] Level 1:colcon.colcon_core.package_identification:_identify(src/robot_world) by extension 'ros'
[0.392s] DEBUG:colcon.colcon_core.package_identification:Package 'src/robot_world' with type 'ros.ament_cmake' and name 'robot_world'
[0.392s] Level 1:colcon.colcon_core.package_identification:_identify(src/test_robot_plugin) by extensions ['ignore', 'ignore_ament_install']
[0.392s] Level 1:colcon.colcon_core.package_identification:_identify(src/test_robot_plugin) by extension 'ignore'
[0.392s] Level 1:colcon.colcon_core.package_identification:_identify(src/test_robot_plugin) by extension 'ignore_ament_install'
[0.392s] Level 1:colcon.colcon_core.package_identification:_identify(src/test_robot_plugin) by extensions ['colcon_pkg']
[0.392s] Level 1:colcon.colcon_core.package_identification:_identify(src/test_robot_plugin) by extension 'colcon_pkg'
[0.392s] Level 1:colcon.colcon_core.package_identification:_identify(src/test_robot_plugin) by extensions ['colcon_meta']
[0.392s] Level 1:colcon.colcon_core.package_identification:_identify(src/test_robot_plugin) by extension 'colcon_meta'
[0.392s] Level 1:colcon.colcon_core.package_identification:_identify(src/test_robot_plugin) by extensions ['ros']
[0.392s] Level 1:colcon.colcon_core.package_identification:_identify(src/test_robot_plugin) by extension 'ros'
[0.393s] DEBUG:colcon.colcon_core.package_identification:Package 'src/test_robot_plugin' with type 'ros.ament_cmake' and name 'test_robot_plugin'
[0.393s] Level 1:colcon.colcon_core.package_discovery:discover_packages(recursive) using defaults
[0.393s] Level 1:colcon.colcon_core.package_discovery:discover_packages(ignore) discover
[0.393s] Level 1:colcon.colcon_core.package_discovery:discover_packages(ignore) using defaults
[0.393s] Level 1:colcon.colcon_core.package_discovery:discover_packages(path) discover
[0.393s] Level 1:colcon.colcon_core.package_discovery:discover_packages(path) using defaults
[0.442s] Level 1:colcon.colcon_core.package_discovery:discover_packages(prefix_path) check parameters
[0.442s] Level 1:colcon.colcon_core.package_discovery:discover_packages(prefix_path) discover
[0.446s] DEBUG:colcon.colcon_installed_package_information.package_discovery:Found 8 installed packages in /home/misha/Documents/ROS2_Gazebo_tutorials/navigation_ws/install
[0.448s] DEBUG:colcon.colcon_installed_package_information.package_discovery:Found 293 installed packages in /opt/ros/humble
[0.451s] Level 1:colcon.colcon_core.package_discovery:discover_packages(prefix_path) using defaults
[0.522s] Level 5:colcon.colcon_core.verb:set package 'global_map_ex' build argument 'cmake_args' from command line to 'None'
[0.522s] Level 5:colcon.colcon_core.verb:set package 'global_map_ex' build argument 'cmake_target' from command line to 'None'
[0.522s] Level 5:colcon.colcon_core.verb:set package 'global_map_ex' build argument 'cmake_target_skip_unavailable' from command line to 'False'
[0.522s] Level 5:colcon.colcon_core.verb:set package 'global_map_ex' build argument 'cmake_clean_cache' from command line to 'False'
[0.522s] Level 5:colcon.colcon_core.verb:set package 'global_map_ex' build argument 'cmake_clean_first' from command line to 'False'
[0.522s] Level 5:colcon.colcon_core.verb:set package 'global_map_ex' build argument 'cmake_force_configure' from command line to 'False'
[0.522s] Level 5:colcon.colcon_core.verb:set package 'global_map_ex' build argument 'ament_cmake_args' from command line to 'None'
[0.522s] Level 5:colcon.colcon_core.verb:set package 'global_map_ex' build argument 'catkin_cmake_args' from command line to 'None'
[0.522s] Level 5:colcon.colcon_core.verb:set package 'global_map_ex' build argument 'catkin_skip_building_tests' from command line to 'False'
[0.522s] DEBUG:colcon.colcon_core.verb:Building package 'global_map_ex' with the following arguments: {'ament_cmake_args': None, 'build_base': '/home/misha/Documents/ROS2_Gazebo_tutorials/navigation_ws/build/global_map_ex', 'catkin_cmake_args': None, 'catkin_skip_building_tests': False, 'cmake_args': None, 'cmake_clean_cache': False, 'cmake_clean_first': False, 'cmake_force_configure': False, 'cmake_target': None, 'cmake_target_skip_unavailable': False, 'install_base': '/home/misha/Documents/ROS2_Gazebo_tutorials/navigation_ws/install/global_map_ex', 'merge_install': False, 'path': '/home/misha/Documents/ROS2_Gazebo_tutorials/navigation_ws/src/global_map_ex', 'symlink_install': False, 'test_result_base': None}
[0.523s] Level 5:colcon.colcon_core.verb:set package 'my_robot_bringup' build argument 'cmake_args' from command line to 'None'
[0.523s] Level 5:colcon.colcon_core.verb:set package 'my_robot_bringup' build argument 'cmake_target' from command line to 'None'
[0.523s] Level 5:colcon.colcon_core.verb:set package 'my_robot_bringup' build argument 'cmake_target_skip_unavailable' from command line to 'False'
[0.523s] Level 5:colcon.colcon_core.verb:set package 'my_robot_bringup' build argument 'cmake_clean_cache' from command line to 'False'
[0.523s] Level 5:colcon.colcon_core.verb:set package 'my_robot_bringup' build argument 'cmake_clean_first' from command line to 'False'
[0.523s] Level 5:colcon.colcon_core.verb:set package 'my_robot_bringup' build argument 'cmake_force_configure' from command line to 'False'
[0.523s] Level 5:colcon.colcon_core.verb:set package 'my_robot_bringup' build argument 'ament_cmake_args' from command line to 'None'
[0.523s] Level 5:colcon.colcon_core.verb:set package 'my_robot_bringup' build argument 'catkin_cmake_args' from command line to 'None'
[0.523s] Level 5:colcon.colcon_core.verb:set package 'my_robot_bringup' build argument 'catkin_skip_building_tests' from command line to 'False'
[0.523s] DEBUG:colcon.colcon_core.verb:Building package 'my_robot_bringup' with the following arguments: {'ament_cmake_args': None, 'build_base': '/home/misha/Documents/ROS2_Gazebo_tutorials/navigation_ws/build/my_robot_bringup', 'catkin_cmake_args': None, 'catkin_skip_building_tests': False, 'cmake_args': None, 'cmake_clean_cache': False, 'cmake_clean_first': False, 'cmake_force_configure': False, 'cmake_target': None, 'cmake_target_skip_unavailable': False, 'install_base': '/home/misha/Documents/ROS2_Gazebo_tutorials/navigation_ws/install/my_robot_bringup', 'merge_install': False, 'path': '/home/misha/Documents/ROS2_Gazebo_tutorials/navigation_ws/src/my_robot_bringup', 'symlink_install': False, 'test_result_base': None}
[0.524s] Level 5:colcon.colcon_core.verb:set package 'robot_mapping' build argument 'cmake_args' from command line to 'None'
[0.524s] Level 5:colcon.colcon_core.verb:set package 'robot_mapping' build argument 'cmake_target' from command line to 'None'
[0.524s] Level 5:colcon.colcon_core.verb:set package 'robot_mapping' build argument 'cmake_target_skip_unavailable' from command line to 'False'
[0.524s] Level 5:colcon.colcon_core.verb:set package 'robot_mapping' build argument 'cmake_clean_cache' from command line to 'False'
[0.524s] Level 5:colcon.colcon_core.verb:set package 'robot_mapping' build argument 'cmake_clean_first' from command line to 'False'
[0.524s] Level 5:colcon.colcon_core.verb:set package 'robot_mapping' build argument 'cmake_force_configure' from command line to 'False'
[0.524s] Level 5:colcon.colcon_core.verb:set package 'robot_mapping' build argument 'ament_cmake_args' from command line to 'None'
[0.524s] Level 5:colcon.colcon_core.verb:set package 'robot_mapping' build argument 'catkin_cmake_args' from command line to 'None'
[0.524s] Level 5:colcon.colcon_core.verb:set package 'robot_mapping' build argument 'catkin_skip_building_tests' from command line to 'False'
[0.524s] DEBUG:colcon.colcon_core.verb:Building package 'robot_mapping' with the following arguments: {'ament_cmake_args': None, 'build_base': '/home/misha/Documents/ROS2_Gazebo_tutorials/navigation_ws/build/robot_mapping', 'catkin_cmake_args': None, 'catkin_skip_building_tests': False, 'cmake_args': None, 'cmake_clean_cache': False, 'cmake_clean_first': False, 'cmake_force_configure': False, 'cmake_target': None, 'cmake_target_skip_unavailable': False, 'install_base': '/home/misha/Documents/ROS2_Gazebo_tutorials/navigation_ws/install/robot_mapping', 'merge_install': False, 'path': '/home/misha/Documents/ROS2_Gazebo_tutorials/navigation_ws/src/robot_mapping', 'symlink_install': False, 'test_result_base': None}
[0.525s] Level 5:colcon.colcon_core.verb:set package 'robot_odometry' build argument 'cmake_args' from command line to 'None'
[0.525s] Level 5:colcon.colcon_core.verb:set package 'robot_odometry' build argument 'cmake_target' from command line to 'None'
[0.525s] Level 5:colcon.colcon_core.verb:set package 'robot_odometry' build argument 'cmake_target_skip_unavailable' from command line to 'False'
[0.525s] Level 5:colcon.colcon_core.verb:set package 'robot_odometry' build argument 'cmake_clean_cache' from command line to 'False'
[0.525s] Level 5:colcon.colcon_core.verb:set package 'robot_odometry' build argument 'cmake_clean_first' from command line to 'False'
[0.525s] Level 5:colcon.colcon_core.verb:set package 'robot_odometry' build argument 'cmake_force_configure' from command line to 'False'
[0.525s] Level 5:colcon.colcon_core.verb:set package 'robot_odometry' build argument 'ament_cmake_args' from command line to 'None'
[0.525s] Level 5:colcon.colcon_core.verb:set package 'robot_odometry' build argument 'catkin_cmake_args' from command line to 'None'
[0.525s] Level 5:colcon.colcon_core.verb:set package 'robot_odometry' build argument 'catkin_skip_building_tests' from command line to 'False'
[0.525s] DEBUG:colcon.colcon_core.verb:Building package 'robot_odometry' with the following arguments: {'ament_cmake_args': None, 'build_base': '/home/misha/Documents/ROS2_Gazebo_tutorials/navigation_ws/build/robot_odometry', 'catkin_cmake_args': None, 'catkin_skip_building_tests': False, 'cmake_args': None, 'cmake_clean_cache': False, 'cmake_clean_first': False, 'cmake_force_configure': False, 'cmake_target': None, 'cmake_target_skip_unavailable': False, 'install_base': '/home/misha/Documents/ROS2_Gazebo_tutorials/navigation_ws/install/robot_odometry', 'merge_install': False, 'path': '/home/misha/Documents/ROS2_Gazebo_tutorials/navigation_ws/src/robot_odometry', 'symlink_install': False, 'test_result_base': None}
[0.526s] Level 5:colcon.colcon_core.verb:set package 'robot_slam' build argument 'cmake_args' from command line to 'None'
[0.526s] Level 5:colcon.colcon_core.verb:set package 'robot_slam' build argument 'cmake_target' from command line to 'None'
[0.526s] Level 5:colcon.colcon_core.verb:set package 'robot_slam' build argument 'cmake_target_skip_unavailable' from command line to 'False'
[0.526s] Level 5:colcon.colcon_core.verb:set package 'robot_slam' build argument 'cmake_clean_cache' from command line to 'False'
[0.526s] Level 5:colcon.colcon_core.verb:set package 'robot_slam' build argument 'cmake_clean_first' from command line to 'False'
[0.526s] Level 5:colcon.colcon_core.verb:set package 'robot_slam' build argument 'cmake_force_configure' from command line to 'False'
[0.526s] Level 5:colcon.colcon_core.verb:set package 'robot_slam' build argument 'ament_cmake_args' from command line to 'None'
[0.526s] Level 5:colcon.colcon_core.verb:set package 'robot_slam' build argument 'catkin_cmake_args' from command line to 'None'
[0.526s] Level 5:colcon.colcon_core.verb:set package 'robot_slam' build argument 'catkin_skip_building_tests' from command line to 'False'
[0.526s] DEBUG:colcon.colcon_core.verb:Building package 'robot_slam' with the following arguments: {'ament_cmake_args': None, 'build_base': '/home/misha/Documents/ROS2_Gazebo_tutorials/navigation_ws/build/robot_slam', 'catkin_cmake_args': None, 'catkin_skip_building_tests': False, 'cmake_args': None, 'cmake_clean_cache': False, 'cmake_clean_first': False, 'cmake_force_configure': False, 'cmake_target': None, 'cmake_target_skip_unavailable': False, 'install_base': '/home/misha/Documents/ROS2_Gazebo_tutorials/navigation_ws/install/robot_slam', 'merge_install': False, 'path': '/home/misha/Documents/ROS2_Gazebo_tutorials/navigation_ws/src/robot_slam', 'symlink_install': False, 'test_result_base': None}
[0.527s] Level 5:colcon.colcon_core.verb:set package 'robot_teleop' build argument 'cmake_args' from command line to 'None'
[0.527s] Level 5:colcon.colcon_core.verb:set package 'robot_teleop' build argument 'cmake_target' from command line to 'None'
[0.527s] Level 5:colcon.colcon_core.verb:set package 'robot_teleop' build argument 'cmake_target_skip_unavailable' from command line to 'False'
[0.527s] Level 5:colcon.colcon_core.verb:set package 'robot_teleop' build argument 'cmake_clean_cache' from command line to 'False'
[0.527s] Level 5:colcon.colcon_core.verb:set package 'robot_teleop' build argument 'cmake_clean_first' from command line to 'False'
[0.527s] Level 5:colcon.colcon_core.verb:set package 'robot_teleop' build argument 'cmake_force_configure' from command line to 'False'
[0.527s] Level 5:colcon.colcon_core.verb:set package 'robot_teleop' build argument 'ament_cmake_args' from command line to 'None'
[0.527s] Level 5:colcon.colcon_core.verb:set package 'robot_teleop' build argument 'catkin_cmake_args' from command line to 'None'
[0.527s] Level 5:colcon.colcon_core.verb:set package 'robot_teleop' build argument 'catkin_skip_building_tests' from command line to 'False'
[0.527s] DEBUG:colcon.colcon_core.verb:Building package 'robot_teleop' with the following arguments: {'ament_cmake_args': None, 'build_base': '/home/misha/Documents/ROS2_Gazebo_tutorials/navigation_ws/build/robot_teleop', 'catkin_cmake_args': None, 'catkin_skip_building_tests': False, 'cmake_args': None, 'cmake_clean_cache': False, 'cmake_clean_first': False, 'cmake_force_configure': False, 'cmake_target': None, 'cmake_target_skip_unavailable': False, 'install_base': '/home/misha/Documents/ROS2_Gazebo_tutorials/navigation_ws/install/robot_teleop', 'merge_install': False, 'path': '/home/misha/Documents/ROS2_Gazebo_tutorials/navigation_ws/src/robot_teleop', 'symlink_install': False, 'test_result_base': None}
[0.528s] Level 5:colcon.colcon_core.verb:set package 'robot_world' build argument 'cmake_args' from command line to 'None'
[0.528s] Level 5:colcon.colcon_core.verb:set package 'robot_world' build argument 'cmake_target' from command line to 'None'
[0.528s] Level 5:colcon.colcon_core.verb:set package 'robot_world' build argument 'cmake_target_skip_unavailable' from command line to 'False'
[0.528s] Level 5:colcon.colcon_core.verb:set package 'robot_world' build argument 'cmake_clean_cache' from command line to 'False'
[0.528s] Level 5:colcon.colcon_core.verb:set package 'robot_world' build argument 'cmake_clean_first' from command line to 'False'
[0.528s] Level 5:colcon.colcon_core.verb:set package 'robot_world' build argument 'cmake_force_configure' from command line to 'False'
[0.528s] Level 5:colcon.colcon_core.verb:set package 'robot_world' build argument 'ament_cmake_args' from command line to 'None'
[0.528s] Level 5:colcon.colcon_core.verb:set package 'robot_world' build argument 'catkin_cmake_args' from command line to 'None'
[0.528s] Level 5:colcon.colcon_core.verb:set package 'robot_world' build argument 'catkin_skip_building_tests' from command line to 'False'
[0.528s] DEBUG:colcon.colcon_core.verb:Building package 'robot_world' with the following arguments: {'ament_cmake_args': None, 'build_base': '/home/misha/Documents/ROS2_Gazebo_tutorials/navigation_ws/build/robot_world', 'catkin_cmake_args': None, 'catkin_skip_building_tests': False, 'cmake_args': None, 'cmake_clean_cache': False, 'cmake_clean_first': False, 'cmake_force_configure': False, 'cmake_target': None, 'cmake_target_skip_unavailable': False, 'install_base': '/home/misha/Documents/ROS2_Gazebo_tutorials/navigation_ws/install/robot_world', 'merge_install': False, 'path': '/home/misha/Documents/ROS2_Gazebo_tutorials/navigation_ws/src/robot_world', 'symlink_install': False, 'test_result_base': None}
[0.528s] Level 5:colcon.colcon_core.verb:set package 'test_robot_plugin' build argument 'cmake_args' from command line to 'None'
[0.529s] Level 5:colcon.colcon_core.verb:set package 'test_robot_plugin' build argument 'cmake_target' from command line to 'None'
[0.529s] Level 5:colcon.colcon_core.verb:set package 'test_robot_plugin' build argument 'cmake_target_skip_unavailable' from command line to 'False'
[0.529s] Level 5:colcon.colcon_core.verb:set package 'test_robot_plugin' build argument 'cmake_clean_cache' from command line to 'False'
[0.529s] Level 5:colcon.colcon_core.verb:set package 'test_robot_plugin' build argument 'cmake_clean_first' from command line to 'False'
[0.529s] Level 5:colcon.colcon_core.verb:set package 'test_robot_plugin' build argument 'cmake_force_configure' from command line to 'False'
[0.529s] Level 5:colcon.colcon_core.verb:set package 'test_robot_plugin' build argument 'ament_cmake_args' from command line to 'None'
[0.529s] Level 5:colcon.colcon_core.verb:set package 'test_robot_plugin' build argument 'catkin_cmake_args' from command line to 'None'
[0.529s] Level 5:colcon.colcon_core.verb:set package 'test_robot_plugin' build argument 'catkin_skip_building_tests' from command line to 'False'
[0.529s] DEBUG:colcon.colcon_core.verb:Building package 'test_robot_plugin' with the following arguments: {'ament_cmake_args': None, 'build_base': '/home/misha/Documents/ROS2_Gazebo_tutorials/navigation_ws/build/test_robot_plugin', 'catkin_cmake_args': None, 'catkin_skip_building_tests': False, 'cmake_args': None, 'cmake_clean_cache': False, 'cmake_clean_first': False, 'cmake_force_configure': False, 'cmake_target': None, 'cmake_target_skip_unavailable': False, 'install_base': '/home/misha/Documents/ROS2_Gazebo_tutorials/navigation_ws/install/test_robot_plugin', 'merge_install': False, 'path': '/home/misha/Documents/ROS2_Gazebo_tutorials/navigation_ws/src/test_robot_plugin', 'symlink_install': False, 'test_result_base': None}
[0.529s] INFO:colcon.colcon_core.executor:Executing jobs using 'parallel' executor
[0.530s] DEBUG:colcon.colcon_parallel_executor.executor.parallel:run_until_complete
[0.531s] INFO:colcon.colcon_ros.task.ament_cmake.build:Building ROS package in '/home/misha/Documents/ROS2_Gazebo_tutorials/navigation_ws/src/global_map_ex' with build type 'ament_cmake'
[0.531s] INFO:colcon.colcon_cmake.task.cmake.build:Building CMake package in '/home/misha/Documents/ROS2_Gazebo_tutorials/navigation_ws/src/global_map_ex'
[0.536s] INFO:colcon.colcon_core.plugin_system:Skipping extension 'colcon_core.shell.bat': Not used on non-Windows systems
[0.536s] INFO:colcon.colcon_core.shell:Skip shell extension 'powershell' for command environment: Not usable outside of PowerShell
[0.537s] DEBUG:colcon.colcon_core.shell:Skip shell extension 'dsv' for command environment
[0.546s] INFO:colcon.colcon_ros.task.ament_cmake.build:Building ROS package in '/home/misha/Documents/ROS2_Gazebo_tutorials/navigation_ws/src/my_robot_bringup' with build type 'ament_cmake'
[0.547s] INFO:colcon.colcon_cmake.task.cmake.build:Building CMake package in '/home/misha/Documents/ROS2_Gazebo_tutorials/navigation_ws/src/my_robot_bringup'
[0.547s] INFO:colcon.colcon_core.shell:Skip shell extension 'powershell' for command environment: Not usable outside of PowerShell
[0.547s] DEBUG:colcon.colcon_core.shell:Skip shell extension 'dsv' for command environment
[0.555s] INFO:colcon.colcon_ros.task.ament_cmake.build:Building ROS package in '/home/misha/Documents/ROS2_Gazebo_tutorials/navigation_ws/src/robot_mapping' with build type 'ament_cmake'
[0.555s] INFO:colcon.colcon_cmake.task.cmake.build:Building CMake package in '/home/misha/Documents/ROS2_Gazebo_tutorials/navigation_ws/src/robot_mapping'
[0.556s] INFO:colcon.colcon_core.shell:Skip shell extension 'powershell' for command environment: Not usable outside of PowerShell
[0.556s] DEBUG:colcon.colcon_core.shell:Skip shell extension 'dsv' for command environment
[0.564s] INFO:colcon.colcon_ros.task.ament_cmake.build:Building ROS package in '/home/misha/Documents/ROS2_Gazebo_tutorials/navigation_ws/src/robot_odometry' with build type 'ament_cmake'
[0.565s] INFO:colcon.colcon_cmake.task.cmake.build:Building CMake package in '/home/misha/Documents/ROS2_Gazebo_tutorials/navigation_ws/src/robot_odometry'
[0.567s] INFO:colcon.colcon_core.shell:Skip shell extension 'powershell' for command environment: Not usable outside of PowerShell
[0.568s] DEBUG:colcon.colcon_core.shell:Skip shell extension 'dsv' for command environment
[0.576s] INFO:colcon.colcon_ros.task.ament_cmake.build:Building ROS package in '/home/misha/Documents/ROS2_Gazebo_tutorials/navigation_ws/src/robot_slam' with build type 'ament_cmake'
[0.576s] INFO:colcon.colcon_cmake.task.cmake.build:Building CMake package in '/home/misha/Documents/ROS2_Gazebo_tutorials/navigation_ws/src/robot_slam'
[0.577s] INFO:colcon.colcon_core.shell:Skip shell extension 'powershell' for command environment: Not usable outside of PowerShell
[0.578s] DEBUG:colcon.colcon_core.shell:Skip shell extension 'dsv' for command environment
[0.590s] INFO:colcon.colcon_ros.task.ament_cmake.build:Building ROS package in '/home/misha/Documents/ROS2_Gazebo_tutorials/navigation_ws/src/robot_teleop' with build type 'ament_cmake'
[0.590s] INFO:colcon.colcon_cmake.task.cmake.build:Building CMake package in '/home/misha/Documents/ROS2_Gazebo_tutorials/navigation_ws/src/robot_teleop'
[0.591s] INFO:colcon.colcon_core.shell:Skip shell extension 'powershell' for command environment: Not usable outside of PowerShell
[0.591s] DEBUG:colcon.colcon_core.shell:Skip shell extension 'dsv' for command environment
[0.600s] INFO:colcon.colcon_ros.task.ament_cmake.build:Building ROS package in '/home/misha/Documents/ROS2_Gazebo_tutorials/navigation_ws/src/robot_world' with build type 'ament_cmake'
[0.601s] INFO:colcon.colcon_cmake.task.cmake.build:Building CMake package in '/home/misha/Documents/ROS2_Gazebo_tutorials/navigation_ws/src/robot_world'
[0.602s] INFO:colcon.colcon_core.shell:Skip shell extension 'powershell' for command environment: Not usable outside of PowerShell
[0.602s] DEBUG:colcon.colcon_core.shell:Skip shell extension 'dsv' for command environment
[0.615s] INFO:colcon.colcon_ros.task.ament_cmake.build:Building ROS package in '/home/misha/Documents/ROS2_Gazebo_tutorials/navigation_ws/src/test_robot_plugin' with build type 'ament_cmake'
[0.616s] INFO:colcon.colcon_cmake.task.cmake.build:Building CMake package in '/home/misha/Documents/ROS2_Gazebo_tutorials/navigation_ws/src/test_robot_plugin'
[0.617s] INFO:colcon.colcon_core.shell:Skip shell extension 'powershell' for command environment: Not usable outside of PowerShell
[0.617s] DEBUG:colcon.colcon_core.shell:Skip shell extension 'dsv' for command environment
[0.641s] DEBUG:colcon.colcon_core.event_handler.log_command:Invoking command in '/home/misha/Documents/ROS2_Gazebo_tutorials/navigation_ws/build/global_map_ex': CMAKE_PREFIX_PATH=${CMAKE_PREFIX_PATH}:/opt/ros/humble /usr/bin/cmake --build /home/misha/Documents/ROS2_Gazebo_tutorials/navigation_ws/build/global_map_ex -- -j8 -l8
[0.662s] DEBUG:colcon.colcon_core.event_handler.log_command:Invoking command in '/home/misha/Documents/ROS2_Gazebo_tutorials/navigation_ws/build/my_robot_bringup': CMAKE_PREFIX_PATH=${CMAKE_PREFIX_PATH}:/opt/ros/humble /usr/bin/cmake --build /home/misha/Documents/ROS2_Gazebo_tutorials/navigation_ws/build/my_robot_bringup -- -j8 -l8
[0.681s] DEBUG:colcon.colcon_core.event_handler.log_command:Invoking command in '/home/misha/Documents/ROS2_Gazebo_tutorials/navigation_ws/build/robot_mapping': CMAKE_PREFIX_PATH=${CMAKE_PREFIX_PATH}:/opt/ros/humble /usr/bin/cmake --build /home/misha/Documents/ROS2_Gazebo_tutorials/navigation_ws/build/robot_mapping -- -j8 -l8
[0.689s] DEBUG:colcon.colcon_core.event_handler.log_command:Invoking command in '/home/misha/Documents/ROS2_Gazebo_tutorials/navigation_ws/build/robot_odometry': CMAKE_PREFIX_PATH=${CMAKE_PREFIX_PATH}:/opt/ros/humble /usr/bin/cmake --build /home/misha/Documents/ROS2_Gazebo_tutorials/navigation_ws/build/robot_odometry -- -j8 -l8
[0.713s] DEBUG:colcon.colcon_core.event_handler.log_command:Invoking command in '/home/misha/Documents/ROS2_Gazebo_tutorials/navigation_ws/build/robot_slam': CMAKE_PREFIX_PATH=${CMAKE_PREFIX_PATH}:/opt/ros/humble /usr/bin/cmake --build /home/misha/Documents/ROS2_Gazebo_tutorials/navigation_ws/build/robot_slam -- -j8 -l8
[0.753s] DEBUG:colcon.colcon_core.event_handler.log_command:Invoking command in '/home/misha/Documents/ROS2_Gazebo_tutorials/navigation_ws/build/robot_teleop': CMAKE_PREFIX_PATH=${CMAKE_PREFIX_PATH}:/opt/ros/humble /usr/bin/cmake --build /home/misha/Documents/ROS2_Gazebo_tutorials/navigation_ws/build/robot_teleop -- -j8 -l8
[0.768s] DEBUG:colcon.colcon_core.event_handler.log_command:Invoking command in '/home/misha/Documents/ROS2_Gazebo_tutorials/navigation_ws/build/robot_world': CMAKE_PREFIX_PATH=${CMAKE_PREFIX_PATH}:/opt/ros/humble /usr/bin/cmake --build /home/misha/Documents/ROS2_Gazebo_tutorials/navigation_ws/build/robot_world -- -j8 -l8
[0.786s] DEBUG:colcon.colcon_core.event_handler.log_command:Invoking command in '/home/misha/Documents/ROS2_Gazebo_tutorials/navigation_ws/build/test_robot_plugin': CMAKE_PREFIX_PATH=${CMAKE_PREFIX_PATH}:/opt/ros/humble /usr/bin/cmake --build /home/misha/Documents/ROS2_Gazebo_tutorials/navigation_ws/build/test_robot_plugin -- -j8 -l8
[0.812s] DEBUG:colcon.colcon_core.event_handler.log_command:Invoked command in '/home/misha/Documents/ROS2_Gazebo_tutorials/navigation_ws/build/my_robot_bringup' returned '0': CMAKE_PREFIX_PATH=${CMAKE_PREFIX_PATH}:/opt/ros/humble /usr/bin/cmake --build /home/misha/Documents/ROS2_Gazebo_tutorials/navigation_ws/build/my_robot_bringup -- -j8 -l8
[0.847s] DEBUG:colcon.colcon_core.event_handler.log_command:Invoking command in '/home/misha/Documents/ROS2_Gazebo_tutorials/navigation_ws/build/my_robot_bringup': CMAKE_PREFIX_PATH=${CMAKE_PREFIX_PATH}:/opt/ros/humble /usr/bin/cmake --install /home/misha/Documents/ROS2_Gazebo_tutorials/navigation_ws/build/my_robot_bringup
[0.924s] DEBUG:colcon.colcon_core.event_handler.log_command:Invoked command in '/home/misha/Documents/ROS2_Gazebo_tutorials/navigation_ws/build/robot_world' returned '0': CMAKE_PREFIX_PATH=${CMAKE_PREFIX_PATH}:/opt/ros/humble /usr/bin/cmake --build /home/misha/Documents/ROS2_Gazebo_tutorials/navigation_ws/build/robot_world -- -j8 -l8
[0.927s] DEBUG:colcon.colcon_core.event_handler.log_command:Invoking command in '/home/misha/Documents/ROS2_Gazebo_tutorials/navigation_ws/build/robot_world': CMAKE_PREFIX_PATH=${CMAKE_PREFIX_PATH}:/opt/ros/humble /usr/bin/cmake --install /home/misha/Documents/ROS2_Gazebo_tutorials/navigation_ws/build/robot_world
[0.933s] DEBUG:colcon.colcon_core.event_handler.log_command:Invoked command in '/home/misha/Documents/ROS2_Gazebo_tutorials/navigation_ws/build/global_map_ex' returned '0': CMAKE_PREFIX_PATH=${CMAKE_PREFIX_PATH}:/opt/ros/humble /usr/bin/cmake --build /home/misha/Documents/ROS2_Gazebo_tutorials/navigation_ws/build/global_map_ex -- -j8 -l8
[0.935s] DEBUG:colcon.colcon_core.event_handler.log_command:Invoking command in '/home/misha/Documents/ROS2_Gazebo_tutorials/navigation_ws/build/global_map_ex': CMAKE_PREFIX_PATH=${CMAKE_PREFIX_PATH}:/opt/ros/humble /usr/bin/cmake --install /home/misha/Documents/ROS2_Gazebo_tutorials/navigation_ws/build/global_map_ex
[0.941s] Level 1:colcon.colcon_core.environment:create_environment_scripts_only(my_robot_bringup)
[0.946s] Level 1:colcon.colcon_core.environment:checking '/home/misha/Documents/ROS2_Gazebo_tutorials/navigation_ws/install/my_robot_bringup' for CMake module files
[0.952s] DEBUG:colcon.colcon_core.event_handler.log_command:Invoked command in '/home/misha/Documents/ROS2_Gazebo_tutorials/navigation_ws/build/my_robot_bringup' returned '0': CMAKE_PREFIX_PATH=${CMAKE_PREFIX_PATH}:/opt/ros/humble /usr/bin/cmake --install /home/misha/Documents/ROS2_Gazebo_tutorials/navigation_ws/build/my_robot_bringup
[0.955s] Level 1:colcon.colcon_core.environment:checking '/home/misha/Documents/ROS2_Gazebo_tutorials/navigation_ws/install/my_robot_bringup' for CMake config files
[0.956s] Level 1:colcon.colcon_core.shell:create_environment_hook('my_robot_bringup', 'cmake_prefix_path')
[0.957s] INFO:colcon.colcon_core.shell:Creating environment hook '/home/misha/Documents/ROS2_Gazebo_tutorials/navigation_ws/install/my_robot_bringup/share/my_robot_bringup/hook/cmake_prefix_path.ps1'
[0.958s] INFO:colcon.colcon_core.shell:Creating environment descriptor '/home/misha/Documents/ROS2_Gazebo_tutorials/navigation_ws/install/my_robot_bringup/share/my_robot_bringup/hook/cmake_prefix_path.dsv'
[0.965s] INFO:colcon.colcon_core.shell:Creating environment hook '/home/misha/Documents/ROS2_Gazebo_tutorials/navigation_ws/install/my_robot_bringup/share/my_robot_bringup/hook/cmake_prefix_path.sh'
[0.968s] Level 1:colcon.colcon_core.environment:checking '/home/misha/Documents/ROS2_Gazebo_tutorials/navigation_ws/install/my_robot_bringup/bin'
[0.971s] Level 1:colcon.colcon_core.environment:checking '/home/misha/Documents/ROS2_Gazebo_tutorials/navigation_ws/install/my_robot_bringup/lib/pkgconfig/my_robot_bringup.pc'
[0.972s] Level 1:colcon.colcon_core.environment:checking '/home/misha/Documents/ROS2_Gazebo_tutorials/navigation_ws/install/my_robot_bringup/lib/python3.10/site-packages'
[0.973s] Level 1:colcon.colcon_core.environment:checking '/home/misha/Documents/ROS2_Gazebo_tutorials/navigation_ws/install/my_robot_bringup/bin'
[0.974s] INFO:colcon.colcon_core.shell:Creating package script '/home/misha/Documents/ROS2_Gazebo_tutorials/navigation_ws/install/my_robot_bringup/share/my_robot_bringup/package.ps1'
[0.976s] INFO:colcon.colcon_core.shell:Creating package descriptor '/home/misha/Documents/ROS2_Gazebo_tutorials/navigation_ws/install/my_robot_bringup/share/my_robot_bringup/package.dsv'
[0.977s] INFO:colcon.colcon_core.shell:Creating package script '/home/misha/Documents/ROS2_Gazebo_tutorials/navigation_ws/install/my_robot_bringup/share/my_robot_bringup/package.sh'
[0.979s] INFO:colcon.colcon_core.shell:Creating package script '/home/misha/Documents/ROS2_Gazebo_tutorials/navigation_ws/install/my_robot_bringup/share/my_robot_bringup/package.bash'
[0.981s] INFO:colcon.colcon_core.shell:Creating package script '/home/misha/Documents/ROS2_Gazebo_tutorials/navigation_ws/install/my_robot_bringup/share/my_robot_bringup/package.zsh'
[0.984s] Level 1:colcon.colcon_core.environment:create_file_with_runtime_dependencies(/home/misha/Documents/ROS2_Gazebo_tutorials/navigation_ws/install/my_robot_bringup/share/colcon-core/packages/my_robot_bringup)
[0.987s] Level 1:colcon.colcon_core.environment:create_environment_scripts_only(my_robot_bringup)
[0.988s] Level 1:colcon.colcon_core.environment:checking '/home/misha/Documents/ROS2_Gazebo_tutorials/navigation_ws/install/my_robot_bringup' for CMake module files
[0.990s] Level 1:colcon.colcon_core.environment:checking '/home/misha/Documents/ROS2_Gazebo_tutorials/navigation_ws/install/my_robot_bringup' for CMake config files
[0.991s] Level 1:colcon.colcon_core.shell:create_environment_hook('my_robot_bringup', 'cmake_prefix_path')
[0.992s] INFO:colcon.colcon_core.shell:Creating environment hook '/home/misha/Documents/ROS2_Gazebo_tutorials/navigation_ws/install/my_robot_bringup/share/my_robot_bringup/hook/cmake_prefix_path.ps1'
[0.994s] INFO:colcon.colcon_core.shell:Creating environment descriptor '/home/misha/Documents/ROS2_Gazebo_tutorials/navigation_ws/install/my_robot_bringup/share/my_robot_bringup/hook/cmake_prefix_path.dsv'
[0.995s] INFO:colcon.colcon_core.shell:Creating environment hook '/home/misha/Documents/ROS2_Gazebo_tutorials/navigation_ws/install/my_robot_bringup/share/my_robot_bringup/hook/cmake_prefix_path.sh'
[0.997s] Level 1:colcon.colcon_core.environment:checking '/home/misha/Documents/ROS2_Gazebo_tutorials/navigation_ws/install/my_robot_bringup/bin'
[0.997s] Level 1:colcon.colcon_core.environment:checking '/home/misha/Documents/ROS2_Gazebo_tutorials/navigation_ws/install/my_robot_bringup/lib/pkgconfig/my_robot_bringup.pc'
[0.998s] Level 1:colcon.colcon_core.environment:checking '/home/misha/Documents/ROS2_Gazebo_tutorials/navigation_ws/install/my_robot_bringup/lib/python3.10/site-packages'
[0.999s] Level 1:colcon.colcon_core.environment:checking '/home/misha/Documents/ROS2_Gazebo_tutorials/navigation_ws/install/my_robot_bringup/bin'
[1.000s] INFO:colcon.colcon_core.shell:Creating package script '/home/misha/Documents/ROS2_Gazebo_tutorials/navigation_ws/install/my_robot_bringup/share/my_robot_bringup/package.ps1'
[1.002s] INFO:colcon.colcon_core.shell:Creating package descriptor '/home/misha/Documents/ROS2_Gazebo_tutorials/navigation_ws/install/my_robot_bringup/share/my_robot_bringup/package.dsv'
[1.003s] INFO:colcon.colcon_core.shell:Creating package script '/home/misha/Documents/ROS2_Gazebo_tutorials/navigation_ws/install/my_robot_bringup/share/my_robot_bringup/package.sh'
[1.004s] INFO:colcon.colcon_core.shell:Creating package script '/home/misha/Documents/ROS2_Gazebo_tutorials/navigation_ws/install/my_robot_bringup/share/my_robot_bringup/package.bash'
[1.005s] INFO:colcon.colcon_core.shell:Creating package script '/home/misha/Documents/ROS2_Gazebo_tutorials/navigation_ws/install/my_robot_bringup/share/my_robot_bringup/package.zsh'
[1.006s] Level 1:colcon.colcon_core.environment:create_file_with_runtime_dependencies(/home/misha/Documents/ROS2_Gazebo_tutorials/navigation_ws/install/my_robot_bringup/share/colcon-core/packages/my_robot_bringup)
[1.009s] DEBUG:colcon.colcon_core.event_handler.log_command:Invoked command in '/home/misha/Documents/ROS2_Gazebo_tutorials/navigation_ws/build/robot_odometry' returned '0': CMAKE_PREFIX_PATH=${CMAKE_PREFIX_PATH}:/opt/ros/humble /usr/bin/cmake --build /home/misha/Documents/ROS2_Gazebo_tutorials/navigation_ws/build/robot_odometry -- -j8 -l8
[1.011s] DEBUG:colcon.colcon_core.event_handler.log_command:Invoking command in '/home/misha/Documents/ROS2_Gazebo_tutorials/navigation_ws/build/robot_odometry': CMAKE_PREFIX_PATH=${CMAKE_PREFIX_PATH}:/opt/ros/humble /usr/bin/cmake --install /home/misha/Documents/ROS2_Gazebo_tutorials/navigation_ws/build/robot_odometry
[1.019s] Level 1:colcon.colcon_core.environment:create_environment_scripts_only(robot_world)
[1.020s] Level 1:colcon.colcon_core.environment:checking '/home/misha/Documents/ROS2_Gazebo_tutorials/navigation_ws/install/robot_world' for CMake module files
[1.021s] Level 1:colcon.colcon_core.environment:checking '/home/misha/Documents/ROS2_Gazebo_tutorials/navigation_ws/install/robot_world' for CMake config files
[1.021s] Level 1:colcon.colcon_core.shell:create_environment_hook('robot_world', 'cmake_prefix_path')
[1.022s] INFO:colcon.colcon_core.shell:Creating environment hook '/home/misha/Documents/ROS2_Gazebo_tutorials/navigation_ws/install/robot_world/share/robot_world/hook/cmake_prefix_path.ps1'
[1.024s] DEBUG:colcon.colcon_core.event_handler.log_command:Invoked command in '/home/misha/Documents/ROS2_Gazebo_tutorials/navigation_ws/build/robot_world' returned '0': CMAKE_PREFIX_PATH=${CMAKE_PREFIX_PATH}:/opt/ros/humble /usr/bin/cmake --install /home/misha/Documents/ROS2_Gazebo_tutorials/navigation_ws/build/robot_world
[1.024s] INFO:colcon.colcon_core.shell:Creating environment descriptor '/home/misha/Documents/ROS2_Gazebo_tutorials/navigation_ws/install/robot_world/share/robot_world/hook/cmake_prefix_path.dsv'
[1.025s] INFO:colcon.colcon_core.shell:Creating environment hook '/home/misha/Documents/ROS2_Gazebo_tutorials/navigation_ws/install/robot_world/share/robot_world/hook/cmake_prefix_path.sh'
[1.027s] Level 1:colcon.colcon_core.environment:checking '/home/misha/Documents/ROS2_Gazebo_tutorials/navigation_ws/install/robot_world/bin'
[1.027s] Level 1:colcon.colcon_core.environment:checking '/home/misha/Documents/ROS2_Gazebo_tutorials/navigation_ws/install/robot_world/lib/pkgconfig/robot_world.pc'
[1.028s] Level 1:colcon.colcon_core.environment:checking '/home/misha/Documents/ROS2_Gazebo_tutorials/navigation_ws/install/robot_world/lib/python3.10/site-packages'
[1.029s] Level 1:colcon.colcon_core.environment:checking '/home/misha/Documents/ROS2_Gazebo_tutorials/navigation_ws/install/robot_world/bin'
[1.029s] INFO:colcon.colcon_core.shell:Creating package script '/home/misha/Documents/ROS2_Gazebo_tutorials/navigation_ws/install/robot_world/share/robot_world/package.ps1'
[1.030s] INFO:colcon.colcon_core.shell:Creating package descriptor '/home/misha/Documents/ROS2_Gazebo_tutorials/navigation_ws/install/robot_world/share/robot_world/package.dsv'
[1.031s] INFO:colcon.colcon_core.shell:Creating package script '/home/misha/Documents/ROS2_Gazebo_tutorials/navigation_ws/install/robot_world/share/robot_world/package.sh'
[1.031s] INFO:colcon.colcon_core.shell:Creating package script '/home/misha/Documents/ROS2_Gazebo_tutorials/navigation_ws/install/robot_world/share/robot_world/package.bash'
[1.033s] INFO:colcon.colcon_core.shell:Creating package script '/home/misha/Documents/ROS2_Gazebo_tutorials/navigation_ws/install/robot_world/share/robot_world/package.zsh'
[1.034s] Level 1:colcon.colcon_core.environment:create_file_with_runtime_dependencies(/home/misha/Documents/ROS2_Gazebo_tutorials/navigation_ws/install/robot_world/share/colcon-core/packages/robot_world)
[1.036s] Level 1:colcon.colcon_core.environment:create_environment_scripts_only(robot_world)
[1.036s] Level 1:colcon.colcon_core.environment:checking '/home/misha/Documents/ROS2_Gazebo_tutorials/navigation_ws/install/robot_world' for CMake module files
[1.041s] Level 1:colcon.colcon_core.environment:checking '/home/misha/Documents/ROS2_Gazebo_tutorials/navigation_ws/install/robot_world' for CMake config files
[1.043s] Level 1:colcon.colcon_core.shell:create_environment_hook('robot_world', 'cmake_prefix_path')
[1.044s] INFO:colcon.colcon_core.shell:Creating environment hook '/home/misha/Documents/ROS2_Gazebo_tutorials/navigation_ws/install/robot_world/share/robot_world/hook/cmake_prefix_path.ps1'
[1.045s] INFO:colcon.colcon_core.shell:Creating environment descriptor '/home/misha/Documents/ROS2_Gazebo_tutorials/navigation_ws/install/robot_world/share/robot_world/hook/cmake_prefix_path.dsv'
[1.046s] INFO:colcon.colcon_core.shell:Creating environment hook '/home/misha/Documents/ROS2_Gazebo_tutorials/navigation_ws/install/robot_world/share/robot_world/hook/cmake_prefix_path.sh'
[1.047s] Level 1:colcon.colcon_core.environment:checking '/home/misha/Documents/ROS2_Gazebo_tutorials/navigation_ws/install/robot_world/bin'
[1.047s] Level 1:colcon.colcon_core.environment:checking '/home/misha/Documents/ROS2_Gazebo_tutorials/navigation_ws/install/robot_world/lib/pkgconfig/robot_world.pc'
[1.048s] Level 1:colcon.colcon_core.environment:checking '/home/misha/Documents/ROS2_Gazebo_tutorials/navigation_ws/install/robot_world/lib/python3.10/site-packages'
[1.049s] Level 1:colcon.colcon_core.environment:checking '/home/misha/Documents/ROS2_Gazebo_tutorials/navigation_ws/install/robot_world/bin'
[1.051s] INFO:colcon.colcon_core.shell:Creating package script '/home/misha/Documents/ROS2_Gazebo_tutorials/navigation_ws/install/robot_world/share/robot_world/package.ps1'
[1.052s] INFO:colcon.colcon_core.shell:Creating package descriptor '/home/misha/Documents/ROS2_Gazebo_tutorials/navigation_ws/install/robot_world/share/robot_world/package.dsv'
[1.054s] INFO:colcon.colcon_core.shell:Creating package script '/home/misha/Documents/ROS2_Gazebo_tutorials/navigation_ws/install/robot_world/share/robot_world/package.sh'
[1.055s] INFO:colcon.colcon_core.shell:Creating package script '/home/misha/Documents/ROS2_Gazebo_tutorials/navigation_ws/install/robot_world/share/robot_world/package.bash'
[1.056s] INFO:colcon.colcon_core.shell:Creating package script '/home/misha/Documents/ROS2_Gazebo_tutorials/navigation_ws/install/robot_world/share/robot_world/package.zsh'
[1.056s] Level 1:colcon.colcon_core.environment:create_file_with_runtime_dependencies(/home/misha/Documents/ROS2_Gazebo_tutorials/navigation_ws/install/robot_world/share/colcon-core/packages/robot_world)
[1.061s] Level 1:colcon.colcon_core.environment:create_environment_scripts_only(global_map_ex)
[1.062s] Level 1:colcon.colcon_core.environment:checking '/home/misha/Documents/ROS2_Gazebo_tutorials/navigation_ws/install/global_map_ex' for CMake module files
[1.063s] DEBUG:colcon.colcon_core.event_handler.log_command:Invoked command in '/home/misha/Documents/ROS2_Gazebo_tutorials/navigation_ws/build/robot_mapping' returned '0': CMAKE_PREFIX_PATH=${CMAKE_PREFIX_PATH}:/opt/ros/humble /usr/bin/cmake --build /home/misha/Documents/ROS2_Gazebo_tutorials/navigation_ws/build/robot_mapping -- -j8 -l8
[1.065s] DEBUG:colcon.colcon_core.event_handler.log_command:Invoking command in '/home/misha/Documents/ROS2_Gazebo_tutorials/navigation_ws/build/robot_mapping': CMAKE_PREFIX_PATH=${CMAKE_PREFIX_PATH}:/opt/ros/humble /usr/bin/cmake --install /home/misha/Documents/ROS2_Gazebo_tutorials/navigation_ws/build/robot_mapping
[1.067s] DEBUG:colcon.colcon_core.event_handler.log_command:Invoked command in '/home/misha/Documents/ROS2_Gazebo_tutorials/navigation_ws/build/global_map_ex' returned '0': CMAKE_PREFIX_PATH=${CMAKE_PREFIX_PATH}:/opt/ros/humble /usr/bin/cmake --install /home/misha/Documents/ROS2_Gazebo_tutorials/navigation_ws/build/global_map_ex
[1.068s] Level 1:colcon.colcon_core.environment:checking '/home/misha/Documents/ROS2_Gazebo_tutorials/navigation_ws/install/global_map_ex' for CMake config files
[1.069s] Level 1:colcon.colcon_core.shell:create_environment_hook('global_map_ex', 'cmake_prefix_path')
[1.069s] INFO:colcon.colcon_core.shell:Creating environment hook '/home/misha/Documents/ROS2_Gazebo_tutorials/navigation_ws/install/global_map_ex/share/global_map_ex/hook/cmake_prefix_path.ps1'
[1.070s] INFO:colcon.colcon_core.shell:Creating environment descriptor '/home/misha/Documents/ROS2_Gazebo_tutorials/navigation_ws/install/global_map_ex/share/global_map_ex/hook/cmake_prefix_path.dsv'
[1.072s] INFO:colcon.colcon_core.shell:Creating environment hook '/home/misha/Documents/ROS2_Gazebo_tutorials/navigation_ws/install/global_map_ex/share/global_map_ex/hook/cmake_prefix_path.sh'
[1.073s] Level 1:colcon.colcon_core.environment:checking '/home/misha/Documents/ROS2_Gazebo_tutorials/navigation_ws/install/global_map_ex/lib'
[1.073s] Level 1:colcon.colcon_core.environment:checking '/home/misha/Documents/ROS2_Gazebo_tutorials/navigation_ws/install/global_map_ex/bin'
[1.073s] Level 1:colcon.colcon_core.environment:checking '/home/misha/Documents/ROS2_Gazebo_tutorials/navigation_ws/install/global_map_ex/lib/pkgconfig/global_map_ex.pc'
[1.074s] Level 1:colcon.colcon_core.environment:checking '/home/misha/Documents/ROS2_Gazebo_tutorials/navigation_ws/install/global_map_ex/lib/python3.10/site-packages'
[1.074s] Level 1:colcon.colcon_core.environment:checking '/home/misha/Documents/ROS2_Gazebo_tutorials/navigation_ws/install/global_map_ex/bin'
[1.075s] INFO:colcon.colcon_core.shell:Creating package script '/home/misha/Documents/ROS2_Gazebo_tutorials/navigation_ws/install/global_map_ex/share/global_map_ex/package.ps1'
[1.076s] INFO:colcon.colcon_core.shell:Creating package descriptor '/home/misha/Documents/ROS2_Gazebo_tutorials/navigation_ws/install/global_map_ex/share/global_map_ex/package.dsv'
[1.076s] INFO:colcon.colcon_core.shell:Creating package script '/home/misha/Documents/ROS2_Gazebo_tutorials/navigation_ws/install/global_map_ex/share/global_map_ex/package.sh'
[1.077s] INFO:colcon.colcon_core.shell:Creating package script '/home/misha/Documents/ROS2_Gazebo_tutorials/navigation_ws/install/global_map_ex/share/global_map_ex/package.bash'
[1.078s] INFO:colcon.colcon_core.shell:Creating package script '/home/misha/Documents/ROS2_Gazebo_tutorials/navigation_ws/install/global_map_ex/share/global_map_ex/package.zsh'
[1.079s] Level 1:colcon.colcon_core.environment:create_file_with_runtime_dependencies(/home/misha/Documents/ROS2_Gazebo_tutorials/navigation_ws/install/global_map_ex/share/colcon-core/packages/global_map_ex)
[1.080s] Level 1:colcon.colcon_core.environment:create_environment_scripts_only(global_map_ex)
[1.081s] Level 1:colcon.colcon_core.environment:checking '/home/misha/Documents/ROS2_Gazebo_tutorials/navigation_ws/install/global_map_ex' for CMake module files
[1.088s] Level 1:colcon.colcon_core.environment:checking '/home/misha/Documents/ROS2_Gazebo_tutorials/navigation_ws/install/global_map_ex' for CMake config files
[1.092s] Level 1:colcon.colcon_core.shell:create_environment_hook('global_map_ex', 'cmake_prefix_path')
[1.092s] INFO:colcon.colcon_core.shell:Creating environment hook '/home/misha/Documents/ROS2_Gazebo_tutorials/navigation_ws/install/global_map_ex/share/global_map_ex/hook/cmake_prefix_path.ps1'
[1.094s] INFO:colcon.colcon_core.shell:Creating environment descriptor '/home/misha/Documents/ROS2_Gazebo_tutorials/navigation_ws/install/global_map_ex/share/global_map_ex/hook/cmake_prefix_path.dsv'
[1.095s] INFO:colcon.colcon_core.shell:Creating environment hook '/home/misha/Documents/ROS2_Gazebo_tutorials/navigation_ws/install/global_map_ex/share/global_map_ex/hook/cmake_prefix_path.sh'
[1.097s] Level 1:colcon.colcon_core.environment:checking '/home/misha/Documents/ROS2_Gazebo_tutorials/navigation_ws/install/global_map_ex/lib'
[1.097s] Level 1:colcon.colcon_core.environment:checking '/home/misha/Documents/ROS2_Gazebo_tutorials/navigation_ws/install/global_map_ex/bin'
[1.097s] Level 1:colcon.colcon_core.environment:checking '/home/misha/Documents/ROS2_Gazebo_tutorials/navigation_ws/install/global_map_ex/lib/pkgconfig/global_map_ex.pc'
[1.098s] Level 1:colcon.colcon_core.environment:checking '/home/misha/Documents/ROS2_Gazebo_tutorials/navigation_ws/install/global_map_ex/lib/python3.10/site-packages'
[1.100s] Level 1:colcon.colcon_core.environment:checking '/home/misha/Documents/ROS2_Gazebo_tutorials/navigation_ws/install/global_map_ex/bin'
[1.101s] INFO:colcon.colcon_core.shell:Creating package script '/home/misha/Documents/ROS2_Gazebo_tutorials/navigation_ws/install/global_map_ex/share/global_map_ex/package.ps1'
[1.105s] INFO:colcon.colcon_core.shell:Creating package descriptor '/home/misha/Documents/ROS2_Gazebo_tutorials/navigation_ws/install/global_map_ex/share/global_map_ex/package.dsv'
[1.106s] INFO:colcon.colcon_core.shell:Creating package script '/home/misha/Documents/ROS2_Gazebo_tutorials/navigation_ws/install/global_map_ex/share/global_map_ex/package.sh'
[1.107s] INFO:colcon.colcon_core.shell:Creating package script '/home/misha/Documents/ROS2_Gazebo_tutorials/navigation_ws/install/global_map_ex/share/global_map_ex/package.bash'
[1.108s] INFO:colcon.colcon_core.shell:Creating package script '/home/misha/Documents/ROS2_Gazebo_tutorials/navigation_ws/install/global_map_ex/share/global_map_ex/package.zsh'
[1.109s] Level 1:colcon.colcon_core.environment:create_file_with_runtime_dependencies(/home/misha/Documents/ROS2_Gazebo_tutorials/navigation_ws/install/global_map_ex/share/colcon-core/packages/global_map_ex)
[1.113s] DEBUG:colcon.colcon_core.event_handler.log_command:Invoked command in '/home/misha/Documents/ROS2_Gazebo_tutorials/navigation_ws/build/robot_slam' returned '0': CMAKE_PREFIX_PATH=${CMAKE_PREFIX_PATH}:/opt/ros/humble /usr/bin/cmake --build /home/misha/Documents/ROS2_Gazebo_tutorials/navigation_ws/build/robot_slam -- -j8 -l8
[1.119s] DEBUG:colcon.colcon_core.event_handler.log_command:Invoking command in '/home/misha/Documents/ROS2_Gazebo_tutorials/navigation_ws/build/robot_slam': CMAKE_PREFIX_PATH=${CMAKE_PREFIX_PATH}:/opt/ros/humble /usr/bin/cmake --install /home/misha/Documents/ROS2_Gazebo_tutorials/navigation_ws/build/robot_slam
[1.122s] DEBUG:colcon.colcon_core.event_handler.log_command:Invoked command in '/home/misha/Documents/ROS2_Gazebo_tutorials/navigation_ws/build/test_robot_plugin' returned '0': CMAKE_PREFIX_PATH=${CMAKE_PREFIX_PATH}:/opt/ros/humble /usr/bin/cmake --build /home/misha/Documents/ROS2_Gazebo_tutorials/navigation_ws/build/test_robot_plugin -- -j8 -l8
[1.125s] Level 1:colcon.colcon_core.environment:create_environment_scripts_only(robot_odometry)
[1.127s] Level 1:colcon.colcon_core.environment:checking '/home/misha/Documents/ROS2_Gazebo_tutorials/navigation_ws/install/robot_odometry' for CMake module files
[1.128s] Level 1:colcon.colcon_core.environment:checking '/home/misha/Documents/ROS2_Gazebo_tutorials/navigation_ws/install/robot_odometry' for CMake config files
[1.129s] Level 1:colcon.colcon_core.shell:create_environment_hook('robot_odometry', 'cmake_prefix_path')
[1.130s] INFO:colcon.colcon_core.shell:Creating environment hook '/home/misha/Documents/ROS2_Gazebo_tutorials/navigation_ws/install/robot_odometry/share/robot_odometry/hook/cmake_prefix_path.ps1'
[1.133s] DEBUG:colcon.colcon_core.event_handler.log_command:Invoking command in '/home/misha/Documents/ROS2_Gazebo_tutorials/navigation_ws/build/test_robot_plugin': CMAKE_PREFIX_PATH=${CMAKE_PREFIX_PATH}:/opt/ros/humble /usr/bin/cmake --install /home/misha/Documents/ROS2_Gazebo_tutorials/navigation_ws/build/test_robot_plugin
[1.134s] DEBUG:colcon.colcon_core.event_handler.log_command:Invoked command in '/home/misha/Documents/ROS2_Gazebo_tutorials/navigation_ws/build/robot_odometry' returned '0': CMAKE_PREFIX_PATH=${CMAKE_PREFIX_PATH}:/opt/ros/humble /usr/bin/cmake --install /home/misha/Documents/ROS2_Gazebo_tutorials/navigation_ws/build/robot_odometry
[1.135s] INFO:colcon.colcon_core.shell:Creating environment descriptor '/home/misha/Documents/ROS2_Gazebo_tutorials/navigation_ws/install/robot_odometry/share/robot_odometry/hook/cmake_prefix_path.dsv'
[1.138s] INFO:colcon.colcon_core.shell:Creating environment hook '/home/misha/Documents/ROS2_Gazebo_tutorials/navigation_ws/install/robot_odometry/share/robot_odometry/hook/cmake_prefix_path.sh'
[1.142s] Level 1:colcon.colcon_core.environment:checking '/home/misha/Documents/ROS2_Gazebo_tutorials/navigation_ws/install/robot_odometry/lib'
[1.142s] Level 1:colcon.colcon_core.environment:checking '/home/misha/Documents/ROS2_Gazebo_tutorials/navigation_ws/install/robot_odometry/bin'
[1.143s] Level 1:colcon.colcon_core.environment:checking '/home/misha/Documents/ROS2_Gazebo_tutorials/navigation_ws/install/robot_odometry/lib/pkgconfig/robot_odometry.pc'
[1.143s] Level 1:colcon.colcon_core.environment:checking '/home/misha/Documents/ROS2_Gazebo_tutorials/navigation_ws/install/robot_odometry/lib/python3.10/site-packages'
[1.144s] Level 1:colcon.colcon_core.environment:checking '/home/misha/Documents/ROS2_Gazebo_tutorials/navigation_ws/install/robot_odometry/bin'
[1.145s] INFO:colcon.colcon_core.shell:Creating package script '/home/misha/Documents/ROS2_Gazebo_tutorials/navigation_ws/install/robot_odometry/share/robot_odometry/package.ps1'
[1.147s] INFO:colcon.colcon_core.shell:Creating package descriptor '/home/misha/Documents/ROS2_Gazebo_tutorials/navigation_ws/install/robot_odometry/share/robot_odometry/package.dsv'
[1.147s] INFO:colcon.colcon_core.shell:Creating package script '/home/misha/Documents/ROS2_Gazebo_tutorials/navigation_ws/install/robot_odometry/share/robot_odometry/package.sh'
[1.150s] INFO:colcon.colcon_core.shell:Creating package script '/home/misha/Documents/ROS2_Gazebo_tutorials/navigation_ws/install/robot_odometry/share/robot_odometry/package.bash'
[1.151s] INFO:colcon.colcon_core.shell:Creating package script '/home/misha/Documents/ROS2_Gazebo_tutorials/navigation_ws/install/robot_odometry/share/robot_odometry/package.zsh'
[1.153s] Level 1:colcon.colcon_core.environment:create_file_with_runtime_dependencies(/home/misha/Documents/ROS2_Gazebo_tutorials/navigation_ws/install/robot_odometry/share/colcon-core/packages/robot_odometry)
[1.156s] Level 1:colcon.colcon_core.environment:create_environment_scripts_only(robot_odometry)
[1.156s] Level 1:colcon.colcon_core.environment:checking '/home/misha/Documents/ROS2_Gazebo_tutorials/navigation_ws/install/robot_odometry' for CMake module files
[1.157s] Level 1:colcon.colcon_core.environment:checking '/home/misha/Documents/ROS2_Gazebo_tutorials/navigation_ws/install/robot_odometry' for CMake config files
[1.158s] Level 1:colcon.colcon_core.shell:create_environment_hook('robot_odometry', 'cmake_prefix_path')
[1.159s] INFO:colcon.colcon_core.shell:Creating environment hook '/home/misha/Documents/ROS2_Gazebo_tutorials/navigation_ws/install/robot_odometry/share/robot_odometry/hook/cmake_prefix_path.ps1'
[1.160s] INFO:colcon.colcon_core.shell:Creating environment descriptor '/home/misha/Documents/ROS2_Gazebo_tutorials/navigation_ws/install/robot_odometry/share/robot_odometry/hook/cmake_prefix_path.dsv'
[1.162s] INFO:colcon.colcon_core.shell:Creating environment hook '/home/misha/Documents/ROS2_Gazebo_tutorials/navigation_ws/install/robot_odometry/share/robot_odometry/hook/cmake_prefix_path.sh'
[1.168s] Level 1:colcon.colcon_core.environment:checking '/home/misha/Documents/ROS2_Gazebo_tutorials/navigation_ws/install/robot_odometry/lib'
[1.168s] Level 1:colcon.colcon_core.environment:checking '/home/misha/Documents/ROS2_Gazebo_tutorials/navigation_ws/install/robot_odometry/bin'
[1.169s] Level 1:colcon.colcon_core.environment:checking '/home/misha/Documents/ROS2_Gazebo_tutorials/navigation_ws/install/robot_odometry/lib/pkgconfig/robot_odometry.pc'
[1.170s] Level 1:colcon.colcon_core.environment:checking '/home/misha/Documents/ROS2_Gazebo_tutorials/navigation_ws/install/robot_odometry/lib/python3.10/site-packages'
[1.176s] Level 1:colcon.colcon_core.environment:checking '/home/misha/Documents/ROS2_Gazebo_tutorials/navigation_ws/install/robot_odometry/bin'
[1.178s] INFO:colcon.colcon_core.shell:Creating package script '/home/misha/Documents/ROS2_Gazebo_tutorials/navigation_ws/install/robot_odometry/share/robot_odometry/package.ps1'
[1.181s] INFO:colcon.colcon_core.shell:Creating package descriptor '/home/misha/Documents/ROS2_Gazebo_tutorials/navigation_ws/install/robot_odometry/share/robot_odometry/package.dsv'
[1.184s] INFO:colcon.colcon_core.shell:Creating package script '/home/misha/Documents/ROS2_Gazebo_tutorials/navigation_ws/install/robot_odometry/share/robot_odometry/package.sh'
[1.186s] INFO:colcon.colcon_core.shell:Creating package script '/home/misha/Documents/ROS2_Gazebo_tutorials/navigation_ws/install/robot_odometry/share/robot_odometry/package.bash'
[1.188s] INFO:colcon.colcon_core.shell:Creating package script '/home/misha/Documents/ROS2_Gazebo_tutorials/navigation_ws/install/robot_odometry/share/robot_odometry/package.zsh'
[1.190s] Level 1:colcon.colcon_core.environment:create_file_with_runtime_dependencies(/home/misha/Documents/ROS2_Gazebo_tutorials/navigation_ws/install/robot_odometry/share/colcon-core/packages/robot_odometry)
[1.190s] Level 1:colcon.colcon_core.environment:create_environment_scripts_only(robot_mapping)
[1.192s] Level 1:colcon.colcon_core.environment:checking '/home/misha/Documents/ROS2_Gazebo_tutorials/navigation_ws/install/robot_mapping' for CMake module files
[1.194s] DEBUG:colcon.colcon_core.event_handler.log_command:Invoked command in '/home/misha/Documents/ROS2_Gazebo_tutorials/navigation_ws/build/robot_mapping' returned '0': CMAKE_PREFIX_PATH=${CMAKE_PREFIX_PATH}:/opt/ros/humble /usr/bin/cmake --install /home/misha/Documents/ROS2_Gazebo_tutorials/navigation_ws/build/robot_mapping
[1.199s] Level 1:colcon.colcon_core.environment:checking '/home/misha/Documents/ROS2_Gazebo_tutorials/navigation_ws/install/robot_mapping' for CMake config files
[1.200s] Level 1:colcon.colcon_core.shell:create_environment_hook('robot_mapping', 'cmake_prefix_path')
[1.201s] INFO:colcon.colcon_core.shell:Creating environment hook '/home/misha/Documents/ROS2_Gazebo_tutorials/navigation_ws/install/robot_mapping/share/robot_mapping/hook/cmake_prefix_path.ps1'
[1.202s] INFO:colcon.colcon_core.shell:Creating environment descriptor '/home/misha/Documents/ROS2_Gazebo_tutorials/navigation_ws/install/robot_mapping/share/robot_mapping/hook/cmake_prefix_path.dsv'
[1.203s] INFO:colcon.colcon_core.shell:Creating environment hook '/home/misha/Documents/ROS2_Gazebo_tutorials/navigation_ws/install/robot_mapping/share/robot_mapping/hook/cmake_prefix_path.sh'
[1.204s] Level 1:colcon.colcon_core.environment:checking '/home/misha/Documents/ROS2_Gazebo_tutorials/navigation_ws/install/robot_mapping/lib'
[1.204s] Level 1:colcon.colcon_core.environment:checking '/home/misha/Documents/ROS2_Gazebo_tutorials/navigation_ws/install/robot_mapping/bin'
[1.204s] Level 1:colcon.colcon_core.environment:checking '/home/misha/Documents/ROS2_Gazebo_tutorials/navigation_ws/install/robot_mapping/lib/pkgconfig/robot_mapping.pc'
[1.204s] Level 1:colcon.colcon_core.environment:checking '/home/misha/Documents/ROS2_Gazebo_tutorials/navigation_ws/install/robot_mapping/lib/python3.10/site-packages'
[1.205s] Level 1:colcon.colcon_core.environment:checking '/home/misha/Documents/ROS2_Gazebo_tutorials/navigation_ws/install/robot_mapping/bin'
[1.205s] INFO:colcon.colcon_core.shell:Creating package script '/home/misha/Documents/ROS2_Gazebo_tutorials/navigation_ws/install/robot_mapping/share/robot_mapping/package.ps1'
[1.206s] INFO:colcon.colcon_core.shell:Creating package descriptor '/home/misha/Documents/ROS2_Gazebo_tutorials/navigation_ws/install/robot_mapping/share/robot_mapping/package.dsv'
[1.206s] INFO:colcon.colcon_core.shell:Creating package script '/home/misha/Documents/ROS2_Gazebo_tutorials/navigation_ws/install/robot_mapping/share/robot_mapping/package.sh'
[1.208s] INFO:colcon.colcon_core.shell:Creating package script '/home/misha/Documents/ROS2_Gazebo_tutorials/navigation_ws/install/robot_mapping/share/robot_mapping/package.bash'
[1.209s] INFO:colcon.colcon_core.shell:Creating package script '/home/misha/Documents/ROS2_Gazebo_tutorials/navigation_ws/install/robot_mapping/share/robot_mapping/package.zsh'
[1.210s] Level 1:colcon.colcon_core.environment:create_file_with_runtime_dependencies(/home/misha/Documents/ROS2_Gazebo_tutorials/navigation_ws/install/robot_mapping/share/colcon-core/packages/robot_mapping)
[1.211s] Level 1:colcon.colcon_core.environment:create_environment_scripts_only(robot_mapping)
[1.211s] Level 1:colcon.colcon_core.environment:checking '/home/misha/Documents/ROS2_Gazebo_tutorials/navigation_ws/install/robot_mapping' for CMake module files
[1.212s] Level 1:colcon.colcon_core.environment:checking '/home/misha/Documents/ROS2_Gazebo_tutorials/navigation_ws/install/robot_mapping' for CMake config files
[1.212s] Level 1:colcon.colcon_core.shell:create_environment_hook('robot_mapping', 'cmake_prefix_path')
[1.212s] INFO:colcon.colcon_core.shell:Creating environment hook '/home/misha/Documents/ROS2_Gazebo_tutorials/navigation_ws/install/robot_mapping/share/robot_mapping/hook/cmake_prefix_path.ps1'
[1.213s] INFO:colcon.colcon_core.shell:Creating environment descriptor '/home/misha/Documents/ROS2_Gazebo_tutorials/navigation_ws/install/robot_mapping/share/robot_mapping/hook/cmake_prefix_path.dsv'
[1.213s] INFO:colcon.colcon_core.shell:Creating environment hook '/home/misha/Documents/ROS2_Gazebo_tutorials/navigation_ws/install/robot_mapping/share/robot_mapping/hook/cmake_prefix_path.sh'
[1.214s] Level 1:colcon.colcon_core.environment:checking '/home/misha/Documents/ROS2_Gazebo_tutorials/navigation_ws/install/robot_mapping/lib'
[1.214s] Level 1:colcon.colcon_core.environment:checking '/home/misha/Documents/ROS2_Gazebo_tutorials/navigation_ws/install/robot_mapping/bin'
[1.214s] Level 1:colcon.colcon_core.environment:checking '/home/misha/Documents/ROS2_Gazebo_tutorials/navigation_ws/install/robot_mapping/lib/pkgconfig/robot_mapping.pc'
[1.215s] Level 1:colcon.colcon_core.environment:checking '/home/misha/Documents/ROS2_Gazebo_tutorials/navigation_ws/install/robot_mapping/lib/python3.10/site-packages'
[1.216s] Level 1:colcon.colcon_core.environment:checking '/home/misha/Documents/ROS2_Gazebo_tutorials/navigation_ws/install/robot_mapping/bin'
[1.217s] INFO:colcon.colcon_core.shell:Creating package script '/home/misha/Documents/ROS2_Gazebo_tutorials/navigation_ws/install/robot_mapping/share/robot_mapping/package.ps1'
[1.218s] INFO:colcon.colcon_core.shell:Creating package descriptor '/home/misha/Documents/ROS2_Gazebo_tutorials/navigation_ws/install/robot_mapping/share/robot_mapping/package.dsv'
[1.219s] INFO:colcon.colcon_core.shell:Creating package script '/home/misha/Documents/ROS2_Gazebo_tutorials/navigation_ws/install/robot_mapping/share/robot_mapping/package.sh'
[1.219s] INFO:colcon.colcon_core.shell:Creating package script '/home/misha/Documents/ROS2_Gazebo_tutorials/navigation_ws/install/robot_mapping/share/robot_mapping/package.bash'
[1.220s] INFO:colcon.colcon_core.shell:Creating package script '/home/misha/Documents/ROS2_Gazebo_tutorials/navigation_ws/install/robot_mapping/share/robot_mapping/package.zsh'
[1.221s] Level 1:colcon.colcon_core.environment:create_file_with_runtime_dependencies(/home/misha/Documents/ROS2_Gazebo_tutorials/navigation_ws/install/robot_mapping/share/colcon-core/packages/robot_mapping)
[1.223s] Level 1:colcon.colcon_core.environment:create_environment_scripts_only(robot_slam)
[1.224s] Level 1:colcon.colcon_core.environment:checking '/home/misha/Documents/ROS2_Gazebo_tutorials/navigation_ws/install/robot_slam' for CMake module files
[1.224s] DEBUG:colcon.colcon_core.event_handler.log_command:Invoked command in '/home/misha/Documents/ROS2_Gazebo_tutorials/navigation_ws/build/robot_slam' returned '0': CMAKE_PREFIX_PATH=${CMAKE_PREFIX_PATH}:/opt/ros/humble /usr/bin/cmake --install /home/misha/Documents/ROS2_Gazebo_tutorials/navigation_ws/build/robot_slam
[1.225s] Level 1:colcon.colcon_core.environment:checking '/home/misha/Documents/ROS2_Gazebo_tutorials/navigation_ws/install/robot_slam' for CMake config files
[1.226s] Level 1:colcon.colcon_core.shell:create_environment_hook('robot_slam', 'cmake_prefix_path')
[1.226s] INFO:colcon.colcon_core.shell:Creating environment hook '/home/misha/Documents/ROS2_Gazebo_tutorials/navigation_ws/install/robot_slam/share/robot_slam/hook/cmake_prefix_path.ps1'
[1.228s] INFO:colcon.colcon_core.shell:Creating environment descriptor '/home/misha/Documents/ROS2_Gazebo_tutorials/navigation_ws/install/robot_slam/share/robot_slam/hook/cmake_prefix_path.dsv'
[1.228s] INFO:colcon.colcon_core.shell:Creating environment hook '/home/misha/Documents/ROS2_Gazebo_tutorials/navigation_ws/install/robot_slam/share/robot_slam/hook/cmake_prefix_path.sh'
[1.231s] Level 1:colcon.colcon_core.environment:checking '/home/misha/Documents/ROS2_Gazebo_tutorials/navigation_ws/install/robot_slam/lib'
[1.231s] Level 1:colcon.colcon_core.environment:checking '/home/misha/Documents/ROS2_Gazebo_tutorials/navigation_ws/install/robot_slam/bin'
[1.231s] Level 1:colcon.colcon_core.environment:checking '/home/misha/Documents/ROS2_Gazebo_tutorials/navigation_ws/install/robot_slam/lib/pkgconfig/robot_slam.pc'
[1.232s] Level 1:colcon.colcon_core.environment:checking '/home/misha/Documents/ROS2_Gazebo_tutorials/navigation_ws/install/robot_slam/lib/python3.10/site-packages'
[1.232s] Level 1:colcon.colcon_core.environment:checking '/home/misha/Documents/ROS2_Gazebo_tutorials/navigation_ws/install/robot_slam/bin'
[1.233s] INFO:colcon.colcon_core.shell:Creating package script '/home/misha/Documents/ROS2_Gazebo_tutorials/navigation_ws/install/robot_slam/share/robot_slam/package.ps1'
[1.235s] INFO:colcon.colcon_core.shell:Creating package descriptor '/home/misha/Documents/ROS2_Gazebo_tutorials/navigation_ws/install/robot_slam/share/robot_slam/package.dsv'
[1.236s] INFO:colcon.colcon_core.shell:Creating package script '/home/misha/Documents/ROS2_Gazebo_tutorials/navigation_ws/install/robot_slam/share/robot_slam/package.sh'
[1.237s] INFO:colcon.colcon_core.shell:Creating package script '/home/misha/Documents/ROS2_Gazebo_tutorials/navigation_ws/install/robot_slam/share/robot_slam/package.bash'
[1.238s] INFO:colcon.colcon_core.shell:Creating package script '/home/misha/Documents/ROS2_Gazebo_tutorials/navigation_ws/install/robot_slam/share/robot_slam/package.zsh'
[1.239s] Level 1:colcon.colcon_core.environment:create_file_with_runtime_dependencies(/home/misha/Documents/ROS2_Gazebo_tutorials/navigation_ws/install/robot_slam/share/colcon-core/packages/robot_slam)
[1.240s] Level 1:colcon.colcon_core.environment:create_environment_scripts_only(robot_slam)
[1.241s] Level 1:colcon.colcon_core.environment:checking '/home/misha/Documents/ROS2_Gazebo_tutorials/navigation_ws/install/robot_slam' for CMake module files
[1.241s] Level 1:colcon.colcon_core.environment:checking '/home/misha/Documents/ROS2_Gazebo_tutorials/navigation_ws/install/robot_slam' for CMake config files
[1.242s] Level 1:colcon.colcon_core.shell:create_environment_hook('robot_slam', 'cmake_prefix_path')
[1.242s] INFO:colcon.colcon_core.shell:Creating environment hook '/home/misha/Documents/ROS2_Gazebo_tutorials/navigation_ws/install/robot_slam/share/robot_slam/hook/cmake_prefix_path.ps1'
[1.243s] INFO:colcon.colcon_core.shell:Creating environment descriptor '/home/misha/Documents/ROS2_Gazebo_tutorials/navigation_ws/install/robot_slam/share/robot_slam/hook/cmake_prefix_path.dsv'
[1.244s] INFO:colcon.colcon_core.shell:Creating environment hook '/home/misha/Documents/ROS2_Gazebo_tutorials/navigation_ws/install/robot_slam/share/robot_slam/hook/cmake_prefix_path.sh'
[1.245s] Level 1:colcon.colcon_core.environment:checking '/home/misha/Documents/ROS2_Gazebo_tutorials/navigation_ws/install/robot_slam/lib'
[1.245s] Level 1:colcon.colcon_core.environment:checking '/home/misha/Documents/ROS2_Gazebo_tutorials/navigation_ws/install/robot_slam/bin'
[1.246s] Level 1:colcon.colcon_core.environment:checking '/home/misha/Documents/ROS2_Gazebo_tutorials/navigation_ws/install/robot_slam/lib/pkgconfig/robot_slam.pc'
[1.246s] Level 1:colcon.colcon_core.environment:checking '/home/misha/Documents/ROS2_Gazebo_tutorials/navigation_ws/install/robot_slam/lib/python3.10/site-packages'
[1.246s] Level 1:colcon.colcon_core.environment:checking '/home/misha/Documents/ROS2_Gazebo_tutorials/navigation_ws/install/robot_slam/bin'
[1.247s] INFO:colcon.colcon_core.shell:Creating package script '/home/misha/Documents/ROS2_Gazebo_tutorials/navigation_ws/install/robot_slam/share/robot_slam/package.ps1'
[1.248s] INFO:colcon.colcon_core.shell:Creating package descriptor '/home/misha/Documents/ROS2_Gazebo_tutorials/navigation_ws/install/robot_slam/share/robot_slam/package.dsv'
[1.249s] INFO:colcon.colcon_core.shell:Creating package script '/home/misha/Documents/ROS2_Gazebo_tutorials/navigation_ws/install/robot_slam/share/robot_slam/package.sh'
[1.250s] INFO:colcon.colcon_core.shell:Creating package script '/home/misha/Documents/ROS2_Gazebo_tutorials/navigation_ws/install/robot_slam/share/robot_slam/package.bash'
[1.250s] INFO:colcon.colcon_core.shell:Creating package script '/home/misha/Documents/ROS2_Gazebo_tutorials/navigation_ws/install/robot_slam/share/robot_slam/package.zsh'
[1.251s] Level 1:colcon.colcon_core.environment:create_file_with_runtime_dependencies(/home/misha/Documents/ROS2_Gazebo_tutorials/navigation_ws/install/robot_slam/share/colcon-core/packages/robot_slam)
[1.252s] Level 1:colcon.colcon_core.environment:create_environment_scripts_only(test_robot_plugin)
[1.252s] Level 1:colcon.colcon_core.environment:checking '/home/misha/Documents/ROS2_Gazebo_tutorials/navigation_ws/install/test_robot_plugin' for CMake module files
[1.254s] Level 1:colcon.colcon_core.environment:checking '/home/misha/Documents/ROS2_Gazebo_tutorials/navigation_ws/install/test_robot_plugin' for CMake config files
[1.254s] DEBUG:colcon.colcon_core.event_handler.log_command:Invoked command in '/home/misha/Documents/ROS2_Gazebo_tutorials/navigation_ws/build/test_robot_plugin' returned '0': CMAKE_PREFIX_PATH=${CMAKE_PREFIX_PATH}:/opt/ros/humble /usr/bin/cmake --install /home/misha/Documents/ROS2_Gazebo_tutorials/navigation_ws/build/test_robot_plugin
[1.255s] Level 1:colcon.colcon_core.shell:create_environment_hook('test_robot_plugin', 'cmake_prefix_path')
[1.255s] INFO:colcon.colcon_core.shell:Creating environment hook '/home/misha/Documents/ROS2_Gazebo_tutorials/navigation_ws/install/test_robot_plugin/share/test_robot_plugin/hook/cmake_prefix_path.ps1'
[1.256s] INFO:colcon.colcon_core.shell:Creating environment descriptor '/home/misha/Documents/ROS2_Gazebo_tutorials/navigation_ws/install/test_robot_plugin/share/test_robot_plugin/hook/cmake_prefix_path.dsv'
[1.257s] INFO:colcon.colcon_core.shell:Creating environment hook '/home/misha/Documents/ROS2_Gazebo_tutorials/navigation_ws/install/test_robot_plugin/share/test_robot_plugin/hook/cmake_prefix_path.sh'
[1.257s] Level 1:colcon.colcon_core.environment:checking '/home/misha/Documents/ROS2_Gazebo_tutorials/navigation_ws/install/test_robot_plugin/lib'
[1.257s] Level 1:colcon.colcon_core.shell:create_environment_hook('test_robot_plugin', 'ld_library_path_lib')
[1.258s] INFO:colcon.colcon_core.shell:Creating environment hook '/home/misha/Documents/ROS2_Gazebo_tutorials/navigation_ws/install/test_robot_plugin/share/test_robot_plugin/hook/ld_library_path_lib.ps1'
[1.258s] INFO:colcon.colcon_core.shell:Creating environment descriptor '/home/misha/Documents/ROS2_Gazebo_tutorials/navigation_ws/install/test_robot_plugin/share/test_robot_plugin/hook/ld_library_path_lib.dsv'
[1.259s] INFO:colcon.colcon_core.shell:Creating environment hook '/home/misha/Documents/ROS2_Gazebo_tutorials/navigation_ws/install/test_robot_plugin/share/test_robot_plugin/hook/ld_library_path_lib.sh'
[1.259s] Level 1:colcon.colcon_core.environment:checking '/home/misha/Documents/ROS2_Gazebo_tutorials/navigation_ws/install/test_robot_plugin/bin'
[1.259s] Level 1:colcon.colcon_core.environment:checking '/home/misha/Documents/ROS2_Gazebo_tutorials/navigation_ws/install/test_robot_plugin/lib/pkgconfig/test_robot_plugin.pc'
[1.260s] Level 1:colcon.colcon_core.environment:checking '/home/misha/Documents/ROS2_Gazebo_tutorials/navigation_ws/install/test_robot_plugin/lib/python3.10/site-packages'
[1.260s] Level 1:colcon.colcon_core.environment:checking '/home/misha/Documents/ROS2_Gazebo_tutorials/navigation_ws/install/test_robot_plugin/bin'
[1.261s] INFO:colcon.colcon_core.shell:Creating package script '/home/misha/Documents/ROS2_Gazebo_tutorials/navigation_ws/install/test_robot_plugin/share/test_robot_plugin/package.ps1'
[1.262s] INFO:colcon.colcon_core.shell:Creating package descriptor '/home/misha/Documents/ROS2_Gazebo_tutorials/navigation_ws/install/test_robot_plugin/share/test_robot_plugin/package.dsv'
[1.263s] INFO:colcon.colcon_core.shell:Creating package script '/home/misha/Documents/ROS2_Gazebo_tutorials/navigation_ws/install/test_robot_plugin/share/test_robot_plugin/package.sh'
[1.263s] INFO:colcon.colcon_core.shell:Creating package script '/home/misha/Documents/ROS2_Gazebo_tutorials/navigation_ws/install/test_robot_plugin/share/test_robot_plugin/package.bash'
[1.264s] INFO:colcon.colcon_core.shell:Creating package script '/home/misha/Documents/ROS2_Gazebo_tutorials/navigation_ws/install/test_robot_plugin/share/test_robot_plugin/package.zsh'
[1.266s] Level 1:colcon.colcon_core.environment:create_file_with_runtime_dependencies(/home/misha/Documents/ROS2_Gazebo_tutorials/navigation_ws/install/test_robot_plugin/share/colcon-core/packages/test_robot_plugin)
[1.268s] Level 1:colcon.colcon_core.environment:create_environment_scripts_only(test_robot_plugin)
[1.268s] Level 1:colcon.colcon_core.environment:checking '/home/misha/Documents/ROS2_Gazebo_tutorials/navigation_ws/install/test_robot_plugin' for CMake module files
[1.269s] Level 1:colcon.colcon_core.environment:checking '/home/misha/Documents/ROS2_Gazebo_tutorials/navigation_ws/install/test_robot_plugin' for CMake config files
[1.270s] Level 1:colcon.colcon_core.shell:create_environment_hook('test_robot_plugin', 'cmake_prefix_path')
[1.270s] INFO:colcon.colcon_core.shell:Creating environment hook '/home/misha/Documents/ROS2_Gazebo_tutorials/navigation_ws/install/test_robot_plugin/share/test_robot_plugin/hook/cmake_prefix_path.ps1'
[1.272s] INFO:colcon.colcon_core.shell:Creating environment descriptor '/home/misha/Documents/ROS2_Gazebo_tutorials/navigation_ws/install/test_robot_plugin/share/test_robot_plugin/hook/cmake_prefix_path.dsv'
[1.272s] INFO:colcon.colcon_core.shell:Creating environment hook '/home/misha/Documents/ROS2_Gazebo_tutorials/navigation_ws/install/test_robot_plugin/share/test_robot_plugin/hook/cmake_prefix_path.sh'
[1.273s] Level 1:colcon.colcon_core.environment:checking '/home/misha/Documents/ROS2_Gazebo_tutorials/navigation_ws/install/test_robot_plugin/lib'
[1.274s] Level 1:colcon.colcon_core.shell:create_environment_hook('test_robot_plugin', 'ld_library_path_lib')
[1.274s] INFO:colcon.colcon_core.shell:Creating environment hook '/home/misha/Documents/ROS2_Gazebo_tutorials/navigation_ws/install/test_robot_plugin/share/test_robot_plugin/hook/ld_library_path_lib.ps1'
[1.275s] INFO:colcon.colcon_core.shell:Creating environment descriptor '/home/misha/Documents/ROS2_Gazebo_tutorials/navigation_ws/install/test_robot_plugin/share/test_robot_plugin/hook/ld_library_path_lib.dsv'
[1.275s] INFO:colcon.colcon_core.shell:Creating environment hook '/home/misha/Documents/ROS2_Gazebo_tutorials/navigation_ws/install/test_robot_plugin/share/test_robot_plugin/hook/ld_library_path_lib.sh'
[1.276s] Level 1:colcon.colcon_core.environment:checking '/home/misha/Documents/ROS2_Gazebo_tutorials/navigation_ws/install/test_robot_plugin/bin'
[1.276s] Level 1:colcon.colcon_core.environment:checking '/home/misha/Documents/ROS2_Gazebo_tutorials/navigation_ws/install/test_robot_plugin/lib/pkgconfig/test_robot_plugin.pc'
[1.276s] Level 1:colcon.colcon_core.environment:checking '/home/misha/Documents/ROS2_Gazebo_tutorials/navigation_ws/install/test_robot_plugin/lib/python3.10/site-packages'
[1.277s] Level 1:colcon.colcon_core.environment:checking '/home/misha/Documents/ROS2_Gazebo_tutorials/navigation_ws/install/test_robot_plugin/bin'
[1.278s] INFO:colcon.colcon_core.shell:Creating package script '/home/misha/Documents/ROS2_Gazebo_tutorials/navigation_ws/install/test_robot_plugin/share/test_robot_plugin/package.ps1'
[1.279s] INFO:colcon.colcon_core.shell:Creating package descriptor '/home/misha/Documents/ROS2_Gazebo_tutorials/navigation_ws/install/test_robot_plugin/share/test_robot_plugin/package.dsv'
[1.280s] INFO:colcon.colcon_core.shell:Creating package script '/home/misha/Documents/ROS2_Gazebo_tutorials/navigation_ws/install/test_robot_plugin/share/test_robot_plugin/package.sh'
[1.280s] INFO:colcon.colcon_core.shell:Creating package script '/home/misha/Documents/ROS2_Gazebo_tutorials/navigation_ws/install/test_robot_plugin/share/test_robot_plugin/package.bash'
[1.282s] INFO:colcon.colcon_core.shell:Creating package script '/home/misha/Documents/ROS2_Gazebo_tutorials/navigation_ws/install/test_robot_plugin/share/test_robot_plugin/package.zsh'
[1.283s] Level 1:colcon.colcon_core.environment:create_file_with_runtime_dependencies(/home/misha/Documents/ROS2_Gazebo_tutorials/navigation_ws/install/test_robot_plugin/share/colcon-core/packages/test_robot_plugin)
[9.726s] DEBUG:colcon.colcon_core.event_handler.log_command:Invoked command in '/home/misha/Documents/ROS2_Gazebo_tutorials/navigation_ws/build/robot_teleop' returned '0': CMAKE_PREFIX_PATH=${CMAKE_PREFIX_PATH}:/opt/ros/humble /usr/bin/cmake --build /home/misha/Documents/ROS2_Gazebo_tutorials/navigation_ws/build/robot_teleop -- -j8 -l8
[9.728s] DEBUG:colcon.colcon_core.event_handler.log_command:Invoking command in '/home/misha/Documents/ROS2_Gazebo_tutorials/navigation_ws/build/robot_teleop': CMAKE_PREFIX_PATH=${CMAKE_PREFIX_PATH}:/opt/ros/humble /usr/bin/cmake --install /home/misha/Documents/ROS2_Gazebo_tutorials/navigation_ws/build/robot_teleop
[9.758s] Level 1:colcon.colcon_core.environment:create_environment_scripts_only(robot_teleop)
[9.759s] Level 1:colcon.colcon_core.environment:checking '/home/misha/Documents/ROS2_Gazebo_tutorials/navigation_ws/install/robot_teleop' for CMake module files
[9.760s] DEBUG:colcon.colcon_core.event_handler.log_command:Invoked command in '/home/misha/Documents/ROS2_Gazebo_tutorials/navigation_ws/build/robot_teleop' returned '0': CMAKE_PREFIX_PATH=${CMAKE_PREFIX_PATH}:/opt/ros/humble /usr/bin/cmake --install /home/misha/Documents/ROS2_Gazebo_tutorials/navigation_ws/build/robot_teleop
[9.760s] Level 1:colcon.colcon_core.environment:checking '/home/misha/Documents/ROS2_Gazebo_tutorials/navigation_ws/install/robot_teleop' for CMake config files
[9.761s] Level 1:colcon.colcon_core.shell:create_environment_hook('robot_teleop', 'cmake_prefix_path')
[9.762s] INFO:colcon.colcon_core.shell:Creating environment hook '/home/misha/Documents/ROS2_Gazebo_tutorials/navigation_ws/install/robot_teleop/share/robot_teleop/hook/cmake_prefix_path.ps1'
[9.762s] INFO:colcon.colcon_core.shell:Creating environment descriptor '/home/misha/Documents/ROS2_Gazebo_tutorials/navigation_ws/install/robot_teleop/share/robot_teleop/hook/cmake_prefix_path.dsv'
[9.763s] INFO:colcon.colcon_core.shell:Creating environment hook '/home/misha/Documents/ROS2_Gazebo_tutorials/navigation_ws/install/robot_teleop/share/robot_teleop/hook/cmake_prefix_path.sh'
[9.764s] Level 1:colcon.colcon_core.environment:checking '/home/misha/Documents/ROS2_Gazebo_tutorials/navigation_ws/install/robot_teleop/lib'
[9.764s] Level 1:colcon.colcon_core.environment:checking '/home/misha/Documents/ROS2_Gazebo_tutorials/navigation_ws/install/robot_teleop/bin'
[9.764s] Level 1:colcon.colcon_core.environment:checking '/home/misha/Documents/ROS2_Gazebo_tutorials/navigation_ws/install/robot_teleop/lib/pkgconfig/robot_teleop.pc'
[9.764s] Level 1:colcon.colcon_core.environment:checking '/home/misha/Documents/ROS2_Gazebo_tutorials/navigation_ws/install/robot_teleop/lib/python3.10/site-packages'
[9.765s] Level 1:colcon.colcon_core.environment:checking '/home/misha/Documents/ROS2_Gazebo_tutorials/navigation_ws/install/robot_teleop/bin'
[9.766s] INFO:colcon.colcon_core.shell:Creating package script '/home/misha/Documents/ROS2_Gazebo_tutorials/navigation_ws/install/robot_teleop/share/robot_teleop/package.ps1'
[9.767s] INFO:colcon.colcon_core.shell:Creating package descriptor '/home/misha/Documents/ROS2_Gazebo_tutorials/navigation_ws/install/robot_teleop/share/robot_teleop/package.dsv'
[9.768s] INFO:colcon.colcon_core.shell:Creating package script '/home/misha/Documents/ROS2_Gazebo_tutorials/navigation_ws/install/robot_teleop/share/robot_teleop/package.sh'
[9.769s] INFO:colcon.colcon_core.shell:Creating package script '/home/misha/Documents/ROS2_Gazebo_tutorials/navigation_ws/install/robot_teleop/share/robot_teleop/package.bash'
[9.770s] INFO:colcon.colcon_core.shell:Creating package script '/home/misha/Documents/ROS2_Gazebo_tutorials/navigation_ws/install/robot_teleop/share/robot_teleop/package.zsh'
[9.770s] Level 1:colcon.colcon_core.environment:create_file_with_runtime_dependencies(/home/misha/Documents/ROS2_Gazebo_tutorials/navigation_ws/install/robot_teleop/share/colcon-core/packages/robot_teleop)
[9.771s] Level 1:colcon.colcon_core.environment:create_environment_scripts_only(robot_teleop)
[9.772s] Level 1:colcon.colcon_core.environment:checking '/home/misha/Documents/ROS2_Gazebo_tutorials/navigation_ws/install/robot_teleop' for CMake module files
[9.773s] Level 1:colcon.colcon_core.environment:checking '/home/misha/Documents/ROS2_Gazebo_tutorials/navigation_ws/install/robot_teleop' for CMake config files
[9.774s] Level 1:colcon.colcon_core.shell:create_environment_hook('robot_teleop', 'cmake_prefix_path')
[9.774s] INFO:colcon.colcon_core.shell:Creating environment hook '/home/misha/Documents/ROS2_Gazebo_tutorials/navigation_ws/install/robot_teleop/share/robot_teleop/hook/cmake_prefix_path.ps1'
[9.775s] INFO:colcon.colcon_core.shell:Creating environment descriptor '/home/misha/Documents/ROS2_Gazebo_tutorials/navigation_ws/install/robot_teleop/share/robot_teleop/hook/cmake_prefix_path.dsv'
[9.776s] INFO:colcon.colcon_core.shell:Creating environment hook '/home/misha/Documents/ROS2_Gazebo_tutorials/navigation_ws/install/robot_teleop/share/robot_teleop/hook/cmake_prefix_path.sh'
[9.777s] Level 1:colcon.colcon_core.environment:checking '/home/misha/Documents/ROS2_Gazebo_tutorials/navigation_ws/install/robot_teleop/lib'
[9.777s] Level 1:colcon.colcon_core.environment:checking '/home/misha/Documents/ROS2_Gazebo_tutorials/navigation_ws/install/robot_teleop/bin'
[9.777s] Level 1:colcon.colcon_core.environment:checking '/home/misha/Documents/ROS2_Gazebo_tutorials/navigation_ws/install/robot_teleop/lib/pkgconfig/robot_teleop.pc'
[9.777s] Level 1:colcon.colcon_core.environment:checking '/home/misha/Documents/ROS2_Gazebo_tutorials/navigation_ws/install/robot_teleop/lib/python3.10/site-packages'
[9.778s] Level 1:colcon.colcon_core.environment:checking '/home/misha/Documents/ROS2_Gazebo_tutorials/navigation_ws/install/robot_teleop/bin'
[9.779s] INFO:colcon.colcon_core.shell:Creating package script '/home/misha/Documents/ROS2_Gazebo_tutorials/navigation_ws/install/robot_teleop/share/robot_teleop/package.ps1'
[9.780s] INFO:colcon.colcon_core.shell:Creating package descriptor '/home/misha/Documents/ROS2_Gazebo_tutorials/navigation_ws/install/robot_teleop/share/robot_teleop/package.dsv'
[9.781s] INFO:colcon.colcon_core.shell:Creating package script '/home/misha/Documents/ROS2_Gazebo_tutorials/navigation_ws/install/robot_teleop/share/robot_teleop/package.sh'
[9.783s] INFO:colcon.colcon_core.shell:Creating package script '/home/misha/Documents/ROS2_Gazebo_tutorials/navigation_ws/install/robot_teleop/share/robot_teleop/package.bash'
[9.784s] INFO:colcon.colcon_core.shell:Creating package script '/home/misha/Documents/ROS2_Gazebo_tutorials/navigation_ws/install/robot_teleop/share/robot_teleop/package.zsh'
[9.785s] Level 1:colcon.colcon_core.environment:create_file_with_runtime_dependencies(/home/misha/Documents/ROS2_Gazebo_tutorials/navigation_ws/install/robot_teleop/share/colcon-core/packages/robot_teleop)
[9.786s] DEBUG:colcon.colcon_parallel_executor.executor.parallel:closing loop
[9.786s] DEBUG:colcon.colcon_parallel_executor.executor.parallel:loop closed
[9.786s] DEBUG:colcon.colcon_parallel_executor.executor.parallel:run_until_complete finished with '0'
[9.786s] DEBUG:colcon.colcon_core.event_reactor:joining thread
[9.793s] INFO:colcon.colcon_core.plugin_system:Skipping extension 'colcon_notification.desktop_notification.terminal_notifier': Not used on non-Darwin systems
[9.794s] INFO:colcon.colcon_core.plugin_system:Skipping extension 'colcon_notification.desktop_notification.win32': Not used on non-Windows systems
[9.794s] INFO:colcon.colcon_notification.desktop_notification:Sending desktop notification using 'notify2'
[9.800s] DEBUG:colcon.colcon_core.event_reactor:joined thread
[9.801s] INFO:colcon.colcon_core.shell:Creating prefix script '/home/misha/Documents/ROS2_Gazebo_tutorials/navigation_ws/install/local_setup.ps1'
[9.804s] INFO:colcon.colcon_core.shell:Creating prefix util module '/home/misha/Documents/ROS2_Gazebo_tutorials/navigation_ws/install/_local_setup_util_ps1.py'
[9.806s] INFO:colcon.colcon_core.shell:Creating prefix chain script '/home/misha/Documents/ROS2_Gazebo_tutorials/navigation_ws/install/setup.ps1'
[9.808s] INFO:colcon.colcon_core.shell:Creating prefix script '/home/misha/Documents/ROS2_Gazebo_tutorials/navigation_ws/install/local_setup.sh'
[9.809s] INFO:colcon.colcon_core.shell:Creating prefix util module '/home/misha/Documents/ROS2_Gazebo_tutorials/navigation_ws/install/_local_setup_util_sh.py'
[9.809s] INFO:colcon.colcon_core.shell:Creating prefix chain script '/home/misha/Documents/ROS2_Gazebo_tutorials/navigation_ws/install/setup.sh'
[9.813s] INFO:colcon.colcon_core.shell:Creating prefix script '/home/misha/Documents/ROS2_Gazebo_tutorials/navigation_ws/install/local_setup.bash'
[9.815s] INFO:colcon.colcon_core.shell:Creating prefix chain script '/home/misha/Documents/ROS2_Gazebo_tutorials/navigation_ws/install/setup.bash'
[9.819s] INFO:colcon.colcon_core.shell:Creating prefix script '/home/misha/Documents/ROS2_Gazebo_tutorials/navigation_ws/install/local_setup.zsh'
[9.820s] INFO:colcon.colcon_core.shell:Creating prefix chain script '/home/misha/Documents/ROS2_Gazebo_tutorials/navigation_ws/install/setup.zsh'
