[0.018s] Invoking command in '/home/misha/Documents/ROS2_Gazebo_tutorials/my_ws/build/robot_world': CMAKE_PREFIX_PATH=${CMAKE_PREFIX_PATH}:/opt/ros/humble /usr/bin/cmake /home/misha/Documents/ROS2_Gazebo_tutorials/my_ws/src/robot_world -DAMENT_CMAKE_SYMLINK_INSTALL=1 -DCMAKE_INSTALL_PREFIX=/home/misha/Documents/ROS2_Gazebo_tutorials/my_ws/install/robot_world
[0.091s] -- The C compiler identification is GNU 11.4.0
[0.158s] -- The CXX compiler identification is GNU 11.4.0
[0.166s] -- Detecting C compiler ABI info
[0.245s] -- Detecting C compiler ABI info - done
[0.256s] -- Check for working C compiler: /usr/bin/cc - skipped
[0.256s] -- Detecting C compile features
[0.256s] -- Detecting C compile features - done
[0.261s] -- Detecting CXX compiler ABI info
[0.387s] -- Detecting CXX compiler ABI info - done
[0.401s] -- Check for working CXX compiler: /usr/bin/c++ - skipped
[0.401s] -- Detecting CXX compile features
[0.402s] -- Detecting CXX compile features - done
[0.406s] -- Found ament_cmake: 1.3.13 (/opt/ros/humble/share/ament_cmake/cmake)
[0.647s] -- Found Python3: /usr/bin/python3 (found version "3.10.12") found components: Interpreter 
[0.912s] -- Override CMake install command with custom implementation using symlinks instead of copying resources
[0.961s] -- Found ament_lint_auto: 0.12.15 (/opt/ros/humble/share/ament_lint_auto/cmake)
[1.102s] -- Added test 'flake8' to check Python code syntax and style conventions
[1.103s] -- Added test 'lint_cmake' to check CMake code style
[1.104s] -- Added test 'pep257' to check Python code against some of the docstring style conventions in PEP 257
[1.106s] -- Added test 'xmllint' to check XML markup files
[1.110s] -- Configuring done
[1.115s] -- Generating done
[1.117s] -- Build files have been written to: /home/misha/Documents/ROS2_Gazebo_tutorials/my_ws/build/robot_world
[1.122s] Invoked command in '/home/misha/Documents/ROS2_Gazebo_tutorials/my_ws/build/robot_world' returned '0': CMAKE_PREFIX_PATH=${CMAKE_PREFIX_PATH}:/opt/ros/humble /usr/bin/cmake /home/misha/Documents/ROS2_Gazebo_tutorials/my_ws/src/robot_world -DAMENT_CMAKE_SYMLINK_INSTALL=1 -DCMAKE_INSTALL_PREFIX=/home/misha/Documents/ROS2_Gazebo_tutorials/my_ws/install/robot_world
[1.126s] Invoking command in '/home/misha/Documents/ROS2_Gazebo_tutorials/my_ws/build/robot_world': CMAKE_PREFIX_PATH=${CMAKE_PREFIX_PATH}:/opt/ros/humble /usr/bin/cmake --build /home/misha/Documents/ROS2_Gazebo_tutorials/my_ws/build/robot_world -- -j8 -l8
[1.177s] Invoked command in '/home/misha/Documents/ROS2_Gazebo_tutorials/my_ws/build/robot_world' returned '0': CMAKE_PREFIX_PATH=${CMAKE_PREFIX_PATH}:/opt/ros/humble /usr/bin/cmake --build /home/misha/Documents/ROS2_Gazebo_tutorials/my_ws/build/robot_world -- -j8 -l8
[1.189s] Invoking command in '/home/misha/Documents/ROS2_Gazebo_tutorials/my_ws/build/robot_world': CMAKE_PREFIX_PATH=${CMAKE_PREFIX_PATH}:/opt/ros/humble /usr/bin/cmake --install /home/misha/Documents/ROS2_Gazebo_tutorials/my_ws/build/robot_world
[1.197s] -- Install configuration: ""
[1.198s] -- Execute custom install script
[1.199s] -- Symlinking: /home/misha/Documents/ROS2_Gazebo_tutorials/my_ws/install/robot_world/share/robot_world/launch/robot_world_launch.py
[1.210s] -- Symlinking: /home/misha/Documents/ROS2_Gazebo_tutorials/my_ws/install/robot_world/share/ament_index/resource_index/package_run_dependencies/robot_world
[1.221s] -- Symlinking: /home/misha/Documents/ROS2_Gazebo_tutorials/my_ws/install/robot_world/share/ament_index/resource_index/parent_prefix_path/robot_world
[1.234s] -- Symlinking: /home/misha/Documents/ROS2_Gazebo_tutorials/my_ws/install/robot_world/share/robot_world/environment/ament_prefix_path.sh
[1.245s] -- Symlinking: /home/misha/Documents/ROS2_Gazebo_tutorials/my_ws/install/robot_world/share/robot_world/environment/ament_prefix_path.dsv
[1.257s] -- Symlinking: /home/misha/Documents/ROS2_Gazebo_tutorials/my_ws/install/robot_world/share/robot_world/environment/path.sh
[1.266s] -- Symlinking: /home/misha/Documents/ROS2_Gazebo_tutorials/my_ws/install/robot_world/share/robot_world/environment/path.dsv
[1.276s] -- Symlinking: /home/misha/Documents/ROS2_Gazebo_tutorials/my_ws/install/robot_world/share/robot_world/local_setup.bash
[1.285s] -- Symlinking: /home/misha/Documents/ROS2_Gazebo_tutorials/my_ws/install/robot_world/share/robot_world/local_setup.sh
[1.294s] -- Symlinking: /home/misha/Documents/ROS2_Gazebo_tutorials/my_ws/install/robot_world/share/robot_world/local_setup.zsh
[1.304s] -- Symlinking: /home/misha/Documents/ROS2_Gazebo_tutorials/my_ws/install/robot_world/share/robot_world/local_setup.dsv
[1.314s] -- Symlinking: /home/misha/Documents/ROS2_Gazebo_tutorials/my_ws/install/robot_world/share/robot_world/package.dsv
[1.323s] -- Symlinking: /home/misha/Documents/ROS2_Gazebo_tutorials/my_ws/install/robot_world/share/ament_index/resource_index/packages/robot_world
[1.334s] -- Symlinking: /home/misha/Documents/ROS2_Gazebo_tutorials/my_ws/install/robot_world/share/robot_world/cmake/robot_worldConfig.cmake
[1.344s] -- Symlinking: /home/misha/Documents/ROS2_Gazebo_tutorials/my_ws/install/robot_world/share/robot_world/cmake/robot_worldConfig-version.cmake
[1.354s] -- Symlinking: /home/misha/Documents/ROS2_Gazebo_tutorials/my_ws/install/robot_world/share/robot_world/package.xml
[1.365s] Invoked command in '/home/misha/Documents/ROS2_Gazebo_tutorials/my_ws/build/robot_world' returned '0': CMAKE_PREFIX_PATH=${CMAKE_PREFIX_PATH}:/opt/ros/humble /usr/bin/cmake --install /home/misha/Documents/ROS2_Gazebo_tutorials/my_ws/build/robot_world
