[0.000000] (-) TimerEvent: {}
[0.000923] (test_robot_plugin) JobQueued: {'identifier': 'test_robot_plugin', 'dependencies': OrderedDict()}
[0.000966] (test_robot_plugin) JobStarted: {'identifier': 'test_robot_plugin'}
[0.008236] (test_robot_plugin) JobProgress: {'identifier': 'test_robot_plugin', 'progress': 'cmake'}
[0.008860] (test_robot_plugin) Command: {'cmd': ['/usr/bin/cmake', '/home/misha/Documents/navigation_ws/src/test_robot_plugin', '-DCMAKE_BUILD_TYPE=Debug', '-DCMAKE_INSTALL_PREFIX=/home/misha/Documents/navigation_ws/install/test_robot_plugin'], 'cwd': '/home/misha/Documents/navigation_ws/build/test_robot_plugin', 'env': OrderedDict([('LANGUAGE', 'en_US'), ('USER', 'misha'), ('XDG_SEAT', 'seat0'), ('XDG_SESSION_TYPE', 'x11'), ('LD_LIBRARY_PATH', '/opt/ros/humble/opt/rviz_ogre_vendor/lib:/opt/ros/humble/lib/x86_64-linux-gnu:/opt/ros/humble/lib'), ('SHLVL', '1'), ('HOME', '/home/misha'), ('DESKTOP_SESSION', 'cinnamon'), ('QTDIR', '/usr/lib/x86_64-linux-gnu/qt5'), ('GIO_LAUNCHED_DESKTOP_FILE', '/home/misha/Desktop/org.qt-project.qtcreator.desktop'), ('GTK_MODULES', 'gail:atk-bridge'), ('ROS_PYTHON_VERSION', '3'), ('XDG_SEAT_PATH', '/org/freedesktop/DisplayManager/Seat0'), ('DBUS_SESSION_BUS_ADDRESS', 'unix:path=/run/user/1000/bus'), ('GIO_LAUNCHED_DESKTOP_FILE_PID', '2589'), ('INSIDE_NEMO_PYTHON', ''), ('COLCON_PREFIX_PATH', '/home/misha/Documents/navigation_ws/install'), ('QT_QPA_PLATFORMTHEME', 'qt5ct'), ('ROS_DISTRO', 'humble'), ('LOGNAME', 'misha'), ('_', '/usr/bin/env'), ('ROS_VERSION', '2'), ('XDG_SESSION_CLASS', 'user'), ('GTK_OVERLAY_SCROLLING', '1'), ('XDG_SESSION_ID', 'c2'), ('GNOME_DESKTOP_SESSION_ID', 'this-is-deprecated'), ('ROS_LOCALHOST_ONLY', '0'), ('PATH', '/opt/ros/humble/bin:/usr/local/sbin:/usr/local/bin:/usr/sbin:/usr/bin:/sbin:/bin:/usr/games:/usr/local/games:/snap/bin'), ('GDM_LANG', 'en_US'), ('GTK3_MODULES', 'xapp-gtk3-module'), ('SESSION_MANAGER', 'local/misha-ThinkPad-T480:@/tmp/.ICE-unix/1222,unix/misha-ThinkPad-T480:/tmp/.ICE-unix/1222'), ('XDG_RUNTIME_DIR', '/run/user/1000'), ('XDG_SESSION_PATH', '/org/freedesktop/DisplayManager/Session0'), ('DISPLAY', ':0'), ('LANG', 'en_US.UTF-8'), ('XDG_CURRENT_DESKTOP', 'X-Cinnamon'), ('XAUTHORITY', '/home/misha/.Xauthority'), ('XDG_SESSION_DESKTOP', 'cinnamon'), ('AMENT_PREFIX_PATH', '/opt/ros/humble'), ('SSH_AUTH_SOCK', '/run/user/1000/keyring/ssh'), ('XDG_GREETER_DATA_DIR', '/var/lib/lightdm-data/misha'), ('SHELL', '/bin/bash'), ('GDMSESSION', 'cinnamon'), ('QT_ACCESSIBILITY', '1'), ('GPG_AGENT_INFO', '/run/user/1000/gnupg/S.gpg-agent:0:1'), ('XDG_VTNR', '7'), ('LC_ALL', 'en_US.UTF-8'), ('PWD', '/home/misha/Documents/navigation_ws/build/test_robot_plugin'), ('XDG_CONFIG_DIRS', '/etc/xdg/xdg-cinnamon:/etc/xdg'), ('XDG_DATA_DIRS', '/usr/share/cinnamon:/usr/share/gnome:/home/misha/.local/share/flatpak/exports/share:/var/lib/flatpak/exports/share:/usr/local/share:/usr/share'), ('PYTHONPATH', '/opt/ros/humble/lib/python3.10/site-packages:/opt/ros/humble/local/lib/python3.10/dist-packages'), ('COLCON', '1'), ('CMAKE_PREFIX_PATH', '/opt/ros/humble')]), 'shell': False}
[0.024425] (test_robot_plugin) StdoutLine: {'line': b'-- Found ament_cmake: 1.3.13 (/opt/ros/humble/share/ament_cmake/cmake)\n'}
[0.100011] (-) TimerEvent: {}
[0.163874] (test_robot_plugin) StdoutLine: {'line': b'-- Found rclcpp: 16.0.18 (/opt/ros/humble/share/rclcpp/cmake)\n'}
[0.196699] (test_robot_plugin) StdoutLine: {'line': b'-- Found rosidl_generator_c: 3.1.8 (/opt/ros/humble/share/rosidl_generator_c/cmake)\n'}
[0.199724] (test_robot_plugin) StdoutLine: {'line': b'-- Found rosidl_adapter: 3.1.8 (/opt/ros/humble/share/rosidl_adapter/cmake)\n'}
[0.200101] (-) TimerEvent: {}
[0.206813] (test_robot_plugin) StdoutLine: {'line': b'-- Found rosidl_generator_cpp: 3.1.8 (/opt/ros/humble/share/rosidl_generator_cpp/cmake)\n'}
[0.218480] (test_robot_plugin) StdoutLine: {'line': b'-- Using all available rosidl_typesupport_c: rosidl_typesupport_fastrtps_c;rosidl_typesupport_introspection_c\n'}
[0.234569] (test_robot_plugin) StdoutLine: {'line': b'-- Using all available rosidl_typesupport_cpp: rosidl_typesupport_fastrtps_cpp;rosidl_typesupport_introspection_cpp\n'}
[0.272201] (test_robot_plugin) StdoutLine: {'line': b'-- Found rmw_implementation_cmake: 6.1.2 (/opt/ros/humble/share/rmw_implementation_cmake/cmake)\n'}
[0.273599] (test_robot_plugin) StdoutLine: {'line': b'-- Found rmw_fastrtps_cpp: 6.2.10 (/opt/ros/humble/share/rmw_fastrtps_cpp/cmake)\n'}
[0.300232] (-) TimerEvent: {}
[0.382384] (test_robot_plugin) StdoutLine: {'line': b"-- Using RMW implementation 'rmw_fastrtps_cpp' as default\n"}
[0.400340] (-) TimerEvent: {}
[0.437643] (test_robot_plugin) StdoutLine: {'line': b'-- Found gazebo_ros: 3.9.0 (/opt/ros/humble/share/gazebo_ros/cmake)\n'}
[0.468491] (test_robot_plugin) StdoutLine: {'line': b'-- Found DART: /usr/include (Required is at least version "6.6") found components: dart \n'}
[0.496264] (test_robot_plugin) StdoutLine: {'line': b'-- Found Protobuf: /usr/lib/x86_64-linux-gnu/libprotobuf.so (found version "3.12.4") \n'}
[0.498551] (test_robot_plugin) StdoutLine: {'line': b'-- Looking for ignition-math6 -- found version 6.15.1\n'}
[0.500447] (-) TimerEvent: {}
[0.503082] (test_robot_plugin) StdoutLine: {'line': b'-- Searching for dependencies of ignition-math6\n'}
[0.504510] (test_robot_plugin) StdoutLine: {'line': b'-- Looking for OGRE...\n'}
[0.510057] (test_robot_plugin) StdoutLine: {'line': b'-- Found Ogre Ghadamon (1.9.0)\n'}
[0.510289] (test_robot_plugin) StdoutLine: {'line': b'-- Found OGRE: optimized;/usr/lib/x86_64-linux-gnu/libOgreMain.so;debug;/usr/lib/x86_64-linux-gnu/libOgreMain.so\n'}
[0.520573] (test_robot_plugin) StdoutLine: {'line': b'-- Looking for OGRE_Paging...\n'}
[0.521214] (test_robot_plugin) StdoutLine: {'line': b'-- Found OGRE_Paging: optimized;/usr/lib/x86_64-linux-gnu/libOgrePaging.so;debug;/usr/lib/x86_64-linux-gnu/libOgrePaging.so\n'}
[0.521298] (test_robot_plugin) StdoutLine: {'line': b'-- Looking for OGRE_Terrain...\n'}
[0.521369] (test_robot_plugin) StdoutLine: {'line': b'-- Found OGRE_Terrain: optimized;/usr/lib/x86_64-linux-gnu/libOgreTerrain.so;debug;/usr/lib/x86_64-linux-gnu/libOgreTerrain.so\n'}
[0.521439] (test_robot_plugin) StdoutLine: {'line': b'-- Looking for OGRE_Property...\n'}
[0.521504] (test_robot_plugin) StdoutLine: {'line': b'-- Found OGRE_Property: optimized;/usr/lib/x86_64-linux-gnu/libOgreProperty.so;debug;/usr/lib/x86_64-linux-gnu/libOgreProperty.so\n'}
[0.521570] (test_robot_plugin) StdoutLine: {'line': b'-- Looking for OGRE_RTShaderSystem...\n'}
[0.521634] (test_robot_plugin) StdoutLine: {'line': b'-- Found OGRE_RTShaderSystem: optimized;/usr/lib/x86_64-linux-gnu/libOgreRTShaderSystem.so;debug;/usr/lib/x86_64-linux-gnu/libOgreRTShaderSystem.so\n'}
[0.521700] (test_robot_plugin) StdoutLine: {'line': b'-- Looking for OGRE_Volume...\n'}
[0.521764] (test_robot_plugin) StdoutLine: {'line': b'-- Found OGRE_Volume: optimized;/usr/lib/x86_64-linux-gnu/libOgreVolume.so;debug;/usr/lib/x86_64-linux-gnu/libOgreVolume.so\n'}
[0.521839] (test_robot_plugin) StdoutLine: {'line': b'-- Looking for OGRE_Overlay...\n'}
[0.521904] (test_robot_plugin) StdoutLine: {'line': b'-- Found OGRE_Overlay: optimized;/usr/lib/x86_64-linux-gnu/libOgreOverlay.so;debug;/usr/lib/x86_64-linux-gnu/libOgreOverlay.so\n'}
[0.600548] (-) TimerEvent: {}
[0.633719] (test_robot_plugin) StdoutLine: {'line': b'-- Looking for ignition-math6 -- found version 6.15.1\n'}
[0.634149] (test_robot_plugin) StdoutLine: {'line': b'-- Looking for ignition-transport8 -- found version 8.2.1\n'}
[0.634649] (test_robot_plugin) StdoutLine: {'line': b'-- Searching for dependencies of ignition-transport8\n'}
[0.652317] (test_robot_plugin) StdoutLine: {'line': b'-- Found Protobuf: /usr/lib/x86_64-linux-gnu/libprotobuf.so (found suitable version "3.12.4", minimum required is "3") \n'}
[0.663683] (test_robot_plugin) StdoutLine: {'line': b'-- Config-file not installed for ZeroMQ -- checking for pkg-config\n'}
[0.668419] (test_robot_plugin) StdoutLine: {'line': b"-- Checking for module 'libzmq >= 4'\n"}
[0.679394] (test_robot_plugin) StdoutLine: {'line': b'--   Found libzmq , version 4.3.4\n'}
[0.700670] (-) TimerEvent: {}
[0.715085] (test_robot_plugin) StdoutLine: {'line': b"-- Checking for module 'uuid'\n"}
[0.725721] (test_robot_plugin) StdoutLine: {'line': b'--   Found uuid, version 2.37.2\n'}
[0.753132] (test_robot_plugin) StdoutLine: {'line': b'-- Looking for ignition-msgs5 -- found version 5.8.1\n'}
[0.753610] (test_robot_plugin) StdoutLine: {'line': b'-- Searching for dependencies of ignition-msgs5\n'}
[0.774437] (test_robot_plugin) StdoutLine: {'line': b'-- Looking for ignition-math6 -- found version 6.15.1\n'}
[0.779747] (test_robot_plugin) StdoutLine: {'line': b"-- Checking for module 'tinyxml2'\n"}
[0.791304] (test_robot_plugin) StdoutLine: {'line': b'--   Found tinyxml2, version 9.0.0\n'}
[0.800799] (-) TimerEvent: {}
[0.820524] (test_robot_plugin) StdoutLine: {'line': b'-- Looking for ignition-msgs5 -- found version 5.8.1\n'}
[0.820949] (test_robot_plugin) StdoutLine: {'line': b'-- Looking for ignition-common3 -- found version 3.14.0\n'}
[0.821484] (test_robot_plugin) StdoutLine: {'line': b'-- Searching for dependencies of ignition-common3\n'}
[0.821740] (test_robot_plugin) StdoutLine: {'line': b'-- Looking for dlfcn.h - found\n'}
[0.821856] (test_robot_plugin) StdoutLine: {'line': b'-- Looking for libdl - found\n'}
[0.833278] (test_robot_plugin) StdoutLine: {'line': b'-- Searching for <ignition-common3> component [graphics]\n'}
[0.833660] (test_robot_plugin) StdoutLine: {'line': b'-- Looking for ignition-common3-graphics -- found version 3.14.0\n'}
[0.834224] (test_robot_plugin) StdoutLine: {'line': b'-- Searching for dependencies of ignition-common3-graphics\n'}
[0.834622] (test_robot_plugin) StdoutLine: {'line': b'-- Looking for ignition-math6 -- found version 6.15.1\n'}
[0.835703] (test_robot_plugin) StdoutLine: {'line': b'-- Looking for ignition-fuel_tools4 -- found version 4.4.0\n'}
[0.836205] (test_robot_plugin) StdoutLine: {'line': b'-- Searching for dependencies of ignition-fuel_tools4\n'}
[0.874814] (test_robot_plugin) StdoutLine: {'line': b"-- Checking for module 'jsoncpp'\n"}
[0.886270] (test_robot_plugin) StdoutLine: {'line': b'--   Found jsoncpp, version 1.9.5\n'}
[0.900916] (-) TimerEvent: {}
[0.921566] (test_robot_plugin) StdoutLine: {'line': b"-- Checking for module 'libzip'\n"}
[0.933121] (test_robot_plugin) StdoutLine: {'line': b'--   Found libzip, version 1.7.3\n'}
[0.961965] (test_robot_plugin) StdoutLine: {'line': b'-- Looking for ignition-common3 -- found version 3.14.0\n'}
[0.962439] (test_robot_plugin) StdoutLine: {'line': b'-- Looking for ignition-math6 -- found version 6.15.1\n'}
[0.962894] (test_robot_plugin) StdoutLine: {'line': b'-- Looking for ignition-msgs5 -- found version 5.8.1\n'}
[0.964511] (test_robot_plugin) StdoutLine: {'line': b'-- Gazebo version: 11.10\n'}
[0.965791] (test_robot_plugin) StdoutLine: {'line': b'-- Found gazebo_msgs: 3.9.0 (/opt/ros/humble/share/gazebo_msgs/cmake)\n'}
[1.001026] (-) TimerEvent: {}
[1.021828] (test_robot_plugin) StdoutLine: {'line': b'-- Found sensor_msgs: 4.9.1 (/opt/ros/humble/share/sensor_msgs/cmake)\n'}
[1.039603] (test_robot_plugin) StdoutLine: {'line': b'-- Found ament_lint_auto: 0.12.15 (/opt/ros/humble/share/ament_lint_auto/cmake)\n'}
[1.101156] (-) TimerEvent: {}
[1.106875] (test_robot_plugin) StderrLine: {'line': b'CMake Error at /opt/ros/humble/share/ament_cmake_target_dependencies/cmake/ament_target_dependencies.cmake:42 (message):\n'}
[1.107019] (test_robot_plugin) StderrLine: {'line': b'  ament_target_dependencies() the first argument must be a valid target name\n'}
[1.107099] (test_robot_plugin) StderrLine: {'line': b'Call Stack (most recent call first):\n'}
[1.107169] (test_robot_plugin) StderrLine: {'line': b'  CMakeLists.txt:33 (ament_target_dependencies)\n'}
[1.107237] (test_robot_plugin) StderrLine: {'line': b'\n'}
[1.107304] (test_robot_plugin) StderrLine: {'line': b'\n'}
[1.107371] (test_robot_plugin) StdoutLine: {'line': b'-- Configuring incomplete, errors occurred!\n'}
[1.107442] (test_robot_plugin) StdoutLine: {'line': b'See also "/home/misha/Documents/navigation_ws/build/test_robot_plugin/CMakeFiles/CMakeOutput.log".\n'}
[1.118106] (test_robot_plugin) CommandEnded: {'returncode': 1}
[1.140524] (test_robot_plugin) JobEnded: {'identifier': 'test_robot_plugin', 'rc': 1}
[1.151029] (-) EventReactorShutdown: {}
