[0.091s] Invoking command in '/home/misha/Documents/ROS2_Gazebo_tutorials/navigation_ws/build/robot_slam': CMAKE_PREFIX_PATH=${CMAKE_PREFIX_PATH}:/opt/ros/humble /usr/bin/cmake --build /home/misha/Documents/ROS2_Gazebo_tutorials/navigation_ws/build/robot_slam -- -j8 -l8
[0.340s] [100%] Built target robot_slam_node
[0.471s] Invoked command in '/home/misha/Documents/ROS2_Gazebo_tutorials/navigation_ws/build/robot_slam' returned '0': CMAKE_PREFIX_PATH=${CMAKE_PREFIX_PATH}:/opt/ros/humble /usr/bin/cmake --build /home/misha/Documents/ROS2_Gazebo_tutorials/navigation_ws/build/robot_slam -- -j8 -l8
[0.476s] Invoking command in '/home/misha/Documents/ROS2_Gazebo_tutorials/navigation_ws/build/robot_slam': CMAKE_PREFIX_PATH=${CMAKE_PREFIX_PATH}:/opt/ros/humble /usr/bin/cmake --install /home/misha/Documents/ROS2_Gazebo_tutorials/navigation_ws/build/robot_slam
[0.554s] -- Install configuration: "Debug"
[0.558s] -- Execute custom install script
[0.560s] -- Up-to-date symlink: /home/misha/Documents/ROS2_Gazebo_tutorials/navigation_ws/install/robot_slam/lib/robot_slam/robot_slam_node
[0.560s] -- Up-to-date symlink: /home/misha/Documents/ROS2_Gazebo_tutorials/navigation_ws/install/robot_slam/share/robot_slam/launch/robot_slam_launch.py
[0.561s] -- Up-to-date symlink: /home/misha/Documents/ROS2_Gazebo_tutorials/navigation_ws/install/robot_slam/share/ament_index/resource_index/package_run_dependencies/robot_slam
[0.563s] -- Up-to-date symlink: /home/misha/Documents/ROS2_Gazebo_tutorials/navigation_ws/install/robot_slam/share/ament_index/resource_index/parent_prefix_path/robot_slam
[0.563s] -- Up-to-date symlink: /home/misha/Documents/ROS2_Gazebo_tutorials/navigation_ws/install/robot_slam/share/robot_slam/environment/ament_prefix_path.sh
[0.563s] -- Up-to-date symlink: /home/misha/Documents/ROS2_Gazebo_tutorials/navigation_ws/install/robot_slam/share/robot_slam/environment/ament_prefix_path.dsv
[0.564s] -- Up-to-date symlink: /home/misha/Documents/ROS2_Gazebo_tutorials/navigation_ws/install/robot_slam/share/robot_slam/environment/path.sh
[0.564s] -- Up-to-date symlink: /home/misha/Documents/ROS2_Gazebo_tutorials/navigation_ws/install/robot_slam/share/robot_slam/environment/path.dsv
[0.564s] -- Up-to-date symlink: /home/misha/Documents/ROS2_Gazebo_tutorials/navigation_ws/install/robot_slam/share/robot_slam/local_setup.bash
[0.564s] -- Up-to-date symlink: /home/misha/Documents/ROS2_Gazebo_tutorials/navigation_ws/install/robot_slam/share/robot_slam/local_setup.sh
[0.564s] -- Up-to-date symlink: /home/misha/Documents/ROS2_Gazebo_tutorials/navigation_ws/install/robot_slam/share/robot_slam/local_setup.zsh
[0.564s] -- Up-to-date symlink: /home/misha/Documents/ROS2_Gazebo_tutorials/navigation_ws/install/robot_slam/share/robot_slam/local_setup.dsv
[0.564s] -- Symlinking: /home/misha/Documents/ROS2_Gazebo_tutorials/navigation_ws/install/robot_slam/share/robot_slam/package.dsv
[0.565s] -- Up-to-date symlink: /home/misha/Documents/ROS2_Gazebo_tutorials/navigation_ws/install/robot_slam/share/ament_index/resource_index/packages/robot_slam
[0.565s] -- Up-to-date symlink: /home/misha/Documents/ROS2_Gazebo_tutorials/navigation_ws/install/robot_slam/share/robot_slam/cmake/robot_slamConfig.cmake
[0.565s] -- Up-to-date symlink: /home/misha/Documents/ROS2_Gazebo_tutorials/navigation_ws/install/robot_slam/share/robot_slam/cmake/robot_slamConfig-version.cmake
[0.567s] -- Up-to-date symlink: /home/misha/Documents/ROS2_Gazebo_tutorials/navigation_ws/install/robot_slam/share/robot_slam/package.xml
[0.650s] Invoked command in '/home/misha/Documents/ROS2_Gazebo_tutorials/navigation_ws/build/robot_slam' returned '0': CMAKE_PREFIX_PATH=${CMAKE_PREFIX_PATH}:/opt/ros/humble /usr/bin/cmake --install /home/misha/Documents/ROS2_Gazebo_tutorials/navigation_ws/build/robot_slam
