[0.091s] Invoking command in '/home/misha/Documents/ROS2_Gazebo_tutorials/navigation_ws/build/global_map_ex': CMAKE_PREFIX_PATH=${CMAKE_PREFIX_PATH}:/opt/ros/humble /usr/bin/cmake --build /home/misha/Documents/ROS2_Gazebo_tutorials/navigation_ws/build/global_map_ex -- -j8 -l8
[0.362s] [100%] Built target global_map_ex_node
[0.417s] Invoked command in '/home/misha/Documents/ROS2_Gazebo_tutorials/navigation_ws/build/global_map_ex' returned '0': CMAKE_PREFIX_PATH=${CMAKE_PREFIX_PATH}:/opt/ros/humble /usr/bin/cmake --build /home/misha/Documents/ROS2_Gazebo_tutorials/navigation_ws/build/global_map_ex -- -j8 -l8
[0.422s] Invoking command in '/home/misha/Documents/ROS2_Gazebo_tutorials/navigation_ws/build/global_map_ex': CMAKE_PREFIX_PATH=${CMAKE_PREFIX_PATH}:/opt/ros/humble /usr/bin/cmake --install /home/misha/Documents/ROS2_Gazebo_tutorials/navigation_ws/build/global_map_ex
[0.450s] -- Install configuration: ""
[0.451s] -- Up-to-date: /home/misha/Documents/ROS2_Gazebo_tutorials/navigation_ws/install/global_map_ex/lib/global_map_ex/global_map_ex_node
[0.451s] -- Up-to-date: /home/misha/Documents/ROS2_Gazebo_tutorials/navigation_ws/install/global_map_ex/share/global_map_ex/launch
[0.451s] -- Up-to-date: /home/misha/Documents/ROS2_Gazebo_tutorials/navigation_ws/install/global_map_ex/share/global_map_ex/launch/global_map_launch.py
[0.451s] -- Up-to-date: /home/misha/Documents/ROS2_Gazebo_tutorials/navigation_ws/install/global_map_ex/share/ament_index/resource_index/package_run_dependencies/global_map_ex
[0.451s] -- Up-to-date: /home/misha/Documents/ROS2_Gazebo_tutorials/navigation_ws/install/global_map_ex/share/ament_index/resource_index/parent_prefix_path/global_map_ex
[0.452s] -- Up-to-date: /home/misha/Documents/ROS2_Gazebo_tutorials/navigation_ws/install/global_map_ex/share/global_map_ex/environment/ament_prefix_path.sh
[0.452s] -- Up-to-date: /home/misha/Documents/ROS2_Gazebo_tutorials/navigation_ws/install/global_map_ex/share/global_map_ex/environment/ament_prefix_path.dsv
[0.452s] -- Up-to-date: /home/misha/Documents/ROS2_Gazebo_tutorials/navigation_ws/install/global_map_ex/share/global_map_ex/environment/path.sh
[0.452s] -- Up-to-date: /home/misha/Documents/ROS2_Gazebo_tutorials/navigation_ws/install/global_map_ex/share/global_map_ex/environment/path.dsv
[0.452s] -- Up-to-date: /home/misha/Documents/ROS2_Gazebo_tutorials/navigation_ws/install/global_map_ex/share/global_map_ex/local_setup.bash
[0.453s] -- Up-to-date: /home/misha/Documents/ROS2_Gazebo_tutorials/navigation_ws/install/global_map_ex/share/global_map_ex/local_setup.sh
[0.455s] -- Up-to-date: /home/misha/Documents/ROS2_Gazebo_tutorials/navigation_ws/install/global_map_ex/share/global_map_ex/local_setup.zsh
[0.455s] -- Up-to-date: /home/misha/Documents/ROS2_Gazebo_tutorials/navigation_ws/install/global_map_ex/share/global_map_ex/local_setup.dsv
[0.455s] -- Installing: /home/misha/Documents/ROS2_Gazebo_tutorials/navigation_ws/install/global_map_ex/share/global_map_ex/package.dsv
[0.457s] -- Up-to-date: /home/misha/Documents/ROS2_Gazebo_tutorials/navigation_ws/install/global_map_ex/share/ament_index/resource_index/packages/global_map_ex
[0.457s] -- Up-to-date: /home/misha/Documents/ROS2_Gazebo_tutorials/navigation_ws/install/global_map_ex/share/global_map_ex/cmake/global_map_exConfig.cmake
[0.457s] -- Up-to-date: /home/misha/Documents/ROS2_Gazebo_tutorials/navigation_ws/install/global_map_ex/share/global_map_ex/cmake/global_map_exConfig-version.cmake
[0.458s] -- Up-to-date: /home/misha/Documents/ROS2_Gazebo_tutorials/navigation_ws/install/global_map_ex/share/global_map_ex/package.xml
[0.566s] Invoked command in '/home/misha/Documents/ROS2_Gazebo_tutorials/navigation_ws/build/global_map_ex' returned '0': CMAKE_PREFIX_PATH=${CMAKE_PREFIX_PATH}:/opt/ros/humble /usr/bin/cmake --install /home/misha/Documents/ROS2_Gazebo_tutorials/navigation_ws/build/global_map_ex
