[0.078s] Invoking command in '/home/misha/Documents/ROS2_Gazebo_tutorials/my_ws/build/robot_world': CMAKE_PREFIX_PATH=${CMAKE_PREFIX_PATH}:/opt/ros/humble /usr/bin/cmake --build /home/misha/Documents/ROS2_Gazebo_tutorials/my_ws/build/robot_world -- -j8 -l8
[0.304s] Invoked command in '/home/misha/Documents/ROS2_Gazebo_tutorials/my_ws/build/robot_world' returned '0': CMAKE_PREFIX_PATH=${CMAKE_PREFIX_PATH}:/opt/ros/humble /usr/bin/cmake --build /home/misha/Documents/ROS2_Gazebo_tutorials/my_ws/build/robot_world -- -j8 -l8
[0.305s] Invoking command in '/home/misha/Documents/ROS2_Gazebo_tutorials/my_ws/build/robot_world': CMAKE_PREFIX_PATH=${CMAKE_PREFIX_PATH}:/opt/ros/humble /usr/bin/cmake --install /home/misha/Documents/ROS2_Gazebo_tutorials/my_ws/build/robot_world
[0.442s] -- Install configuration: ""
[0.442s] -- Execute custom install script
[0.443s] -- Up-to-date symlink: /home/misha/Documents/ROS2_Gazebo_tutorials/my_ws/install/robot_world/share/robot_world/launch/robot_world_launch.py
[0.444s] -- Up-to-date symlink: /home/misha/Documents/ROS2_Gazebo_tutorials/my_ws/install/robot_world/share/ament_index/resource_index/package_run_dependencies/robot_world
[0.444s] -- Up-to-date symlink: /home/misha/Documents/ROS2_Gazebo_tutorials/my_ws/install/robot_world/share/ament_index/resource_index/parent_prefix_path/robot_world
[0.445s] -- Up-to-date symlink: /home/misha/Documents/ROS2_Gazebo_tutorials/my_ws/install/robot_world/share/robot_world/environment/ament_prefix_path.sh
[0.445s] -- Up-to-date symlink: /home/misha/Documents/ROS2_Gazebo_tutorials/my_ws/install/robot_world/share/robot_world/environment/ament_prefix_path.dsv
[0.446s] -- Up-to-date symlink: /home/misha/Documents/ROS2_Gazebo_tutorials/my_ws/install/robot_world/share/robot_world/environment/path.sh
[0.446s] -- Up-to-date symlink: /home/misha/Documents/ROS2_Gazebo_tutorials/my_ws/install/robot_world/share/robot_world/environment/path.dsv
[0.446s] -- Up-to-date symlink: /home/misha/Documents/ROS2_Gazebo_tutorials/my_ws/install/robot_world/share/robot_world/local_setup.bash
[0.446s] -- Up-to-date symlink: /home/misha/Documents/ROS2_Gazebo_tutorials/my_ws/install/robot_world/share/robot_world/local_setup.sh
[0.447s] -- Up-to-date symlink: /home/misha/Documents/ROS2_Gazebo_tutorials/my_ws/install/robot_world/share/robot_world/local_setup.zsh
[0.447s] -- Up-to-date symlink: /home/misha/Documents/ROS2_Gazebo_tutorials/my_ws/install/robot_world/share/robot_world/local_setup.dsv
[0.447s] -- Symlinking: /home/misha/Documents/ROS2_Gazebo_tutorials/my_ws/install/robot_world/share/robot_world/package.dsv
[0.447s] -- Up-to-date symlink: /home/misha/Documents/ROS2_Gazebo_tutorials/my_ws/install/robot_world/share/ament_index/resource_index/packages/robot_world
[0.447s] -- Up-to-date symlink: /home/misha/Documents/ROS2_Gazebo_tutorials/my_ws/install/robot_world/share/robot_world/cmake/robot_worldConfig.cmake
[0.448s] -- Up-to-date symlink: /home/misha/Documents/ROS2_Gazebo_tutorials/my_ws/install/robot_world/share/robot_world/cmake/robot_worldConfig-version.cmake
[0.448s] -- Up-to-date symlink: /home/misha/Documents/ROS2_Gazebo_tutorials/my_ws/install/robot_world/share/robot_world/package.xml
[0.471s] Invoked command in '/home/misha/Documents/ROS2_Gazebo_tutorials/my_ws/build/robot_world' returned '0': CMAKE_PREFIX_PATH=${CMAKE_PREFIX_PATH}:/opt/ros/humble /usr/bin/cmake --install /home/misha/Documents/ROS2_Gazebo_tutorials/my_ws/build/robot_world
