[0.067s] Invoking command in '/home/misha/Documents/ROS2_Gazebo_tutorials/my_ws/build/robot_teleop': CMAKE_PREFIX_PATH=${CMAKE_PREFIX_PATH}:/opt/ros/humble /usr/bin/cmake --build /home/misha/Documents/ROS2_Gazebo_tutorials/my_ws/build/robot_teleop -- -j8 -l8
[0.195s] [ 50%] [32mBuilding CXX object CMakeFiles/robot_teleop_node.dir/src/robot_teleop_node.cpp.o[0m
[7.852s] [100%] [32m[1mLinking CXX executable robot_teleop_node[0m
[8.335s] [100%] Built target robot_teleop_node
[8.353s] Invoked command in '/home/misha/Documents/ROS2_Gazebo_tutorials/my_ws/build/robot_teleop' returned '0': CMAKE_PREFIX_PATH=${CMAKE_PREFIX_PATH}:/opt/ros/humble /usr/bin/cmake --build /home/misha/Documents/ROS2_Gazebo_tutorials/my_ws/build/robot_teleop -- -j8 -l8
[8.358s] Invoking command in '/home/misha/Documents/ROS2_Gazebo_tutorials/my_ws/build/robot_teleop': CMAKE_PREFIX_PATH=${CMAKE_PREFIX_PATH}:/opt/ros/humble /usr/bin/cmake --install /home/misha/Documents/ROS2_Gazebo_tutorials/my_ws/build/robot_teleop
[8.373s] -- Install configuration: ""
[8.373s] -- Installing: /home/misha/Documents/ROS2_Gazebo_tutorials/my_ws/install/robot_teleop/lib/robot_teleop/robot_teleop_node
[8.377s] -- Set runtime path of "/home/misha/Documents/ROS2_Gazebo_tutorials/my_ws/install/robot_teleop/lib/robot_teleop/robot_teleop_node" to ""
[8.378s] -- Up-to-date: /home/misha/Documents/ROS2_Gazebo_tutorials/my_ws/install/robot_teleop/share/ament_index/resource_index/package_run_dependencies/robot_teleop
[8.378s] -- Up-to-date: /home/misha/Documents/ROS2_Gazebo_tutorials/my_ws/install/robot_teleop/share/ament_index/resource_index/parent_prefix_path/robot_teleop
[8.378s] -- Up-to-date: /home/misha/Documents/ROS2_Gazebo_tutorials/my_ws/install/robot_teleop/share/robot_teleop/environment/ament_prefix_path.sh
[8.379s] -- Up-to-date: /home/misha/Documents/ROS2_Gazebo_tutorials/my_ws/install/robot_teleop/share/robot_teleop/environment/ament_prefix_path.dsv
[8.379s] -- Up-to-date: /home/misha/Documents/ROS2_Gazebo_tutorials/my_ws/install/robot_teleop/share/robot_teleop/environment/path.sh
[8.379s] -- Up-to-date: /home/misha/Documents/ROS2_Gazebo_tutorials/my_ws/install/robot_teleop/share/robot_teleop/environment/path.dsv
[8.379s] -- Up-to-date: /home/misha/Documents/ROS2_Gazebo_tutorials/my_ws/install/robot_teleop/share/robot_teleop/local_setup.bash
[8.379s] -- Up-to-date: /home/misha/Documents/ROS2_Gazebo_tutorials/my_ws/install/robot_teleop/share/robot_teleop/local_setup.sh
[8.379s] -- Up-to-date: /home/misha/Documents/ROS2_Gazebo_tutorials/my_ws/install/robot_teleop/share/robot_teleop/local_setup.zsh
[8.380s] -- Up-to-date: /home/misha/Documents/ROS2_Gazebo_tutorials/my_ws/install/robot_teleop/share/robot_teleop/local_setup.dsv
[8.380s] -- Installing: /home/misha/Documents/ROS2_Gazebo_tutorials/my_ws/install/robot_teleop/share/robot_teleop/package.dsv
[8.380s] -- Up-to-date: /home/misha/Documents/ROS2_Gazebo_tutorials/my_ws/install/robot_teleop/share/ament_index/resource_index/packages/robot_teleop
[8.380s] -- Up-to-date: /home/misha/Documents/ROS2_Gazebo_tutorials/my_ws/install/robot_teleop/share/robot_teleop/cmake/robot_teleopConfig.cmake
[8.380s] -- Up-to-date: /home/misha/Documents/ROS2_Gazebo_tutorials/my_ws/install/robot_teleop/share/robot_teleop/cmake/robot_teleopConfig-version.cmake
[8.381s] -- Up-to-date: /home/misha/Documents/ROS2_Gazebo_tutorials/my_ws/install/robot_teleop/share/robot_teleop/package.xml
[8.383s] Invoked command in '/home/misha/Documents/ROS2_Gazebo_tutorials/my_ws/build/robot_teleop' returned '0': CMAKE_PREFIX_PATH=${CMAKE_PREFIX_PATH}:/opt/ros/humble /usr/bin/cmake --install /home/misha/Documents/ROS2_Gazebo_tutorials/my_ws/build/robot_teleop
