[0.181s] Invoking command in '/home/misha/Documents/ROS2_Gazebo_tutorials/navigation_ws/build/robot_slam': CMAKE_PREFIX_PATH=${CMAKE_PREFIX_PATH}:/opt/ros/humble /usr/bin/cmake /home/misha/Documents/ROS2_Gazebo_tutorials/navigation_ws/src/robot_slam -DCMAKE_INSTALL_PREFIX=/home/misha/Documents/ROS2_Gazebo_tutorials/navigation_ws/install/robot_slam
[0.287s] -- Found ament_cmake: 1.3.13 (/opt/ros/humble/share/ament_cmake/cmake)
[1.017s] -- Found rclcpp: 16.0.18 (/opt/ros/humble/share/rclcpp/cmake)
[1.123s] -- Found rosidl_generator_c: 3.1.8 (/opt/ros/humble/share/rosidl_generator_c/cmake)
[1.134s] -- Found rosidl_adapter: 3.1.8 (/opt/ros/humble/share/rosidl_adapter/cmake)
[1.171s] -- Found rosidl_generator_cpp: 3.1.8 (/opt/ros/humble/share/rosidl_generator_cpp/cmake)
[1.212s] -- Using all available rosidl_typesupport_c: rosidl_typesupport_fastrtps_c;rosidl_typesupport_introspection_c
[1.265s] -- Using all available rosidl_typesupport_cpp: rosidl_typesupport_fastrtps_cpp;rosidl_typesupport_introspection_cpp
[1.397s] -- Found rmw_implementation_cmake: 6.1.2 (/opt/ros/humble/share/rmw_implementation_cmake/cmake)
[1.398s] -- Found rmw_fastrtps_cpp: 6.2.10 (/opt/ros/humble/share/rmw_fastrtps_cpp/cmake)
[1.787s] -- Using RMW implementation 'rmw_fastrtps_cpp' as default
[1.961s] -- Found nav_msgs: 4.9.1 (/opt/ros/humble/share/nav_msgs/cmake)
[2.056s] -- Found sensor_msgs: 4.9.1 (/opt/ros/humble/share/sensor_msgs/cmake)
[2.109s] -- Found tf2_ros: 0.25.19 (/opt/ros/humble/share/tf2_ros/cmake)
[2.378s] -- Eigen found (include: /usr/include/eigen3, version: 3.4.0)
[2.480s] -- FLANN found (include: /usr/include, lib: /usr/lib/x86_64-linux-gnu/libflann_cpp.so)
[3.186s] -- Found Eigen3: /usr/include/eigen3 (found version "3.4.0") 
[3.707s] -- OpenNI found (version: 1.5.4.0, include: /usr/include/ni, lib: /usr/lib/libOpenNI.so;libusb::libusb)
[3.721s] -- OpenNI2 found (version: 2.2.0.33, include: /usr/include/openni2, lib: /usr/lib/x86_64-linux-gnu/libOpenNI2.so;libusb::libusb)
[3.722s] [0m** WARNING ** io features related to pcap will be disabled[0m
[4.103s] -- Eigen found (include: /usr/include/eigen3, version: 3.4.0)
[4.117s] -- OpenNI found (version: 1.5.4.0, include: /usr/include/ni, lib: /usr/lib/libOpenNI.so;libusb::libusb)
[4.134s] -- OpenNI2 found (version: 2.2.0.33, include: /usr/include/openni2, lib: /usr/lib/x86_64-linux-gnu/libOpenNI2.so;libusb::libusb)
[4.433s] -- Found Qhull version 8.0.2
[4.699s] -- OpenNI found (version: 1.5.4.0, include: /usr/include/ni, lib: /usr/lib/libOpenNI.so;libusb::libusb)
[4.955s] -- looking for PCL_COMMON
[4.956s] -- looking for PCL_KDTREE
[4.956s] -- looking for PCL_OCTREE
[4.957s] -- looking for PCL_SEARCH
[4.958s] -- looking for PCL_SAMPLE_CONSENSUS
[4.958s] -- looking for PCL_FILTERS
[4.959s] -- looking for PCL_2D
[4.959s] -- looking for PCL_GEOMETRY
[4.960s] -- looking for PCL_IO
[4.960s] -- looking for PCL_FEATURES
[4.961s] -- looking for PCL_ML
[4.962s] -- looking for PCL_SEGMENTATION
[4.963s] -- looking for PCL_VISUALIZATION
[4.963s] -- looking for PCL_SURFACE
[4.964s] -- looking for PCL_REGISTRATION
[4.965s] -- looking for PCL_KEYPOINTS
[4.966s] -- looking for PCL_TRACKING
[4.966s] -- looking for PCL_RECOGNITION
[4.967s] -- looking for PCL_STEREO
[4.968s] -- looking for PCL_APPS
[4.969s] -- looking for PCL_IN_HAND_SCANNER
[4.970s] -- looking for PCL_MODELER
[4.970s] -- looking for PCL_POINT_CLOUD_EDITOR
[4.971s] -- looking for PCL_OUTOFCORE
[4.971s] -- looking for PCL_PEOPLE
[4.974s] -- Found pcl_conversions: 2.4.5 (/opt/ros/humble/share/pcl_conversions/cmake)
[5.018s] -- Found tf2_geometry_msgs: 0.25.19 (/opt/ros/humble/share/tf2_geometry_msgs/cmake)
[5.027s] -- Found eigen3_cmake_module: 0.1.1 (/opt/ros/humble/share/eigen3_cmake_module/cmake)
[5.030s] -- Found Eigen3: TRUE (found version "3.4.0") 
[5.031s] -- Ensuring Eigen3 include directory is part of orocos-kdl CMake target
[5.034s] -- Found ament_lint_auto: 0.12.15 (/opt/ros/humble/share/ament_lint_auto/cmake)
[5.182s] -- Added test 'cppcheck' to perform static code analysis on C / C++ code
[5.183s] -- Configured cppcheck include dirs: 
[5.183s] -- Configured cppcheck exclude dirs and/or files: 
[5.184s] -- Added test 'flake8' to check Python code syntax and style conventions
[5.185s] -- Added test 'lint_cmake' to check CMake code style
[5.186s] -- Added test 'pep257' to check Python code against some of the docstring style conventions in PEP 257
[5.188s] -- Added test 'uncrustify' to check C / C++ code style
[5.188s] -- Configured uncrustify additional arguments: 
[5.188s] -- Added test 'xmllint' to check XML markup files
[5.190s] -- Configuring done
[5.319s] -- Generating done
[5.346s] -- Build files have been written to: /home/misha/Documents/ROS2_Gazebo_tutorials/navigation_ws/build/robot_slam
[5.376s] Invoked command in '/home/misha/Documents/ROS2_Gazebo_tutorials/navigation_ws/build/robot_slam' returned '0': CMAKE_PREFIX_PATH=${CMAKE_PREFIX_PATH}:/opt/ros/humble /usr/bin/cmake /home/misha/Documents/ROS2_Gazebo_tutorials/navigation_ws/src/robot_slam -DCMAKE_INSTALL_PREFIX=/home/misha/Documents/ROS2_Gazebo_tutorials/navigation_ws/install/robot_slam
[5.384s] Invoking command in '/home/misha/Documents/ROS2_Gazebo_tutorials/navigation_ws/build/robot_slam': CMAKE_PREFIX_PATH=${CMAKE_PREFIX_PATH}:/opt/ros/humble /usr/bin/cmake --build /home/misha/Documents/ROS2_Gazebo_tutorials/navigation_ws/build/robot_slam -- -j8 -l8
[5.447s] [35m[1mConsolidate compiler generated dependencies of target robot_slam_node[0m
[5.519s] [ 50%] [32mBuilding CXX object CMakeFiles/robot_slam_node.dir/src/robot_slam_node.cpp.o[0m
[45.298s] [100%] [32m[1mLinking CXX executable robot_slam_node[0m
[47.982s] [100%] Built target robot_slam_node
[48.000s] Invoked command in '/home/misha/Documents/ROS2_Gazebo_tutorials/navigation_ws/build/robot_slam' returned '0': CMAKE_PREFIX_PATH=${CMAKE_PREFIX_PATH}:/opt/ros/humble /usr/bin/cmake --build /home/misha/Documents/ROS2_Gazebo_tutorials/navigation_ws/build/robot_slam -- -j8 -l8
[48.003s] Invoking command in '/home/misha/Documents/ROS2_Gazebo_tutorials/navigation_ws/build/robot_slam': CMAKE_PREFIX_PATH=${CMAKE_PREFIX_PATH}:/opt/ros/humble /usr/bin/cmake --install /home/misha/Documents/ROS2_Gazebo_tutorials/navigation_ws/build/robot_slam
[48.015s] -- Install configuration: "Debug"
[48.016s] -- Installing: /home/misha/Documents/ROS2_Gazebo_tutorials/navigation_ws/install/robot_slam/lib/robot_slam/robot_slam_node
[48.050s] -- Set runtime path of "/home/misha/Documents/ROS2_Gazebo_tutorials/navigation_ws/install/robot_slam/lib/robot_slam/robot_slam_node" to ""
[48.051s] -- Up-to-date: /home/misha/Documents/ROS2_Gazebo_tutorials/navigation_ws/install/robot_slam/share/robot_slam/launch
[48.051s] -- Up-to-date: /home/misha/Documents/ROS2_Gazebo_tutorials/navigation_ws/install/robot_slam/share/robot_slam/launch/robot_slam_launch.py
[48.051s] -- Up-to-date: /home/misha/Documents/ROS2_Gazebo_tutorials/navigation_ws/install/robot_slam/share/ament_index/resource_index/package_run_dependencies/robot_slam
[48.051s] -- Up-to-date: /home/misha/Documents/ROS2_Gazebo_tutorials/navigation_ws/install/robot_slam/share/ament_index/resource_index/parent_prefix_path/robot_slam
[48.052s] -- Up-to-date: /home/misha/Documents/ROS2_Gazebo_tutorials/navigation_ws/install/robot_slam/share/robot_slam/environment/ament_prefix_path.sh
[48.052s] -- Installing: /home/misha/Documents/ROS2_Gazebo_tutorials/navigation_ws/install/robot_slam/share/robot_slam/environment/ament_prefix_path.dsv
[48.052s] -- Up-to-date: /home/misha/Documents/ROS2_Gazebo_tutorials/navigation_ws/install/robot_slam/share/robot_slam/environment/path.sh
[48.052s] -- Installing: /home/misha/Documents/ROS2_Gazebo_tutorials/navigation_ws/install/robot_slam/share/robot_slam/environment/path.dsv
[48.052s] -- Up-to-date: /home/misha/Documents/ROS2_Gazebo_tutorials/navigation_ws/install/robot_slam/share/robot_slam/local_setup.bash
[48.053s] -- Up-to-date: /home/misha/Documents/ROS2_Gazebo_tutorials/navigation_ws/install/robot_slam/share/robot_slam/local_setup.sh
[48.053s] -- Up-to-date: /home/misha/Documents/ROS2_Gazebo_tutorials/navigation_ws/install/robot_slam/share/robot_slam/local_setup.zsh
[48.053s] -- Installing: /home/misha/Documents/ROS2_Gazebo_tutorials/navigation_ws/install/robot_slam/share/robot_slam/local_setup.dsv
[48.053s] -- Installing: /home/misha/Documents/ROS2_Gazebo_tutorials/navigation_ws/install/robot_slam/share/robot_slam/package.dsv
[48.053s] -- Up-to-date: /home/misha/Documents/ROS2_Gazebo_tutorials/navigation_ws/install/robot_slam/share/ament_index/resource_index/packages/robot_slam
[48.053s] -- Up-to-date: /home/misha/Documents/ROS2_Gazebo_tutorials/navigation_ws/install/robot_slam/share/robot_slam/cmake/robot_slamConfig.cmake
[48.054s] -- Up-to-date: /home/misha/Documents/ROS2_Gazebo_tutorials/navigation_ws/install/robot_slam/share/robot_slam/cmake/robot_slamConfig-version.cmake
[48.055s] -- Up-to-date: /home/misha/Documents/ROS2_Gazebo_tutorials/navigation_ws/install/robot_slam/share/robot_slam/package.xml
[48.057s] Invoked command in '/home/misha/Documents/ROS2_Gazebo_tutorials/navigation_ws/build/robot_slam' returned '0': CMAKE_PREFIX_PATH=${CMAKE_PREFIX_PATH}:/opt/ros/humble /usr/bin/cmake --install /home/misha/Documents/ROS2_Gazebo_tutorials/navigation_ws/build/robot_slam
