[0.128s] DEBUG:colcon:Command line arguments: ['/usr/bin/colcon', 'build']
[0.128s] DEBUG:colcon:Parsed command line arguments: Namespace(log_base=None, log_level=None, verb_name='build', build_base='build', install_base='install', merge_install=False, symlink_install=False, test_result_base=None, continue_on_error=False, executor='parallel', parallel_workers=8, event_handlers=None, ignore_user_meta=False, metas=['./colcon.meta'], base_paths=['.'], packages_ignore=None, packages_ignore_regex=None, paths=None, packages_up_to=None, packages_up_to_regex=None, packages_above=None, packages_above_and_dependencies=None, packages_above_depth=None, packages_select_by_dep=None, packages_skip_by_dep=None, packages_skip_up_to=None, packages_select_build_failed=False, packages_skip_build_finished=False, packages_select_test_failures=False, packages_skip_test_passed=False, packages_select=None, packages_skip=None, packages_select_regex=None, packages_skip_regex=None, packages_start=None, packages_end=None, allow_overriding=[], cmake_args=None, cmake_target=None, cmake_target_skip_unavailable=False, cmake_clean_cache=False, cmake_clean_first=False, cmake_force_configure=False, ament_cmake_args=None, catkin_cmake_args=None, catkin_skip_building_tests=False, mixin_files=None, mixin=None, verb_parser=<colcon_mixin.mixin.mixin_argument.MixinArgumentDecorator object at 0x7fb064aa5b10>, verb_extension=<colcon_core.verb.build.BuildVerb object at 0x7fb064aa53f0>, main=<bound method BuildVerb.main of <colcon_core.verb.build.BuildVerb object at 0x7fb064aa53f0>>, mixin_verb=('build',))
[0.344s] Level 1:colcon.colcon_core.package_discovery:discover_packages(colcon_meta) check parameters
[0.344s] Level 1:colcon.colcon_core.package_discovery:discover_packages(recursive) check parameters
[0.344s] Level 1:colcon.colcon_core.package_discovery:discover_packages(ignore) check parameters
[0.344s] Level 1:colcon.colcon_core.package_discovery:discover_packages(path) check parameters
[0.344s] Level 1:colcon.colcon_core.package_discovery:discover_packages(colcon_meta) discover
[0.344s] Level 1:colcon.colcon_core.package_discovery:discover_packages(recursive) discover
[0.344s] INFO:colcon.colcon_core.package_discovery:Crawling recursively for packages in '/home/misha/Documents/ROS2_Gazebo_tutorials/navigation_ws'
[0.344s] Level 1:colcon.colcon_core.package_identification:_identify(.) by extensions ['ignore', 'ignore_ament_install']
[0.344s] Level 1:colcon.colcon_core.package_identification:_identify(.) by extension 'ignore'
[0.344s] Level 1:colcon.colcon_core.package_identification:_identify(.) by extension 'ignore_ament_install'
[0.345s] Level 1:colcon.colcon_core.package_identification:_identify(.) by extensions ['colcon_pkg']
[0.345s] Level 1:colcon.colcon_core.package_identification:_identify(.) by extension 'colcon_pkg'
[0.345s] Level 1:colcon.colcon_core.package_identification:_identify(.) by extensions ['colcon_meta']
[0.345s] Level 1:colcon.colcon_core.package_identification:_identify(.) by extension 'colcon_meta'
[0.345s] Level 1:colcon.colcon_core.package_identification:_identify(.) by extensions ['ros']
[0.345s] Level 1:colcon.colcon_core.package_identification:_identify(.) by extension 'ros'
[0.358s] Level 1:colcon.colcon_core.package_identification:_identify(.) by extensions ['cmake', 'python']
[0.358s] Level 1:colcon.colcon_core.package_identification:_identify(.) by extension 'cmake'
[0.358s] Level 1:colcon.colcon_core.package_identification:_identify(.) by extension 'python'
[0.358s] Level 1:colcon.colcon_core.package_identification:_identify(.) by extensions ['python_setup_py']
[0.358s] Level 1:colcon.colcon_core.package_identification:_identify(.) by extension 'python_setup_py'
[0.358s] Level 1:colcon.colcon_core.package_identification:_identify(build) by extensions ['ignore', 'ignore_ament_install']
[0.359s] Level 1:colcon.colcon_core.package_identification:_identify(build) by extension 'ignore'
[0.359s] Level 1:colcon.colcon_core.package_identification:_identify(build) ignored
[0.359s] Level 1:colcon.colcon_core.package_identification:_identify(install) by extensions ['ignore', 'ignore_ament_install']
[0.359s] Level 1:colcon.colcon_core.package_identification:_identify(install) by extension 'ignore'
[0.359s] Level 1:colcon.colcon_core.package_identification:_identify(install) ignored
[0.359s] Level 1:colcon.colcon_core.package_identification:_identify(launch) by extensions ['ignore', 'ignore_ament_install']
[0.359s] Level 1:colcon.colcon_core.package_identification:_identify(launch) by extension 'ignore'
[0.359s] Level 1:colcon.colcon_core.package_identification:_identify(launch) by extension 'ignore_ament_install'
[0.359s] Level 1:colcon.colcon_core.package_identification:_identify(launch) by extensions ['colcon_pkg']
[0.359s] Level 1:colcon.colcon_core.package_identification:_identify(launch) by extension 'colcon_pkg'
[0.359s] Level 1:colcon.colcon_core.package_identification:_identify(launch) by extensions ['colcon_meta']
[0.359s] Level 1:colcon.colcon_core.package_identification:_identify(launch) by extension 'colcon_meta'
[0.359s] Level 1:colcon.colcon_core.package_identification:_identify(launch) by extensions ['ros']
[0.360s] Level 1:colcon.colcon_core.package_identification:_identify(launch) by extension 'ros'
[0.360s] Level 1:colcon.colcon_core.package_identification:_identify(launch) by extensions ['cmake', 'python']
[0.360s] Level 1:colcon.colcon_core.package_identification:_identify(launch) by extension 'cmake'
[0.360s] Level 1:colcon.colcon_core.package_identification:_identify(launch) by extension 'python'
[0.360s] Level 1:colcon.colcon_core.package_identification:_identify(launch) by extensions ['python_setup_py']
[0.360s] Level 1:colcon.colcon_core.package_identification:_identify(launch) by extension 'python_setup_py'
[0.360s] Level 1:colcon.colcon_core.package_identification:_identify(log) by extensions ['ignore', 'ignore_ament_install']
[0.360s] Level 1:colcon.colcon_core.package_identification:_identify(log) by extension 'ignore'
[0.360s] Level 1:colcon.colcon_core.package_identification:_identify(log) ignored
[0.360s] Level 1:colcon.colcon_core.package_identification:_identify(src) by extensions ['ignore', 'ignore_ament_install']
[0.360s] Level 1:colcon.colcon_core.package_identification:_identify(src) by extension 'ignore'
[0.360s] Level 1:colcon.colcon_core.package_identification:_identify(src) by extension 'ignore_ament_install'
[0.361s] Level 1:colcon.colcon_core.package_identification:_identify(src) by extensions ['colcon_pkg']
[0.361s] Level 1:colcon.colcon_core.package_identification:_identify(src) by extension 'colcon_pkg'
[0.361s] Level 1:colcon.colcon_core.package_identification:_identify(src) by extensions ['colcon_meta']
[0.361s] Level 1:colcon.colcon_core.package_identification:_identify(src) by extension 'colcon_meta'
[0.361s] Level 1:colcon.colcon_core.package_identification:_identify(src) by extensions ['ros']
[0.361s] Level 1:colcon.colcon_core.package_identification:_identify(src) by extension 'ros'
[0.361s] Level 1:colcon.colcon_core.package_identification:_identify(src) by extensions ['cmake', 'python']
[0.361s] Level 1:colcon.colcon_core.package_identification:_identify(src) by extension 'cmake'
[0.361s] Level 1:colcon.colcon_core.package_identification:_identify(src) by extension 'python'
[0.361s] Level 1:colcon.colcon_core.package_identification:_identify(src) by extensions ['python_setup_py']
[0.361s] Level 1:colcon.colcon_core.package_identification:_identify(src) by extension 'python_setup_py'
[0.361s] Level 1:colcon.colcon_core.package_identification:_identify(src/global_map_ex) by extensions ['ignore', 'ignore_ament_install']
[0.361s] Level 1:colcon.colcon_core.package_identification:_identify(src/global_map_ex) by extension 'ignore'
[0.362s] Level 1:colcon.colcon_core.package_identification:_identify(src/global_map_ex) by extension 'ignore_ament_install'
[0.362s] Level 1:colcon.colcon_core.package_identification:_identify(src/global_map_ex) by extensions ['colcon_pkg']
[0.362s] Level 1:colcon.colcon_core.package_identification:_identify(src/global_map_ex) by extension 'colcon_pkg'
[0.362s] Level 1:colcon.colcon_core.package_identification:_identify(src/global_map_ex) by extensions ['colcon_meta']
[0.362s] Level 1:colcon.colcon_core.package_identification:_identify(src/global_map_ex) by extension 'colcon_meta'
[0.362s] Level 1:colcon.colcon_core.package_identification:_identify(src/global_map_ex) by extensions ['ros']
[0.362s] Level 1:colcon.colcon_core.package_identification:_identify(src/global_map_ex) by extension 'ros'
[0.366s] DEBUG:colcon.colcon_core.package_identification:Package 'src/global_map_ex' with type 'ros.ament_cmake' and name 'global_map_ex'
[0.367s] Level 1:colcon.colcon_core.package_identification:_identify(src/my_robot_bringup) by extensions ['ignore', 'ignore_ament_install']
[0.367s] Level 1:colcon.colcon_core.package_identification:_identify(src/my_robot_bringup) by extension 'ignore'
[0.367s] Level 1:colcon.colcon_core.package_identification:_identify(src/my_robot_bringup) by extension 'ignore_ament_install'
[0.367s] Level 1:colcon.colcon_core.package_identification:_identify(src/my_robot_bringup) by extensions ['colcon_pkg']
[0.367s] Level 1:colcon.colcon_core.package_identification:_identify(src/my_robot_bringup) by extension 'colcon_pkg'
[0.367s] Level 1:colcon.colcon_core.package_identification:_identify(src/my_robot_bringup) by extensions ['colcon_meta']
[0.367s] Level 1:colcon.colcon_core.package_identification:_identify(src/my_robot_bringup) by extension 'colcon_meta'
[0.367s] Level 1:colcon.colcon_core.package_identification:_identify(src/my_robot_bringup) by extensions ['ros']
[0.367s] Level 1:colcon.colcon_core.package_identification:_identify(src/my_robot_bringup) by extension 'ros'
[0.368s] DEBUG:colcon.colcon_core.package_identification:Package 'src/my_robot_bringup' with type 'ros.ament_cmake' and name 'my_robot_bringup'
[0.368s] Level 1:colcon.colcon_core.package_identification:_identify(src/robot_mapping) by extensions ['ignore', 'ignore_ament_install']
[0.369s] Level 1:colcon.colcon_core.package_identification:_identify(src/robot_mapping) by extension 'ignore'
[0.369s] Level 1:colcon.colcon_core.package_identification:_identify(src/robot_mapping) by extension 'ignore_ament_install'
[0.369s] Level 1:colcon.colcon_core.package_identification:_identify(src/robot_mapping) by extensions ['colcon_pkg']
[0.369s] Level 1:colcon.colcon_core.package_identification:_identify(src/robot_mapping) by extension 'colcon_pkg'
[0.369s] Level 1:colcon.colcon_core.package_identification:_identify(src/robot_mapping) by extensions ['colcon_meta']
[0.369s] Level 1:colcon.colcon_core.package_identification:_identify(src/robot_mapping) by extension 'colcon_meta'
[0.369s] Level 1:colcon.colcon_core.package_identification:_identify(src/robot_mapping) by extensions ['ros']
[0.369s] Level 1:colcon.colcon_core.package_identification:_identify(src/robot_mapping) by extension 'ros'
[0.370s] DEBUG:colcon.colcon_core.package_identification:Package 'src/robot_mapping' with type 'ros.ament_cmake' and name 'robot_mapping'
[0.370s] Level 1:colcon.colcon_core.package_identification:_identify(src/robot_odometry) by extensions ['ignore', 'ignore_ament_install']
[0.370s] Level 1:colcon.colcon_core.package_identification:_identify(src/robot_odometry) by extension 'ignore'
[0.370s] Level 1:colcon.colcon_core.package_identification:_identify(src/robot_odometry) by extension 'ignore_ament_install'
[0.370s] Level 1:colcon.colcon_core.package_identification:_identify(src/robot_odometry) by extensions ['colcon_pkg']
[0.370s] Level 1:colcon.colcon_core.package_identification:_identify(src/robot_odometry) by extension 'colcon_pkg'
[0.370s] Level 1:colcon.colcon_core.package_identification:_identify(src/robot_odometry) by extensions ['colcon_meta']
[0.370s] Level 1:colcon.colcon_core.package_identification:_identify(src/robot_odometry) by extension 'colcon_meta'
[0.370s] Level 1:colcon.colcon_core.package_identification:_identify(src/robot_odometry) by extensions ['ros']
[0.370s] Level 1:colcon.colcon_core.package_identification:_identify(src/robot_odometry) by extension 'ros'
[0.371s] DEBUG:colcon.colcon_core.package_identification:Package 'src/robot_odometry' with type 'ros.ament_cmake' and name 'robot_odometry'
[0.371s] Level 1:colcon.colcon_core.package_identification:_identify(src/robot_slam) by extensions ['ignore', 'ignore_ament_install']
[0.371s] Level 1:colcon.colcon_core.package_identification:_identify(src/robot_slam) by extension 'ignore'
[0.371s] Level 1:colcon.colcon_core.package_identification:_identify(src/robot_slam) by extension 'ignore_ament_install'
[0.371s] Level 1:colcon.colcon_core.package_identification:_identify(src/robot_slam) by extensions ['colcon_pkg']
[0.371s] Level 1:colcon.colcon_core.package_identification:_identify(src/robot_slam) by extension 'colcon_pkg'
[0.371s] Level 1:colcon.colcon_core.package_identification:_identify(src/robot_slam) by extensions ['colcon_meta']
[0.371s] Level 1:colcon.colcon_core.package_identification:_identify(src/robot_slam) by extension 'colcon_meta'
[0.371s] Level 1:colcon.colcon_core.package_identification:_identify(src/robot_slam) by extensions ['ros']
[0.371s] Level 1:colcon.colcon_core.package_identification:_identify(src/robot_slam) by extension 'ros'
[0.372s] DEBUG:colcon.colcon_core.package_identification:Package 'src/robot_slam' with type 'ros.ament_cmake' and name 'robot_slam'
[0.372s] Level 1:colcon.colcon_core.package_identification:_identify(src/robot_teleop) by extensions ['ignore', 'ignore_ament_install']
[0.372s] Level 1:colcon.colcon_core.package_identification:_identify(src/robot_teleop) by extension 'ignore'
[0.372s] Level 1:colcon.colcon_core.package_identification:_identify(src/robot_teleop) by extension 'ignore_ament_install'
[0.373s] Level 1:colcon.colcon_core.package_identification:_identify(src/robot_teleop) by extensions ['colcon_pkg']
[0.373s] Level 1:colcon.colcon_core.package_identification:_identify(src/robot_teleop) by extension 'colcon_pkg'
[0.373s] Level 1:colcon.colcon_core.package_identification:_identify(src/robot_teleop) by extensions ['colcon_meta']
[0.373s] Level 1:colcon.colcon_core.package_identification:_identify(src/robot_teleop) by extension 'colcon_meta'
[0.373s] Level 1:colcon.colcon_core.package_identification:_identify(src/robot_teleop) by extensions ['ros']
[0.373s] Level 1:colcon.colcon_core.package_identification:_identify(src/robot_teleop) by extension 'ros'
[0.373s] DEBUG:colcon.colcon_core.package_identification:Package 'src/robot_teleop' with type 'ros.ament_cmake' and name 'robot_teleop'
[0.374s] Level 1:colcon.colcon_core.package_identification:_identify(src/robot_world) by extensions ['ignore', 'ignore_ament_install']
[0.374s] Level 1:colcon.colcon_core.package_identification:_identify(src/robot_world) by extension 'ignore'
[0.374s] Level 1:colcon.colcon_core.package_identification:_identify(src/robot_world) by extension 'ignore_ament_install'
[0.374s] Level 1:colcon.colcon_core.package_identification:_identify(src/robot_world) by extensions ['colcon_pkg']
[0.374s] Level 1:colcon.colcon_core.package_identification:_identify(src/robot_world) by extension 'colcon_pkg'
[0.374s] Level 1:colcon.colcon_core.package_identification:_identify(src/robot_world) by extensions ['colcon_meta']
[0.374s] Level 1:colcon.colcon_core.package_identification:_identify(src/robot_world) by extension 'colcon_meta'
[0.374s] Level 1:colcon.colcon_core.package_identification:_identify(src/robot_world) by extensions ['ros']
[0.374s] Level 1:colcon.colcon_core.package_identification:_identify(src/robot_world) by extension 'ros'
[0.375s] DEBUG:colcon.colcon_core.package_identification:Package 'src/robot_world' with type 'ros.ament_cmake' and name 'robot_world'
[0.375s] Level 1:colcon.colcon_core.package_identification:_identify(src/test_robot_plugin) by extensions ['ignore', 'ignore_ament_install']
[0.375s] Level 1:colcon.colcon_core.package_identification:_identify(src/test_robot_plugin) by extension 'ignore'
[0.375s] Level 1:colcon.colcon_core.package_identification:_identify(src/test_robot_plugin) by extension 'ignore_ament_install'
[0.375s] Level 1:colcon.colcon_core.package_identification:_identify(src/test_robot_plugin) by extensions ['colcon_pkg']
[0.375s] Level 1:colcon.colcon_core.package_identification:_identify(src/test_robot_plugin) by extension 'colcon_pkg'
[0.375s] Level 1:colcon.colcon_core.package_identification:_identify(src/test_robot_plugin) by extensions ['colcon_meta']
[0.375s] Level 1:colcon.colcon_core.package_identification:_identify(src/test_robot_plugin) by extension 'colcon_meta'
[0.375s] Level 1:colcon.colcon_core.package_identification:_identify(src/test_robot_plugin) by extensions ['ros']
[0.375s] Level 1:colcon.colcon_core.package_identification:_identify(src/test_robot_plugin) by extension 'ros'
[0.376s] DEBUG:colcon.colcon_core.package_identification:Package 'src/test_robot_plugin' with type 'ros.ament_cmake' and name 'test_robot_plugin'
[0.376s] Level 1:colcon.colcon_core.package_discovery:discover_packages(recursive) using defaults
[0.376s] Level 1:colcon.colcon_core.package_discovery:discover_packages(ignore) discover
[0.376s] Level 1:colcon.colcon_core.package_discovery:discover_packages(ignore) using defaults
[0.376s] Level 1:colcon.colcon_core.package_discovery:discover_packages(path) discover
[0.376s] Level 1:colcon.colcon_core.package_discovery:discover_packages(path) using defaults
[0.426s] Level 1:colcon.colcon_core.package_discovery:discover_packages(prefix_path) check parameters
[0.426s] Level 1:colcon.colcon_core.package_discovery:discover_packages(prefix_path) discover
[0.429s] DEBUG:colcon.colcon_installed_package_information.package_discovery:Found 8 installed packages in /home/misha/Documents/ROS2_Gazebo_tutorials/navigation_ws/install
[0.432s] DEBUG:colcon.colcon_installed_package_information.package_discovery:Found 293 installed packages in /opt/ros/humble
[0.434s] Level 1:colcon.colcon_core.package_discovery:discover_packages(prefix_path) using defaults
[0.500s] Level 5:colcon.colcon_core.verb:set package 'global_map_ex' build argument 'cmake_args' from command line to 'None'
[0.500s] Level 5:colcon.colcon_core.verb:set package 'global_map_ex' build argument 'cmake_target' from command line to 'None'
[0.500s] Level 5:colcon.colcon_core.verb:set package 'global_map_ex' build argument 'cmake_target_skip_unavailable' from command line to 'False'
[0.501s] Level 5:colcon.colcon_core.verb:set package 'global_map_ex' build argument 'cmake_clean_cache' from command line to 'False'
[0.501s] Level 5:colcon.colcon_core.verb:set package 'global_map_ex' build argument 'cmake_clean_first' from command line to 'False'
[0.501s] Level 5:colcon.colcon_core.verb:set package 'global_map_ex' build argument 'cmake_force_configure' from command line to 'False'
[0.501s] Level 5:colcon.colcon_core.verb:set package 'global_map_ex' build argument 'ament_cmake_args' from command line to 'None'
[0.501s] Level 5:colcon.colcon_core.verb:set package 'global_map_ex' build argument 'catkin_cmake_args' from command line to 'None'
[0.501s] Level 5:colcon.colcon_core.verb:set package 'global_map_ex' build argument 'catkin_skip_building_tests' from command line to 'False'
[0.501s] DEBUG:colcon.colcon_core.verb:Building package 'global_map_ex' with the following arguments: {'ament_cmake_args': None, 'build_base': '/home/misha/Documents/ROS2_Gazebo_tutorials/navigation_ws/build/global_map_ex', 'catkin_cmake_args': None, 'catkin_skip_building_tests': False, 'cmake_args': None, 'cmake_clean_cache': False, 'cmake_clean_first': False, 'cmake_force_configure': False, 'cmake_target': None, 'cmake_target_skip_unavailable': False, 'install_base': '/home/misha/Documents/ROS2_Gazebo_tutorials/navigation_ws/install/global_map_ex', 'merge_install': False, 'path': '/home/misha/Documents/ROS2_Gazebo_tutorials/navigation_ws/src/global_map_ex', 'symlink_install': False, 'test_result_base': None}
[0.501s] Level 5:colcon.colcon_core.verb:set package 'my_robot_bringup' build argument 'cmake_args' from command line to 'None'
[0.502s] Level 5:colcon.colcon_core.verb:set package 'my_robot_bringup' build argument 'cmake_target' from command line to 'None'
[0.502s] Level 5:colcon.colcon_core.verb:set package 'my_robot_bringup' build argument 'cmake_target_skip_unavailable' from command line to 'False'
[0.502s] Level 5:colcon.colcon_core.verb:set package 'my_robot_bringup' build argument 'cmake_clean_cache' from command line to 'False'
[0.502s] Level 5:colcon.colcon_core.verb:set package 'my_robot_bringup' build argument 'cmake_clean_first' from command line to 'False'
[0.502s] Level 5:colcon.colcon_core.verb:set package 'my_robot_bringup' build argument 'cmake_force_configure' from command line to 'False'
[0.502s] Level 5:colcon.colcon_core.verb:set package 'my_robot_bringup' build argument 'ament_cmake_args' from command line to 'None'
[0.502s] Level 5:colcon.colcon_core.verb:set package 'my_robot_bringup' build argument 'catkin_cmake_args' from command line to 'None'
[0.502s] Level 5:colcon.colcon_core.verb:set package 'my_robot_bringup' build argument 'catkin_skip_building_tests' from command line to 'False'
[0.502s] DEBUG:colcon.colcon_core.verb:Building package 'my_robot_bringup' with the following arguments: {'ament_cmake_args': None, 'build_base': '/home/misha/Documents/ROS2_Gazebo_tutorials/navigation_ws/build/my_robot_bringup', 'catkin_cmake_args': None, 'catkin_skip_building_tests': False, 'cmake_args': None, 'cmake_clean_cache': False, 'cmake_clean_first': False, 'cmake_force_configure': False, 'cmake_target': None, 'cmake_target_skip_unavailable': False, 'install_base': '/home/misha/Documents/ROS2_Gazebo_tutorials/navigation_ws/install/my_robot_bringup', 'merge_install': False, 'path': '/home/misha/Documents/ROS2_Gazebo_tutorials/navigation_ws/src/my_robot_bringup', 'symlink_install': False, 'test_result_base': None}
[0.502s] Level 5:colcon.colcon_core.verb:set package 'robot_mapping' build argument 'cmake_args' from command line to 'None'
[0.503s] Level 5:colcon.colcon_core.verb:set package 'robot_mapping' build argument 'cmake_target' from command line to 'None'
[0.503s] Level 5:colcon.colcon_core.verb:set package 'robot_mapping' build argument 'cmake_target_skip_unavailable' from command line to 'False'
[0.503s] Level 5:colcon.colcon_core.verb:set package 'robot_mapping' build argument 'cmake_clean_cache' from command line to 'False'
[0.503s] Level 5:colcon.colcon_core.verb:set package 'robot_mapping' build argument 'cmake_clean_first' from command line to 'False'
[0.503s] Level 5:colcon.colcon_core.verb:set package 'robot_mapping' build argument 'cmake_force_configure' from command line to 'False'
[0.503s] Level 5:colcon.colcon_core.verb:set package 'robot_mapping' build argument 'ament_cmake_args' from command line to 'None'
[0.503s] Level 5:colcon.colcon_core.verb:set package 'robot_mapping' build argument 'catkin_cmake_args' from command line to 'None'
[0.503s] Level 5:colcon.colcon_core.verb:set package 'robot_mapping' build argument 'catkin_skip_building_tests' from command line to 'False'
[0.503s] DEBUG:colcon.colcon_core.verb:Building package 'robot_mapping' with the following arguments: {'ament_cmake_args': None, 'build_base': '/home/misha/Documents/ROS2_Gazebo_tutorials/navigation_ws/build/robot_mapping', 'catkin_cmake_args': None, 'catkin_skip_building_tests': False, 'cmake_args': None, 'cmake_clean_cache': False, 'cmake_clean_first': False, 'cmake_force_configure': False, 'cmake_target': None, 'cmake_target_skip_unavailable': False, 'install_base': '/home/misha/Documents/ROS2_Gazebo_tutorials/navigation_ws/install/robot_mapping', 'merge_install': False, 'path': '/home/misha/Documents/ROS2_Gazebo_tutorials/navigation_ws/src/robot_mapping', 'symlink_install': False, 'test_result_base': None}
[0.503s] Level 5:colcon.colcon_core.verb:set package 'robot_odometry' build argument 'cmake_args' from command line to 'None'
[0.503s] Level 5:colcon.colcon_core.verb:set package 'robot_odometry' build argument 'cmake_target' from command line to 'None'
[0.504s] Level 5:colcon.colcon_core.verb:set package 'robot_odometry' build argument 'cmake_target_skip_unavailable' from command line to 'False'
[0.504s] Level 5:colcon.colcon_core.verb:set package 'robot_odometry' build argument 'cmake_clean_cache' from command line to 'False'
[0.504s] Level 5:colcon.colcon_core.verb:set package 'robot_odometry' build argument 'cmake_clean_first' from command line to 'False'
[0.504s] Level 5:colcon.colcon_core.verb:set package 'robot_odometry' build argument 'cmake_force_configure' from command line to 'False'
[0.504s] Level 5:colcon.colcon_core.verb:set package 'robot_odometry' build argument 'ament_cmake_args' from command line to 'None'
[0.504s] Level 5:colcon.colcon_core.verb:set package 'robot_odometry' build argument 'catkin_cmake_args' from command line to 'None'
[0.504s] Level 5:colcon.colcon_core.verb:set package 'robot_odometry' build argument 'catkin_skip_building_tests' from command line to 'False'
[0.504s] DEBUG:colcon.colcon_core.verb:Building package 'robot_odometry' with the following arguments: {'ament_cmake_args': None, 'build_base': '/home/misha/Documents/ROS2_Gazebo_tutorials/navigation_ws/build/robot_odometry', 'catkin_cmake_args': None, 'catkin_skip_building_tests': False, 'cmake_args': None, 'cmake_clean_cache': False, 'cmake_clean_first': False, 'cmake_force_configure': False, 'cmake_target': None, 'cmake_target_skip_unavailable': False, 'install_base': '/home/misha/Documents/ROS2_Gazebo_tutorials/navigation_ws/install/robot_odometry', 'merge_install': False, 'path': '/home/misha/Documents/ROS2_Gazebo_tutorials/navigation_ws/src/robot_odometry', 'symlink_install': False, 'test_result_base': None}
[0.504s] Level 5:colcon.colcon_core.verb:set package 'robot_slam' build argument 'cmake_args' from command line to 'None'
[0.504s] Level 5:colcon.colcon_core.verb:set package 'robot_slam' build argument 'cmake_target' from command line to 'None'
[0.504s] Level 5:colcon.colcon_core.verb:set package 'robot_slam' build argument 'cmake_target_skip_unavailable' from command line to 'False'
[0.504s] Level 5:colcon.colcon_core.verb:set package 'robot_slam' build argument 'cmake_clean_cache' from command line to 'False'
[0.505s] Level 5:colcon.colcon_core.verb:set package 'robot_slam' build argument 'cmake_clean_first' from command line to 'False'
[0.505s] Level 5:colcon.colcon_core.verb:set package 'robot_slam' build argument 'cmake_force_configure' from command line to 'False'
[0.505s] Level 5:colcon.colcon_core.verb:set package 'robot_slam' build argument 'ament_cmake_args' from command line to 'None'
[0.505s] Level 5:colcon.colcon_core.verb:set package 'robot_slam' build argument 'catkin_cmake_args' from command line to 'None'
[0.505s] Level 5:colcon.colcon_core.verb:set package 'robot_slam' build argument 'catkin_skip_building_tests' from command line to 'False'
[0.505s] DEBUG:colcon.colcon_core.verb:Building package 'robot_slam' with the following arguments: {'ament_cmake_args': None, 'build_base': '/home/misha/Documents/ROS2_Gazebo_tutorials/navigation_ws/build/robot_slam', 'catkin_cmake_args': None, 'catkin_skip_building_tests': False, 'cmake_args': None, 'cmake_clean_cache': False, 'cmake_clean_first': False, 'cmake_force_configure': False, 'cmake_target': None, 'cmake_target_skip_unavailable': False, 'install_base': '/home/misha/Documents/ROS2_Gazebo_tutorials/navigation_ws/install/robot_slam', 'merge_install': False, 'path': '/home/misha/Documents/ROS2_Gazebo_tutorials/navigation_ws/src/robot_slam', 'symlink_install': False, 'test_result_base': None}
[0.505s] Level 5:colcon.colcon_core.verb:set package 'robot_teleop' build argument 'cmake_args' from command line to 'None'
[0.505s] Level 5:colcon.colcon_core.verb:set package 'robot_teleop' build argument 'cmake_target' from command line to 'None'
[0.505s] Level 5:colcon.colcon_core.verb:set package 'robot_teleop' build argument 'cmake_target_skip_unavailable' from command line to 'False'
[0.505s] Level 5:colcon.colcon_core.verb:set package 'robot_teleop' build argument 'cmake_clean_cache' from command line to 'False'
[0.505s] Level 5:colcon.colcon_core.verb:set package 'robot_teleop' build argument 'cmake_clean_first' from command line to 'False'
[0.505s] Level 5:colcon.colcon_core.verb:set package 'robot_teleop' build argument 'cmake_force_configure' from command line to 'False'
[0.506s] Level 5:colcon.colcon_core.verb:set package 'robot_teleop' build argument 'ament_cmake_args' from command line to 'None'
[0.506s] Level 5:colcon.colcon_core.verb:set package 'robot_teleop' build argument 'catkin_cmake_args' from command line to 'None'
[0.506s] Level 5:colcon.colcon_core.verb:set package 'robot_teleop' build argument 'catkin_skip_building_tests' from command line to 'False'
[0.506s] DEBUG:colcon.colcon_core.verb:Building package 'robot_teleop' with the following arguments: {'ament_cmake_args': None, 'build_base': '/home/misha/Documents/ROS2_Gazebo_tutorials/navigation_ws/build/robot_teleop', 'catkin_cmake_args': None, 'catkin_skip_building_tests': False, 'cmake_args': None, 'cmake_clean_cache': False, 'cmake_clean_first': False, 'cmake_force_configure': False, 'cmake_target': None, 'cmake_target_skip_unavailable': False, 'install_base': '/home/misha/Documents/ROS2_Gazebo_tutorials/navigation_ws/install/robot_teleop', 'merge_install': False, 'path': '/home/misha/Documents/ROS2_Gazebo_tutorials/navigation_ws/src/robot_teleop', 'symlink_install': False, 'test_result_base': None}
[0.506s] Level 5:colcon.colcon_core.verb:set package 'robot_world' build argument 'cmake_args' from command line to 'None'
[0.506s] Level 5:colcon.colcon_core.verb:set package 'robot_world' build argument 'cmake_target' from command line to 'None'
[0.506s] Level 5:colcon.colcon_core.verb:set package 'robot_world' build argument 'cmake_target_skip_unavailable' from command line to 'False'
[0.506s] Level 5:colcon.colcon_core.verb:set package 'robot_world' build argument 'cmake_clean_cache' from command line to 'False'
[0.506s] Level 5:colcon.colcon_core.verb:set package 'robot_world' build argument 'cmake_clean_first' from command line to 'False'
[0.506s] Level 5:colcon.colcon_core.verb:set package 'robot_world' build argument 'cmake_force_configure' from command line to 'False'
[0.506s] Level 5:colcon.colcon_core.verb:set package 'robot_world' build argument 'ament_cmake_args' from command line to 'None'
[0.506s] Level 5:colcon.colcon_core.verb:set package 'robot_world' build argument 'catkin_cmake_args' from command line to 'None'
[0.507s] Level 5:colcon.colcon_core.verb:set package 'robot_world' build argument 'catkin_skip_building_tests' from command line to 'False'
[0.507s] DEBUG:colcon.colcon_core.verb:Building package 'robot_world' with the following arguments: {'ament_cmake_args': None, 'build_base': '/home/misha/Documents/ROS2_Gazebo_tutorials/navigation_ws/build/robot_world', 'catkin_cmake_args': None, 'catkin_skip_building_tests': False, 'cmake_args': None, 'cmake_clean_cache': False, 'cmake_clean_first': False, 'cmake_force_configure': False, 'cmake_target': None, 'cmake_target_skip_unavailable': False, 'install_base': '/home/misha/Documents/ROS2_Gazebo_tutorials/navigation_ws/install/robot_world', 'merge_install': False, 'path': '/home/misha/Documents/ROS2_Gazebo_tutorials/navigation_ws/src/robot_world', 'symlink_install': False, 'test_result_base': None}
[0.507s] Level 5:colcon.colcon_core.verb:set package 'test_robot_plugin' build argument 'cmake_args' from command line to 'None'
[0.507s] Level 5:colcon.colcon_core.verb:set package 'test_robot_plugin' build argument 'cmake_target' from command line to 'None'
[0.507s] Level 5:colcon.colcon_core.verb:set package 'test_robot_plugin' build argument 'cmake_target_skip_unavailable' from command line to 'False'
[0.507s] Level 5:colcon.colcon_core.verb:set package 'test_robot_plugin' build argument 'cmake_clean_cache' from command line to 'False'
[0.507s] Level 5:colcon.colcon_core.verb:set package 'test_robot_plugin' build argument 'cmake_clean_first' from command line to 'False'
[0.507s] Level 5:colcon.colcon_core.verb:set package 'test_robot_plugin' build argument 'cmake_force_configure' from command line to 'False'
[0.507s] Level 5:colcon.colcon_core.verb:set package 'test_robot_plugin' build argument 'ament_cmake_args' from command line to 'None'
[0.507s] Level 5:colcon.colcon_core.verb:set package 'test_robot_plugin' build argument 'catkin_cmake_args' from command line to 'None'
[0.507s] Level 5:colcon.colcon_core.verb:set package 'test_robot_plugin' build argument 'catkin_skip_building_tests' from command line to 'False'
[0.507s] DEBUG:colcon.colcon_core.verb:Building package 'test_robot_plugin' with the following arguments: {'ament_cmake_args': None, 'build_base': '/home/misha/Documents/ROS2_Gazebo_tutorials/navigation_ws/build/test_robot_plugin', 'catkin_cmake_args': None, 'catkin_skip_building_tests': False, 'cmake_args': None, 'cmake_clean_cache': False, 'cmake_clean_first': False, 'cmake_force_configure': False, 'cmake_target': None, 'cmake_target_skip_unavailable': False, 'install_base': '/home/misha/Documents/ROS2_Gazebo_tutorials/navigation_ws/install/test_robot_plugin', 'merge_install': False, 'path': '/home/misha/Documents/ROS2_Gazebo_tutorials/navigation_ws/src/test_robot_plugin', 'symlink_install': False, 'test_result_base': None}
[0.508s] INFO:colcon.colcon_core.executor:Executing jobs using 'parallel' executor
[0.509s] DEBUG:colcon.colcon_parallel_executor.executor.parallel:run_until_complete
[0.509s] INFO:colcon.colcon_ros.task.ament_cmake.build:Building ROS package in '/home/misha/Documents/ROS2_Gazebo_tutorials/navigation_ws/src/global_map_ex' with build type 'ament_cmake'
[0.509s] INFO:colcon.colcon_cmake.task.cmake.build:Building CMake package in '/home/misha/Documents/ROS2_Gazebo_tutorials/navigation_ws/src/global_map_ex'
[0.513s] INFO:colcon.colcon_core.plugin_system:Skipping extension 'colcon_core.shell.bat': Not used on non-Windows systems
[0.513s] INFO:colcon.colcon_core.shell:Skip shell extension 'powershell' for command environment: Not usable outside of PowerShell
[0.514s] DEBUG:colcon.colcon_core.shell:Skip shell extension 'dsv' for command environment
[0.521s] INFO:colcon.colcon_ros.task.ament_cmake.build:Building ROS package in '/home/misha/Documents/ROS2_Gazebo_tutorials/navigation_ws/src/my_robot_bringup' with build type 'ament_cmake'
[0.521s] INFO:colcon.colcon_cmake.task.cmake.build:Building CMake package in '/home/misha/Documents/ROS2_Gazebo_tutorials/navigation_ws/src/my_robot_bringup'
[0.522s] INFO:colcon.colcon_core.shell:Skip shell extension 'powershell' for command environment: Not usable outside of PowerShell
[0.522s] DEBUG:colcon.colcon_core.shell:Skip shell extension 'dsv' for command environment
[0.530s] INFO:colcon.colcon_ros.task.ament_cmake.build:Building ROS package in '/home/misha/Documents/ROS2_Gazebo_tutorials/navigation_ws/src/robot_mapping' with build type 'ament_cmake'
[0.530s] INFO:colcon.colcon_cmake.task.cmake.build:Building CMake package in '/home/misha/Documents/ROS2_Gazebo_tutorials/navigation_ws/src/robot_mapping'
[0.532s] INFO:colcon.colcon_core.shell:Skip shell extension 'powershell' for command environment: Not usable outside of PowerShell
[0.533s] DEBUG:colcon.colcon_core.shell:Skip shell extension 'dsv' for command environment
[0.539s] INFO:colcon.colcon_ros.task.ament_cmake.build:Building ROS package in '/home/misha/Documents/ROS2_Gazebo_tutorials/navigation_ws/src/robot_odometry' with build type 'ament_cmake'
[0.539s] INFO:colcon.colcon_cmake.task.cmake.build:Building CMake package in '/home/misha/Documents/ROS2_Gazebo_tutorials/navigation_ws/src/robot_odometry'
[0.540s] INFO:colcon.colcon_core.shell:Skip shell extension 'powershell' for command environment: Not usable outside of PowerShell
[0.540s] DEBUG:colcon.colcon_core.shell:Skip shell extension 'dsv' for command environment
[0.547s] INFO:colcon.colcon_ros.task.ament_cmake.build:Building ROS package in '/home/misha/Documents/ROS2_Gazebo_tutorials/navigation_ws/src/robot_slam' with build type 'ament_cmake'
[0.548s] INFO:colcon.colcon_cmake.task.cmake.build:Building CMake package in '/home/misha/Documents/ROS2_Gazebo_tutorials/navigation_ws/src/robot_slam'
[0.550s] INFO:colcon.colcon_core.shell:Skip shell extension 'powershell' for command environment: Not usable outside of PowerShell
[0.550s] DEBUG:colcon.colcon_core.shell:Skip shell extension 'dsv' for command environment
[0.560s] INFO:colcon.colcon_ros.task.ament_cmake.build:Building ROS package in '/home/misha/Documents/ROS2_Gazebo_tutorials/navigation_ws/src/robot_teleop' with build type 'ament_cmake'
[0.561s] INFO:colcon.colcon_cmake.task.cmake.build:Building CMake package in '/home/misha/Documents/ROS2_Gazebo_tutorials/navigation_ws/src/robot_teleop'
[0.561s] INFO:colcon.colcon_core.shell:Skip shell extension 'powershell' for command environment: Not usable outside of PowerShell
[0.561s] DEBUG:colcon.colcon_core.shell:Skip shell extension 'dsv' for command environment
[0.572s] INFO:colcon.colcon_ros.task.ament_cmake.build:Building ROS package in '/home/misha/Documents/ROS2_Gazebo_tutorials/navigation_ws/src/robot_world' with build type 'ament_cmake'
[0.572s] INFO:colcon.colcon_cmake.task.cmake.build:Building CMake package in '/home/misha/Documents/ROS2_Gazebo_tutorials/navigation_ws/src/robot_world'
[0.573s] INFO:colcon.colcon_core.shell:Skip shell extension 'powershell' for command environment: Not usable outside of PowerShell
[0.573s] DEBUG:colcon.colcon_core.shell:Skip shell extension 'dsv' for command environment
[0.579s] INFO:colcon.colcon_ros.task.ament_cmake.build:Building ROS package in '/home/misha/Documents/ROS2_Gazebo_tutorials/navigation_ws/src/test_robot_plugin' with build type 'ament_cmake'
[0.581s] INFO:colcon.colcon_cmake.task.cmake.build:Building CMake package in '/home/misha/Documents/ROS2_Gazebo_tutorials/navigation_ws/src/test_robot_plugin'
[0.584s] INFO:colcon.colcon_core.shell:Skip shell extension 'powershell' for command environment: Not usable outside of PowerShell
[0.584s] DEBUG:colcon.colcon_core.shell:Skip shell extension 'dsv' for command environment
[0.612s] DEBUG:colcon.colcon_core.event_handler.log_command:Invoking command in '/home/misha/Documents/ROS2_Gazebo_tutorials/navigation_ws/build/global_map_ex': CMAKE_PREFIX_PATH=${CMAKE_PREFIX_PATH}:/opt/ros/humble /usr/bin/cmake --build /home/misha/Documents/ROS2_Gazebo_tutorials/navigation_ws/build/global_map_ex -- -j8 -l8
[0.622s] DEBUG:colcon.colcon_core.event_handler.log_command:Invoking command in '/home/misha/Documents/ROS2_Gazebo_tutorials/navigation_ws/build/my_robot_bringup': CMAKE_PREFIX_PATH=${CMAKE_PREFIX_PATH}:/opt/ros/humble /usr/bin/cmake --build /home/misha/Documents/ROS2_Gazebo_tutorials/navigation_ws/build/my_robot_bringup -- -j8 -l8
[0.630s] DEBUG:colcon.colcon_core.event_handler.log_command:Invoking command in '/home/misha/Documents/ROS2_Gazebo_tutorials/navigation_ws/build/robot_mapping': CMAKE_PREFIX_PATH=${CMAKE_PREFIX_PATH}:/opt/ros/humble /usr/bin/cmake --build /home/misha/Documents/ROS2_Gazebo_tutorials/navigation_ws/build/robot_mapping -- -j8 -l8
[0.639s] DEBUG:colcon.colcon_core.event_handler.log_command:Invoking command in '/home/misha/Documents/ROS2_Gazebo_tutorials/navigation_ws/build/robot_odometry': CMAKE_PREFIX_PATH=${CMAKE_PREFIX_PATH}:/opt/ros/humble /usr/bin/cmake --build /home/misha/Documents/ROS2_Gazebo_tutorials/navigation_ws/build/robot_odometry -- -j8 -l8
[0.667s] DEBUG:colcon.colcon_core.event_handler.log_command:Invoking command in '/home/misha/Documents/ROS2_Gazebo_tutorials/navigation_ws/build/robot_slam': CMAKE_PREFIX_PATH=${CMAKE_PREFIX_PATH}:/opt/ros/humble /usr/bin/cmake --build /home/misha/Documents/ROS2_Gazebo_tutorials/navigation_ws/build/robot_slam -- -j8 -l8
[0.689s] DEBUG:colcon.colcon_core.event_handler.log_command:Invoking command in '/home/misha/Documents/ROS2_Gazebo_tutorials/navigation_ws/build/robot_teleop': CMAKE_PREFIX_PATH=${CMAKE_PREFIX_PATH}:/opt/ros/humble /usr/bin/cmake --build /home/misha/Documents/ROS2_Gazebo_tutorials/navigation_ws/build/robot_teleop -- -j8 -l8
[0.698s] DEBUG:colcon.colcon_core.event_handler.log_command:Invoking command in '/home/misha/Documents/ROS2_Gazebo_tutorials/navigation_ws/build/robot_world': CMAKE_PREFIX_PATH=${CMAKE_PREFIX_PATH}:/opt/ros/humble /usr/bin/cmake --build /home/misha/Documents/ROS2_Gazebo_tutorials/navigation_ws/build/robot_world -- -j8 -l8
[0.713s] DEBUG:colcon.colcon_core.event_handler.log_command:Invoking command in '/home/misha/Documents/ROS2_Gazebo_tutorials/navigation_ws/build/test_robot_plugin': CMAKE_PREFIX_PATH=${CMAKE_PREFIX_PATH}:/opt/ros/humble /usr/bin/cmake --build /home/misha/Documents/ROS2_Gazebo_tutorials/navigation_ws/build/test_robot_plugin -- -j8 -l8
[0.823s] DEBUG:colcon.colcon_core.event_handler.log_command:Invoked command in '/home/misha/Documents/ROS2_Gazebo_tutorials/navigation_ws/build/my_robot_bringup' returned '0': CMAKE_PREFIX_PATH=${CMAKE_PREFIX_PATH}:/opt/ros/humble /usr/bin/cmake --build /home/misha/Documents/ROS2_Gazebo_tutorials/navigation_ws/build/my_robot_bringup -- -j8 -l8
[0.860s] DEBUG:colcon.colcon_core.event_handler.log_command:Invoking command in '/home/misha/Documents/ROS2_Gazebo_tutorials/navigation_ws/build/my_robot_bringup': CMAKE_PREFIX_PATH=${CMAKE_PREFIX_PATH}:/opt/ros/humble /usr/bin/cmake --install /home/misha/Documents/ROS2_Gazebo_tutorials/navigation_ws/build/my_robot_bringup
[0.890s] DEBUG:colcon.colcon_core.event_handler.log_command:Invoked command in '/home/misha/Documents/ROS2_Gazebo_tutorials/navigation_ws/build/robot_world' returned '0': CMAKE_PREFIX_PATH=${CMAKE_PREFIX_PATH}:/opt/ros/humble /usr/bin/cmake --build /home/misha/Documents/ROS2_Gazebo_tutorials/navigation_ws/build/robot_world -- -j8 -l8
[0.890s] DEBUG:colcon.colcon_core.event_handler.log_command:Invoking command in '/home/misha/Documents/ROS2_Gazebo_tutorials/navigation_ws/build/robot_world': CMAKE_PREFIX_PATH=${CMAKE_PREFIX_PATH}:/opt/ros/humble /usr/bin/cmake --install /home/misha/Documents/ROS2_Gazebo_tutorials/navigation_ws/build/robot_world
[0.941s] DEBUG:colcon.colcon_core.event_handler.log_command:Invoked command in '/home/misha/Documents/ROS2_Gazebo_tutorials/navigation_ws/build/robot_odometry' returned '0': CMAKE_PREFIX_PATH=${CMAKE_PREFIX_PATH}:/opt/ros/humble /usr/bin/cmake --build /home/misha/Documents/ROS2_Gazebo_tutorials/navigation_ws/build/robot_odometry -- -j8 -l8
[0.944s] DEBUG:colcon.colcon_core.event_handler.log_command:Invoking command in '/home/misha/Documents/ROS2_Gazebo_tutorials/navigation_ws/build/robot_odometry': CMAKE_PREFIX_PATH=${CMAKE_PREFIX_PATH}:/opt/ros/humble /usr/bin/cmake --install /home/misha/Documents/ROS2_Gazebo_tutorials/navigation_ws/build/robot_odometry
[0.970s] DEBUG:colcon.colcon_core.event_handler.log_command:Invoked command in '/home/misha/Documents/ROS2_Gazebo_tutorials/navigation_ws/build/robot_mapping' returned '0': CMAKE_PREFIX_PATH=${CMAKE_PREFIX_PATH}:/opt/ros/humble /usr/bin/cmake --build /home/misha/Documents/ROS2_Gazebo_tutorials/navigation_ws/build/robot_mapping -- -j8 -l8
[0.975s] DEBUG:colcon.colcon_core.event_handler.log_command:Invoking command in '/home/misha/Documents/ROS2_Gazebo_tutorials/navigation_ws/build/robot_mapping': CMAKE_PREFIX_PATH=${CMAKE_PREFIX_PATH}:/opt/ros/humble /usr/bin/cmake --install /home/misha/Documents/ROS2_Gazebo_tutorials/navigation_ws/build/robot_mapping
[0.977s] Level 1:colcon.colcon_core.environment:create_environment_scripts_only(my_robot_bringup)
[0.984s] DEBUG:colcon.colcon_core.event_handler.log_command:Invoked command in '/home/misha/Documents/ROS2_Gazebo_tutorials/navigation_ws/build/my_robot_bringup' returned '0': CMAKE_PREFIX_PATH=${CMAKE_PREFIX_PATH}:/opt/ros/humble /usr/bin/cmake --install /home/misha/Documents/ROS2_Gazebo_tutorials/navigation_ws/build/my_robot_bringup
[0.995s] Level 1:colcon.colcon_core.environment:checking '/home/misha/Documents/ROS2_Gazebo_tutorials/navigation_ws/install/my_robot_bringup' for CMake module files
[0.997s] Level 1:colcon.colcon_core.environment:checking '/home/misha/Documents/ROS2_Gazebo_tutorials/navigation_ws/install/my_robot_bringup' for CMake config files
[1.001s] Level 1:colcon.colcon_core.shell:create_environment_hook('my_robot_bringup', 'cmake_prefix_path')
[1.002s] INFO:colcon.colcon_core.shell:Creating environment hook '/home/misha/Documents/ROS2_Gazebo_tutorials/navigation_ws/install/my_robot_bringup/share/my_robot_bringup/hook/cmake_prefix_path.ps1'
[1.006s] INFO:colcon.colcon_core.shell:Creating environment descriptor '/home/misha/Documents/ROS2_Gazebo_tutorials/navigation_ws/install/my_robot_bringup/share/my_robot_bringup/hook/cmake_prefix_path.dsv'
[1.011s] INFO:colcon.colcon_core.shell:Creating environment hook '/home/misha/Documents/ROS2_Gazebo_tutorials/navigation_ws/install/my_robot_bringup/share/my_robot_bringup/hook/cmake_prefix_path.sh'
[1.015s] Level 1:colcon.colcon_core.environment:checking '/home/misha/Documents/ROS2_Gazebo_tutorials/navigation_ws/install/my_robot_bringup/bin'
[1.016s] Level 1:colcon.colcon_core.environment:checking '/home/misha/Documents/ROS2_Gazebo_tutorials/navigation_ws/install/my_robot_bringup/lib/pkgconfig/my_robot_bringup.pc'
[1.017s] Level 1:colcon.colcon_core.environment:checking '/home/misha/Documents/ROS2_Gazebo_tutorials/navigation_ws/install/my_robot_bringup/lib/python3.10/site-packages'
[1.018s] Level 1:colcon.colcon_core.environment:checking '/home/misha/Documents/ROS2_Gazebo_tutorials/navigation_ws/install/my_robot_bringup/bin'
[1.020s] INFO:colcon.colcon_core.shell:Creating package script '/home/misha/Documents/ROS2_Gazebo_tutorials/navigation_ws/install/my_robot_bringup/share/my_robot_bringup/package.ps1'
[1.029s] INFO:colcon.colcon_core.shell:Creating package descriptor '/home/misha/Documents/ROS2_Gazebo_tutorials/navigation_ws/install/my_robot_bringup/share/my_robot_bringup/package.dsv'
[1.032s] INFO:colcon.colcon_core.shell:Creating package script '/home/misha/Documents/ROS2_Gazebo_tutorials/navigation_ws/install/my_robot_bringup/share/my_robot_bringup/package.sh'
[1.039s] INFO:colcon.colcon_core.shell:Creating package script '/home/misha/Documents/ROS2_Gazebo_tutorials/navigation_ws/install/my_robot_bringup/share/my_robot_bringup/package.bash'
[1.041s] INFO:colcon.colcon_core.shell:Creating package script '/home/misha/Documents/ROS2_Gazebo_tutorials/navigation_ws/install/my_robot_bringup/share/my_robot_bringup/package.zsh'
[1.043s] Level 1:colcon.colcon_core.environment:create_file_with_runtime_dependencies(/home/misha/Documents/ROS2_Gazebo_tutorials/navigation_ws/install/my_robot_bringup/share/colcon-core/packages/my_robot_bringup)
[1.045s] Level 1:colcon.colcon_core.environment:create_environment_scripts_only(my_robot_bringup)
[1.045s] Level 1:colcon.colcon_core.environment:checking '/home/misha/Documents/ROS2_Gazebo_tutorials/navigation_ws/install/my_robot_bringup' for CMake module files
[1.046s] Level 1:colcon.colcon_core.environment:checking '/home/misha/Documents/ROS2_Gazebo_tutorials/navigation_ws/install/my_robot_bringup' for CMake config files
[1.047s] Level 1:colcon.colcon_core.shell:create_environment_hook('my_robot_bringup', 'cmake_prefix_path')
[1.049s] INFO:colcon.colcon_core.shell:Creating environment hook '/home/misha/Documents/ROS2_Gazebo_tutorials/navigation_ws/install/my_robot_bringup/share/my_robot_bringup/hook/cmake_prefix_path.ps1'
[1.050s] INFO:colcon.colcon_core.shell:Creating environment descriptor '/home/misha/Documents/ROS2_Gazebo_tutorials/navigation_ws/install/my_robot_bringup/share/my_robot_bringup/hook/cmake_prefix_path.dsv'
[1.051s] INFO:colcon.colcon_core.shell:Creating environment hook '/home/misha/Documents/ROS2_Gazebo_tutorials/navigation_ws/install/my_robot_bringup/share/my_robot_bringup/hook/cmake_prefix_path.sh'
[1.053s] Level 1:colcon.colcon_core.environment:checking '/home/misha/Documents/ROS2_Gazebo_tutorials/navigation_ws/install/my_robot_bringup/bin'
[1.054s] Level 1:colcon.colcon_core.environment:checking '/home/misha/Documents/ROS2_Gazebo_tutorials/navigation_ws/install/my_robot_bringup/lib/pkgconfig/my_robot_bringup.pc'
[1.055s] Level 1:colcon.colcon_core.environment:checking '/home/misha/Documents/ROS2_Gazebo_tutorials/navigation_ws/install/my_robot_bringup/lib/python3.10/site-packages'
[1.056s] Level 1:colcon.colcon_core.environment:checking '/home/misha/Documents/ROS2_Gazebo_tutorials/navigation_ws/install/my_robot_bringup/bin'
[1.058s] INFO:colcon.colcon_core.shell:Creating package script '/home/misha/Documents/ROS2_Gazebo_tutorials/navigation_ws/install/my_robot_bringup/share/my_robot_bringup/package.ps1'
[1.060s] INFO:colcon.colcon_core.shell:Creating package descriptor '/home/misha/Documents/ROS2_Gazebo_tutorials/navigation_ws/install/my_robot_bringup/share/my_robot_bringup/package.dsv'
[1.062s] INFO:colcon.colcon_core.shell:Creating package script '/home/misha/Documents/ROS2_Gazebo_tutorials/navigation_ws/install/my_robot_bringup/share/my_robot_bringup/package.sh'
[1.066s] INFO:colcon.colcon_core.shell:Creating package script '/home/misha/Documents/ROS2_Gazebo_tutorials/navigation_ws/install/my_robot_bringup/share/my_robot_bringup/package.bash'
[1.067s] INFO:colcon.colcon_core.shell:Creating package script '/home/misha/Documents/ROS2_Gazebo_tutorials/navigation_ws/install/my_robot_bringup/share/my_robot_bringup/package.zsh'
[1.070s] Level 1:colcon.colcon_core.environment:create_file_with_runtime_dependencies(/home/misha/Documents/ROS2_Gazebo_tutorials/navigation_ws/install/my_robot_bringup/share/colcon-core/packages/my_robot_bringup)
[1.078s] Level 1:colcon.colcon_core.environment:create_environment_scripts_only(robot_world)
[1.079s] Level 1:colcon.colcon_core.environment:checking '/home/misha/Documents/ROS2_Gazebo_tutorials/navigation_ws/install/robot_world' for CMake module files
[1.087s] DEBUG:colcon.colcon_core.event_handler.log_command:Invoked command in '/home/misha/Documents/ROS2_Gazebo_tutorials/navigation_ws/build/robot_world' returned '0': CMAKE_PREFIX_PATH=${CMAKE_PREFIX_PATH}:/opt/ros/humble /usr/bin/cmake --install /home/misha/Documents/ROS2_Gazebo_tutorials/navigation_ws/build/robot_world
[1.088s] Level 1:colcon.colcon_core.environment:checking '/home/misha/Documents/ROS2_Gazebo_tutorials/navigation_ws/install/robot_world' for CMake config files
[1.089s] Level 1:colcon.colcon_core.shell:create_environment_hook('robot_world', 'cmake_prefix_path')
[1.090s] INFO:colcon.colcon_core.shell:Creating environment hook '/home/misha/Documents/ROS2_Gazebo_tutorials/navigation_ws/install/robot_world/share/robot_world/hook/cmake_prefix_path.ps1'
[1.092s] INFO:colcon.colcon_core.shell:Creating environment descriptor '/home/misha/Documents/ROS2_Gazebo_tutorials/navigation_ws/install/robot_world/share/robot_world/hook/cmake_prefix_path.dsv'
[1.093s] INFO:colcon.colcon_core.shell:Creating environment hook '/home/misha/Documents/ROS2_Gazebo_tutorials/navigation_ws/install/robot_world/share/robot_world/hook/cmake_prefix_path.sh'
[1.095s] Level 1:colcon.colcon_core.environment:checking '/home/misha/Documents/ROS2_Gazebo_tutorials/navigation_ws/install/robot_world/bin'
[1.095s] Level 1:colcon.colcon_core.environment:checking '/home/misha/Documents/ROS2_Gazebo_tutorials/navigation_ws/install/robot_world/lib/pkgconfig/robot_world.pc'
[1.096s] Level 1:colcon.colcon_core.environment:checking '/home/misha/Documents/ROS2_Gazebo_tutorials/navigation_ws/install/robot_world/lib/python3.10/site-packages'
[1.097s] Level 1:colcon.colcon_core.environment:checking '/home/misha/Documents/ROS2_Gazebo_tutorials/navigation_ws/install/robot_world/bin'
[1.099s] INFO:colcon.colcon_core.shell:Creating package script '/home/misha/Documents/ROS2_Gazebo_tutorials/navigation_ws/install/robot_world/share/robot_world/package.ps1'
[1.102s] INFO:colcon.colcon_core.shell:Creating package descriptor '/home/misha/Documents/ROS2_Gazebo_tutorials/navigation_ws/install/robot_world/share/robot_world/package.dsv'
[1.104s] INFO:colcon.colcon_core.shell:Creating package script '/home/misha/Documents/ROS2_Gazebo_tutorials/navigation_ws/install/robot_world/share/robot_world/package.sh'
[1.105s] INFO:colcon.colcon_core.shell:Creating package script '/home/misha/Documents/ROS2_Gazebo_tutorials/navigation_ws/install/robot_world/share/robot_world/package.bash'
[1.107s] INFO:colcon.colcon_core.shell:Creating package script '/home/misha/Documents/ROS2_Gazebo_tutorials/navigation_ws/install/robot_world/share/robot_world/package.zsh'
[1.107s] Level 1:colcon.colcon_core.environment:create_file_with_runtime_dependencies(/home/misha/Documents/ROS2_Gazebo_tutorials/navigation_ws/install/robot_world/share/colcon-core/packages/robot_world)
[1.109s] Level 1:colcon.colcon_core.environment:create_environment_scripts_only(robot_world)
[1.109s] Level 1:colcon.colcon_core.environment:checking '/home/misha/Documents/ROS2_Gazebo_tutorials/navigation_ws/install/robot_world' for CMake module files
[1.111s] Level 1:colcon.colcon_core.environment:checking '/home/misha/Documents/ROS2_Gazebo_tutorials/navigation_ws/install/robot_world' for CMake config files
[1.111s] Level 1:colcon.colcon_core.shell:create_environment_hook('robot_world', 'cmake_prefix_path')
[1.112s] INFO:colcon.colcon_core.shell:Creating environment hook '/home/misha/Documents/ROS2_Gazebo_tutorials/navigation_ws/install/robot_world/share/robot_world/hook/cmake_prefix_path.ps1'
[1.113s] INFO:colcon.colcon_core.shell:Creating environment descriptor '/home/misha/Documents/ROS2_Gazebo_tutorials/navigation_ws/install/robot_world/share/robot_world/hook/cmake_prefix_path.dsv'
[1.114s] INFO:colcon.colcon_core.shell:Creating environment hook '/home/misha/Documents/ROS2_Gazebo_tutorials/navigation_ws/install/robot_world/share/robot_world/hook/cmake_prefix_path.sh'
[1.116s] Level 1:colcon.colcon_core.environment:checking '/home/misha/Documents/ROS2_Gazebo_tutorials/navigation_ws/install/robot_world/bin'
[1.116s] Level 1:colcon.colcon_core.environment:checking '/home/misha/Documents/ROS2_Gazebo_tutorials/navigation_ws/install/robot_world/lib/pkgconfig/robot_world.pc'
[1.117s] Level 1:colcon.colcon_core.environment:checking '/home/misha/Documents/ROS2_Gazebo_tutorials/navigation_ws/install/robot_world/lib/python3.10/site-packages'
[1.118s] Level 1:colcon.colcon_core.environment:checking '/home/misha/Documents/ROS2_Gazebo_tutorials/navigation_ws/install/robot_world/bin'
[1.119s] INFO:colcon.colcon_core.shell:Creating package script '/home/misha/Documents/ROS2_Gazebo_tutorials/navigation_ws/install/robot_world/share/robot_world/package.ps1'
[1.121s] INFO:colcon.colcon_core.shell:Creating package descriptor '/home/misha/Documents/ROS2_Gazebo_tutorials/navigation_ws/install/robot_world/share/robot_world/package.dsv'
[1.122s] INFO:colcon.colcon_core.shell:Creating package script '/home/misha/Documents/ROS2_Gazebo_tutorials/navigation_ws/install/robot_world/share/robot_world/package.sh'
[1.123s] INFO:colcon.colcon_core.shell:Creating package script '/home/misha/Documents/ROS2_Gazebo_tutorials/navigation_ws/install/robot_world/share/robot_world/package.bash'
[1.125s] INFO:colcon.colcon_core.shell:Creating package script '/home/misha/Documents/ROS2_Gazebo_tutorials/navigation_ws/install/robot_world/share/robot_world/package.zsh'
[1.126s] Level 1:colcon.colcon_core.environment:create_file_with_runtime_dependencies(/home/misha/Documents/ROS2_Gazebo_tutorials/navigation_ws/install/robot_world/share/colcon-core/packages/robot_world)
[1.126s] Level 1:colcon.colcon_core.environment:create_environment_scripts_only(robot_mapping)
[1.127s] Level 1:colcon.colcon_core.environment:checking '/home/misha/Documents/ROS2_Gazebo_tutorials/navigation_ws/install/robot_mapping' for CMake module files
[1.130s] DEBUG:colcon.colcon_core.event_handler.log_command:Invoked command in '/home/misha/Documents/ROS2_Gazebo_tutorials/navigation_ws/build/robot_mapping' returned '0': CMAKE_PREFIX_PATH=${CMAKE_PREFIX_PATH}:/opt/ros/humble /usr/bin/cmake --install /home/misha/Documents/ROS2_Gazebo_tutorials/navigation_ws/build/robot_mapping
[1.133s] Level 1:colcon.colcon_core.environment:checking '/home/misha/Documents/ROS2_Gazebo_tutorials/navigation_ws/install/robot_mapping' for CMake config files
[1.133s] Level 1:colcon.colcon_core.shell:create_environment_hook('robot_mapping', 'cmake_prefix_path')
[1.134s] INFO:colcon.colcon_core.shell:Creating environment hook '/home/misha/Documents/ROS2_Gazebo_tutorials/navigation_ws/install/robot_mapping/share/robot_mapping/hook/cmake_prefix_path.ps1'
[1.137s] INFO:colcon.colcon_core.shell:Creating environment descriptor '/home/misha/Documents/ROS2_Gazebo_tutorials/navigation_ws/install/robot_mapping/share/robot_mapping/hook/cmake_prefix_path.dsv'
[1.139s] INFO:colcon.colcon_core.shell:Creating environment hook '/home/misha/Documents/ROS2_Gazebo_tutorials/navigation_ws/install/robot_mapping/share/robot_mapping/hook/cmake_prefix_path.sh'
[1.141s] Level 1:colcon.colcon_core.environment:checking '/home/misha/Documents/ROS2_Gazebo_tutorials/navigation_ws/install/robot_mapping/lib'
[1.142s] Level 1:colcon.colcon_core.environment:checking '/home/misha/Documents/ROS2_Gazebo_tutorials/navigation_ws/install/robot_mapping/bin'
[1.142s] Level 1:colcon.colcon_core.environment:checking '/home/misha/Documents/ROS2_Gazebo_tutorials/navigation_ws/install/robot_mapping/lib/pkgconfig/robot_mapping.pc'
[1.142s] Level 1:colcon.colcon_core.environment:checking '/home/misha/Documents/ROS2_Gazebo_tutorials/navigation_ws/install/robot_mapping/lib/python3.10/site-packages'
[1.143s] Level 1:colcon.colcon_core.environment:checking '/home/misha/Documents/ROS2_Gazebo_tutorials/navigation_ws/install/robot_mapping/bin'
[1.144s] INFO:colcon.colcon_core.shell:Creating package script '/home/misha/Documents/ROS2_Gazebo_tutorials/navigation_ws/install/robot_mapping/share/robot_mapping/package.ps1'
[1.145s] INFO:colcon.colcon_core.shell:Creating package descriptor '/home/misha/Documents/ROS2_Gazebo_tutorials/navigation_ws/install/robot_mapping/share/robot_mapping/package.dsv'
[1.145s] INFO:colcon.colcon_core.shell:Creating package script '/home/misha/Documents/ROS2_Gazebo_tutorials/navigation_ws/install/robot_mapping/share/robot_mapping/package.sh'
[1.147s] INFO:colcon.colcon_core.shell:Creating package script '/home/misha/Documents/ROS2_Gazebo_tutorials/navigation_ws/install/robot_mapping/share/robot_mapping/package.bash'
[1.149s] INFO:colcon.colcon_core.shell:Creating package script '/home/misha/Documents/ROS2_Gazebo_tutorials/navigation_ws/install/robot_mapping/share/robot_mapping/package.zsh'
[1.150s] Level 1:colcon.colcon_core.environment:create_file_with_runtime_dependencies(/home/misha/Documents/ROS2_Gazebo_tutorials/navigation_ws/install/robot_mapping/share/colcon-core/packages/robot_mapping)
[1.151s] Level 1:colcon.colcon_core.environment:create_environment_scripts_only(robot_mapping)
[1.152s] Level 1:colcon.colcon_core.environment:checking '/home/misha/Documents/ROS2_Gazebo_tutorials/navigation_ws/install/robot_mapping' for CMake module files
[1.154s] Level 1:colcon.colcon_core.environment:checking '/home/misha/Documents/ROS2_Gazebo_tutorials/navigation_ws/install/robot_mapping' for CMake config files
[1.154s] Level 1:colcon.colcon_core.shell:create_environment_hook('robot_mapping', 'cmake_prefix_path')
[1.155s] INFO:colcon.colcon_core.shell:Creating environment hook '/home/misha/Documents/ROS2_Gazebo_tutorials/navigation_ws/install/robot_mapping/share/robot_mapping/hook/cmake_prefix_path.ps1'
[1.156s] INFO:colcon.colcon_core.shell:Creating environment descriptor '/home/misha/Documents/ROS2_Gazebo_tutorials/navigation_ws/install/robot_mapping/share/robot_mapping/hook/cmake_prefix_path.dsv'
[1.157s] INFO:colcon.colcon_core.shell:Creating environment hook '/home/misha/Documents/ROS2_Gazebo_tutorials/navigation_ws/install/robot_mapping/share/robot_mapping/hook/cmake_prefix_path.sh'
[1.159s] Level 1:colcon.colcon_core.environment:checking '/home/misha/Documents/ROS2_Gazebo_tutorials/navigation_ws/install/robot_mapping/lib'
[1.159s] Level 1:colcon.colcon_core.environment:checking '/home/misha/Documents/ROS2_Gazebo_tutorials/navigation_ws/install/robot_mapping/bin'
[1.159s] Level 1:colcon.colcon_core.environment:checking '/home/misha/Documents/ROS2_Gazebo_tutorials/navigation_ws/install/robot_mapping/lib/pkgconfig/robot_mapping.pc'
[1.159s] Level 1:colcon.colcon_core.environment:checking '/home/misha/Documents/ROS2_Gazebo_tutorials/navigation_ws/install/robot_mapping/lib/python3.10/site-packages'
[1.160s] Level 1:colcon.colcon_core.environment:checking '/home/misha/Documents/ROS2_Gazebo_tutorials/navigation_ws/install/robot_mapping/bin'
[1.161s] INFO:colcon.colcon_core.shell:Creating package script '/home/misha/Documents/ROS2_Gazebo_tutorials/navigation_ws/install/robot_mapping/share/robot_mapping/package.ps1'
[1.162s] INFO:colcon.colcon_core.shell:Creating package descriptor '/home/misha/Documents/ROS2_Gazebo_tutorials/navigation_ws/install/robot_mapping/share/robot_mapping/package.dsv'
[1.164s] INFO:colcon.colcon_core.shell:Creating package script '/home/misha/Documents/ROS2_Gazebo_tutorials/navigation_ws/install/robot_mapping/share/robot_mapping/package.sh'
[1.166s] INFO:colcon.colcon_core.shell:Creating package script '/home/misha/Documents/ROS2_Gazebo_tutorials/navigation_ws/install/robot_mapping/share/robot_mapping/package.bash'
[1.168s] INFO:colcon.colcon_core.shell:Creating package script '/home/misha/Documents/ROS2_Gazebo_tutorials/navigation_ws/install/robot_mapping/share/robot_mapping/package.zsh'
[1.169s] Level 1:colcon.colcon_core.environment:create_file_with_runtime_dependencies(/home/misha/Documents/ROS2_Gazebo_tutorials/navigation_ws/install/robot_mapping/share/colcon-core/packages/robot_mapping)
[1.174s] DEBUG:colcon.colcon_core.event_handler.log_command:Invoked command in '/home/misha/Documents/ROS2_Gazebo_tutorials/navigation_ws/build/robot_teleop' returned '0': CMAKE_PREFIX_PATH=${CMAKE_PREFIX_PATH}:/opt/ros/humble /usr/bin/cmake --build /home/misha/Documents/ROS2_Gazebo_tutorials/navigation_ws/build/robot_teleop -- -j8 -l8
[1.174s] DEBUG:colcon.colcon_core.event_handler.log_command:Invoking command in '/home/misha/Documents/ROS2_Gazebo_tutorials/navigation_ws/build/robot_teleop': CMAKE_PREFIX_PATH=${CMAKE_PREFIX_PATH}:/opt/ros/humble /usr/bin/cmake --install /home/misha/Documents/ROS2_Gazebo_tutorials/navigation_ws/build/robot_teleop
[1.175s] DEBUG:colcon.colcon_core.event_handler.log_command:Invoked command in '/home/misha/Documents/ROS2_Gazebo_tutorials/navigation_ws/build/test_robot_plugin' returned '0': CMAKE_PREFIX_PATH=${CMAKE_PREFIX_PATH}:/opt/ros/humble /usr/bin/cmake --build /home/misha/Documents/ROS2_Gazebo_tutorials/navigation_ws/build/test_robot_plugin -- -j8 -l8
[1.178s] DEBUG:colcon.colcon_core.event_handler.log_command:Invoking command in '/home/misha/Documents/ROS2_Gazebo_tutorials/navigation_ws/build/test_robot_plugin': CMAKE_PREFIX_PATH=${CMAKE_PREFIX_PATH}:/opt/ros/humble /usr/bin/cmake --install /home/misha/Documents/ROS2_Gazebo_tutorials/navigation_ws/build/test_robot_plugin
[1.179s] Level 1:colcon.colcon_core.environment:create_environment_scripts_only(robot_odometry)
[1.180s] Level 1:colcon.colcon_core.environment:checking '/home/misha/Documents/ROS2_Gazebo_tutorials/navigation_ws/install/robot_odometry' for CMake module files
[1.184s] Level 1:colcon.colcon_core.environment:checking '/home/misha/Documents/ROS2_Gazebo_tutorials/navigation_ws/install/robot_odometry' for CMake config files
[1.185s] Level 1:colcon.colcon_core.shell:create_environment_hook('robot_odometry', 'cmake_prefix_path')
[1.187s] INFO:colcon.colcon_core.shell:Creating environment hook '/home/misha/Documents/ROS2_Gazebo_tutorials/navigation_ws/install/robot_odometry/share/robot_odometry/hook/cmake_prefix_path.ps1'
[1.189s] DEBUG:colcon.colcon_core.event_handler.log_command:Invoked command in '/home/misha/Documents/ROS2_Gazebo_tutorials/navigation_ws/build/robot_odometry' returned '0': CMAKE_PREFIX_PATH=${CMAKE_PREFIX_PATH}:/opt/ros/humble /usr/bin/cmake --install /home/misha/Documents/ROS2_Gazebo_tutorials/navigation_ws/build/robot_odometry
[1.191s] INFO:colcon.colcon_core.shell:Creating environment descriptor '/home/misha/Documents/ROS2_Gazebo_tutorials/navigation_ws/install/robot_odometry/share/robot_odometry/hook/cmake_prefix_path.dsv'
[1.192s] INFO:colcon.colcon_core.shell:Creating environment hook '/home/misha/Documents/ROS2_Gazebo_tutorials/navigation_ws/install/robot_odometry/share/robot_odometry/hook/cmake_prefix_path.sh'
[1.194s] Level 1:colcon.colcon_core.environment:checking '/home/misha/Documents/ROS2_Gazebo_tutorials/navigation_ws/install/robot_odometry/lib'
[1.194s] Level 1:colcon.colcon_core.environment:checking '/home/misha/Documents/ROS2_Gazebo_tutorials/navigation_ws/install/robot_odometry/bin'
[1.195s] Level 1:colcon.colcon_core.environment:checking '/home/misha/Documents/ROS2_Gazebo_tutorials/navigation_ws/install/robot_odometry/lib/pkgconfig/robot_odometry.pc'
[1.196s] Level 1:colcon.colcon_core.environment:checking '/home/misha/Documents/ROS2_Gazebo_tutorials/navigation_ws/install/robot_odometry/lib/python3.10/site-packages'
[1.197s] Level 1:colcon.colcon_core.environment:checking '/home/misha/Documents/ROS2_Gazebo_tutorials/navigation_ws/install/robot_odometry/bin'
[1.200s] INFO:colcon.colcon_core.shell:Creating package script '/home/misha/Documents/ROS2_Gazebo_tutorials/navigation_ws/install/robot_odometry/share/robot_odometry/package.ps1'
[1.204s] INFO:colcon.colcon_core.shell:Creating package descriptor '/home/misha/Documents/ROS2_Gazebo_tutorials/navigation_ws/install/robot_odometry/share/robot_odometry/package.dsv'
[1.206s] INFO:colcon.colcon_core.shell:Creating package script '/home/misha/Documents/ROS2_Gazebo_tutorials/navigation_ws/install/robot_odometry/share/robot_odometry/package.sh'
[1.208s] INFO:colcon.colcon_core.shell:Creating package script '/home/misha/Documents/ROS2_Gazebo_tutorials/navigation_ws/install/robot_odometry/share/robot_odometry/package.bash'
[1.209s] INFO:colcon.colcon_core.shell:Creating package script '/home/misha/Documents/ROS2_Gazebo_tutorials/navigation_ws/install/robot_odometry/share/robot_odometry/package.zsh'
[1.210s] Level 1:colcon.colcon_core.environment:create_file_with_runtime_dependencies(/home/misha/Documents/ROS2_Gazebo_tutorials/navigation_ws/install/robot_odometry/share/colcon-core/packages/robot_odometry)
[1.211s] Level 1:colcon.colcon_core.environment:create_environment_scripts_only(robot_odometry)
[1.212s] Level 1:colcon.colcon_core.environment:checking '/home/misha/Documents/ROS2_Gazebo_tutorials/navigation_ws/install/robot_odometry' for CMake module files
[1.213s] Level 1:colcon.colcon_core.environment:checking '/home/misha/Documents/ROS2_Gazebo_tutorials/navigation_ws/install/robot_odometry' for CMake config files
[1.214s] Level 1:colcon.colcon_core.shell:create_environment_hook('robot_odometry', 'cmake_prefix_path')
[1.216s] INFO:colcon.colcon_core.shell:Creating environment hook '/home/misha/Documents/ROS2_Gazebo_tutorials/navigation_ws/install/robot_odometry/share/robot_odometry/hook/cmake_prefix_path.ps1'
[1.219s] INFO:colcon.colcon_core.shell:Creating environment descriptor '/home/misha/Documents/ROS2_Gazebo_tutorials/navigation_ws/install/robot_odometry/share/robot_odometry/hook/cmake_prefix_path.dsv'
[1.221s] INFO:colcon.colcon_core.shell:Creating environment hook '/home/misha/Documents/ROS2_Gazebo_tutorials/navigation_ws/install/robot_odometry/share/robot_odometry/hook/cmake_prefix_path.sh'
[1.223s] Level 1:colcon.colcon_core.environment:checking '/home/misha/Documents/ROS2_Gazebo_tutorials/navigation_ws/install/robot_odometry/lib'
[1.223s] Level 1:colcon.colcon_core.environment:checking '/home/misha/Documents/ROS2_Gazebo_tutorials/navigation_ws/install/robot_odometry/bin'
[1.223s] Level 1:colcon.colcon_core.environment:checking '/home/misha/Documents/ROS2_Gazebo_tutorials/navigation_ws/install/robot_odometry/lib/pkgconfig/robot_odometry.pc'
[1.224s] Level 1:colcon.colcon_core.environment:checking '/home/misha/Documents/ROS2_Gazebo_tutorials/navigation_ws/install/robot_odometry/lib/python3.10/site-packages'
[1.225s] Level 1:colcon.colcon_core.environment:checking '/home/misha/Documents/ROS2_Gazebo_tutorials/navigation_ws/install/robot_odometry/bin'
[1.226s] INFO:colcon.colcon_core.shell:Creating package script '/home/misha/Documents/ROS2_Gazebo_tutorials/navigation_ws/install/robot_odometry/share/robot_odometry/package.ps1'
[1.227s] INFO:colcon.colcon_core.shell:Creating package descriptor '/home/misha/Documents/ROS2_Gazebo_tutorials/navigation_ws/install/robot_odometry/share/robot_odometry/package.dsv'
[1.228s] INFO:colcon.colcon_core.shell:Creating package script '/home/misha/Documents/ROS2_Gazebo_tutorials/navigation_ws/install/robot_odometry/share/robot_odometry/package.sh'
[1.229s] INFO:colcon.colcon_core.shell:Creating package script '/home/misha/Documents/ROS2_Gazebo_tutorials/navigation_ws/install/robot_odometry/share/robot_odometry/package.bash'
[1.230s] INFO:colcon.colcon_core.shell:Creating package script '/home/misha/Documents/ROS2_Gazebo_tutorials/navigation_ws/install/robot_odometry/share/robot_odometry/package.zsh'
[1.232s] Level 1:colcon.colcon_core.environment:create_file_with_runtime_dependencies(/home/misha/Documents/ROS2_Gazebo_tutorials/navigation_ws/install/robot_odometry/share/colcon-core/packages/robot_odometry)
[1.241s] Level 1:colcon.colcon_core.environment:create_environment_scripts_only(test_robot_plugin)
[1.242s] Level 1:colcon.colcon_core.environment:checking '/home/misha/Documents/ROS2_Gazebo_tutorials/navigation_ws/install/test_robot_plugin' for CMake module files
[1.244s] Level 1:colcon.colcon_core.environment:checking '/home/misha/Documents/ROS2_Gazebo_tutorials/navigation_ws/install/test_robot_plugin' for CMake config files
[1.246s] DEBUG:colcon.colcon_core.event_handler.log_command:Invoked command in '/home/misha/Documents/ROS2_Gazebo_tutorials/navigation_ws/build/robot_slam' returned '0': CMAKE_PREFIX_PATH=${CMAKE_PREFIX_PATH}:/opt/ros/humble /usr/bin/cmake --build /home/misha/Documents/ROS2_Gazebo_tutorials/navigation_ws/build/robot_slam -- -j8 -l8
[1.247s] DEBUG:colcon.colcon_core.event_handler.log_command:Invoking command in '/home/misha/Documents/ROS2_Gazebo_tutorials/navigation_ws/build/robot_slam': CMAKE_PREFIX_PATH=${CMAKE_PREFIX_PATH}:/opt/ros/humble /usr/bin/cmake --install /home/misha/Documents/ROS2_Gazebo_tutorials/navigation_ws/build/robot_slam
[1.248s] DEBUG:colcon.colcon_core.event_handler.log_command:Invoked command in '/home/misha/Documents/ROS2_Gazebo_tutorials/navigation_ws/build/test_robot_plugin' returned '0': CMAKE_PREFIX_PATH=${CMAKE_PREFIX_PATH}:/opt/ros/humble /usr/bin/cmake --install /home/misha/Documents/ROS2_Gazebo_tutorials/navigation_ws/build/test_robot_plugin
[1.248s] Level 1:colcon.colcon_core.shell:create_environment_hook('test_robot_plugin', 'cmake_prefix_path')
[1.249s] INFO:colcon.colcon_core.shell:Creating environment hook '/home/misha/Documents/ROS2_Gazebo_tutorials/navigation_ws/install/test_robot_plugin/share/test_robot_plugin/hook/cmake_prefix_path.ps1'
[1.250s] INFO:colcon.colcon_core.shell:Creating environment descriptor '/home/misha/Documents/ROS2_Gazebo_tutorials/navigation_ws/install/test_robot_plugin/share/test_robot_plugin/hook/cmake_prefix_path.dsv'
[1.252s] INFO:colcon.colcon_core.shell:Creating environment hook '/home/misha/Documents/ROS2_Gazebo_tutorials/navigation_ws/install/test_robot_plugin/share/test_robot_plugin/hook/cmake_prefix_path.sh'
[1.255s] Level 1:colcon.colcon_core.environment:checking '/home/misha/Documents/ROS2_Gazebo_tutorials/navigation_ws/install/test_robot_plugin/lib'
[1.255s] Level 1:colcon.colcon_core.shell:create_environment_hook('test_robot_plugin', 'ld_library_path_lib')
[1.255s] INFO:colcon.colcon_core.shell:Creating environment hook '/home/misha/Documents/ROS2_Gazebo_tutorials/navigation_ws/install/test_robot_plugin/share/test_robot_plugin/hook/ld_library_path_lib.ps1'
[1.256s] INFO:colcon.colcon_core.shell:Creating environment descriptor '/home/misha/Documents/ROS2_Gazebo_tutorials/navigation_ws/install/test_robot_plugin/share/test_robot_plugin/hook/ld_library_path_lib.dsv'
[1.257s] INFO:colcon.colcon_core.shell:Creating environment hook '/home/misha/Documents/ROS2_Gazebo_tutorials/navigation_ws/install/test_robot_plugin/share/test_robot_plugin/hook/ld_library_path_lib.sh'
[1.258s] Level 1:colcon.colcon_core.environment:checking '/home/misha/Documents/ROS2_Gazebo_tutorials/navigation_ws/install/test_robot_plugin/bin'
[1.258s] Level 1:colcon.colcon_core.environment:checking '/home/misha/Documents/ROS2_Gazebo_tutorials/navigation_ws/install/test_robot_plugin/lib/pkgconfig/test_robot_plugin.pc'
[1.259s] Level 1:colcon.colcon_core.environment:checking '/home/misha/Documents/ROS2_Gazebo_tutorials/navigation_ws/install/test_robot_plugin/lib/python3.10/site-packages'
[1.259s] Level 1:colcon.colcon_core.environment:checking '/home/misha/Documents/ROS2_Gazebo_tutorials/navigation_ws/install/test_robot_plugin/bin'
[1.260s] INFO:colcon.colcon_core.shell:Creating package script '/home/misha/Documents/ROS2_Gazebo_tutorials/navigation_ws/install/test_robot_plugin/share/test_robot_plugin/package.ps1'
[1.261s] INFO:colcon.colcon_core.shell:Creating package descriptor '/home/misha/Documents/ROS2_Gazebo_tutorials/navigation_ws/install/test_robot_plugin/share/test_robot_plugin/package.dsv'
[1.262s] INFO:colcon.colcon_core.shell:Creating package script '/home/misha/Documents/ROS2_Gazebo_tutorials/navigation_ws/install/test_robot_plugin/share/test_robot_plugin/package.sh'
[1.263s] INFO:colcon.colcon_core.shell:Creating package script '/home/misha/Documents/ROS2_Gazebo_tutorials/navigation_ws/install/test_robot_plugin/share/test_robot_plugin/package.bash'
[1.265s] INFO:colcon.colcon_core.shell:Creating package script '/home/misha/Documents/ROS2_Gazebo_tutorials/navigation_ws/install/test_robot_plugin/share/test_robot_plugin/package.zsh'
[1.267s] Level 1:colcon.colcon_core.environment:create_file_with_runtime_dependencies(/home/misha/Documents/ROS2_Gazebo_tutorials/navigation_ws/install/test_robot_plugin/share/colcon-core/packages/test_robot_plugin)
[1.268s] Level 1:colcon.colcon_core.environment:create_environment_scripts_only(test_robot_plugin)
[1.269s] Level 1:colcon.colcon_core.environment:checking '/home/misha/Documents/ROS2_Gazebo_tutorials/navigation_ws/install/test_robot_plugin' for CMake module files
[1.270s] Level 1:colcon.colcon_core.environment:checking '/home/misha/Documents/ROS2_Gazebo_tutorials/navigation_ws/install/test_robot_plugin' for CMake config files
[1.271s] Level 1:colcon.colcon_core.shell:create_environment_hook('test_robot_plugin', 'cmake_prefix_path')
[1.271s] INFO:colcon.colcon_core.shell:Creating environment hook '/home/misha/Documents/ROS2_Gazebo_tutorials/navigation_ws/install/test_robot_plugin/share/test_robot_plugin/hook/cmake_prefix_path.ps1'
[1.272s] INFO:colcon.colcon_core.shell:Creating environment descriptor '/home/misha/Documents/ROS2_Gazebo_tutorials/navigation_ws/install/test_robot_plugin/share/test_robot_plugin/hook/cmake_prefix_path.dsv'
[1.273s] INFO:colcon.colcon_core.shell:Creating environment hook '/home/misha/Documents/ROS2_Gazebo_tutorials/navigation_ws/install/test_robot_plugin/share/test_robot_plugin/hook/cmake_prefix_path.sh'
[1.273s] Level 1:colcon.colcon_core.environment:checking '/home/misha/Documents/ROS2_Gazebo_tutorials/navigation_ws/install/test_robot_plugin/lib'
[1.273s] Level 1:colcon.colcon_core.shell:create_environment_hook('test_robot_plugin', 'ld_library_path_lib')
[1.274s] INFO:colcon.colcon_core.shell:Creating environment hook '/home/misha/Documents/ROS2_Gazebo_tutorials/navigation_ws/install/test_robot_plugin/share/test_robot_plugin/hook/ld_library_path_lib.ps1'
[1.274s] INFO:colcon.colcon_core.shell:Creating environment descriptor '/home/misha/Documents/ROS2_Gazebo_tutorials/navigation_ws/install/test_robot_plugin/share/test_robot_plugin/hook/ld_library_path_lib.dsv'
[1.275s] INFO:colcon.colcon_core.shell:Creating environment hook '/home/misha/Documents/ROS2_Gazebo_tutorials/navigation_ws/install/test_robot_plugin/share/test_robot_plugin/hook/ld_library_path_lib.sh'
[1.275s] Level 1:colcon.colcon_core.environment:checking '/home/misha/Documents/ROS2_Gazebo_tutorials/navigation_ws/install/test_robot_plugin/bin'
[1.276s] Level 1:colcon.colcon_core.environment:checking '/home/misha/Documents/ROS2_Gazebo_tutorials/navigation_ws/install/test_robot_plugin/lib/pkgconfig/test_robot_plugin.pc'
[1.276s] Level 1:colcon.colcon_core.environment:checking '/home/misha/Documents/ROS2_Gazebo_tutorials/navigation_ws/install/test_robot_plugin/lib/python3.10/site-packages'
[1.276s] Level 1:colcon.colcon_core.environment:checking '/home/misha/Documents/ROS2_Gazebo_tutorials/navigation_ws/install/test_robot_plugin/bin'
[1.277s] INFO:colcon.colcon_core.shell:Creating package script '/home/misha/Documents/ROS2_Gazebo_tutorials/navigation_ws/install/test_robot_plugin/share/test_robot_plugin/package.ps1'
[1.278s] INFO:colcon.colcon_core.shell:Creating package descriptor '/home/misha/Documents/ROS2_Gazebo_tutorials/navigation_ws/install/test_robot_plugin/share/test_robot_plugin/package.dsv'
[1.279s] INFO:colcon.colcon_core.shell:Creating package script '/home/misha/Documents/ROS2_Gazebo_tutorials/navigation_ws/install/test_robot_plugin/share/test_robot_plugin/package.sh'
[1.279s] INFO:colcon.colcon_core.shell:Creating package script '/home/misha/Documents/ROS2_Gazebo_tutorials/navigation_ws/install/test_robot_plugin/share/test_robot_plugin/package.bash'
[1.281s] INFO:colcon.colcon_core.shell:Creating package script '/home/misha/Documents/ROS2_Gazebo_tutorials/navigation_ws/install/test_robot_plugin/share/test_robot_plugin/package.zsh'
[1.283s] Level 1:colcon.colcon_core.environment:create_file_with_runtime_dependencies(/home/misha/Documents/ROS2_Gazebo_tutorials/navigation_ws/install/test_robot_plugin/share/colcon-core/packages/test_robot_plugin)
[1.285s] Level 1:colcon.colcon_core.environment:create_environment_scripts_only(robot_teleop)
[1.286s] Level 1:colcon.colcon_core.environment:checking '/home/misha/Documents/ROS2_Gazebo_tutorials/navigation_ws/install/robot_teleop' for CMake module files
[1.289s] DEBUG:colcon.colcon_core.event_handler.log_command:Invoked command in '/home/misha/Documents/ROS2_Gazebo_tutorials/navigation_ws/build/robot_teleop' returned '0': CMAKE_PREFIX_PATH=${CMAKE_PREFIX_PATH}:/opt/ros/humble /usr/bin/cmake --install /home/misha/Documents/ROS2_Gazebo_tutorials/navigation_ws/build/robot_teleop
[1.290s] Level 1:colcon.colcon_core.environment:checking '/home/misha/Documents/ROS2_Gazebo_tutorials/navigation_ws/install/robot_teleop' for CMake config files
[1.294s] Level 1:colcon.colcon_core.shell:create_environment_hook('robot_teleop', 'cmake_prefix_path')
[1.295s] INFO:colcon.colcon_core.shell:Creating environment hook '/home/misha/Documents/ROS2_Gazebo_tutorials/navigation_ws/install/robot_teleop/share/robot_teleop/hook/cmake_prefix_path.ps1'
[1.296s] INFO:colcon.colcon_core.shell:Creating environment descriptor '/home/misha/Documents/ROS2_Gazebo_tutorials/navigation_ws/install/robot_teleop/share/robot_teleop/hook/cmake_prefix_path.dsv'
[1.298s] INFO:colcon.colcon_core.shell:Creating environment hook '/home/misha/Documents/ROS2_Gazebo_tutorials/navigation_ws/install/robot_teleop/share/robot_teleop/hook/cmake_prefix_path.sh'
[1.300s] Level 1:colcon.colcon_core.environment:checking '/home/misha/Documents/ROS2_Gazebo_tutorials/navigation_ws/install/robot_teleop/lib'
[1.300s] Level 1:colcon.colcon_core.environment:checking '/home/misha/Documents/ROS2_Gazebo_tutorials/navigation_ws/install/robot_teleop/bin'
[1.300s] Level 1:colcon.colcon_core.environment:checking '/home/misha/Documents/ROS2_Gazebo_tutorials/navigation_ws/install/robot_teleop/lib/pkgconfig/robot_teleop.pc'
[1.301s] Level 1:colcon.colcon_core.environment:checking '/home/misha/Documents/ROS2_Gazebo_tutorials/navigation_ws/install/robot_teleop/lib/python3.10/site-packages'
[1.303s] Level 1:colcon.colcon_core.environment:checking '/home/misha/Documents/ROS2_Gazebo_tutorials/navigation_ws/install/robot_teleop/bin'
[1.304s] INFO:colcon.colcon_core.shell:Creating package script '/home/misha/Documents/ROS2_Gazebo_tutorials/navigation_ws/install/robot_teleop/share/robot_teleop/package.ps1'
[1.306s] INFO:colcon.colcon_core.shell:Creating package descriptor '/home/misha/Documents/ROS2_Gazebo_tutorials/navigation_ws/install/robot_teleop/share/robot_teleop/package.dsv'
[1.308s] INFO:colcon.colcon_core.shell:Creating package script '/home/misha/Documents/ROS2_Gazebo_tutorials/navigation_ws/install/robot_teleop/share/robot_teleop/package.sh'
[1.309s] INFO:colcon.colcon_core.shell:Creating package script '/home/misha/Documents/ROS2_Gazebo_tutorials/navigation_ws/install/robot_teleop/share/robot_teleop/package.bash'
[1.310s] INFO:colcon.colcon_core.shell:Creating package script '/home/misha/Documents/ROS2_Gazebo_tutorials/navigation_ws/install/robot_teleop/share/robot_teleop/package.zsh'
[1.311s] Level 1:colcon.colcon_core.environment:create_file_with_runtime_dependencies(/home/misha/Documents/ROS2_Gazebo_tutorials/navigation_ws/install/robot_teleop/share/colcon-core/packages/robot_teleop)
[1.312s] Level 1:colcon.colcon_core.environment:create_environment_scripts_only(robot_teleop)
[1.312s] Level 1:colcon.colcon_core.environment:checking '/home/misha/Documents/ROS2_Gazebo_tutorials/navigation_ws/install/robot_teleop' for CMake module files
[1.313s] Level 1:colcon.colcon_core.environment:checking '/home/misha/Documents/ROS2_Gazebo_tutorials/navigation_ws/install/robot_teleop' for CMake config files
[1.315s] Level 1:colcon.colcon_core.shell:create_environment_hook('robot_teleop', 'cmake_prefix_path')
[1.316s] INFO:colcon.colcon_core.shell:Creating environment hook '/home/misha/Documents/ROS2_Gazebo_tutorials/navigation_ws/install/robot_teleop/share/robot_teleop/hook/cmake_prefix_path.ps1'
[1.318s] INFO:colcon.colcon_core.shell:Creating environment descriptor '/home/misha/Documents/ROS2_Gazebo_tutorials/navigation_ws/install/robot_teleop/share/robot_teleop/hook/cmake_prefix_path.dsv'
[1.320s] INFO:colcon.colcon_core.shell:Creating environment hook '/home/misha/Documents/ROS2_Gazebo_tutorials/navigation_ws/install/robot_teleop/share/robot_teleop/hook/cmake_prefix_path.sh'
[1.321s] Level 1:colcon.colcon_core.environment:checking '/home/misha/Documents/ROS2_Gazebo_tutorials/navigation_ws/install/robot_teleop/lib'
[1.322s] Level 1:colcon.colcon_core.environment:checking '/home/misha/Documents/ROS2_Gazebo_tutorials/navigation_ws/install/robot_teleop/bin'
[1.322s] Level 1:colcon.colcon_core.environment:checking '/home/misha/Documents/ROS2_Gazebo_tutorials/navigation_ws/install/robot_teleop/lib/pkgconfig/robot_teleop.pc'
[1.322s] Level 1:colcon.colcon_core.environment:checking '/home/misha/Documents/ROS2_Gazebo_tutorials/navigation_ws/install/robot_teleop/lib/python3.10/site-packages'
[1.323s] Level 1:colcon.colcon_core.environment:checking '/home/misha/Documents/ROS2_Gazebo_tutorials/navigation_ws/install/robot_teleop/bin'
[1.324s] INFO:colcon.colcon_core.shell:Creating package script '/home/misha/Documents/ROS2_Gazebo_tutorials/navigation_ws/install/robot_teleop/share/robot_teleop/package.ps1'
[1.325s] INFO:colcon.colcon_core.shell:Creating package descriptor '/home/misha/Documents/ROS2_Gazebo_tutorials/navigation_ws/install/robot_teleop/share/robot_teleop/package.dsv'
[1.326s] INFO:colcon.colcon_core.shell:Creating package script '/home/misha/Documents/ROS2_Gazebo_tutorials/navigation_ws/install/robot_teleop/share/robot_teleop/package.sh'
[1.327s] INFO:colcon.colcon_core.shell:Creating package script '/home/misha/Documents/ROS2_Gazebo_tutorials/navigation_ws/install/robot_teleop/share/robot_teleop/package.bash'
[1.328s] INFO:colcon.colcon_core.shell:Creating package script '/home/misha/Documents/ROS2_Gazebo_tutorials/navigation_ws/install/robot_teleop/share/robot_teleop/package.zsh'
[1.328s] Level 1:colcon.colcon_core.environment:create_file_with_runtime_dependencies(/home/misha/Documents/ROS2_Gazebo_tutorials/navigation_ws/install/robot_teleop/share/colcon-core/packages/robot_teleop)
[1.331s] Level 1:colcon.colcon_core.environment:create_environment_scripts_only(robot_slam)
[1.333s] Level 1:colcon.colcon_core.environment:checking '/home/misha/Documents/ROS2_Gazebo_tutorials/navigation_ws/install/robot_slam' for CMake module files
[1.335s] DEBUG:colcon.colcon_core.event_handler.log_command:Invoked command in '/home/misha/Documents/ROS2_Gazebo_tutorials/navigation_ws/build/robot_slam' returned '0': CMAKE_PREFIX_PATH=${CMAKE_PREFIX_PATH}:/opt/ros/humble /usr/bin/cmake --install /home/misha/Documents/ROS2_Gazebo_tutorials/navigation_ws/build/robot_slam
[1.336s] Level 1:colcon.colcon_core.environment:checking '/home/misha/Documents/ROS2_Gazebo_tutorials/navigation_ws/install/robot_slam' for CMake config files
[1.337s] Level 1:colcon.colcon_core.shell:create_environment_hook('robot_slam', 'cmake_prefix_path')
[1.338s] INFO:colcon.colcon_core.shell:Creating environment hook '/home/misha/Documents/ROS2_Gazebo_tutorials/navigation_ws/install/robot_slam/share/robot_slam/hook/cmake_prefix_path.ps1'
[1.340s] INFO:colcon.colcon_core.shell:Creating environment descriptor '/home/misha/Documents/ROS2_Gazebo_tutorials/navigation_ws/install/robot_slam/share/robot_slam/hook/cmake_prefix_path.dsv'
[1.340s] INFO:colcon.colcon_core.shell:Creating environment hook '/home/misha/Documents/ROS2_Gazebo_tutorials/navigation_ws/install/robot_slam/share/robot_slam/hook/cmake_prefix_path.sh'
[1.342s] Level 1:colcon.colcon_core.environment:checking '/home/misha/Documents/ROS2_Gazebo_tutorials/navigation_ws/install/robot_slam/lib'
[1.342s] Level 1:colcon.colcon_core.environment:checking '/home/misha/Documents/ROS2_Gazebo_tutorials/navigation_ws/install/robot_slam/bin'
[1.342s] Level 1:colcon.colcon_core.environment:checking '/home/misha/Documents/ROS2_Gazebo_tutorials/navigation_ws/install/robot_slam/lib/pkgconfig/robot_slam.pc'
[1.343s] Level 1:colcon.colcon_core.environment:checking '/home/misha/Documents/ROS2_Gazebo_tutorials/navigation_ws/install/robot_slam/lib/python3.10/site-packages'
[1.343s] Level 1:colcon.colcon_core.environment:checking '/home/misha/Documents/ROS2_Gazebo_tutorials/navigation_ws/install/robot_slam/bin'
[1.344s] INFO:colcon.colcon_core.shell:Creating package script '/home/misha/Documents/ROS2_Gazebo_tutorials/navigation_ws/install/robot_slam/share/robot_slam/package.ps1'
[1.345s] INFO:colcon.colcon_core.shell:Creating package descriptor '/home/misha/Documents/ROS2_Gazebo_tutorials/navigation_ws/install/robot_slam/share/robot_slam/package.dsv'
[1.346s] INFO:colcon.colcon_core.shell:Creating package script '/home/misha/Documents/ROS2_Gazebo_tutorials/navigation_ws/install/robot_slam/share/robot_slam/package.sh'
[1.348s] INFO:colcon.colcon_core.shell:Creating package script '/home/misha/Documents/ROS2_Gazebo_tutorials/navigation_ws/install/robot_slam/share/robot_slam/package.bash'
[1.350s] INFO:colcon.colcon_core.shell:Creating package script '/home/misha/Documents/ROS2_Gazebo_tutorials/navigation_ws/install/robot_slam/share/robot_slam/package.zsh'
[1.351s] Level 1:colcon.colcon_core.environment:create_file_with_runtime_dependencies(/home/misha/Documents/ROS2_Gazebo_tutorials/navigation_ws/install/robot_slam/share/colcon-core/packages/robot_slam)
[1.352s] Level 1:colcon.colcon_core.environment:create_environment_scripts_only(robot_slam)
[1.354s] Level 1:colcon.colcon_core.environment:checking '/home/misha/Documents/ROS2_Gazebo_tutorials/navigation_ws/install/robot_slam' for CMake module files
[1.357s] Level 1:colcon.colcon_core.environment:checking '/home/misha/Documents/ROS2_Gazebo_tutorials/navigation_ws/install/robot_slam' for CMake config files
[1.358s] Level 1:colcon.colcon_core.shell:create_environment_hook('robot_slam', 'cmake_prefix_path')
[1.358s] INFO:colcon.colcon_core.shell:Creating environment hook '/home/misha/Documents/ROS2_Gazebo_tutorials/navigation_ws/install/robot_slam/share/robot_slam/hook/cmake_prefix_path.ps1'
[1.359s] INFO:colcon.colcon_core.shell:Creating environment descriptor '/home/misha/Documents/ROS2_Gazebo_tutorials/navigation_ws/install/robot_slam/share/robot_slam/hook/cmake_prefix_path.dsv'
[1.360s] INFO:colcon.colcon_core.shell:Creating environment hook '/home/misha/Documents/ROS2_Gazebo_tutorials/navigation_ws/install/robot_slam/share/robot_slam/hook/cmake_prefix_path.sh'
[1.361s] Level 1:colcon.colcon_core.environment:checking '/home/misha/Documents/ROS2_Gazebo_tutorials/navigation_ws/install/robot_slam/lib'
[1.361s] Level 1:colcon.colcon_core.environment:checking '/home/misha/Documents/ROS2_Gazebo_tutorials/navigation_ws/install/robot_slam/bin'
[1.362s] Level 1:colcon.colcon_core.environment:checking '/home/misha/Documents/ROS2_Gazebo_tutorials/navigation_ws/install/robot_slam/lib/pkgconfig/robot_slam.pc'
[1.362s] Level 1:colcon.colcon_core.environment:checking '/home/misha/Documents/ROS2_Gazebo_tutorials/navigation_ws/install/robot_slam/lib/python3.10/site-packages'
[1.364s] Level 1:colcon.colcon_core.environment:checking '/home/misha/Documents/ROS2_Gazebo_tutorials/navigation_ws/install/robot_slam/bin'
[1.365s] INFO:colcon.colcon_core.shell:Creating package script '/home/misha/Documents/ROS2_Gazebo_tutorials/navigation_ws/install/robot_slam/share/robot_slam/package.ps1'
[1.368s] INFO:colcon.colcon_core.shell:Creating package descriptor '/home/misha/Documents/ROS2_Gazebo_tutorials/navigation_ws/install/robot_slam/share/robot_slam/package.dsv'
[1.370s] INFO:colcon.colcon_core.shell:Creating package script '/home/misha/Documents/ROS2_Gazebo_tutorials/navigation_ws/install/robot_slam/share/robot_slam/package.sh'
[1.371s] INFO:colcon.colcon_core.shell:Creating package script '/home/misha/Documents/ROS2_Gazebo_tutorials/navigation_ws/install/robot_slam/share/robot_slam/package.bash'
[1.371s] INFO:colcon.colcon_core.shell:Creating package script '/home/misha/Documents/ROS2_Gazebo_tutorials/navigation_ws/install/robot_slam/share/robot_slam/package.zsh'
[1.372s] Level 1:colcon.colcon_core.environment:create_file_with_runtime_dependencies(/home/misha/Documents/ROS2_Gazebo_tutorials/navigation_ws/install/robot_slam/share/colcon-core/packages/robot_slam)
[28.953s] DEBUG:colcon.colcon_core.event_handler.log_command:Invoked command in '/home/misha/Documents/ROS2_Gazebo_tutorials/navigation_ws/build/global_map_ex' returned '0': CMAKE_PREFIX_PATH=${CMAKE_PREFIX_PATH}:/opt/ros/humble /usr/bin/cmake --build /home/misha/Documents/ROS2_Gazebo_tutorials/navigation_ws/build/global_map_ex -- -j8 -l8
[28.956s] DEBUG:colcon.colcon_core.event_handler.log_command:Invoking command in '/home/misha/Documents/ROS2_Gazebo_tutorials/navigation_ws/build/global_map_ex': CMAKE_PREFIX_PATH=${CMAKE_PREFIX_PATH}:/opt/ros/humble /usr/bin/cmake --install /home/misha/Documents/ROS2_Gazebo_tutorials/navigation_ws/build/global_map_ex
[28.980s] Level 1:colcon.colcon_core.environment:create_environment_scripts_only(global_map_ex)
[28.980s] Level 1:colcon.colcon_core.environment:checking '/home/misha/Documents/ROS2_Gazebo_tutorials/navigation_ws/install/global_map_ex' for CMake module files
[28.981s] DEBUG:colcon.colcon_core.event_handler.log_command:Invoked command in '/home/misha/Documents/ROS2_Gazebo_tutorials/navigation_ws/build/global_map_ex' returned '0': CMAKE_PREFIX_PATH=${CMAKE_PREFIX_PATH}:/opt/ros/humble /usr/bin/cmake --install /home/misha/Documents/ROS2_Gazebo_tutorials/navigation_ws/build/global_map_ex
[28.982s] Level 1:colcon.colcon_core.environment:checking '/home/misha/Documents/ROS2_Gazebo_tutorials/navigation_ws/install/global_map_ex' for CMake config files
[28.983s] Level 1:colcon.colcon_core.shell:create_environment_hook('global_map_ex', 'cmake_prefix_path')
[28.983s] INFO:colcon.colcon_core.shell:Creating environment hook '/home/misha/Documents/ROS2_Gazebo_tutorials/navigation_ws/install/global_map_ex/share/global_map_ex/hook/cmake_prefix_path.ps1'
[28.984s] INFO:colcon.colcon_core.shell:Creating environment descriptor '/home/misha/Documents/ROS2_Gazebo_tutorials/navigation_ws/install/global_map_ex/share/global_map_ex/hook/cmake_prefix_path.dsv'
[28.985s] INFO:colcon.colcon_core.shell:Creating environment hook '/home/misha/Documents/ROS2_Gazebo_tutorials/navigation_ws/install/global_map_ex/share/global_map_ex/hook/cmake_prefix_path.sh'
[28.986s] Level 1:colcon.colcon_core.environment:checking '/home/misha/Documents/ROS2_Gazebo_tutorials/navigation_ws/install/global_map_ex/lib'
[28.986s] Level 1:colcon.colcon_core.environment:checking '/home/misha/Documents/ROS2_Gazebo_tutorials/navigation_ws/install/global_map_ex/bin'
[28.986s] Level 1:colcon.colcon_core.environment:checking '/home/misha/Documents/ROS2_Gazebo_tutorials/navigation_ws/install/global_map_ex/lib/pkgconfig/global_map_ex.pc'
[28.986s] Level 1:colcon.colcon_core.environment:checking '/home/misha/Documents/ROS2_Gazebo_tutorials/navigation_ws/install/global_map_ex/lib/python3.10/site-packages'
[28.987s] Level 1:colcon.colcon_core.environment:checking '/home/misha/Documents/ROS2_Gazebo_tutorials/navigation_ws/install/global_map_ex/bin'
[28.987s] INFO:colcon.colcon_core.shell:Creating package script '/home/misha/Documents/ROS2_Gazebo_tutorials/navigation_ws/install/global_map_ex/share/global_map_ex/package.ps1'
[28.988s] INFO:colcon.colcon_core.shell:Creating package descriptor '/home/misha/Documents/ROS2_Gazebo_tutorials/navigation_ws/install/global_map_ex/share/global_map_ex/package.dsv'
[28.988s] INFO:colcon.colcon_core.shell:Creating package script '/home/misha/Documents/ROS2_Gazebo_tutorials/navigation_ws/install/global_map_ex/share/global_map_ex/package.sh'
[28.989s] INFO:colcon.colcon_core.shell:Creating package script '/home/misha/Documents/ROS2_Gazebo_tutorials/navigation_ws/install/global_map_ex/share/global_map_ex/package.bash'
[28.989s] INFO:colcon.colcon_core.shell:Creating package script '/home/misha/Documents/ROS2_Gazebo_tutorials/navigation_ws/install/global_map_ex/share/global_map_ex/package.zsh'
[28.990s] Level 1:colcon.colcon_core.environment:create_file_with_runtime_dependencies(/home/misha/Documents/ROS2_Gazebo_tutorials/navigation_ws/install/global_map_ex/share/colcon-core/packages/global_map_ex)
[28.990s] Level 1:colcon.colcon_core.environment:create_environment_scripts_only(global_map_ex)
[28.991s] Level 1:colcon.colcon_core.environment:checking '/home/misha/Documents/ROS2_Gazebo_tutorials/navigation_ws/install/global_map_ex' for CMake module files
[28.991s] Level 1:colcon.colcon_core.environment:checking '/home/misha/Documents/ROS2_Gazebo_tutorials/navigation_ws/install/global_map_ex' for CMake config files
[28.992s] Level 1:colcon.colcon_core.shell:create_environment_hook('global_map_ex', 'cmake_prefix_path')
[28.992s] INFO:colcon.colcon_core.shell:Creating environment hook '/home/misha/Documents/ROS2_Gazebo_tutorials/navigation_ws/install/global_map_ex/share/global_map_ex/hook/cmake_prefix_path.ps1'
[28.992s] INFO:colcon.colcon_core.shell:Creating environment descriptor '/home/misha/Documents/ROS2_Gazebo_tutorials/navigation_ws/install/global_map_ex/share/global_map_ex/hook/cmake_prefix_path.dsv'
[28.993s] INFO:colcon.colcon_core.shell:Creating environment hook '/home/misha/Documents/ROS2_Gazebo_tutorials/navigation_ws/install/global_map_ex/share/global_map_ex/hook/cmake_prefix_path.sh'
[28.994s] Level 1:colcon.colcon_core.environment:checking '/home/misha/Documents/ROS2_Gazebo_tutorials/navigation_ws/install/global_map_ex/lib'
[28.994s] Level 1:colcon.colcon_core.environment:checking '/home/misha/Documents/ROS2_Gazebo_tutorials/navigation_ws/install/global_map_ex/bin'
[28.994s] Level 1:colcon.colcon_core.environment:checking '/home/misha/Documents/ROS2_Gazebo_tutorials/navigation_ws/install/global_map_ex/lib/pkgconfig/global_map_ex.pc'
[28.994s] Level 1:colcon.colcon_core.environment:checking '/home/misha/Documents/ROS2_Gazebo_tutorials/navigation_ws/install/global_map_ex/lib/python3.10/site-packages'
[28.995s] Level 1:colcon.colcon_core.environment:checking '/home/misha/Documents/ROS2_Gazebo_tutorials/navigation_ws/install/global_map_ex/bin'
[28.996s] INFO:colcon.colcon_core.shell:Creating package script '/home/misha/Documents/ROS2_Gazebo_tutorials/navigation_ws/install/global_map_ex/share/global_map_ex/package.ps1'
[28.997s] INFO:colcon.colcon_core.shell:Creating package descriptor '/home/misha/Documents/ROS2_Gazebo_tutorials/navigation_ws/install/global_map_ex/share/global_map_ex/package.dsv'
[28.999s] INFO:colcon.colcon_core.shell:Creating package script '/home/misha/Documents/ROS2_Gazebo_tutorials/navigation_ws/install/global_map_ex/share/global_map_ex/package.sh'
[29.000s] INFO:colcon.colcon_core.shell:Creating package script '/home/misha/Documents/ROS2_Gazebo_tutorials/navigation_ws/install/global_map_ex/share/global_map_ex/package.bash'
[29.001s] INFO:colcon.colcon_core.shell:Creating package script '/home/misha/Documents/ROS2_Gazebo_tutorials/navigation_ws/install/global_map_ex/share/global_map_ex/package.zsh'
[29.001s] Level 1:colcon.colcon_core.environment:create_file_with_runtime_dependencies(/home/misha/Documents/ROS2_Gazebo_tutorials/navigation_ws/install/global_map_ex/share/colcon-core/packages/global_map_ex)
[29.002s] DEBUG:colcon.colcon_parallel_executor.executor.parallel:closing loop
[29.002s] DEBUG:colcon.colcon_parallel_executor.executor.parallel:loop closed
[29.002s] DEBUG:colcon.colcon_parallel_executor.executor.parallel:run_until_complete finished with '0'
[29.003s] DEBUG:colcon.colcon_core.event_reactor:joining thread
[29.010s] INFO:colcon.colcon_core.plugin_system:Skipping extension 'colcon_notification.desktop_notification.terminal_notifier': Not used on non-Darwin systems
[29.010s] INFO:colcon.colcon_core.plugin_system:Skipping extension 'colcon_notification.desktop_notification.win32': Not used on non-Windows systems
[29.010s] INFO:colcon.colcon_notification.desktop_notification:Sending desktop notification using 'notify2'
[29.015s] DEBUG:colcon.colcon_core.event_reactor:joined thread
[29.016s] INFO:colcon.colcon_core.shell:Creating prefix script '/home/misha/Documents/ROS2_Gazebo_tutorials/navigation_ws/install/local_setup.ps1'
[29.019s] INFO:colcon.colcon_core.shell:Creating prefix util module '/home/misha/Documents/ROS2_Gazebo_tutorials/navigation_ws/install/_local_setup_util_ps1.py'
[29.023s] INFO:colcon.colcon_core.shell:Creating prefix chain script '/home/misha/Documents/ROS2_Gazebo_tutorials/navigation_ws/install/setup.ps1'
[29.026s] INFO:colcon.colcon_core.shell:Creating prefix script '/home/misha/Documents/ROS2_Gazebo_tutorials/navigation_ws/install/local_setup.sh'
[29.028s] INFO:colcon.colcon_core.shell:Creating prefix util module '/home/misha/Documents/ROS2_Gazebo_tutorials/navigation_ws/install/_local_setup_util_sh.py'
[29.031s] INFO:colcon.colcon_core.shell:Creating prefix chain script '/home/misha/Documents/ROS2_Gazebo_tutorials/navigation_ws/install/setup.sh'
[29.036s] INFO:colcon.colcon_core.shell:Creating prefix script '/home/misha/Documents/ROS2_Gazebo_tutorials/navigation_ws/install/local_setup.bash'
[29.037s] INFO:colcon.colcon_core.shell:Creating prefix chain script '/home/misha/Documents/ROS2_Gazebo_tutorials/navigation_ws/install/setup.bash'
[29.041s] INFO:colcon.colcon_core.shell:Creating prefix script '/home/misha/Documents/ROS2_Gazebo_tutorials/navigation_ws/install/local_setup.zsh'
[29.042s] INFO:colcon.colcon_core.shell:Creating prefix chain script '/home/misha/Documents/ROS2_Gazebo_tutorials/navigation_ws/install/setup.zsh'
