[0.141s] Invoking command in '/home/misha/Documents/ROS2_Gazebo_tutorials/my_ws/build/robot_teleop': CMAKE_PREFIX_PATH=${CMAKE_PREFIX_PATH}:/opt/ros/humble /usr/bin/cmake --build /home/misha/Documents/ROS2_Gazebo_tutorials/my_ws/build/robot_teleop -- -j8 -l8
[0.385s] [100%] Built target robot_teleop_node
[0.536s] Invoked command in '/home/misha/Documents/ROS2_Gazebo_tutorials/my_ws/build/robot_teleop' returned '0': CMAKE_PREFIX_PATH=${CMAKE_PREFIX_PATH}:/opt/ros/humble /usr/bin/cmake --build /home/misha/Documents/ROS2_Gazebo_tutorials/my_ws/build/robot_teleop -- -j8 -l8
[0.545s] Invoking command in '/home/misha/Documents/ROS2_Gazebo_tutorials/my_ws/build/robot_teleop': CMAKE_PREFIX_PATH=${CMAKE_PREFIX_PATH}:/opt/ros/humble /usr/bin/cmake --install /home/misha/Documents/ROS2_Gazebo_tutorials/my_ws/build/robot_teleop
[0.577s] -- Install configuration: ""
[0.578s] -- Up-to-date: /home/misha/Documents/ROS2_Gazebo_tutorials/my_ws/install/robot_teleop/lib/robot_teleop/robot_teleop_node
[0.579s] -- Up-to-date: /home/misha/Documents/ROS2_Gazebo_tutorials/my_ws/install/robot_teleop/share/ament_index/resource_index/package_run_dependencies/robot_teleop
[0.579s] -- Up-to-date: /home/misha/Documents/ROS2_Gazebo_tutorials/my_ws/install/robot_teleop/share/ament_index/resource_index/parent_prefix_path/robot_teleop
[0.580s] -- Up-to-date: /home/misha/Documents/ROS2_Gazebo_tutorials/my_ws/install/robot_teleop/share/robot_teleop/environment/ament_prefix_path.sh
[0.580s] -- Up-to-date: /home/misha/Documents/ROS2_Gazebo_tutorials/my_ws/install/robot_teleop/share/robot_teleop/environment/ament_prefix_path.dsv
[0.580s] -- Up-to-date: /home/misha/Documents/ROS2_Gazebo_tutorials/my_ws/install/robot_teleop/share/robot_teleop/environment/path.sh
[0.580s] -- Up-to-date: /home/misha/Documents/ROS2_Gazebo_tutorials/my_ws/install/robot_teleop/share/robot_teleop/environment/path.dsv
[0.581s] -- Up-to-date: /home/misha/Documents/ROS2_Gazebo_tutorials/my_ws/install/robot_teleop/share/robot_teleop/local_setup.bash
[0.581s] -- Up-to-date: /home/misha/Documents/ROS2_Gazebo_tutorials/my_ws/install/robot_teleop/share/robot_teleop/local_setup.sh
[0.581s] -- Up-to-date: /home/misha/Documents/ROS2_Gazebo_tutorials/my_ws/install/robot_teleop/share/robot_teleop/local_setup.zsh
[0.583s] -- Up-to-date: /home/misha/Documents/ROS2_Gazebo_tutorials/my_ws/install/robot_teleop/share/robot_teleop/local_setup.dsv
[0.583s] -- Installing: /home/misha/Documents/ROS2_Gazebo_tutorials/my_ws/install/robot_teleop/share/robot_teleop/package.dsv
[0.584s] -- Up-to-date: /home/misha/Documents/ROS2_Gazebo_tutorials/my_ws/install/robot_teleop/share/ament_index/resource_index/packages/robot_teleop
[0.584s] -- Up-to-date: /home/misha/Documents/ROS2_Gazebo_tutorials/my_ws/install/robot_teleop/share/robot_teleop/cmake/robot_teleopConfig.cmake
[0.584s] -- Up-to-date: /home/misha/Documents/ROS2_Gazebo_tutorials/my_ws/install/robot_teleop/share/robot_teleop/cmake/robot_teleopConfig-version.cmake
[0.585s] -- Up-to-date: /home/misha/Documents/ROS2_Gazebo_tutorials/my_ws/install/robot_teleop/share/robot_teleop/package.xml
[0.617s] Invoked command in '/home/misha/Documents/ROS2_Gazebo_tutorials/my_ws/build/robot_teleop' returned '0': CMAKE_PREFIX_PATH=${CMAKE_PREFIX_PATH}:/opt/ros/humble /usr/bin/cmake --install /home/misha/Documents/ROS2_Gazebo_tutorials/my_ws/build/robot_teleop
