[0.122s] DEBUG:colcon:Command line arguments: ['/usr/bin/colcon', 'build']
[0.122s] DEBUG:colcon:Parsed command line arguments: Namespace(log_base=None, log_level=None, verb_name='build', build_base='build', install_base='install', merge_install=False, symlink_install=False, test_result_base=None, continue_on_error=False, executor='parallel', parallel_workers=8, event_handlers=None, ignore_user_meta=False, metas=['./colcon.meta'], base_paths=['.'], packages_ignore=None, packages_ignore_regex=None, paths=None, packages_up_to=None, packages_up_to_regex=None, packages_above=None, packages_above_and_dependencies=None, packages_above_depth=None, packages_select_by_dep=None, packages_skip_by_dep=None, packages_skip_up_to=None, packages_select_build_failed=False, packages_skip_build_finished=False, packages_select_test_failures=False, packages_skip_test_passed=False, packages_select=None, packages_skip=None, packages_select_regex=None, packages_skip_regex=None, packages_start=None, packages_end=None, allow_overriding=[], cmake_args=None, cmake_target=None, cmake_target_skip_unavailable=False, cmake_clean_cache=False, cmake_clean_first=False, cmake_force_configure=False, ament_cmake_args=None, catkin_cmake_args=None, catkin_skip_building_tests=False, mixin_files=None, mixin=None, verb_parser=<colcon_mixin.mixin.mixin_argument.MixinArgumentDecorator object at 0x7f92720fdb10>, verb_extension=<colcon_core.verb.build.BuildVerb object at 0x7f92720fd3f0>, main=<bound method BuildVerb.main of <colcon_core.verb.build.BuildVerb object at 0x7f92720fd3f0>>, mixin_verb=('build',))
[0.327s] Level 1:colcon.colcon_core.package_discovery:discover_packages(colcon_meta) check parameters
[0.327s] Level 1:colcon.colcon_core.package_discovery:discover_packages(recursive) check parameters
[0.327s] Level 1:colcon.colcon_core.package_discovery:discover_packages(ignore) check parameters
[0.327s] Level 1:colcon.colcon_core.package_discovery:discover_packages(path) check parameters
[0.327s] Level 1:colcon.colcon_core.package_discovery:discover_packages(colcon_meta) discover
[0.328s] Level 1:colcon.colcon_core.package_discovery:discover_packages(recursive) discover
[0.328s] INFO:colcon.colcon_core.package_discovery:Crawling recursively for packages in '/home/misha/Documents/ROS2_Gazebo_tutorials/navigation_ws'
[0.328s] Level 1:colcon.colcon_core.package_identification:_identify(.) by extensions ['ignore', 'ignore_ament_install']
[0.328s] Level 1:colcon.colcon_core.package_identification:_identify(.) by extension 'ignore'
[0.328s] Level 1:colcon.colcon_core.package_identification:_identify(.) by extension 'ignore_ament_install'
[0.328s] Level 1:colcon.colcon_core.package_identification:_identify(.) by extensions ['colcon_pkg']
[0.328s] Level 1:colcon.colcon_core.package_identification:_identify(.) by extension 'colcon_pkg'
[0.328s] Level 1:colcon.colcon_core.package_identification:_identify(.) by extensions ['colcon_meta']
[0.328s] Level 1:colcon.colcon_core.package_identification:_identify(.) by extension 'colcon_meta'
[0.328s] Level 1:colcon.colcon_core.package_identification:_identify(.) by extensions ['ros']
[0.328s] Level 1:colcon.colcon_core.package_identification:_identify(.) by extension 'ros'
[0.340s] Level 1:colcon.colcon_core.package_identification:_identify(.) by extensions ['cmake', 'python']
[0.340s] Level 1:colcon.colcon_core.package_identification:_identify(.) by extension 'cmake'
[0.340s] Level 1:colcon.colcon_core.package_identification:_identify(.) by extension 'python'
[0.340s] Level 1:colcon.colcon_core.package_identification:_identify(.) by extensions ['python_setup_py']
[0.340s] Level 1:colcon.colcon_core.package_identification:_identify(.) by extension 'python_setup_py'
[0.341s] Level 1:colcon.colcon_core.package_identification:_identify(build) by extensions ['ignore', 'ignore_ament_install']
[0.341s] Level 1:colcon.colcon_core.package_identification:_identify(build) by extension 'ignore'
[0.341s] Level 1:colcon.colcon_core.package_identification:_identify(build) ignored
[0.341s] Level 1:colcon.colcon_core.package_identification:_identify(install) by extensions ['ignore', 'ignore_ament_install']
[0.341s] Level 1:colcon.colcon_core.package_identification:_identify(install) by extension 'ignore'
[0.341s] Level 1:colcon.colcon_core.package_identification:_identify(install) ignored
[0.341s] Level 1:colcon.colcon_core.package_identification:_identify(launch) by extensions ['ignore', 'ignore_ament_install']
[0.341s] Level 1:colcon.colcon_core.package_identification:_identify(launch) by extension 'ignore'
[0.341s] Level 1:colcon.colcon_core.package_identification:_identify(launch) by extension 'ignore_ament_install'
[0.341s] Level 1:colcon.colcon_core.package_identification:_identify(launch) by extensions ['colcon_pkg']
[0.341s] Level 1:colcon.colcon_core.package_identification:_identify(launch) by extension 'colcon_pkg'
[0.341s] Level 1:colcon.colcon_core.package_identification:_identify(launch) by extensions ['colcon_meta']
[0.341s] Level 1:colcon.colcon_core.package_identification:_identify(launch) by extension 'colcon_meta'
[0.342s] Level 1:colcon.colcon_core.package_identification:_identify(launch) by extensions ['ros']
[0.342s] Level 1:colcon.colcon_core.package_identification:_identify(launch) by extension 'ros'
[0.342s] Level 1:colcon.colcon_core.package_identification:_identify(launch) by extensions ['cmake', 'python']
[0.342s] Level 1:colcon.colcon_core.package_identification:_identify(launch) by extension 'cmake'
[0.342s] Level 1:colcon.colcon_core.package_identification:_identify(launch) by extension 'python'
[0.342s] Level 1:colcon.colcon_core.package_identification:_identify(launch) by extensions ['python_setup_py']
[0.342s] Level 1:colcon.colcon_core.package_identification:_identify(launch) by extension 'python_setup_py'
[0.342s] Level 1:colcon.colcon_core.package_identification:_identify(log) by extensions ['ignore', 'ignore_ament_install']
[0.342s] Level 1:colcon.colcon_core.package_identification:_identify(log) by extension 'ignore'
[0.342s] Level 1:colcon.colcon_core.package_identification:_identify(log) ignored
[0.342s] Level 1:colcon.colcon_core.package_identification:_identify(src) by extensions ['ignore', 'ignore_ament_install']
[0.342s] Level 1:colcon.colcon_core.package_identification:_identify(src) by extension 'ignore'
[0.342s] Level 1:colcon.colcon_core.package_identification:_identify(src) by extension 'ignore_ament_install'
[0.342s] Level 1:colcon.colcon_core.package_identification:_identify(src) by extensions ['colcon_pkg']
[0.342s] Level 1:colcon.colcon_core.package_identification:_identify(src) by extension 'colcon_pkg'
[0.343s] Level 1:colcon.colcon_core.package_identification:_identify(src) by extensions ['colcon_meta']
[0.343s] Level 1:colcon.colcon_core.package_identification:_identify(src) by extension 'colcon_meta'
[0.343s] Level 1:colcon.colcon_core.package_identification:_identify(src) by extensions ['ros']
[0.343s] Level 1:colcon.colcon_core.package_identification:_identify(src) by extension 'ros'
[0.343s] Level 1:colcon.colcon_core.package_identification:_identify(src) by extensions ['cmake', 'python']
[0.343s] Level 1:colcon.colcon_core.package_identification:_identify(src) by extension 'cmake'
[0.343s] Level 1:colcon.colcon_core.package_identification:_identify(src) by extension 'python'
[0.343s] Level 1:colcon.colcon_core.package_identification:_identify(src) by extensions ['python_setup_py']
[0.343s] Level 1:colcon.colcon_core.package_identification:_identify(src) by extension 'python_setup_py'
[0.343s] Level 1:colcon.colcon_core.package_identification:_identify(src/global_map_ex) by extensions ['ignore', 'ignore_ament_install']
[0.343s] Level 1:colcon.colcon_core.package_identification:_identify(src/global_map_ex) by extension 'ignore'
[0.343s] Level 1:colcon.colcon_core.package_identification:_identify(src/global_map_ex) by extension 'ignore_ament_install'
[0.343s] Level 1:colcon.colcon_core.package_identification:_identify(src/global_map_ex) by extensions ['colcon_pkg']
[0.343s] Level 1:colcon.colcon_core.package_identification:_identify(src/global_map_ex) by extension 'colcon_pkg'
[0.343s] Level 1:colcon.colcon_core.package_identification:_identify(src/global_map_ex) by extensions ['colcon_meta']
[0.343s] Level 1:colcon.colcon_core.package_identification:_identify(src/global_map_ex) by extension 'colcon_meta'
[0.343s] Level 1:colcon.colcon_core.package_identification:_identify(src/global_map_ex) by extensions ['ros']
[0.343s] Level 1:colcon.colcon_core.package_identification:_identify(src/global_map_ex) by extension 'ros'
[0.346s] DEBUG:colcon.colcon_core.package_identification:Package 'src/global_map_ex' with type 'ros.ament_cmake' and name 'global_map_ex'
[0.346s] Level 1:colcon.colcon_core.package_identification:_identify(src/my_robot_bringup) by extensions ['ignore', 'ignore_ament_install']
[0.346s] Level 1:colcon.colcon_core.package_identification:_identify(src/my_robot_bringup) by extension 'ignore'
[0.347s] Level 1:colcon.colcon_core.package_identification:_identify(src/my_robot_bringup) by extension 'ignore_ament_install'
[0.347s] Level 1:colcon.colcon_core.package_identification:_identify(src/my_robot_bringup) by extensions ['colcon_pkg']
[0.347s] Level 1:colcon.colcon_core.package_identification:_identify(src/my_robot_bringup) by extension 'colcon_pkg'
[0.347s] Level 1:colcon.colcon_core.package_identification:_identify(src/my_robot_bringup) by extensions ['colcon_meta']
[0.347s] Level 1:colcon.colcon_core.package_identification:_identify(src/my_robot_bringup) by extension 'colcon_meta'
[0.347s] Level 1:colcon.colcon_core.package_identification:_identify(src/my_robot_bringup) by extensions ['ros']
[0.347s] Level 1:colcon.colcon_core.package_identification:_identify(src/my_robot_bringup) by extension 'ros'
[0.348s] DEBUG:colcon.colcon_core.package_identification:Package 'src/my_robot_bringup' with type 'ros.ament_cmake' and name 'my_robot_bringup'
[0.348s] Level 1:colcon.colcon_core.package_identification:_identify(src/robot_mapping) by extensions ['ignore', 'ignore_ament_install']
[0.349s] Level 1:colcon.colcon_core.package_identification:_identify(src/robot_mapping) by extension 'ignore'
[0.349s] Level 1:colcon.colcon_core.package_identification:_identify(src/robot_mapping) by extension 'ignore_ament_install'
[0.349s] Level 1:colcon.colcon_core.package_identification:_identify(src/robot_mapping) by extensions ['colcon_pkg']
[0.349s] Level 1:colcon.colcon_core.package_identification:_identify(src/robot_mapping) by extension 'colcon_pkg'
[0.349s] Level 1:colcon.colcon_core.package_identification:_identify(src/robot_mapping) by extensions ['colcon_meta']
[0.349s] Level 1:colcon.colcon_core.package_identification:_identify(src/robot_mapping) by extension 'colcon_meta'
[0.349s] Level 1:colcon.colcon_core.package_identification:_identify(src/robot_mapping) by extensions ['ros']
[0.349s] Level 1:colcon.colcon_core.package_identification:_identify(src/robot_mapping) by extension 'ros'
[0.350s] DEBUG:colcon.colcon_core.package_identification:Package 'src/robot_mapping' with type 'ros.ament_cmake' and name 'robot_mapping'
[0.350s] Level 1:colcon.colcon_core.package_identification:_identify(src/robot_odometry) by extensions ['ignore', 'ignore_ament_install']
[0.350s] Level 1:colcon.colcon_core.package_identification:_identify(src/robot_odometry) by extension 'ignore'
[0.350s] Level 1:colcon.colcon_core.package_identification:_identify(src/robot_odometry) by extension 'ignore_ament_install'
[0.350s] Level 1:colcon.colcon_core.package_identification:_identify(src/robot_odometry) by extensions ['colcon_pkg']
[0.350s] Level 1:colcon.colcon_core.package_identification:_identify(src/robot_odometry) by extension 'colcon_pkg'
[0.350s] Level 1:colcon.colcon_core.package_identification:_identify(src/robot_odometry) by extensions ['colcon_meta']
[0.350s] Level 1:colcon.colcon_core.package_identification:_identify(src/robot_odometry) by extension 'colcon_meta'
[0.351s] Level 1:colcon.colcon_core.package_identification:_identify(src/robot_odometry) by extensions ['ros']
[0.351s] Level 1:colcon.colcon_core.package_identification:_identify(src/robot_odometry) by extension 'ros'
[0.352s] DEBUG:colcon.colcon_core.package_identification:Package 'src/robot_odometry' with type 'ros.ament_cmake' and name 'robot_odometry'
[0.352s] Level 1:colcon.colcon_core.package_identification:_identify(src/robot_slam) by extensions ['ignore', 'ignore_ament_install']
[0.353s] Level 1:colcon.colcon_core.package_identification:_identify(src/robot_slam) by extension 'ignore'
[0.353s] Level 1:colcon.colcon_core.package_identification:_identify(src/robot_slam) by extension 'ignore_ament_install'
[0.353s] Level 1:colcon.colcon_core.package_identification:_identify(src/robot_slam) by extensions ['colcon_pkg']
[0.353s] Level 1:colcon.colcon_core.package_identification:_identify(src/robot_slam) by extension 'colcon_pkg'
[0.353s] Level 1:colcon.colcon_core.package_identification:_identify(src/robot_slam) by extensions ['colcon_meta']
[0.353s] Level 1:colcon.colcon_core.package_identification:_identify(src/robot_slam) by extension 'colcon_meta'
[0.353s] Level 1:colcon.colcon_core.package_identification:_identify(src/robot_slam) by extensions ['ros']
[0.353s] Level 1:colcon.colcon_core.package_identification:_identify(src/robot_slam) by extension 'ros'
[0.354s] DEBUG:colcon.colcon_core.package_identification:Package 'src/robot_slam' with type 'ros.ament_cmake' and name 'robot_slam'
[0.354s] Level 1:colcon.colcon_core.package_identification:_identify(src/robot_teleop) by extensions ['ignore', 'ignore_ament_install']
[0.355s] Level 1:colcon.colcon_core.package_identification:_identify(src/robot_teleop) by extension 'ignore'
[0.355s] Level 1:colcon.colcon_core.package_identification:_identify(src/robot_teleop) by extension 'ignore_ament_install'
[0.355s] Level 1:colcon.colcon_core.package_identification:_identify(src/robot_teleop) by extensions ['colcon_pkg']
[0.355s] Level 1:colcon.colcon_core.package_identification:_identify(src/robot_teleop) by extension 'colcon_pkg'
[0.355s] Level 1:colcon.colcon_core.package_identification:_identify(src/robot_teleop) by extensions ['colcon_meta']
[0.355s] Level 1:colcon.colcon_core.package_identification:_identify(src/robot_teleop) by extension 'colcon_meta'
[0.355s] Level 1:colcon.colcon_core.package_identification:_identify(src/robot_teleop) by extensions ['ros']
[0.355s] Level 1:colcon.colcon_core.package_identification:_identify(src/robot_teleop) by extension 'ros'
[0.356s] DEBUG:colcon.colcon_core.package_identification:Package 'src/robot_teleop' with type 'ros.ament_cmake' and name 'robot_teleop'
[0.356s] Level 1:colcon.colcon_core.package_identification:_identify(src/robot_world) by extensions ['ignore', 'ignore_ament_install']
[0.356s] Level 1:colcon.colcon_core.package_identification:_identify(src/robot_world) by extension 'ignore'
[0.356s] Level 1:colcon.colcon_core.package_identification:_identify(src/robot_world) by extension 'ignore_ament_install'
[0.356s] Level 1:colcon.colcon_core.package_identification:_identify(src/robot_world) by extensions ['colcon_pkg']
[0.356s] Level 1:colcon.colcon_core.package_identification:_identify(src/robot_world) by extension 'colcon_pkg'
[0.357s] Level 1:colcon.colcon_core.package_identification:_identify(src/robot_world) by extensions ['colcon_meta']
[0.357s] Level 1:colcon.colcon_core.package_identification:_identify(src/robot_world) by extension 'colcon_meta'
[0.357s] Level 1:colcon.colcon_core.package_identification:_identify(src/robot_world) by extensions ['ros']
[0.357s] Level 1:colcon.colcon_core.package_identification:_identify(src/robot_world) by extension 'ros'
[0.358s] DEBUG:colcon.colcon_core.package_identification:Package 'src/robot_world' with type 'ros.ament_cmake' and name 'robot_world'
[0.358s] Level 1:colcon.colcon_core.package_identification:_identify(src/test_robot_plugin) by extensions ['ignore', 'ignore_ament_install']
[0.358s] Level 1:colcon.colcon_core.package_identification:_identify(src/test_robot_plugin) by extension 'ignore'
[0.358s] Level 1:colcon.colcon_core.package_identification:_identify(src/test_robot_plugin) by extension 'ignore_ament_install'
[0.358s] Level 1:colcon.colcon_core.package_identification:_identify(src/test_robot_plugin) by extensions ['colcon_pkg']
[0.358s] Level 1:colcon.colcon_core.package_identification:_identify(src/test_robot_plugin) by extension 'colcon_pkg'
[0.358s] Level 1:colcon.colcon_core.package_identification:_identify(src/test_robot_plugin) by extensions ['colcon_meta']
[0.359s] Level 1:colcon.colcon_core.package_identification:_identify(src/test_robot_plugin) by extension 'colcon_meta'
[0.359s] Level 1:colcon.colcon_core.package_identification:_identify(src/test_robot_plugin) by extensions ['ros']
[0.359s] Level 1:colcon.colcon_core.package_identification:_identify(src/test_robot_plugin) by extension 'ros'
[0.360s] DEBUG:colcon.colcon_core.package_identification:Package 'src/test_robot_plugin' with type 'ros.ament_cmake' and name 'test_robot_plugin'
[0.360s] Level 1:colcon.colcon_core.package_discovery:discover_packages(recursive) using defaults
[0.360s] Level 1:colcon.colcon_core.package_discovery:discover_packages(ignore) discover
[0.360s] Level 1:colcon.colcon_core.package_discovery:discover_packages(ignore) using defaults
[0.360s] Level 1:colcon.colcon_core.package_discovery:discover_packages(path) discover
[0.360s] Level 1:colcon.colcon_core.package_discovery:discover_packages(path) using defaults
[0.408s] Level 1:colcon.colcon_core.package_discovery:discover_packages(prefix_path) check parameters
[0.408s] Level 1:colcon.colcon_core.package_discovery:discover_packages(prefix_path) discover
[0.411s] DEBUG:colcon.colcon_installed_package_information.package_discovery:Found 8 installed packages in /home/misha/Documents/ROS2_Gazebo_tutorials/navigation_ws/install
[0.414s] DEBUG:colcon.colcon_installed_package_information.package_discovery:Found 293 installed packages in /opt/ros/humble
[0.417s] Level 1:colcon.colcon_core.package_discovery:discover_packages(prefix_path) using defaults
[0.479s] Level 5:colcon.colcon_core.verb:set package 'global_map_ex' build argument 'cmake_args' from command line to 'None'
[0.479s] Level 5:colcon.colcon_core.verb:set package 'global_map_ex' build argument 'cmake_target' from command line to 'None'
[0.479s] Level 5:colcon.colcon_core.verb:set package 'global_map_ex' build argument 'cmake_target_skip_unavailable' from command line to 'False'
[0.479s] Level 5:colcon.colcon_core.verb:set package 'global_map_ex' build argument 'cmake_clean_cache' from command line to 'False'
[0.479s] Level 5:colcon.colcon_core.verb:set package 'global_map_ex' build argument 'cmake_clean_first' from command line to 'False'
[0.480s] Level 5:colcon.colcon_core.verb:set package 'global_map_ex' build argument 'cmake_force_configure' from command line to 'False'
[0.480s] Level 5:colcon.colcon_core.verb:set package 'global_map_ex' build argument 'ament_cmake_args' from command line to 'None'
[0.480s] Level 5:colcon.colcon_core.verb:set package 'global_map_ex' build argument 'catkin_cmake_args' from command line to 'None'
[0.480s] Level 5:colcon.colcon_core.verb:set package 'global_map_ex' build argument 'catkin_skip_building_tests' from command line to 'False'
[0.480s] DEBUG:colcon.colcon_core.verb:Building package 'global_map_ex' with the following arguments: {'ament_cmake_args': None, 'build_base': '/home/misha/Documents/ROS2_Gazebo_tutorials/navigation_ws/build/global_map_ex', 'catkin_cmake_args': None, 'catkin_skip_building_tests': False, 'cmake_args': None, 'cmake_clean_cache': False, 'cmake_clean_first': False, 'cmake_force_configure': False, 'cmake_target': None, 'cmake_target_skip_unavailable': False, 'install_base': '/home/misha/Documents/ROS2_Gazebo_tutorials/navigation_ws/install/global_map_ex', 'merge_install': False, 'path': '/home/misha/Documents/ROS2_Gazebo_tutorials/navigation_ws/src/global_map_ex', 'symlink_install': False, 'test_result_base': None}
[0.480s] Level 5:colcon.colcon_core.verb:set package 'my_robot_bringup' build argument 'cmake_args' from command line to 'None'
[0.480s] Level 5:colcon.colcon_core.verb:set package 'my_robot_bringup' build argument 'cmake_target' from command line to 'None'
[0.481s] Level 5:colcon.colcon_core.verb:set package 'my_robot_bringup' build argument 'cmake_target_skip_unavailable' from command line to 'False'
[0.481s] Level 5:colcon.colcon_core.verb:set package 'my_robot_bringup' build argument 'cmake_clean_cache' from command line to 'False'
[0.481s] Level 5:colcon.colcon_core.verb:set package 'my_robot_bringup' build argument 'cmake_clean_first' from command line to 'False'
[0.481s] Level 5:colcon.colcon_core.verb:set package 'my_robot_bringup' build argument 'cmake_force_configure' from command line to 'False'
[0.481s] Level 5:colcon.colcon_core.verb:set package 'my_robot_bringup' build argument 'ament_cmake_args' from command line to 'None'
[0.481s] Level 5:colcon.colcon_core.verb:set package 'my_robot_bringup' build argument 'catkin_cmake_args' from command line to 'None'
[0.481s] Level 5:colcon.colcon_core.verb:set package 'my_robot_bringup' build argument 'catkin_skip_building_tests' from command line to 'False'
[0.481s] DEBUG:colcon.colcon_core.verb:Building package 'my_robot_bringup' with the following arguments: {'ament_cmake_args': None, 'build_base': '/home/misha/Documents/ROS2_Gazebo_tutorials/navigation_ws/build/my_robot_bringup', 'catkin_cmake_args': None, 'catkin_skip_building_tests': False, 'cmake_args': None, 'cmake_clean_cache': False, 'cmake_clean_first': False, 'cmake_force_configure': False, 'cmake_target': None, 'cmake_target_skip_unavailable': False, 'install_base': '/home/misha/Documents/ROS2_Gazebo_tutorials/navigation_ws/install/my_robot_bringup', 'merge_install': False, 'path': '/home/misha/Documents/ROS2_Gazebo_tutorials/navigation_ws/src/my_robot_bringup', 'symlink_install': False, 'test_result_base': None}
[0.482s] Level 5:colcon.colcon_core.verb:set package 'robot_mapping' build argument 'cmake_args' from command line to 'None'
[0.482s] Level 5:colcon.colcon_core.verb:set package 'robot_mapping' build argument 'cmake_target' from command line to 'None'
[0.482s] Level 5:colcon.colcon_core.verb:set package 'robot_mapping' build argument 'cmake_target_skip_unavailable' from command line to 'False'
[0.482s] Level 5:colcon.colcon_core.verb:set package 'robot_mapping' build argument 'cmake_clean_cache' from command line to 'False'
[0.482s] Level 5:colcon.colcon_core.verb:set package 'robot_mapping' build argument 'cmake_clean_first' from command line to 'False'
[0.483s] Level 5:colcon.colcon_core.verb:set package 'robot_mapping' build argument 'cmake_force_configure' from command line to 'False'
[0.483s] Level 5:colcon.colcon_core.verb:set package 'robot_mapping' build argument 'ament_cmake_args' from command line to 'None'
[0.483s] Level 5:colcon.colcon_core.verb:set package 'robot_mapping' build argument 'catkin_cmake_args' from command line to 'None'
[0.483s] Level 5:colcon.colcon_core.verb:set package 'robot_mapping' build argument 'catkin_skip_building_tests' from command line to 'False'
[0.483s] DEBUG:colcon.colcon_core.verb:Building package 'robot_mapping' with the following arguments: {'ament_cmake_args': None, 'build_base': '/home/misha/Documents/ROS2_Gazebo_tutorials/navigation_ws/build/robot_mapping', 'catkin_cmake_args': None, 'catkin_skip_building_tests': False, 'cmake_args': None, 'cmake_clean_cache': False, 'cmake_clean_first': False, 'cmake_force_configure': False, 'cmake_target': None, 'cmake_target_skip_unavailable': False, 'install_base': '/home/misha/Documents/ROS2_Gazebo_tutorials/navigation_ws/install/robot_mapping', 'merge_install': False, 'path': '/home/misha/Documents/ROS2_Gazebo_tutorials/navigation_ws/src/robot_mapping', 'symlink_install': False, 'test_result_base': None}
[0.484s] Level 5:colcon.colcon_core.verb:set package 'robot_odometry' build argument 'cmake_args' from command line to 'None'
[0.484s] Level 5:colcon.colcon_core.verb:set package 'robot_odometry' build argument 'cmake_target' from command line to 'None'
[0.484s] Level 5:colcon.colcon_core.verb:set package 'robot_odometry' build argument 'cmake_target_skip_unavailable' from command line to 'False'
[0.484s] Level 5:colcon.colcon_core.verb:set package 'robot_odometry' build argument 'cmake_clean_cache' from command line to 'False'
[0.484s] Level 5:colcon.colcon_core.verb:set package 'robot_odometry' build argument 'cmake_clean_first' from command line to 'False'
[0.484s] Level 5:colcon.colcon_core.verb:set package 'robot_odometry' build argument 'cmake_force_configure' from command line to 'False'
[0.484s] Level 5:colcon.colcon_core.verb:set package 'robot_odometry' build argument 'ament_cmake_args' from command line to 'None'
[0.484s] Level 5:colcon.colcon_core.verb:set package 'robot_odometry' build argument 'catkin_cmake_args' from command line to 'None'
[0.484s] Level 5:colcon.colcon_core.verb:set package 'robot_odometry' build argument 'catkin_skip_building_tests' from command line to 'False'
[0.485s] DEBUG:colcon.colcon_core.verb:Building package 'robot_odometry' with the following arguments: {'ament_cmake_args': None, 'build_base': '/home/misha/Documents/ROS2_Gazebo_tutorials/navigation_ws/build/robot_odometry', 'catkin_cmake_args': None, 'catkin_skip_building_tests': False, 'cmake_args': None, 'cmake_clean_cache': False, 'cmake_clean_first': False, 'cmake_force_configure': False, 'cmake_target': None, 'cmake_target_skip_unavailable': False, 'install_base': '/home/misha/Documents/ROS2_Gazebo_tutorials/navigation_ws/install/robot_odometry', 'merge_install': False, 'path': '/home/misha/Documents/ROS2_Gazebo_tutorials/navigation_ws/src/robot_odometry', 'symlink_install': False, 'test_result_base': None}
[0.486s] Level 5:colcon.colcon_core.verb:set package 'robot_slam' build argument 'cmake_args' from command line to 'None'
[0.486s] Level 5:colcon.colcon_core.verb:set package 'robot_slam' build argument 'cmake_target' from command line to 'None'
[0.486s] Level 5:colcon.colcon_core.verb:set package 'robot_slam' build argument 'cmake_target_skip_unavailable' from command line to 'False'
[0.486s] Level 5:colcon.colcon_core.verb:set package 'robot_slam' build argument 'cmake_clean_cache' from command line to 'False'
[0.486s] Level 5:colcon.colcon_core.verb:set package 'robot_slam' build argument 'cmake_clean_first' from command line to 'False'
[0.486s] Level 5:colcon.colcon_core.verb:set package 'robot_slam' build argument 'cmake_force_configure' from command line to 'False'
[0.486s] Level 5:colcon.colcon_core.verb:set package 'robot_slam' build argument 'ament_cmake_args' from command line to 'None'
[0.486s] Level 5:colcon.colcon_core.verb:set package 'robot_slam' build argument 'catkin_cmake_args' from command line to 'None'
[0.487s] Level 5:colcon.colcon_core.verb:set package 'robot_slam' build argument 'catkin_skip_building_tests' from command line to 'False'
[0.487s] DEBUG:colcon.colcon_core.verb:Building package 'robot_slam' with the following arguments: {'ament_cmake_args': None, 'build_base': '/home/misha/Documents/ROS2_Gazebo_tutorials/navigation_ws/build/robot_slam', 'catkin_cmake_args': None, 'catkin_skip_building_tests': False, 'cmake_args': None, 'cmake_clean_cache': False, 'cmake_clean_first': False, 'cmake_force_configure': False, 'cmake_target': None, 'cmake_target_skip_unavailable': False, 'install_base': '/home/misha/Documents/ROS2_Gazebo_tutorials/navigation_ws/install/robot_slam', 'merge_install': False, 'path': '/home/misha/Documents/ROS2_Gazebo_tutorials/navigation_ws/src/robot_slam', 'symlink_install': False, 'test_result_base': None}
[0.488s] Level 5:colcon.colcon_core.verb:set package 'robot_teleop' build argument 'cmake_args' from command line to 'None'
[0.488s] Level 5:colcon.colcon_core.verb:set package 'robot_teleop' build argument 'cmake_target' from command line to 'None'
[0.488s] Level 5:colcon.colcon_core.verb:set package 'robot_teleop' build argument 'cmake_target_skip_unavailable' from command line to 'False'
[0.488s] Level 5:colcon.colcon_core.verb:set package 'robot_teleop' build argument 'cmake_clean_cache' from command line to 'False'
[0.488s] Level 5:colcon.colcon_core.verb:set package 'robot_teleop' build argument 'cmake_clean_first' from command line to 'False'
[0.488s] Level 5:colcon.colcon_core.verb:set package 'robot_teleop' build argument 'cmake_force_configure' from command line to 'False'
[0.488s] Level 5:colcon.colcon_core.verb:set package 'robot_teleop' build argument 'ament_cmake_args' from command line to 'None'
[0.488s] Level 5:colcon.colcon_core.verb:set package 'robot_teleop' build argument 'catkin_cmake_args' from command line to 'None'
[0.488s] Level 5:colcon.colcon_core.verb:set package 'robot_teleop' build argument 'catkin_skip_building_tests' from command line to 'False'
[0.488s] DEBUG:colcon.colcon_core.verb:Building package 'robot_teleop' with the following arguments: {'ament_cmake_args': None, 'build_base': '/home/misha/Documents/ROS2_Gazebo_tutorials/navigation_ws/build/robot_teleop', 'catkin_cmake_args': None, 'catkin_skip_building_tests': False, 'cmake_args': None, 'cmake_clean_cache': False, 'cmake_clean_first': False, 'cmake_force_configure': False, 'cmake_target': None, 'cmake_target_skip_unavailable': False, 'install_base': '/home/misha/Documents/ROS2_Gazebo_tutorials/navigation_ws/install/robot_teleop', 'merge_install': False, 'path': '/home/misha/Documents/ROS2_Gazebo_tutorials/navigation_ws/src/robot_teleop', 'symlink_install': False, 'test_result_base': None}
[0.489s] Level 5:colcon.colcon_core.verb:set package 'robot_world' build argument 'cmake_args' from command line to 'None'
[0.489s] Level 5:colcon.colcon_core.verb:set package 'robot_world' build argument 'cmake_target' from command line to 'None'
[0.489s] Level 5:colcon.colcon_core.verb:set package 'robot_world' build argument 'cmake_target_skip_unavailable' from command line to 'False'
[0.489s] Level 5:colcon.colcon_core.verb:set package 'robot_world' build argument 'cmake_clean_cache' from command line to 'False'
[0.489s] Level 5:colcon.colcon_core.verb:set package 'robot_world' build argument 'cmake_clean_first' from command line to 'False'
[0.489s] Level 5:colcon.colcon_core.verb:set package 'robot_world' build argument 'cmake_force_configure' from command line to 'False'
[0.489s] Level 5:colcon.colcon_core.verb:set package 'robot_world' build argument 'ament_cmake_args' from command line to 'None'
[0.489s] Level 5:colcon.colcon_core.verb:set package 'robot_world' build argument 'catkin_cmake_args' from command line to 'None'
[0.489s] Level 5:colcon.colcon_core.verb:set package 'robot_world' build argument 'catkin_skip_building_tests' from command line to 'False'
[0.490s] DEBUG:colcon.colcon_core.verb:Building package 'robot_world' with the following arguments: {'ament_cmake_args': None, 'build_base': '/home/misha/Documents/ROS2_Gazebo_tutorials/navigation_ws/build/robot_world', 'catkin_cmake_args': None, 'catkin_skip_building_tests': False, 'cmake_args': None, 'cmake_clean_cache': False, 'cmake_clean_first': False, 'cmake_force_configure': False, 'cmake_target': None, 'cmake_target_skip_unavailable': False, 'install_base': '/home/misha/Documents/ROS2_Gazebo_tutorials/navigation_ws/install/robot_world', 'merge_install': False, 'path': '/home/misha/Documents/ROS2_Gazebo_tutorials/navigation_ws/src/robot_world', 'symlink_install': False, 'test_result_base': None}
[0.490s] Level 5:colcon.colcon_core.verb:set package 'test_robot_plugin' build argument 'cmake_args' from command line to 'None'
[0.490s] Level 5:colcon.colcon_core.verb:set package 'test_robot_plugin' build argument 'cmake_target' from command line to 'None'
[0.490s] Level 5:colcon.colcon_core.verb:set package 'test_robot_plugin' build argument 'cmake_target_skip_unavailable' from command line to 'False'
[0.490s] Level 5:colcon.colcon_core.verb:set package 'test_robot_plugin' build argument 'cmake_clean_cache' from command line to 'False'
[0.490s] Level 5:colcon.colcon_core.verb:set package 'test_robot_plugin' build argument 'cmake_clean_first' from command line to 'False'
[0.490s] Level 5:colcon.colcon_core.verb:set package 'test_robot_plugin' build argument 'cmake_force_configure' from command line to 'False'
[0.490s] Level 5:colcon.colcon_core.verb:set package 'test_robot_plugin' build argument 'ament_cmake_args' from command line to 'None'
[0.490s] Level 5:colcon.colcon_core.verb:set package 'test_robot_plugin' build argument 'catkin_cmake_args' from command line to 'None'
[0.490s] Level 5:colcon.colcon_core.verb:set package 'test_robot_plugin' build argument 'catkin_skip_building_tests' from command line to 'False'
[0.490s] DEBUG:colcon.colcon_core.verb:Building package 'test_robot_plugin' with the following arguments: {'ament_cmake_args': None, 'build_base': '/home/misha/Documents/ROS2_Gazebo_tutorials/navigation_ws/build/test_robot_plugin', 'catkin_cmake_args': None, 'catkin_skip_building_tests': False, 'cmake_args': None, 'cmake_clean_cache': False, 'cmake_clean_first': False, 'cmake_force_configure': False, 'cmake_target': None, 'cmake_target_skip_unavailable': False, 'install_base': '/home/misha/Documents/ROS2_Gazebo_tutorials/navigation_ws/install/test_robot_plugin', 'merge_install': False, 'path': '/home/misha/Documents/ROS2_Gazebo_tutorials/navigation_ws/src/test_robot_plugin', 'symlink_install': False, 'test_result_base': None}
[0.491s] INFO:colcon.colcon_core.executor:Executing jobs using 'parallel' executor
[0.492s] DEBUG:colcon.colcon_parallel_executor.executor.parallel:run_until_complete
[0.492s] INFO:colcon.colcon_ros.task.ament_cmake.build:Building ROS package in '/home/misha/Documents/ROS2_Gazebo_tutorials/navigation_ws/src/global_map_ex' with build type 'ament_cmake'
[0.492s] INFO:colcon.colcon_cmake.task.cmake.build:Building CMake package in '/home/misha/Documents/ROS2_Gazebo_tutorials/navigation_ws/src/global_map_ex'
[0.496s] INFO:colcon.colcon_core.plugin_system:Skipping extension 'colcon_core.shell.bat': Not used on non-Windows systems
[0.496s] INFO:colcon.colcon_core.shell:Skip shell extension 'powershell' for command environment: Not usable outside of PowerShell
[0.497s] DEBUG:colcon.colcon_core.shell:Skip shell extension 'dsv' for command environment
[0.506s] INFO:colcon.colcon_ros.task.ament_cmake.build:Building ROS package in '/home/misha/Documents/ROS2_Gazebo_tutorials/navigation_ws/src/my_robot_bringup' with build type 'ament_cmake'
[0.506s] INFO:colcon.colcon_cmake.task.cmake.build:Building CMake package in '/home/misha/Documents/ROS2_Gazebo_tutorials/navigation_ws/src/my_robot_bringup'
[0.507s] INFO:colcon.colcon_core.shell:Skip shell extension 'powershell' for command environment: Not usable outside of PowerShell
[0.507s] DEBUG:colcon.colcon_core.shell:Skip shell extension 'dsv' for command environment
[0.515s] INFO:colcon.colcon_ros.task.ament_cmake.build:Building ROS package in '/home/misha/Documents/ROS2_Gazebo_tutorials/navigation_ws/src/robot_mapping' with build type 'ament_cmake'
[0.516s] INFO:colcon.colcon_cmake.task.cmake.build:Building CMake package in '/home/misha/Documents/ROS2_Gazebo_tutorials/navigation_ws/src/robot_mapping'
[0.517s] INFO:colcon.colcon_core.shell:Skip shell extension 'powershell' for command environment: Not usable outside of PowerShell
[0.517s] DEBUG:colcon.colcon_core.shell:Skip shell extension 'dsv' for command environment
[0.524s] INFO:colcon.colcon_ros.task.ament_cmake.build:Building ROS package in '/home/misha/Documents/ROS2_Gazebo_tutorials/navigation_ws/src/robot_odometry' with build type 'ament_cmake'
[0.525s] INFO:colcon.colcon_cmake.task.cmake.build:Building CMake package in '/home/misha/Documents/ROS2_Gazebo_tutorials/navigation_ws/src/robot_odometry'
[0.525s] INFO:colcon.colcon_core.shell:Skip shell extension 'powershell' for command environment: Not usable outside of PowerShell
[0.526s] DEBUG:colcon.colcon_core.shell:Skip shell extension 'dsv' for command environment
[0.538s] INFO:colcon.colcon_ros.task.ament_cmake.build:Building ROS package in '/home/misha/Documents/ROS2_Gazebo_tutorials/navigation_ws/src/robot_slam' with build type 'ament_cmake'
[0.538s] INFO:colcon.colcon_cmake.task.cmake.build:Building CMake package in '/home/misha/Documents/ROS2_Gazebo_tutorials/navigation_ws/src/robot_slam'
[0.539s] INFO:colcon.colcon_core.shell:Skip shell extension 'powershell' for command environment: Not usable outside of PowerShell
[0.539s] DEBUG:colcon.colcon_core.shell:Skip shell extension 'dsv' for command environment
[0.545s] INFO:colcon.colcon_ros.task.ament_cmake.build:Building ROS package in '/home/misha/Documents/ROS2_Gazebo_tutorials/navigation_ws/src/robot_teleop' with build type 'ament_cmake'
[0.545s] INFO:colcon.colcon_cmake.task.cmake.build:Building CMake package in '/home/misha/Documents/ROS2_Gazebo_tutorials/navigation_ws/src/robot_teleop'
[0.546s] INFO:colcon.colcon_core.shell:Skip shell extension 'powershell' for command environment: Not usable outside of PowerShell
[0.546s] DEBUG:colcon.colcon_core.shell:Skip shell extension 'dsv' for command environment
[0.554s] INFO:colcon.colcon_ros.task.ament_cmake.build:Building ROS package in '/home/misha/Documents/ROS2_Gazebo_tutorials/navigation_ws/src/robot_world' with build type 'ament_cmake'
[0.554s] INFO:colcon.colcon_cmake.task.cmake.build:Building CMake package in '/home/misha/Documents/ROS2_Gazebo_tutorials/navigation_ws/src/robot_world'
[0.555s] INFO:colcon.colcon_core.shell:Skip shell extension 'powershell' for command environment: Not usable outside of PowerShell
[0.555s] DEBUG:colcon.colcon_core.shell:Skip shell extension 'dsv' for command environment
[0.562s] INFO:colcon.colcon_ros.task.ament_cmake.build:Building ROS package in '/home/misha/Documents/ROS2_Gazebo_tutorials/navigation_ws/src/test_robot_plugin' with build type 'ament_cmake'
[0.562s] INFO:colcon.colcon_cmake.task.cmake.build:Building CMake package in '/home/misha/Documents/ROS2_Gazebo_tutorials/navigation_ws/src/test_robot_plugin'
[0.562s] INFO:colcon.colcon_core.shell:Skip shell extension 'powershell' for command environment: Not usable outside of PowerShell
[0.563s] DEBUG:colcon.colcon_core.shell:Skip shell extension 'dsv' for command environment
[0.585s] DEBUG:colcon.colcon_core.event_handler.log_command:Invoking command in '/home/misha/Documents/ROS2_Gazebo_tutorials/navigation_ws/build/global_map_ex': CMAKE_PREFIX_PATH=${CMAKE_PREFIX_PATH}:/opt/ros/humble /usr/bin/cmake --build /home/misha/Documents/ROS2_Gazebo_tutorials/navigation_ws/build/global_map_ex -- -j8 -l8
[0.596s] DEBUG:colcon.colcon_core.event_handler.log_command:Invoking command in '/home/misha/Documents/ROS2_Gazebo_tutorials/navigation_ws/build/my_robot_bringup': CMAKE_PREFIX_PATH=${CMAKE_PREFIX_PATH}:/opt/ros/humble /usr/bin/cmake --build /home/misha/Documents/ROS2_Gazebo_tutorials/navigation_ws/build/my_robot_bringup -- -j8 -l8
[0.604s] DEBUG:colcon.colcon_core.event_handler.log_command:Invoking command in '/home/misha/Documents/ROS2_Gazebo_tutorials/navigation_ws/build/robot_mapping': CMAKE_PREFIX_PATH=${CMAKE_PREFIX_PATH}:/opt/ros/humble /usr/bin/cmake --build /home/misha/Documents/ROS2_Gazebo_tutorials/navigation_ws/build/robot_mapping -- -j8 -l8
[0.608s] DEBUG:colcon.colcon_core.event_handler.log_command:Invoking command in '/home/misha/Documents/ROS2_Gazebo_tutorials/navigation_ws/build/robot_odometry': CMAKE_PREFIX_PATH=${CMAKE_PREFIX_PATH}:/opt/ros/humble /usr/bin/cmake --build /home/misha/Documents/ROS2_Gazebo_tutorials/navigation_ws/build/robot_odometry -- -j8 -l8
[0.622s] DEBUG:colcon.colcon_core.event_handler.log_command:Invoking command in '/home/misha/Documents/ROS2_Gazebo_tutorials/navigation_ws/build/robot_slam': CMAKE_PREFIX_PATH=${CMAKE_PREFIX_PATH}:/opt/ros/humble /usr/bin/cmake --build /home/misha/Documents/ROS2_Gazebo_tutorials/navigation_ws/build/robot_slam -- -j8 -l8
[0.633s] DEBUG:colcon.colcon_core.event_handler.log_command:Invoking command in '/home/misha/Documents/ROS2_Gazebo_tutorials/navigation_ws/build/robot_teleop': CMAKE_PREFIX_PATH=${CMAKE_PREFIX_PATH}:/opt/ros/humble /usr/bin/cmake --build /home/misha/Documents/ROS2_Gazebo_tutorials/navigation_ws/build/robot_teleop -- -j8 -l8
[0.660s] DEBUG:colcon.colcon_core.event_handler.log_command:Invoking command in '/home/misha/Documents/ROS2_Gazebo_tutorials/navigation_ws/build/robot_world': CMAKE_PREFIX_PATH=${CMAKE_PREFIX_PATH}:/opt/ros/humble /usr/bin/cmake --build /home/misha/Documents/ROS2_Gazebo_tutorials/navigation_ws/build/robot_world -- -j8 -l8
[0.669s] DEBUG:colcon.colcon_core.event_handler.log_command:Invoking command in '/home/misha/Documents/ROS2_Gazebo_tutorials/navigation_ws/build/test_robot_plugin': CMAKE_PREFIX_PATH=${CMAKE_PREFIX_PATH}:/opt/ros/humble /usr/bin/cmake --build /home/misha/Documents/ROS2_Gazebo_tutorials/navigation_ws/build/test_robot_plugin -- -j8 -l8
[0.796s] DEBUG:colcon.colcon_core.event_handler.log_command:Invoked command in '/home/misha/Documents/ROS2_Gazebo_tutorials/navigation_ws/build/my_robot_bringup' returned '0': CMAKE_PREFIX_PATH=${CMAKE_PREFIX_PATH}:/opt/ros/humble /usr/bin/cmake --build /home/misha/Documents/ROS2_Gazebo_tutorials/navigation_ws/build/my_robot_bringup -- -j8 -l8
[0.855s] DEBUG:colcon.colcon_core.event_handler.log_command:Invoking command in '/home/misha/Documents/ROS2_Gazebo_tutorials/navigation_ws/build/my_robot_bringup': CMAKE_PREFIX_PATH=${CMAKE_PREFIX_PATH}:/opt/ros/humble /usr/bin/cmake --install /home/misha/Documents/ROS2_Gazebo_tutorials/navigation_ws/build/my_robot_bringup
[0.881s] DEBUG:colcon.colcon_core.event_handler.log_command:Invoked command in '/home/misha/Documents/ROS2_Gazebo_tutorials/navigation_ws/build/robot_world' returned '0': CMAKE_PREFIX_PATH=${CMAKE_PREFIX_PATH}:/opt/ros/humble /usr/bin/cmake --build /home/misha/Documents/ROS2_Gazebo_tutorials/navigation_ws/build/robot_world -- -j8 -l8
[0.882s] DEBUG:colcon.colcon_core.event_handler.log_command:Invoking command in '/home/misha/Documents/ROS2_Gazebo_tutorials/navigation_ws/build/robot_world': CMAKE_PREFIX_PATH=${CMAKE_PREFIX_PATH}:/opt/ros/humble /usr/bin/cmake --install /home/misha/Documents/ROS2_Gazebo_tutorials/navigation_ws/build/robot_world
[0.911s] DEBUG:colcon.colcon_core.event_handler.log_command:Invoked command in '/home/misha/Documents/ROS2_Gazebo_tutorials/navigation_ws/build/global_map_ex' returned '0': CMAKE_PREFIX_PATH=${CMAKE_PREFIX_PATH}:/opt/ros/humble /usr/bin/cmake --build /home/misha/Documents/ROS2_Gazebo_tutorials/navigation_ws/build/global_map_ex -- -j8 -l8
[0.916s] DEBUG:colcon.colcon_core.event_handler.log_command:Invoking command in '/home/misha/Documents/ROS2_Gazebo_tutorials/navigation_ws/build/global_map_ex': CMAKE_PREFIX_PATH=${CMAKE_PREFIX_PATH}:/opt/ros/humble /usr/bin/cmake --install /home/misha/Documents/ROS2_Gazebo_tutorials/navigation_ws/build/global_map_ex
[0.927s] Level 1:colcon.colcon_core.environment:create_environment_scripts_only(my_robot_bringup)
[0.934s] DEBUG:colcon.colcon_core.event_handler.log_command:Invoked command in '/home/misha/Documents/ROS2_Gazebo_tutorials/navigation_ws/build/my_robot_bringup' returned '0': CMAKE_PREFIX_PATH=${CMAKE_PREFIX_PATH}:/opt/ros/humble /usr/bin/cmake --install /home/misha/Documents/ROS2_Gazebo_tutorials/navigation_ws/build/my_robot_bringup
[0.937s] Level 1:colcon.colcon_core.environment:checking '/home/misha/Documents/ROS2_Gazebo_tutorials/navigation_ws/install/my_robot_bringup' for CMake module files
[0.953s] Level 1:colcon.colcon_core.environment:checking '/home/misha/Documents/ROS2_Gazebo_tutorials/navigation_ws/install/my_robot_bringup' for CMake config files
[0.954s] Level 1:colcon.colcon_core.shell:create_environment_hook('my_robot_bringup', 'cmake_prefix_path')
[0.955s] INFO:colcon.colcon_core.shell:Creating environment hook '/home/misha/Documents/ROS2_Gazebo_tutorials/navigation_ws/install/my_robot_bringup/share/my_robot_bringup/hook/cmake_prefix_path.ps1'
[0.957s] INFO:colcon.colcon_core.shell:Creating environment descriptor '/home/misha/Documents/ROS2_Gazebo_tutorials/navigation_ws/install/my_robot_bringup/share/my_robot_bringup/hook/cmake_prefix_path.dsv'
[0.959s] INFO:colcon.colcon_core.shell:Creating environment hook '/home/misha/Documents/ROS2_Gazebo_tutorials/navigation_ws/install/my_robot_bringup/share/my_robot_bringup/hook/cmake_prefix_path.sh'
[0.963s] Level 1:colcon.colcon_core.environment:checking '/home/misha/Documents/ROS2_Gazebo_tutorials/navigation_ws/install/my_robot_bringup/bin'
[0.963s] Level 1:colcon.colcon_core.environment:checking '/home/misha/Documents/ROS2_Gazebo_tutorials/navigation_ws/install/my_robot_bringup/lib/pkgconfig/my_robot_bringup.pc'
[0.964s] Level 1:colcon.colcon_core.environment:checking '/home/misha/Documents/ROS2_Gazebo_tutorials/navigation_ws/install/my_robot_bringup/lib/python3.10/site-packages'
[0.964s] Level 1:colcon.colcon_core.environment:checking '/home/misha/Documents/ROS2_Gazebo_tutorials/navigation_ws/install/my_robot_bringup/bin'
[0.965s] INFO:colcon.colcon_core.shell:Creating package script '/home/misha/Documents/ROS2_Gazebo_tutorials/navigation_ws/install/my_robot_bringup/share/my_robot_bringup/package.ps1'
[0.968s] INFO:colcon.colcon_core.shell:Creating package descriptor '/home/misha/Documents/ROS2_Gazebo_tutorials/navigation_ws/install/my_robot_bringup/share/my_robot_bringup/package.dsv'
[0.970s] INFO:colcon.colcon_core.shell:Creating package script '/home/misha/Documents/ROS2_Gazebo_tutorials/navigation_ws/install/my_robot_bringup/share/my_robot_bringup/package.sh'
[0.973s] INFO:colcon.colcon_core.shell:Creating package script '/home/misha/Documents/ROS2_Gazebo_tutorials/navigation_ws/install/my_robot_bringup/share/my_robot_bringup/package.bash'
[0.975s] INFO:colcon.colcon_core.shell:Creating package script '/home/misha/Documents/ROS2_Gazebo_tutorials/navigation_ws/install/my_robot_bringup/share/my_robot_bringup/package.zsh'
[0.976s] Level 1:colcon.colcon_core.environment:create_file_with_runtime_dependencies(/home/misha/Documents/ROS2_Gazebo_tutorials/navigation_ws/install/my_robot_bringup/share/colcon-core/packages/my_robot_bringup)
[0.977s] Level 1:colcon.colcon_core.environment:create_environment_scripts_only(my_robot_bringup)
[0.978s] Level 1:colcon.colcon_core.environment:checking '/home/misha/Documents/ROS2_Gazebo_tutorials/navigation_ws/install/my_robot_bringup' for CMake module files
[0.980s] Level 1:colcon.colcon_core.environment:checking '/home/misha/Documents/ROS2_Gazebo_tutorials/navigation_ws/install/my_robot_bringup' for CMake config files
[0.980s] Level 1:colcon.colcon_core.shell:create_environment_hook('my_robot_bringup', 'cmake_prefix_path')
[0.980s] INFO:colcon.colcon_core.shell:Creating environment hook '/home/misha/Documents/ROS2_Gazebo_tutorials/navigation_ws/install/my_robot_bringup/share/my_robot_bringup/hook/cmake_prefix_path.ps1'
[0.982s] INFO:colcon.colcon_core.shell:Creating environment descriptor '/home/misha/Documents/ROS2_Gazebo_tutorials/navigation_ws/install/my_robot_bringup/share/my_robot_bringup/hook/cmake_prefix_path.dsv'
[0.983s] INFO:colcon.colcon_core.shell:Creating environment hook '/home/misha/Documents/ROS2_Gazebo_tutorials/navigation_ws/install/my_robot_bringup/share/my_robot_bringup/hook/cmake_prefix_path.sh'
[0.984s] Level 1:colcon.colcon_core.environment:checking '/home/misha/Documents/ROS2_Gazebo_tutorials/navigation_ws/install/my_robot_bringup/bin'
[0.985s] Level 1:colcon.colcon_core.environment:checking '/home/misha/Documents/ROS2_Gazebo_tutorials/navigation_ws/install/my_robot_bringup/lib/pkgconfig/my_robot_bringup.pc'
[0.985s] Level 1:colcon.colcon_core.environment:checking '/home/misha/Documents/ROS2_Gazebo_tutorials/navigation_ws/install/my_robot_bringup/lib/python3.10/site-packages'
[0.986s] Level 1:colcon.colcon_core.environment:checking '/home/misha/Documents/ROS2_Gazebo_tutorials/navigation_ws/install/my_robot_bringup/bin'
[0.987s] INFO:colcon.colcon_core.shell:Creating package script '/home/misha/Documents/ROS2_Gazebo_tutorials/navigation_ws/install/my_robot_bringup/share/my_robot_bringup/package.ps1'
[0.988s] INFO:colcon.colcon_core.shell:Creating package descriptor '/home/misha/Documents/ROS2_Gazebo_tutorials/navigation_ws/install/my_robot_bringup/share/my_robot_bringup/package.dsv'
[0.989s] INFO:colcon.colcon_core.shell:Creating package script '/home/misha/Documents/ROS2_Gazebo_tutorials/navigation_ws/install/my_robot_bringup/share/my_robot_bringup/package.sh'
[0.990s] INFO:colcon.colcon_core.shell:Creating package script '/home/misha/Documents/ROS2_Gazebo_tutorials/navigation_ws/install/my_robot_bringup/share/my_robot_bringup/package.bash'
[0.990s] INFO:colcon.colcon_core.shell:Creating package script '/home/misha/Documents/ROS2_Gazebo_tutorials/navigation_ws/install/my_robot_bringup/share/my_robot_bringup/package.zsh'
[0.991s] Level 1:colcon.colcon_core.environment:create_file_with_runtime_dependencies(/home/misha/Documents/ROS2_Gazebo_tutorials/navigation_ws/install/my_robot_bringup/share/colcon-core/packages/my_robot_bringup)
[0.994s] DEBUG:colcon.colcon_core.event_handler.log_command:Invoked command in '/home/misha/Documents/ROS2_Gazebo_tutorials/navigation_ws/build/robot_mapping' returned '0': CMAKE_PREFIX_PATH=${CMAKE_PREFIX_PATH}:/opt/ros/humble /usr/bin/cmake --build /home/misha/Documents/ROS2_Gazebo_tutorials/navigation_ws/build/robot_mapping -- -j8 -l8
[0.996s] DEBUG:colcon.colcon_core.event_handler.log_command:Invoking command in '/home/misha/Documents/ROS2_Gazebo_tutorials/navigation_ws/build/robot_mapping': CMAKE_PREFIX_PATH=${CMAKE_PREFIX_PATH}:/opt/ros/humble /usr/bin/cmake --install /home/misha/Documents/ROS2_Gazebo_tutorials/navigation_ws/build/robot_mapping
[0.999s] DEBUG:colcon.colcon_core.event_handler.log_command:Invoked command in '/home/misha/Documents/ROS2_Gazebo_tutorials/navigation_ws/build/robot_slam' returned '0': CMAKE_PREFIX_PATH=${CMAKE_PREFIX_PATH}:/opt/ros/humble /usr/bin/cmake --build /home/misha/Documents/ROS2_Gazebo_tutorials/navigation_ws/build/robot_slam -- -j8 -l8
[1.003s] DEBUG:colcon.colcon_core.event_handler.log_command:Invoking command in '/home/misha/Documents/ROS2_Gazebo_tutorials/navigation_ws/build/robot_slam': CMAKE_PREFIX_PATH=${CMAKE_PREFIX_PATH}:/opt/ros/humble /usr/bin/cmake --install /home/misha/Documents/ROS2_Gazebo_tutorials/navigation_ws/build/robot_slam
[1.006s] DEBUG:colcon.colcon_core.event_handler.log_command:Invoked command in '/home/misha/Documents/ROS2_Gazebo_tutorials/navigation_ws/build/robot_odometry' returned '0': CMAKE_PREFIX_PATH=${CMAKE_PREFIX_PATH}:/opt/ros/humble /usr/bin/cmake --build /home/misha/Documents/ROS2_Gazebo_tutorials/navigation_ws/build/robot_odometry -- -j8 -l8
[1.009s] DEBUG:colcon.colcon_core.event_handler.log_command:Invoking command in '/home/misha/Documents/ROS2_Gazebo_tutorials/navigation_ws/build/robot_odometry': CMAKE_PREFIX_PATH=${CMAKE_PREFIX_PATH}:/opt/ros/humble /usr/bin/cmake --install /home/misha/Documents/ROS2_Gazebo_tutorials/navigation_ws/build/robot_odometry
[1.010s] Level 1:colcon.colcon_core.environment:create_environment_scripts_only(robot_world)
[1.011s] DEBUG:colcon.colcon_core.event_handler.log_command:Invoked command in '/home/misha/Documents/ROS2_Gazebo_tutorials/navigation_ws/build/robot_world' returned '0': CMAKE_PREFIX_PATH=${CMAKE_PREFIX_PATH}:/opt/ros/humble /usr/bin/cmake --install /home/misha/Documents/ROS2_Gazebo_tutorials/navigation_ws/build/robot_world
[1.012s] Level 1:colcon.colcon_core.environment:checking '/home/misha/Documents/ROS2_Gazebo_tutorials/navigation_ws/install/robot_world' for CMake module files
[1.016s] Level 1:colcon.colcon_core.environment:checking '/home/misha/Documents/ROS2_Gazebo_tutorials/navigation_ws/install/robot_world' for CMake config files
[1.018s] Level 1:colcon.colcon_core.shell:create_environment_hook('robot_world', 'cmake_prefix_path')
[1.018s] INFO:colcon.colcon_core.shell:Creating environment hook '/home/misha/Documents/ROS2_Gazebo_tutorials/navigation_ws/install/robot_world/share/robot_world/hook/cmake_prefix_path.ps1'
[1.020s] INFO:colcon.colcon_core.shell:Creating environment descriptor '/home/misha/Documents/ROS2_Gazebo_tutorials/navigation_ws/install/robot_world/share/robot_world/hook/cmake_prefix_path.dsv'
[1.021s] INFO:colcon.colcon_core.shell:Creating environment hook '/home/misha/Documents/ROS2_Gazebo_tutorials/navigation_ws/install/robot_world/share/robot_world/hook/cmake_prefix_path.sh'
[1.022s] Level 1:colcon.colcon_core.environment:checking '/home/misha/Documents/ROS2_Gazebo_tutorials/navigation_ws/install/robot_world/bin'
[1.022s] Level 1:colcon.colcon_core.environment:checking '/home/misha/Documents/ROS2_Gazebo_tutorials/navigation_ws/install/robot_world/lib/pkgconfig/robot_world.pc'
[1.023s] Level 1:colcon.colcon_core.environment:checking '/home/misha/Documents/ROS2_Gazebo_tutorials/navigation_ws/install/robot_world/lib/python3.10/site-packages'
[1.024s] Level 1:colcon.colcon_core.environment:checking '/home/misha/Documents/ROS2_Gazebo_tutorials/navigation_ws/install/robot_world/bin'
[1.024s] INFO:colcon.colcon_core.shell:Creating package script '/home/misha/Documents/ROS2_Gazebo_tutorials/navigation_ws/install/robot_world/share/robot_world/package.ps1'
[1.026s] INFO:colcon.colcon_core.shell:Creating package descriptor '/home/misha/Documents/ROS2_Gazebo_tutorials/navigation_ws/install/robot_world/share/robot_world/package.dsv'
[1.027s] INFO:colcon.colcon_core.shell:Creating package script '/home/misha/Documents/ROS2_Gazebo_tutorials/navigation_ws/install/robot_world/share/robot_world/package.sh'
[1.029s] INFO:colcon.colcon_core.shell:Creating package script '/home/misha/Documents/ROS2_Gazebo_tutorials/navigation_ws/install/robot_world/share/robot_world/package.bash'
[1.032s] INFO:colcon.colcon_core.shell:Creating package script '/home/misha/Documents/ROS2_Gazebo_tutorials/navigation_ws/install/robot_world/share/robot_world/package.zsh'
[1.033s] Level 1:colcon.colcon_core.environment:create_file_with_runtime_dependencies(/home/misha/Documents/ROS2_Gazebo_tutorials/navigation_ws/install/robot_world/share/colcon-core/packages/robot_world)
[1.036s] Level 1:colcon.colcon_core.environment:create_environment_scripts_only(robot_world)
[1.037s] Level 1:colcon.colcon_core.environment:checking '/home/misha/Documents/ROS2_Gazebo_tutorials/navigation_ws/install/robot_world' for CMake module files
[1.038s] Level 1:colcon.colcon_core.environment:checking '/home/misha/Documents/ROS2_Gazebo_tutorials/navigation_ws/install/robot_world' for CMake config files
[1.039s] Level 1:colcon.colcon_core.shell:create_environment_hook('robot_world', 'cmake_prefix_path')
[1.040s] INFO:colcon.colcon_core.shell:Creating environment hook '/home/misha/Documents/ROS2_Gazebo_tutorials/navigation_ws/install/robot_world/share/robot_world/hook/cmake_prefix_path.ps1'
[1.041s] INFO:colcon.colcon_core.shell:Creating environment descriptor '/home/misha/Documents/ROS2_Gazebo_tutorials/navigation_ws/install/robot_world/share/robot_world/hook/cmake_prefix_path.dsv'
[1.042s] INFO:colcon.colcon_core.shell:Creating environment hook '/home/misha/Documents/ROS2_Gazebo_tutorials/navigation_ws/install/robot_world/share/robot_world/hook/cmake_prefix_path.sh'
[1.043s] Level 1:colcon.colcon_core.environment:checking '/home/misha/Documents/ROS2_Gazebo_tutorials/navigation_ws/install/robot_world/bin'
[1.044s] Level 1:colcon.colcon_core.environment:checking '/home/misha/Documents/ROS2_Gazebo_tutorials/navigation_ws/install/robot_world/lib/pkgconfig/robot_world.pc'
[1.044s] Level 1:colcon.colcon_core.environment:checking '/home/misha/Documents/ROS2_Gazebo_tutorials/navigation_ws/install/robot_world/lib/python3.10/site-packages'
[1.046s] Level 1:colcon.colcon_core.environment:checking '/home/misha/Documents/ROS2_Gazebo_tutorials/navigation_ws/install/robot_world/bin'
[1.048s] INFO:colcon.colcon_core.shell:Creating package script '/home/misha/Documents/ROS2_Gazebo_tutorials/navigation_ws/install/robot_world/share/robot_world/package.ps1'
[1.050s] INFO:colcon.colcon_core.shell:Creating package descriptor '/home/misha/Documents/ROS2_Gazebo_tutorials/navigation_ws/install/robot_world/share/robot_world/package.dsv'
[1.052s] INFO:colcon.colcon_core.shell:Creating package script '/home/misha/Documents/ROS2_Gazebo_tutorials/navigation_ws/install/robot_world/share/robot_world/package.sh'
[1.053s] INFO:colcon.colcon_core.shell:Creating package script '/home/misha/Documents/ROS2_Gazebo_tutorials/navigation_ws/install/robot_world/share/robot_world/package.bash'
[1.055s] INFO:colcon.colcon_core.shell:Creating package script '/home/misha/Documents/ROS2_Gazebo_tutorials/navigation_ws/install/robot_world/share/robot_world/package.zsh'
[1.056s] Level 1:colcon.colcon_core.environment:create_file_with_runtime_dependencies(/home/misha/Documents/ROS2_Gazebo_tutorials/navigation_ws/install/robot_world/share/colcon-core/packages/robot_world)
[1.057s] Level 1:colcon.colcon_core.environment:create_environment_scripts_only(global_map_ex)
[1.057s] Level 1:colcon.colcon_core.environment:checking '/home/misha/Documents/ROS2_Gazebo_tutorials/navigation_ws/install/global_map_ex' for CMake module files
[1.060s] DEBUG:colcon.colcon_core.event_handler.log_command:Invoked command in '/home/misha/Documents/ROS2_Gazebo_tutorials/navigation_ws/build/global_map_ex' returned '0': CMAKE_PREFIX_PATH=${CMAKE_PREFIX_PATH}:/opt/ros/humble /usr/bin/cmake --install /home/misha/Documents/ROS2_Gazebo_tutorials/navigation_ws/build/global_map_ex
[1.060s] Level 1:colcon.colcon_core.environment:checking '/home/misha/Documents/ROS2_Gazebo_tutorials/navigation_ws/install/global_map_ex' for CMake config files
[1.061s] Level 1:colcon.colcon_core.shell:create_environment_hook('global_map_ex', 'cmake_prefix_path')
[1.062s] INFO:colcon.colcon_core.shell:Creating environment hook '/home/misha/Documents/ROS2_Gazebo_tutorials/navigation_ws/install/global_map_ex/share/global_map_ex/hook/cmake_prefix_path.ps1'
[1.064s] INFO:colcon.colcon_core.shell:Creating environment descriptor '/home/misha/Documents/ROS2_Gazebo_tutorials/navigation_ws/install/global_map_ex/share/global_map_ex/hook/cmake_prefix_path.dsv'
[1.066s] INFO:colcon.colcon_core.shell:Creating environment hook '/home/misha/Documents/ROS2_Gazebo_tutorials/navigation_ws/install/global_map_ex/share/global_map_ex/hook/cmake_prefix_path.sh'
[1.070s] Level 1:colcon.colcon_core.environment:checking '/home/misha/Documents/ROS2_Gazebo_tutorials/navigation_ws/install/global_map_ex/lib'
[1.071s] Level 1:colcon.colcon_core.environment:checking '/home/misha/Documents/ROS2_Gazebo_tutorials/navigation_ws/install/global_map_ex/bin'
[1.071s] Level 1:colcon.colcon_core.environment:checking '/home/misha/Documents/ROS2_Gazebo_tutorials/navigation_ws/install/global_map_ex/lib/pkgconfig/global_map_ex.pc'
[1.072s] Level 1:colcon.colcon_core.environment:checking '/home/misha/Documents/ROS2_Gazebo_tutorials/navigation_ws/install/global_map_ex/lib/python3.10/site-packages'
[1.072s] Level 1:colcon.colcon_core.environment:checking '/home/misha/Documents/ROS2_Gazebo_tutorials/navigation_ws/install/global_map_ex/bin'
[1.073s] INFO:colcon.colcon_core.shell:Creating package script '/home/misha/Documents/ROS2_Gazebo_tutorials/navigation_ws/install/global_map_ex/share/global_map_ex/package.ps1'
[1.074s] INFO:colcon.colcon_core.shell:Creating package descriptor '/home/misha/Documents/ROS2_Gazebo_tutorials/navigation_ws/install/global_map_ex/share/global_map_ex/package.dsv'
[1.075s] INFO:colcon.colcon_core.shell:Creating package script '/home/misha/Documents/ROS2_Gazebo_tutorials/navigation_ws/install/global_map_ex/share/global_map_ex/package.sh'
[1.075s] INFO:colcon.colcon_core.shell:Creating package script '/home/misha/Documents/ROS2_Gazebo_tutorials/navigation_ws/install/global_map_ex/share/global_map_ex/package.bash'
[1.076s] INFO:colcon.colcon_core.shell:Creating package script '/home/misha/Documents/ROS2_Gazebo_tutorials/navigation_ws/install/global_map_ex/share/global_map_ex/package.zsh'
[1.077s] Level 1:colcon.colcon_core.environment:create_file_with_runtime_dependencies(/home/misha/Documents/ROS2_Gazebo_tutorials/navigation_ws/install/global_map_ex/share/colcon-core/packages/global_map_ex)
[1.078s] Level 1:colcon.colcon_core.environment:create_environment_scripts_only(global_map_ex)
[1.079s] Level 1:colcon.colcon_core.environment:checking '/home/misha/Documents/ROS2_Gazebo_tutorials/navigation_ws/install/global_map_ex' for CMake module files
[1.080s] Level 1:colcon.colcon_core.environment:checking '/home/misha/Documents/ROS2_Gazebo_tutorials/navigation_ws/install/global_map_ex' for CMake config files
[1.080s] Level 1:colcon.colcon_core.shell:create_environment_hook('global_map_ex', 'cmake_prefix_path')
[1.081s] INFO:colcon.colcon_core.shell:Creating environment hook '/home/misha/Documents/ROS2_Gazebo_tutorials/navigation_ws/install/global_map_ex/share/global_map_ex/hook/cmake_prefix_path.ps1'
[1.082s] INFO:colcon.colcon_core.shell:Creating environment descriptor '/home/misha/Documents/ROS2_Gazebo_tutorials/navigation_ws/install/global_map_ex/share/global_map_ex/hook/cmake_prefix_path.dsv'
[1.082s] INFO:colcon.colcon_core.shell:Creating environment hook '/home/misha/Documents/ROS2_Gazebo_tutorials/navigation_ws/install/global_map_ex/share/global_map_ex/hook/cmake_prefix_path.sh'
[1.083s] Level 1:colcon.colcon_core.environment:checking '/home/misha/Documents/ROS2_Gazebo_tutorials/navigation_ws/install/global_map_ex/lib'
[1.083s] Level 1:colcon.colcon_core.environment:checking '/home/misha/Documents/ROS2_Gazebo_tutorials/navigation_ws/install/global_map_ex/bin'
[1.083s] Level 1:colcon.colcon_core.environment:checking '/home/misha/Documents/ROS2_Gazebo_tutorials/navigation_ws/install/global_map_ex/lib/pkgconfig/global_map_ex.pc'
[1.083s] Level 1:colcon.colcon_core.environment:checking '/home/misha/Documents/ROS2_Gazebo_tutorials/navigation_ws/install/global_map_ex/lib/python3.10/site-packages'
[1.084s] Level 1:colcon.colcon_core.environment:checking '/home/misha/Documents/ROS2_Gazebo_tutorials/navigation_ws/install/global_map_ex/bin'
[1.084s] INFO:colcon.colcon_core.shell:Creating package script '/home/misha/Documents/ROS2_Gazebo_tutorials/navigation_ws/install/global_map_ex/share/global_map_ex/package.ps1'
[1.085s] INFO:colcon.colcon_core.shell:Creating package descriptor '/home/misha/Documents/ROS2_Gazebo_tutorials/navigation_ws/install/global_map_ex/share/global_map_ex/package.dsv'
[1.086s] INFO:colcon.colcon_core.shell:Creating package script '/home/misha/Documents/ROS2_Gazebo_tutorials/navigation_ws/install/global_map_ex/share/global_map_ex/package.sh'
[1.086s] INFO:colcon.colcon_core.shell:Creating package script '/home/misha/Documents/ROS2_Gazebo_tutorials/navigation_ws/install/global_map_ex/share/global_map_ex/package.bash'
[1.087s] INFO:colcon.colcon_core.shell:Creating package script '/home/misha/Documents/ROS2_Gazebo_tutorials/navigation_ws/install/global_map_ex/share/global_map_ex/package.zsh'
[1.088s] Level 1:colcon.colcon_core.environment:create_file_with_runtime_dependencies(/home/misha/Documents/ROS2_Gazebo_tutorials/navigation_ws/install/global_map_ex/share/colcon-core/packages/global_map_ex)
[1.093s] DEBUG:colcon.colcon_core.event_handler.log_command:Invoked command in '/home/misha/Documents/ROS2_Gazebo_tutorials/navigation_ws/build/test_robot_plugin' returned '0': CMAKE_PREFIX_PATH=${CMAKE_PREFIX_PATH}:/opt/ros/humble /usr/bin/cmake --build /home/misha/Documents/ROS2_Gazebo_tutorials/navigation_ws/build/test_robot_plugin -- -j8 -l8
[1.104s] Level 1:colcon.colcon_core.environment:create_environment_scripts_only(robot_slam)
[1.104s] Level 1:colcon.colcon_core.environment:checking '/home/misha/Documents/ROS2_Gazebo_tutorials/navigation_ws/install/robot_slam' for CMake module files
[1.108s] Level 1:colcon.colcon_core.environment:checking '/home/misha/Documents/ROS2_Gazebo_tutorials/navigation_ws/install/robot_slam' for CMake config files
[1.110s] DEBUG:colcon.colcon_core.event_handler.log_command:Invoking command in '/home/misha/Documents/ROS2_Gazebo_tutorials/navigation_ws/build/test_robot_plugin': CMAKE_PREFIX_PATH=${CMAKE_PREFIX_PATH}:/opt/ros/humble /usr/bin/cmake --install /home/misha/Documents/ROS2_Gazebo_tutorials/navigation_ws/build/test_robot_plugin
[1.111s] DEBUG:colcon.colcon_core.event_handler.log_command:Invoked command in '/home/misha/Documents/ROS2_Gazebo_tutorials/navigation_ws/build/robot_slam' returned '0': CMAKE_PREFIX_PATH=${CMAKE_PREFIX_PATH}:/opt/ros/humble /usr/bin/cmake --install /home/misha/Documents/ROS2_Gazebo_tutorials/navigation_ws/build/robot_slam
[1.112s] Level 1:colcon.colcon_core.shell:create_environment_hook('robot_slam', 'cmake_prefix_path')
[1.113s] INFO:colcon.colcon_core.shell:Creating environment hook '/home/misha/Documents/ROS2_Gazebo_tutorials/navigation_ws/install/robot_slam/share/robot_slam/hook/cmake_prefix_path.ps1'
[1.116s] INFO:colcon.colcon_core.shell:Creating environment descriptor '/home/misha/Documents/ROS2_Gazebo_tutorials/navigation_ws/install/robot_slam/share/robot_slam/hook/cmake_prefix_path.dsv'
[1.118s] INFO:colcon.colcon_core.shell:Creating environment hook '/home/misha/Documents/ROS2_Gazebo_tutorials/navigation_ws/install/robot_slam/share/robot_slam/hook/cmake_prefix_path.sh'
[1.121s] Level 1:colcon.colcon_core.environment:checking '/home/misha/Documents/ROS2_Gazebo_tutorials/navigation_ws/install/robot_slam/lib'
[1.121s] Level 1:colcon.colcon_core.environment:checking '/home/misha/Documents/ROS2_Gazebo_tutorials/navigation_ws/install/robot_slam/bin'
[1.121s] Level 1:colcon.colcon_core.environment:checking '/home/misha/Documents/ROS2_Gazebo_tutorials/navigation_ws/install/robot_slam/lib/pkgconfig/robot_slam.pc'
[1.122s] Level 1:colcon.colcon_core.environment:checking '/home/misha/Documents/ROS2_Gazebo_tutorials/navigation_ws/install/robot_slam/lib/python3.10/site-packages'
[1.124s] Level 1:colcon.colcon_core.environment:checking '/home/misha/Documents/ROS2_Gazebo_tutorials/navigation_ws/install/robot_slam/bin'
[1.125s] INFO:colcon.colcon_core.shell:Creating package script '/home/misha/Documents/ROS2_Gazebo_tutorials/navigation_ws/install/robot_slam/share/robot_slam/package.ps1'
[1.128s] INFO:colcon.colcon_core.shell:Creating package descriptor '/home/misha/Documents/ROS2_Gazebo_tutorials/navigation_ws/install/robot_slam/share/robot_slam/package.dsv'
[1.129s] INFO:colcon.colcon_core.shell:Creating package script '/home/misha/Documents/ROS2_Gazebo_tutorials/navigation_ws/install/robot_slam/share/robot_slam/package.sh'
[1.131s] INFO:colcon.colcon_core.shell:Creating package script '/home/misha/Documents/ROS2_Gazebo_tutorials/navigation_ws/install/robot_slam/share/robot_slam/package.bash'
[1.134s] INFO:colcon.colcon_core.shell:Creating package script '/home/misha/Documents/ROS2_Gazebo_tutorials/navigation_ws/install/robot_slam/share/robot_slam/package.zsh'
[1.137s] Level 1:colcon.colcon_core.environment:create_file_with_runtime_dependencies(/home/misha/Documents/ROS2_Gazebo_tutorials/navigation_ws/install/robot_slam/share/colcon-core/packages/robot_slam)
[1.138s] Level 1:colcon.colcon_core.environment:create_environment_scripts_only(robot_slam)
[1.139s] Level 1:colcon.colcon_core.environment:checking '/home/misha/Documents/ROS2_Gazebo_tutorials/navigation_ws/install/robot_slam' for CMake module files
[1.140s] Level 1:colcon.colcon_core.environment:checking '/home/misha/Documents/ROS2_Gazebo_tutorials/navigation_ws/install/robot_slam' for CMake config files
[1.142s] Level 1:colcon.colcon_core.shell:create_environment_hook('robot_slam', 'cmake_prefix_path')
[1.143s] INFO:colcon.colcon_core.shell:Creating environment hook '/home/misha/Documents/ROS2_Gazebo_tutorials/navigation_ws/install/robot_slam/share/robot_slam/hook/cmake_prefix_path.ps1'
[1.144s] INFO:colcon.colcon_core.shell:Creating environment descriptor '/home/misha/Documents/ROS2_Gazebo_tutorials/navigation_ws/install/robot_slam/share/robot_slam/hook/cmake_prefix_path.dsv'
[1.145s] INFO:colcon.colcon_core.shell:Creating environment hook '/home/misha/Documents/ROS2_Gazebo_tutorials/navigation_ws/install/robot_slam/share/robot_slam/hook/cmake_prefix_path.sh'
[1.146s] Level 1:colcon.colcon_core.environment:checking '/home/misha/Documents/ROS2_Gazebo_tutorials/navigation_ws/install/robot_slam/lib'
[1.146s] Level 1:colcon.colcon_core.environment:checking '/home/misha/Documents/ROS2_Gazebo_tutorials/navigation_ws/install/robot_slam/bin'
[1.146s] Level 1:colcon.colcon_core.environment:checking '/home/misha/Documents/ROS2_Gazebo_tutorials/navigation_ws/install/robot_slam/lib/pkgconfig/robot_slam.pc'
[1.147s] Level 1:colcon.colcon_core.environment:checking '/home/misha/Documents/ROS2_Gazebo_tutorials/navigation_ws/install/robot_slam/lib/python3.10/site-packages'
[1.148s] Level 1:colcon.colcon_core.environment:checking '/home/misha/Documents/ROS2_Gazebo_tutorials/navigation_ws/install/robot_slam/bin'
[1.149s] INFO:colcon.colcon_core.shell:Creating package script '/home/misha/Documents/ROS2_Gazebo_tutorials/navigation_ws/install/robot_slam/share/robot_slam/package.ps1'
[1.150s] INFO:colcon.colcon_core.shell:Creating package descriptor '/home/misha/Documents/ROS2_Gazebo_tutorials/navigation_ws/install/robot_slam/share/robot_slam/package.dsv'
[1.151s] INFO:colcon.colcon_core.shell:Creating package script '/home/misha/Documents/ROS2_Gazebo_tutorials/navigation_ws/install/robot_slam/share/robot_slam/package.sh'
[1.152s] INFO:colcon.colcon_core.shell:Creating package script '/home/misha/Documents/ROS2_Gazebo_tutorials/navigation_ws/install/robot_slam/share/robot_slam/package.bash'
[1.153s] INFO:colcon.colcon_core.shell:Creating package script '/home/misha/Documents/ROS2_Gazebo_tutorials/navigation_ws/install/robot_slam/share/robot_slam/package.zsh'
[1.153s] Level 1:colcon.colcon_core.environment:create_file_with_runtime_dependencies(/home/misha/Documents/ROS2_Gazebo_tutorials/navigation_ws/install/robot_slam/share/colcon-core/packages/robot_slam)
[1.154s] Level 1:colcon.colcon_core.environment:create_environment_scripts_only(robot_odometry)
[1.154s] Level 1:colcon.colcon_core.environment:checking '/home/misha/Documents/ROS2_Gazebo_tutorials/navigation_ws/install/robot_odometry' for CMake module files
[1.156s] DEBUG:colcon.colcon_core.event_handler.log_command:Invoked command in '/home/misha/Documents/ROS2_Gazebo_tutorials/navigation_ws/build/robot_odometry' returned '0': CMAKE_PREFIX_PATH=${CMAKE_PREFIX_PATH}:/opt/ros/humble /usr/bin/cmake --install /home/misha/Documents/ROS2_Gazebo_tutorials/navigation_ws/build/robot_odometry
[1.157s] Level 1:colcon.colcon_core.environment:checking '/home/misha/Documents/ROS2_Gazebo_tutorials/navigation_ws/install/robot_odometry' for CMake config files
[1.157s] Level 1:colcon.colcon_core.shell:create_environment_hook('robot_odometry', 'cmake_prefix_path')
[1.158s] INFO:colcon.colcon_core.shell:Creating environment hook '/home/misha/Documents/ROS2_Gazebo_tutorials/navigation_ws/install/robot_odometry/share/robot_odometry/hook/cmake_prefix_path.ps1'
[1.158s] INFO:colcon.colcon_core.shell:Creating environment descriptor '/home/misha/Documents/ROS2_Gazebo_tutorials/navigation_ws/install/robot_odometry/share/robot_odometry/hook/cmake_prefix_path.dsv'
[1.159s] INFO:colcon.colcon_core.shell:Creating environment hook '/home/misha/Documents/ROS2_Gazebo_tutorials/navigation_ws/install/robot_odometry/share/robot_odometry/hook/cmake_prefix_path.sh'
[1.160s] Level 1:colcon.colcon_core.environment:checking '/home/misha/Documents/ROS2_Gazebo_tutorials/navigation_ws/install/robot_odometry/lib'
[1.160s] Level 1:colcon.colcon_core.environment:checking '/home/misha/Documents/ROS2_Gazebo_tutorials/navigation_ws/install/robot_odometry/bin'
[1.160s] Level 1:colcon.colcon_core.environment:checking '/home/misha/Documents/ROS2_Gazebo_tutorials/navigation_ws/install/robot_odometry/lib/pkgconfig/robot_odometry.pc'
[1.160s] Level 1:colcon.colcon_core.environment:checking '/home/misha/Documents/ROS2_Gazebo_tutorials/navigation_ws/install/robot_odometry/lib/python3.10/site-packages'
[1.161s] Level 1:colcon.colcon_core.environment:checking '/home/misha/Documents/ROS2_Gazebo_tutorials/navigation_ws/install/robot_odometry/bin'
[1.161s] INFO:colcon.colcon_core.shell:Creating package script '/home/misha/Documents/ROS2_Gazebo_tutorials/navigation_ws/install/robot_odometry/share/robot_odometry/package.ps1'
[1.162s] INFO:colcon.colcon_core.shell:Creating package descriptor '/home/misha/Documents/ROS2_Gazebo_tutorials/navigation_ws/install/robot_odometry/share/robot_odometry/package.dsv'
[1.163s] INFO:colcon.colcon_core.shell:Creating package script '/home/misha/Documents/ROS2_Gazebo_tutorials/navigation_ws/install/robot_odometry/share/robot_odometry/package.sh'
[1.164s] INFO:colcon.colcon_core.shell:Creating package script '/home/misha/Documents/ROS2_Gazebo_tutorials/navigation_ws/install/robot_odometry/share/robot_odometry/package.bash'
[1.166s] INFO:colcon.colcon_core.shell:Creating package script '/home/misha/Documents/ROS2_Gazebo_tutorials/navigation_ws/install/robot_odometry/share/robot_odometry/package.zsh'
[1.167s] Level 1:colcon.colcon_core.environment:create_file_with_runtime_dependencies(/home/misha/Documents/ROS2_Gazebo_tutorials/navigation_ws/install/robot_odometry/share/colcon-core/packages/robot_odometry)
[1.168s] Level 1:colcon.colcon_core.environment:create_environment_scripts_only(robot_odometry)
[1.168s] Level 1:colcon.colcon_core.environment:checking '/home/misha/Documents/ROS2_Gazebo_tutorials/navigation_ws/install/robot_odometry' for CMake module files
[1.169s] Level 1:colcon.colcon_core.environment:checking '/home/misha/Documents/ROS2_Gazebo_tutorials/navigation_ws/install/robot_odometry' for CMake config files
[1.170s] Level 1:colcon.colcon_core.shell:create_environment_hook('robot_odometry', 'cmake_prefix_path')
[1.170s] INFO:colcon.colcon_core.shell:Creating environment hook '/home/misha/Documents/ROS2_Gazebo_tutorials/navigation_ws/install/robot_odometry/share/robot_odometry/hook/cmake_prefix_path.ps1'
[1.171s] INFO:colcon.colcon_core.shell:Creating environment descriptor '/home/misha/Documents/ROS2_Gazebo_tutorials/navigation_ws/install/robot_odometry/share/robot_odometry/hook/cmake_prefix_path.dsv'
[1.172s] INFO:colcon.colcon_core.shell:Creating environment hook '/home/misha/Documents/ROS2_Gazebo_tutorials/navigation_ws/install/robot_odometry/share/robot_odometry/hook/cmake_prefix_path.sh'
[1.174s] Level 1:colcon.colcon_core.environment:checking '/home/misha/Documents/ROS2_Gazebo_tutorials/navigation_ws/install/robot_odometry/lib'
[1.174s] Level 1:colcon.colcon_core.environment:checking '/home/misha/Documents/ROS2_Gazebo_tutorials/navigation_ws/install/robot_odometry/bin'
[1.175s] Level 1:colcon.colcon_core.environment:checking '/home/misha/Documents/ROS2_Gazebo_tutorials/navigation_ws/install/robot_odometry/lib/pkgconfig/robot_odometry.pc'
[1.175s] Level 1:colcon.colcon_core.environment:checking '/home/misha/Documents/ROS2_Gazebo_tutorials/navigation_ws/install/robot_odometry/lib/python3.10/site-packages'
[1.176s] Level 1:colcon.colcon_core.environment:checking '/home/misha/Documents/ROS2_Gazebo_tutorials/navigation_ws/install/robot_odometry/bin'
[1.177s] INFO:colcon.colcon_core.shell:Creating package script '/home/misha/Documents/ROS2_Gazebo_tutorials/navigation_ws/install/robot_odometry/share/robot_odometry/package.ps1'
[1.178s] INFO:colcon.colcon_core.shell:Creating package descriptor '/home/misha/Documents/ROS2_Gazebo_tutorials/navigation_ws/install/robot_odometry/share/robot_odometry/package.dsv'
[1.179s] INFO:colcon.colcon_core.shell:Creating package script '/home/misha/Documents/ROS2_Gazebo_tutorials/navigation_ws/install/robot_odometry/share/robot_odometry/package.sh'
[1.180s] INFO:colcon.colcon_core.shell:Creating package script '/home/misha/Documents/ROS2_Gazebo_tutorials/navigation_ws/install/robot_odometry/share/robot_odometry/package.bash'
[1.181s] INFO:colcon.colcon_core.shell:Creating package script '/home/misha/Documents/ROS2_Gazebo_tutorials/navigation_ws/install/robot_odometry/share/robot_odometry/package.zsh'
[1.182s] Level 1:colcon.colcon_core.environment:create_file_with_runtime_dependencies(/home/misha/Documents/ROS2_Gazebo_tutorials/navigation_ws/install/robot_odometry/share/colcon-core/packages/robot_odometry)
[1.183s] Level 1:colcon.colcon_core.environment:create_environment_scripts_only(robot_mapping)
[1.183s] Level 1:colcon.colcon_core.environment:checking '/home/misha/Documents/ROS2_Gazebo_tutorials/navigation_ws/install/robot_mapping' for CMake module files
[1.186s] DEBUG:colcon.colcon_core.event_handler.log_command:Invoked command in '/home/misha/Documents/ROS2_Gazebo_tutorials/navigation_ws/build/robot_mapping' returned '0': CMAKE_PREFIX_PATH=${CMAKE_PREFIX_PATH}:/opt/ros/humble /usr/bin/cmake --install /home/misha/Documents/ROS2_Gazebo_tutorials/navigation_ws/build/robot_mapping
[1.186s] Level 1:colcon.colcon_core.environment:checking '/home/misha/Documents/ROS2_Gazebo_tutorials/navigation_ws/install/robot_mapping' for CMake config files
[1.186s] Level 1:colcon.colcon_core.shell:create_environment_hook('robot_mapping', 'cmake_prefix_path')
[1.187s] INFO:colcon.colcon_core.shell:Creating environment hook '/home/misha/Documents/ROS2_Gazebo_tutorials/navigation_ws/install/robot_mapping/share/robot_mapping/hook/cmake_prefix_path.ps1'
[1.187s] INFO:colcon.colcon_core.shell:Creating environment descriptor '/home/misha/Documents/ROS2_Gazebo_tutorials/navigation_ws/install/robot_mapping/share/robot_mapping/hook/cmake_prefix_path.dsv'
[1.188s] INFO:colcon.colcon_core.shell:Creating environment hook '/home/misha/Documents/ROS2_Gazebo_tutorials/navigation_ws/install/robot_mapping/share/robot_mapping/hook/cmake_prefix_path.sh'
[1.189s] Level 1:colcon.colcon_core.environment:checking '/home/misha/Documents/ROS2_Gazebo_tutorials/navigation_ws/install/robot_mapping/lib'
[1.189s] Level 1:colcon.colcon_core.environment:checking '/home/misha/Documents/ROS2_Gazebo_tutorials/navigation_ws/install/robot_mapping/bin'
[1.189s] Level 1:colcon.colcon_core.environment:checking '/home/misha/Documents/ROS2_Gazebo_tutorials/navigation_ws/install/robot_mapping/lib/pkgconfig/robot_mapping.pc'
[1.190s] Level 1:colcon.colcon_core.environment:checking '/home/misha/Documents/ROS2_Gazebo_tutorials/navigation_ws/install/robot_mapping/lib/python3.10/site-packages'
[1.191s] Level 1:colcon.colcon_core.environment:checking '/home/misha/Documents/ROS2_Gazebo_tutorials/navigation_ws/install/robot_mapping/bin'
[1.192s] INFO:colcon.colcon_core.shell:Creating package script '/home/misha/Documents/ROS2_Gazebo_tutorials/navigation_ws/install/robot_mapping/share/robot_mapping/package.ps1'
[1.192s] INFO:colcon.colcon_core.shell:Creating package descriptor '/home/misha/Documents/ROS2_Gazebo_tutorials/navigation_ws/install/robot_mapping/share/robot_mapping/package.dsv'
[1.193s] INFO:colcon.colcon_core.shell:Creating package script '/home/misha/Documents/ROS2_Gazebo_tutorials/navigation_ws/install/robot_mapping/share/robot_mapping/package.sh'
[1.194s] INFO:colcon.colcon_core.shell:Creating package script '/home/misha/Documents/ROS2_Gazebo_tutorials/navigation_ws/install/robot_mapping/share/robot_mapping/package.bash'
[1.194s] INFO:colcon.colcon_core.shell:Creating package script '/home/misha/Documents/ROS2_Gazebo_tutorials/navigation_ws/install/robot_mapping/share/robot_mapping/package.zsh'
[1.195s] Level 1:colcon.colcon_core.environment:create_file_with_runtime_dependencies(/home/misha/Documents/ROS2_Gazebo_tutorials/navigation_ws/install/robot_mapping/share/colcon-core/packages/robot_mapping)
[1.196s] Level 1:colcon.colcon_core.environment:create_environment_scripts_only(robot_mapping)
[1.197s] Level 1:colcon.colcon_core.environment:checking '/home/misha/Documents/ROS2_Gazebo_tutorials/navigation_ws/install/robot_mapping' for CMake module files
[1.198s] Level 1:colcon.colcon_core.environment:checking '/home/misha/Documents/ROS2_Gazebo_tutorials/navigation_ws/install/robot_mapping' for CMake config files
[1.199s] Level 1:colcon.colcon_core.shell:create_environment_hook('robot_mapping', 'cmake_prefix_path')
[1.200s] INFO:colcon.colcon_core.shell:Creating environment hook '/home/misha/Documents/ROS2_Gazebo_tutorials/navigation_ws/install/robot_mapping/share/robot_mapping/hook/cmake_prefix_path.ps1'
[1.201s] INFO:colcon.colcon_core.shell:Creating environment descriptor '/home/misha/Documents/ROS2_Gazebo_tutorials/navigation_ws/install/robot_mapping/share/robot_mapping/hook/cmake_prefix_path.dsv'
[1.202s] INFO:colcon.colcon_core.shell:Creating environment hook '/home/misha/Documents/ROS2_Gazebo_tutorials/navigation_ws/install/robot_mapping/share/robot_mapping/hook/cmake_prefix_path.sh'
[1.204s] Level 1:colcon.colcon_core.environment:checking '/home/misha/Documents/ROS2_Gazebo_tutorials/navigation_ws/install/robot_mapping/lib'
[1.204s] Level 1:colcon.colcon_core.environment:checking '/home/misha/Documents/ROS2_Gazebo_tutorials/navigation_ws/install/robot_mapping/bin'
[1.204s] Level 1:colcon.colcon_core.environment:checking '/home/misha/Documents/ROS2_Gazebo_tutorials/navigation_ws/install/robot_mapping/lib/pkgconfig/robot_mapping.pc'
[1.204s] Level 1:colcon.colcon_core.environment:checking '/home/misha/Documents/ROS2_Gazebo_tutorials/navigation_ws/install/robot_mapping/lib/python3.10/site-packages'
[1.205s] Level 1:colcon.colcon_core.environment:checking '/home/misha/Documents/ROS2_Gazebo_tutorials/navigation_ws/install/robot_mapping/bin'
[1.206s] INFO:colcon.colcon_core.shell:Creating package script '/home/misha/Documents/ROS2_Gazebo_tutorials/navigation_ws/install/robot_mapping/share/robot_mapping/package.ps1'
[1.208s] INFO:colcon.colcon_core.shell:Creating package descriptor '/home/misha/Documents/ROS2_Gazebo_tutorials/navigation_ws/install/robot_mapping/share/robot_mapping/package.dsv'
[1.209s] INFO:colcon.colcon_core.shell:Creating package script '/home/misha/Documents/ROS2_Gazebo_tutorials/navigation_ws/install/robot_mapping/share/robot_mapping/package.sh'
[1.210s] INFO:colcon.colcon_core.shell:Creating package script '/home/misha/Documents/ROS2_Gazebo_tutorials/navigation_ws/install/robot_mapping/share/robot_mapping/package.bash'
[1.211s] INFO:colcon.colcon_core.shell:Creating package script '/home/misha/Documents/ROS2_Gazebo_tutorials/navigation_ws/install/robot_mapping/share/robot_mapping/package.zsh'
[1.211s] Level 1:colcon.colcon_core.environment:create_file_with_runtime_dependencies(/home/misha/Documents/ROS2_Gazebo_tutorials/navigation_ws/install/robot_mapping/share/colcon-core/packages/robot_mapping)
[1.214s] Level 1:colcon.colcon_core.environment:create_environment_scripts_only(test_robot_plugin)
[1.214s] Level 1:colcon.colcon_core.environment:checking '/home/misha/Documents/ROS2_Gazebo_tutorials/navigation_ws/install/test_robot_plugin' for CMake module files
[1.216s] DEBUG:colcon.colcon_core.event_handler.log_command:Invoked command in '/home/misha/Documents/ROS2_Gazebo_tutorials/navigation_ws/build/test_robot_plugin' returned '0': CMAKE_PREFIX_PATH=${CMAKE_PREFIX_PATH}:/opt/ros/humble /usr/bin/cmake --install /home/misha/Documents/ROS2_Gazebo_tutorials/navigation_ws/build/test_robot_plugin
[1.217s] Level 1:colcon.colcon_core.environment:checking '/home/misha/Documents/ROS2_Gazebo_tutorials/navigation_ws/install/test_robot_plugin' for CMake config files
[1.218s] Level 1:colcon.colcon_core.shell:create_environment_hook('test_robot_plugin', 'cmake_prefix_path')
[1.219s] INFO:colcon.colcon_core.shell:Creating environment hook '/home/misha/Documents/ROS2_Gazebo_tutorials/navigation_ws/install/test_robot_plugin/share/test_robot_plugin/hook/cmake_prefix_path.ps1'
[1.221s] INFO:colcon.colcon_core.shell:Creating environment descriptor '/home/misha/Documents/ROS2_Gazebo_tutorials/navigation_ws/install/test_robot_plugin/share/test_robot_plugin/hook/cmake_prefix_path.dsv'
[1.221s] INFO:colcon.colcon_core.shell:Creating environment hook '/home/misha/Documents/ROS2_Gazebo_tutorials/navigation_ws/install/test_robot_plugin/share/test_robot_plugin/hook/cmake_prefix_path.sh'
[1.222s] Level 1:colcon.colcon_core.environment:checking '/home/misha/Documents/ROS2_Gazebo_tutorials/navigation_ws/install/test_robot_plugin/lib'
[1.223s] Level 1:colcon.colcon_core.shell:create_environment_hook('test_robot_plugin', 'ld_library_path_lib')
[1.223s] INFO:colcon.colcon_core.shell:Creating environment hook '/home/misha/Documents/ROS2_Gazebo_tutorials/navigation_ws/install/test_robot_plugin/share/test_robot_plugin/hook/ld_library_path_lib.ps1'
[1.224s] INFO:colcon.colcon_core.shell:Creating environment descriptor '/home/misha/Documents/ROS2_Gazebo_tutorials/navigation_ws/install/test_robot_plugin/share/test_robot_plugin/hook/ld_library_path_lib.dsv'
[1.225s] INFO:colcon.colcon_core.shell:Creating environment hook '/home/misha/Documents/ROS2_Gazebo_tutorials/navigation_ws/install/test_robot_plugin/share/test_robot_plugin/hook/ld_library_path_lib.sh'
[1.225s] Level 1:colcon.colcon_core.environment:checking '/home/misha/Documents/ROS2_Gazebo_tutorials/navigation_ws/install/test_robot_plugin/bin'
[1.226s] Level 1:colcon.colcon_core.environment:checking '/home/misha/Documents/ROS2_Gazebo_tutorials/navigation_ws/install/test_robot_plugin/lib/pkgconfig/test_robot_plugin.pc'
[1.226s] Level 1:colcon.colcon_core.environment:checking '/home/misha/Documents/ROS2_Gazebo_tutorials/navigation_ws/install/test_robot_plugin/lib/python3.10/site-packages'
[1.227s] Level 1:colcon.colcon_core.environment:checking '/home/misha/Documents/ROS2_Gazebo_tutorials/navigation_ws/install/test_robot_plugin/bin'
[1.228s] INFO:colcon.colcon_core.shell:Creating package script '/home/misha/Documents/ROS2_Gazebo_tutorials/navigation_ws/install/test_robot_plugin/share/test_robot_plugin/package.ps1'
[1.229s] INFO:colcon.colcon_core.shell:Creating package descriptor '/home/misha/Documents/ROS2_Gazebo_tutorials/navigation_ws/install/test_robot_plugin/share/test_robot_plugin/package.dsv'
[1.230s] INFO:colcon.colcon_core.shell:Creating package script '/home/misha/Documents/ROS2_Gazebo_tutorials/navigation_ws/install/test_robot_plugin/share/test_robot_plugin/package.sh'
[1.231s] INFO:colcon.colcon_core.shell:Creating package script '/home/misha/Documents/ROS2_Gazebo_tutorials/navigation_ws/install/test_robot_plugin/share/test_robot_plugin/package.bash'
[1.233s] INFO:colcon.colcon_core.shell:Creating package script '/home/misha/Documents/ROS2_Gazebo_tutorials/navigation_ws/install/test_robot_plugin/share/test_robot_plugin/package.zsh'
[1.235s] Level 1:colcon.colcon_core.environment:create_file_with_runtime_dependencies(/home/misha/Documents/ROS2_Gazebo_tutorials/navigation_ws/install/test_robot_plugin/share/colcon-core/packages/test_robot_plugin)
[1.236s] Level 1:colcon.colcon_core.environment:create_environment_scripts_only(test_robot_plugin)
[1.238s] Level 1:colcon.colcon_core.environment:checking '/home/misha/Documents/ROS2_Gazebo_tutorials/navigation_ws/install/test_robot_plugin' for CMake module files
[1.239s] Level 1:colcon.colcon_core.environment:checking '/home/misha/Documents/ROS2_Gazebo_tutorials/navigation_ws/install/test_robot_plugin' for CMake config files
[1.239s] Level 1:colcon.colcon_core.shell:create_environment_hook('test_robot_plugin', 'cmake_prefix_path')
[1.240s] INFO:colcon.colcon_core.shell:Creating environment hook '/home/misha/Documents/ROS2_Gazebo_tutorials/navigation_ws/install/test_robot_plugin/share/test_robot_plugin/hook/cmake_prefix_path.ps1'
[1.241s] INFO:colcon.colcon_core.shell:Creating environment descriptor '/home/misha/Documents/ROS2_Gazebo_tutorials/navigation_ws/install/test_robot_plugin/share/test_robot_plugin/hook/cmake_prefix_path.dsv'
[1.242s] INFO:colcon.colcon_core.shell:Creating environment hook '/home/misha/Documents/ROS2_Gazebo_tutorials/navigation_ws/install/test_robot_plugin/share/test_robot_plugin/hook/cmake_prefix_path.sh'
[1.243s] Level 1:colcon.colcon_core.environment:checking '/home/misha/Documents/ROS2_Gazebo_tutorials/navigation_ws/install/test_robot_plugin/lib'
[1.243s] Level 1:colcon.colcon_core.shell:create_environment_hook('test_robot_plugin', 'ld_library_path_lib')
[1.243s] INFO:colcon.colcon_core.shell:Creating environment hook '/home/misha/Documents/ROS2_Gazebo_tutorials/navigation_ws/install/test_robot_plugin/share/test_robot_plugin/hook/ld_library_path_lib.ps1'
[1.244s] INFO:colcon.colcon_core.shell:Creating environment descriptor '/home/misha/Documents/ROS2_Gazebo_tutorials/navigation_ws/install/test_robot_plugin/share/test_robot_plugin/hook/ld_library_path_lib.dsv'
[1.245s] INFO:colcon.colcon_core.shell:Creating environment hook '/home/misha/Documents/ROS2_Gazebo_tutorials/navigation_ws/install/test_robot_plugin/share/test_robot_plugin/hook/ld_library_path_lib.sh'
[1.246s] Level 1:colcon.colcon_core.environment:checking '/home/misha/Documents/ROS2_Gazebo_tutorials/navigation_ws/install/test_robot_plugin/bin'
[1.246s] Level 1:colcon.colcon_core.environment:checking '/home/misha/Documents/ROS2_Gazebo_tutorials/navigation_ws/install/test_robot_plugin/lib/pkgconfig/test_robot_plugin.pc'
[1.247s] Level 1:colcon.colcon_core.environment:checking '/home/misha/Documents/ROS2_Gazebo_tutorials/navigation_ws/install/test_robot_plugin/lib/python3.10/site-packages'
[1.248s] Level 1:colcon.colcon_core.environment:checking '/home/misha/Documents/ROS2_Gazebo_tutorials/navigation_ws/install/test_robot_plugin/bin'
[1.249s] INFO:colcon.colcon_core.shell:Creating package script '/home/misha/Documents/ROS2_Gazebo_tutorials/navigation_ws/install/test_robot_plugin/share/test_robot_plugin/package.ps1'
[1.250s] INFO:colcon.colcon_core.shell:Creating package descriptor '/home/misha/Documents/ROS2_Gazebo_tutorials/navigation_ws/install/test_robot_plugin/share/test_robot_plugin/package.dsv'
[1.251s] INFO:colcon.colcon_core.shell:Creating package script '/home/misha/Documents/ROS2_Gazebo_tutorials/navigation_ws/install/test_robot_plugin/share/test_robot_plugin/package.sh'
[1.253s] INFO:colcon.colcon_core.shell:Creating package script '/home/misha/Documents/ROS2_Gazebo_tutorials/navigation_ws/install/test_robot_plugin/share/test_robot_plugin/package.bash'
[1.253s] INFO:colcon.colcon_core.shell:Creating package script '/home/misha/Documents/ROS2_Gazebo_tutorials/navigation_ws/install/test_robot_plugin/share/test_robot_plugin/package.zsh'
[1.254s] Level 1:colcon.colcon_core.environment:create_file_with_runtime_dependencies(/home/misha/Documents/ROS2_Gazebo_tutorials/navigation_ws/install/test_robot_plugin/share/colcon-core/packages/test_robot_plugin)
[9.397s] DEBUG:colcon.colcon_core.event_handler.log_command:Invoked command in '/home/misha/Documents/ROS2_Gazebo_tutorials/navigation_ws/build/robot_teleop' returned '0': CMAKE_PREFIX_PATH=${CMAKE_PREFIX_PATH}:/opt/ros/humble /usr/bin/cmake --build /home/misha/Documents/ROS2_Gazebo_tutorials/navigation_ws/build/robot_teleop -- -j8 -l8
[9.403s] DEBUG:colcon.colcon_core.event_handler.log_command:Invoking command in '/home/misha/Documents/ROS2_Gazebo_tutorials/navigation_ws/build/robot_teleop': CMAKE_PREFIX_PATH=${CMAKE_PREFIX_PATH}:/opt/ros/humble /usr/bin/cmake --install /home/misha/Documents/ROS2_Gazebo_tutorials/navigation_ws/build/robot_teleop
[9.436s] Level 1:colcon.colcon_core.environment:create_environment_scripts_only(robot_teleop)
[9.437s] Level 1:colcon.colcon_core.environment:checking '/home/misha/Documents/ROS2_Gazebo_tutorials/navigation_ws/install/robot_teleop' for CMake module files
[9.438s] DEBUG:colcon.colcon_core.event_handler.log_command:Invoked command in '/home/misha/Documents/ROS2_Gazebo_tutorials/navigation_ws/build/robot_teleop' returned '0': CMAKE_PREFIX_PATH=${CMAKE_PREFIX_PATH}:/opt/ros/humble /usr/bin/cmake --install /home/misha/Documents/ROS2_Gazebo_tutorials/navigation_ws/build/robot_teleop
[9.439s] Level 1:colcon.colcon_core.environment:checking '/home/misha/Documents/ROS2_Gazebo_tutorials/navigation_ws/install/robot_teleop' for CMake config files
[9.439s] Level 1:colcon.colcon_core.shell:create_environment_hook('robot_teleop', 'cmake_prefix_path')
[9.440s] INFO:colcon.colcon_core.shell:Creating environment hook '/home/misha/Documents/ROS2_Gazebo_tutorials/navigation_ws/install/robot_teleop/share/robot_teleop/hook/cmake_prefix_path.ps1'
[9.440s] INFO:colcon.colcon_core.shell:Creating environment descriptor '/home/misha/Documents/ROS2_Gazebo_tutorials/navigation_ws/install/robot_teleop/share/robot_teleop/hook/cmake_prefix_path.dsv'
[9.441s] INFO:colcon.colcon_core.shell:Creating environment hook '/home/misha/Documents/ROS2_Gazebo_tutorials/navigation_ws/install/robot_teleop/share/robot_teleop/hook/cmake_prefix_path.sh'
[9.442s] Level 1:colcon.colcon_core.environment:checking '/home/misha/Documents/ROS2_Gazebo_tutorials/navigation_ws/install/robot_teleop/lib'
[9.442s] Level 1:colcon.colcon_core.environment:checking '/home/misha/Documents/ROS2_Gazebo_tutorials/navigation_ws/install/robot_teleop/bin'
[9.442s] Level 1:colcon.colcon_core.environment:checking '/home/misha/Documents/ROS2_Gazebo_tutorials/navigation_ws/install/robot_teleop/lib/pkgconfig/robot_teleop.pc'
[9.442s] Level 1:colcon.colcon_core.environment:checking '/home/misha/Documents/ROS2_Gazebo_tutorials/navigation_ws/install/robot_teleop/lib/python3.10/site-packages'
[9.443s] Level 1:colcon.colcon_core.environment:checking '/home/misha/Documents/ROS2_Gazebo_tutorials/navigation_ws/install/robot_teleop/bin'
[9.443s] INFO:colcon.colcon_core.shell:Creating package script '/home/misha/Documents/ROS2_Gazebo_tutorials/navigation_ws/install/robot_teleop/share/robot_teleop/package.ps1'
[9.444s] INFO:colcon.colcon_core.shell:Creating package descriptor '/home/misha/Documents/ROS2_Gazebo_tutorials/navigation_ws/install/robot_teleop/share/robot_teleop/package.dsv'
[9.444s] INFO:colcon.colcon_core.shell:Creating package script '/home/misha/Documents/ROS2_Gazebo_tutorials/navigation_ws/install/robot_teleop/share/robot_teleop/package.sh'
[9.445s] INFO:colcon.colcon_core.shell:Creating package script '/home/misha/Documents/ROS2_Gazebo_tutorials/navigation_ws/install/robot_teleop/share/robot_teleop/package.bash'
[9.446s] INFO:colcon.colcon_core.shell:Creating package script '/home/misha/Documents/ROS2_Gazebo_tutorials/navigation_ws/install/robot_teleop/share/robot_teleop/package.zsh'
[9.447s] Level 1:colcon.colcon_core.environment:create_file_with_runtime_dependencies(/home/misha/Documents/ROS2_Gazebo_tutorials/navigation_ws/install/robot_teleop/share/colcon-core/packages/robot_teleop)
[9.448s] Level 1:colcon.colcon_core.environment:create_environment_scripts_only(robot_teleop)
[9.448s] Level 1:colcon.colcon_core.environment:checking '/home/misha/Documents/ROS2_Gazebo_tutorials/navigation_ws/install/robot_teleop' for CMake module files
[9.450s] Level 1:colcon.colcon_core.environment:checking '/home/misha/Documents/ROS2_Gazebo_tutorials/navigation_ws/install/robot_teleop' for CMake config files
[9.451s] Level 1:colcon.colcon_core.shell:create_environment_hook('robot_teleop', 'cmake_prefix_path')
[9.453s] INFO:colcon.colcon_core.shell:Creating environment hook '/home/misha/Documents/ROS2_Gazebo_tutorials/navigation_ws/install/robot_teleop/share/robot_teleop/hook/cmake_prefix_path.ps1'
[9.456s] INFO:colcon.colcon_core.shell:Creating environment descriptor '/home/misha/Documents/ROS2_Gazebo_tutorials/navigation_ws/install/robot_teleop/share/robot_teleop/hook/cmake_prefix_path.dsv'
[9.457s] INFO:colcon.colcon_core.shell:Creating environment hook '/home/misha/Documents/ROS2_Gazebo_tutorials/navigation_ws/install/robot_teleop/share/robot_teleop/hook/cmake_prefix_path.sh'
[9.458s] Level 1:colcon.colcon_core.environment:checking '/home/misha/Documents/ROS2_Gazebo_tutorials/navigation_ws/install/robot_teleop/lib'
[9.458s] Level 1:colcon.colcon_core.environment:checking '/home/misha/Documents/ROS2_Gazebo_tutorials/navigation_ws/install/robot_teleop/bin'
[9.458s] Level 1:colcon.colcon_core.environment:checking '/home/misha/Documents/ROS2_Gazebo_tutorials/navigation_ws/install/robot_teleop/lib/pkgconfig/robot_teleop.pc'
[9.459s] Level 1:colcon.colcon_core.environment:checking '/home/misha/Documents/ROS2_Gazebo_tutorials/navigation_ws/install/robot_teleop/lib/python3.10/site-packages'
[9.459s] Level 1:colcon.colcon_core.environment:checking '/home/misha/Documents/ROS2_Gazebo_tutorials/navigation_ws/install/robot_teleop/bin'
[9.460s] INFO:colcon.colcon_core.shell:Creating package script '/home/misha/Documents/ROS2_Gazebo_tutorials/navigation_ws/install/robot_teleop/share/robot_teleop/package.ps1'
[9.461s] INFO:colcon.colcon_core.shell:Creating package descriptor '/home/misha/Documents/ROS2_Gazebo_tutorials/navigation_ws/install/robot_teleop/share/robot_teleop/package.dsv'
[9.462s] INFO:colcon.colcon_core.shell:Creating package script '/home/misha/Documents/ROS2_Gazebo_tutorials/navigation_ws/install/robot_teleop/share/robot_teleop/package.sh'
[9.462s] INFO:colcon.colcon_core.shell:Creating package script '/home/misha/Documents/ROS2_Gazebo_tutorials/navigation_ws/install/robot_teleop/share/robot_teleop/package.bash'
[9.463s] INFO:colcon.colcon_core.shell:Creating package script '/home/misha/Documents/ROS2_Gazebo_tutorials/navigation_ws/install/robot_teleop/share/robot_teleop/package.zsh'
[9.464s] Level 1:colcon.colcon_core.environment:create_file_with_runtime_dependencies(/home/misha/Documents/ROS2_Gazebo_tutorials/navigation_ws/install/robot_teleop/share/colcon-core/packages/robot_teleop)
[9.465s] DEBUG:colcon.colcon_parallel_executor.executor.parallel:closing loop
[9.465s] DEBUG:colcon.colcon_parallel_executor.executor.parallel:loop closed
[9.465s] DEBUG:colcon.colcon_parallel_executor.executor.parallel:run_until_complete finished with '0'
[9.466s] DEBUG:colcon.colcon_core.event_reactor:joining thread
[9.476s] INFO:colcon.colcon_core.plugin_system:Skipping extension 'colcon_notification.desktop_notification.terminal_notifier': Not used on non-Darwin systems
[9.476s] INFO:colcon.colcon_core.plugin_system:Skipping extension 'colcon_notification.desktop_notification.win32': Not used on non-Windows systems
[9.476s] INFO:colcon.colcon_notification.desktop_notification:Sending desktop notification using 'notify2'
[9.481s] DEBUG:colcon.colcon_core.event_reactor:joined thread
[9.482s] INFO:colcon.colcon_core.shell:Creating prefix script '/home/misha/Documents/ROS2_Gazebo_tutorials/navigation_ws/install/local_setup.ps1'
[9.485s] INFO:colcon.colcon_core.shell:Creating prefix util module '/home/misha/Documents/ROS2_Gazebo_tutorials/navigation_ws/install/_local_setup_util_ps1.py'
[9.488s] INFO:colcon.colcon_core.shell:Creating prefix chain script '/home/misha/Documents/ROS2_Gazebo_tutorials/navigation_ws/install/setup.ps1'
[9.490s] INFO:colcon.colcon_core.shell:Creating prefix script '/home/misha/Documents/ROS2_Gazebo_tutorials/navigation_ws/install/local_setup.sh'
[9.491s] INFO:colcon.colcon_core.shell:Creating prefix util module '/home/misha/Documents/ROS2_Gazebo_tutorials/navigation_ws/install/_local_setup_util_sh.py'
[9.492s] INFO:colcon.colcon_core.shell:Creating prefix chain script '/home/misha/Documents/ROS2_Gazebo_tutorials/navigation_ws/install/setup.sh'
[9.498s] INFO:colcon.colcon_core.shell:Creating prefix script '/home/misha/Documents/ROS2_Gazebo_tutorials/navigation_ws/install/local_setup.bash'
[9.500s] INFO:colcon.colcon_core.shell:Creating prefix chain script '/home/misha/Documents/ROS2_Gazebo_tutorials/navigation_ws/install/setup.bash'
[9.505s] INFO:colcon.colcon_core.shell:Creating prefix script '/home/misha/Documents/ROS2_Gazebo_tutorials/navigation_ws/install/local_setup.zsh'
[9.507s] INFO:colcon.colcon_core.shell:Creating prefix chain script '/home/misha/Documents/ROS2_Gazebo_tutorials/navigation_ws/install/setup.zsh'
